SELECT * FROM RWEBUSRDEF WHERE FACTORY = :FACTORY AND USER_ID= :USER_ID
-------------------------------------------------------------
SELECT A.FUNC_GRP_SEQ,A.SEC_GRP_ID,A.FUNC_GRP_ID,NVL(A.FUNC_NAME, ' ') FUNC_NAME, NVL(B.FUNC_DESC, ' ') FUNC_DESC, LANGUAGE_1, LANGUAGE_2, LANGUAGE_3
  FROM RWEBGRPFUN A, RWEBFUNDEF B
 WHERE A.FACTORY = :p_FACTORY
   AND A.SEC_GRP_ID = :p_SEC_GRP_ID
   AND A.FUNC_NAME=B.FUNC_NAME(+)
 ORDER BY A.FUNC_GRP_SEQ, A.FUNC_SEQ
-------------------------------------------------------------
SELECT COUNT(*)
FROM RWEBFUNLOG
WHERE FACTORY = :FACTORY  
AND USER_ID = :USER_ID 
AND FUNC_NAME = :FUNC_NAME 
AND FUNC_GROUP = :FUNC_GROUP
AND TO_DATE(VIEW_TIME,'YYYYMMDDHH24MISS') BETWEEN SYSDATE -  10/1440 AND SYSDATE + 10/1440
-------------------------------------------------------------
INSERT INTO RWEBFUNLOG(FACTORY,USER_ID,FUNC_NAME,FUNC_GROUP,VIEW_TIME, UPDATE_TIME)
VALUES (:p_FACTORY, :p_USER_ID, :p_FUNC_NAME, :p_FUNC_GROUP,TO_CHAR(SYSDATE, 'YYYYMMDDHH24MISS') , TO_CHAR(SYSDATE, 'YYYYMMDDHH24MISS'))

-------------------------------------------------------------
SELECT LANGUAGE_2 FROM RWEBFUNDEF WHERE FUNC_NAME = 'PRD010217'
-------------------------------------------------------------
SELECT COUNT(*)
FROM RWEBFUNLOG
WHERE FACTORY = :FACTORY  
AND USER_ID = :USER_ID 
AND FUNC_NAME = :FUNC_NAME 
AND FUNC_GROUP = :FUNC_GROUP
AND TO_DATE(VIEW_TIME,'YYYYMMDDHH24MISS') BETWEEN SYSDATE -  10/1440 AND SYSDATE + 10/1440
-------------------------------------------------------------
SELECT LANGUAGE_2 FROM RWEBFUNDEF WHERE FUNC_NAME = 'SEC1101'
-------------------------------------------------------------
SELECT * FROM RWEBUSRDEF WHERE FACTORY= :FACTORY ORDER BY USER_ID
-------------------------------------------------------------
SELECT * FROM RWEBUSRDEF WHERE FACTORY = :FACTORY AND USER_ID= :USER_ID
-------------------------------------------------------------
SELECT * FROM RWEBGRPDEF WHERE FACTORY = :FACTORY AND SEC_GRP_ID = :SEC_GRP_ID
-------------------------------------------------------------
SELECT * FROM RWEBUSRDEF WHERE FACTORY = :FACTORY AND USER_ID= :USER_ID
-------------------------------------------------------------
SELECT * FROM RWEBGRPDEF WHERE FACTORY = :FACTORY AND SEC_GRP_ID = :SEC_GRP_ID
-------------------------------------------------------------
SELECT * FROM RWEBUSRDEF WHERE FACTORY = :FACTORY AND USER_ID= :USER_ID
-------------------------------------------------------------
SELECT * FROM RWEBUSRDEF WHERE FACTORY = :FACTORY AND USER_ID= :USER_ID
-------------------------------------------------------------
SELECT * FROM RWEBUSRDEF WHERE FACTORY = :FACTORY AND USER_ID= :USER_ID
-------------------------------------------------------------
SELECT * FROM RWEBUSRDEF WHERE FACTORY = :FACTORY AND USER_ID= :USER_ID
-------------------------------------------------------------
SELECT * FROM RWEBUSRDEF WHERE FACTORY = :FACTORY AND USER_ID= :USER_ID
-------------------------------------------------------------
SELECT * FROM RWEBUSRDEF WHERE FACTORY = :FACTORY AND USER_ID= :USER_ID
-------------------------------------------------------------
SELECT * FROM RWEBUSRDEF WHERE FACTORY = :FACTORY AND USER_ID= :USER_ID
-------------------------------------------------------------
SELECT * FROM RWEBUSRDEF WHERE FACTORY = :FACTORY AND USER_ID= :USER_ID
-------------------------------------------------------------
SELECT * FROM RWEBUSRDEF WHERE FACTORY = :FACTORY AND USER_ID= :USER_ID
-------------------------------------------------------------
SELECT * FROM RWEBUSRDEF WHERE FACTORY = :FACTORY AND USER_ID= :USER_ID
-------------------------------------------------------------
SELECT * FROM RWEBUSRDEF WHERE FACTORY = :FACTORY AND USER_ID= :USER_ID
-------------------------------------------------------------
SELECT * FROM RWEBUSRDEF WHERE FACTORY = :FACTORY AND USER_ID= :USER_ID
-------------------------------------------------------------
SELECT * FROM RWEBUSRDEF WHERE FACTORY = :FACTORY AND USER_ID= :USER_ID
-------------------------------------------------------------
SELECT * FROM RWEBUSRDEF WHERE FACTORY = :FACTORY AND USER_ID= :USER_ID
-------------------------------------------------------------
SELECT * FROM RWEBUSRDEF WHERE FACTORY = :FACTORY AND USER_ID= :USER_ID
-------------------------------------------------------------
SELECT * FROM RWEBUSRDEF WHERE FACTORY = :FACTORY AND USER_ID= :USER_ID
-------------------------------------------------------------
SELECT * FROM RWEBUSRDEF WHERE FACTORY = :FACTORY AND USER_ID= :USER_ID
-------------------------------------------------------------
SELECT * FROM RWEBUSRDEF WHERE FACTORY = :FACTORY AND USER_ID= :USER_ID
-------------------------------------------------------------
SELECT * FROM RWEBUSRDEF WHERE FACTORY = :FACTORY AND USER_ID= :USER_ID
-------------------------------------------------------------
SELECT * FROM RWEBGRPDEF WHERE FACTORY = :FACTORY AND SEC_GRP_ID = :SEC_GRP_ID
-------------------------------------------------------------
SELECT * FROM RWEBUSRDEF WHERE FACTORY = :FACTORY AND USER_ID= :USER_ID
-------------------------------------------------------------
SELECT * FROM RWEBUSRDEF WHERE FACTORY = :FACTORY AND USER_ID= :USER_ID
-------------------------------------------------------------
SELECT A.FUNC_GRP_SEQ,A.SEC_GRP_ID,A.FUNC_GRP_ID,NVL(A.FUNC_NAME, ' ') FUNC_NAME, NVL(B.FUNC_DESC, ' ') FUNC_DESC, LANGUAGE_1, LANGUAGE_2, LANGUAGE_3
  FROM RWEBGRPFUN A, RWEBFUNDEF B
 WHERE A.FACTORY = :p_FACTORY
   AND A.SEC_GRP_ID = :p_SEC_GRP_ID
   AND A.FUNC_NAME=B.FUNC_NAME(+)
 ORDER BY A.FUNC_GRP_SEQ, A.FUNC_SEQ
-------------------------------------------------------------
SELECT COUNT(*)
FROM RWEBFUNLOG
WHERE FACTORY = :FACTORY  
AND USER_ID = :USER_ID 
AND FUNC_NAME = :FUNC_NAME 
AND FUNC_GROUP = :FUNC_GROUP
AND TO_DATE(VIEW_TIME,'YYYYMMDDHH24MISS') BETWEEN SYSDATE -  10/1440 AND SYSDATE + 10/1440
-------------------------------------------------------------
INSERT INTO RWEBFUNLOG(FACTORY,USER_ID,FUNC_NAME,FUNC_GROUP,VIEW_TIME, UPDATE_TIME)
VALUES (:p_FACTORY, :p_USER_ID, :p_FUNC_NAME, :p_FUNC_GROUP,TO_CHAR(SYSDATE, 'YYYYMMDDHH24MISS') , TO_CHAR(SYSDATE, 'YYYYMMDDHH24MISS'))

-------------------------------------------------------------
SELECT LANGUAGE_2 FROM RWEBFUNDEF WHERE FUNC_NAME = 'SEC1101'
-------------------------------------------------------------
SELECT * FROM RWEBUSRDEF WHERE FACTORY= :FACTORY ORDER BY USER_ID
-------------------------------------------------------------
SELECT * FROM RWEBUSRDEF WHERE FACTORY = :FACTORY AND USER_ID= :USER_ID
-------------------------------------------------------------
SELECT * FROM RWEBGRPDEF WHERE FACTORY = :FACTORY AND SEC_GRP_ID = :SEC_GRP_ID
-------------------------------------------------------------
SELECT * FROM RWEBUSRDEF WHERE FACTORY = :FACTORY AND USER_ID= :USER_ID
-------------------------------------------------------------
SELECT * FROM RWEBUSRDEF WHERE FACTORY = :FACTORY AND USER_ID= :USER_ID
-------------------------------------------------------------
SELECT A.FUNC_GRP_SEQ,A.SEC_GRP_ID,A.FUNC_GRP_ID,NVL(A.FUNC_NAME, ' ') FUNC_NAME, NVL(B.FUNC_DESC, ' ') FUNC_DESC, LANGUAGE_1, LANGUAGE_2, LANGUAGE_3
  FROM RWEBGRPFUN A, RWEBFUNDEF B
 WHERE A.FACTORY = :p_FACTORY
   AND A.SEC_GRP_ID = :p_SEC_GRP_ID
   AND A.FUNC_NAME=B.FUNC_NAME(+)
 ORDER BY A.FUNC_GRP_SEQ, A.FUNC_SEQ
-------------------------------------------------------------
SELECT COUNT(*)
FROM RWEBFUNLOG
WHERE FACTORY = :FACTORY  
AND USER_ID = :USER_ID 
AND FUNC_NAME = :FUNC_NAME 
AND FUNC_GROUP = :FUNC_GROUP
AND TO_DATE(VIEW_TIME,'YYYYMMDDHH24MISS') BETWEEN SYSDATE -  10/1440 AND SYSDATE + 10/1440
-------------------------------------------------------------
INSERT INTO RWEBFUNLOG(FACTORY,USER_ID,FUNC_NAME,FUNC_GROUP,VIEW_TIME, UPDATE_TIME)
VALUES (:p_FACTORY, :p_USER_ID, :p_FUNC_NAME, :p_FUNC_GROUP,TO_CHAR(SYSDATE, 'YYYYMMDDHH24MISS') , TO_CHAR(SYSDATE, 'YYYYMMDDHH24MISS'))

-------------------------------------------------------------
SELECT LANGUAGE_2 FROM RWEBFUNDEF WHERE FUNC_NAME = 'SEC1101'
-------------------------------------------------------------
SELECT * FROM RWEBUSRDEF WHERE FACTORY= :FACTORY ORDER BY USER_ID
-------------------------------------------------------------
SELECT * FROM RWEBUSRDEF WHERE FACTORY = :FACTORY AND USER_ID= :USER_ID
-------------------------------------------------------------
SELECT * FROM RWEBGRPDEF WHERE FACTORY = :FACTORY AND SEC_GRP_ID = :SEC_GRP_ID
-------------------------------------------------------------
SELECT * FROM RWEBUSRDEF WHERE FACTORY = :FACTORY AND USER_ID= :USER_ID
-------------------------------------------------------------
SELECT * FROM RWEBUSRDEF WHERE FACTORY = :FACTORY AND USER_ID= :USER_ID
-------------------------------------------------------------
SELECT * FROM RWEBUSRDEF WHERE FACTORY = :FACTORY AND USER_ID= :USER_ID
-------------------------------------------------------------
SELECT * FROM RWEBUSRDEF WHERE FACTORY = :FACTORY AND USER_ID= :USER_ID
-------------------------------------------------------------
