SELECT * FROM RWEBUSRDEF WHERE FACTORY = :FACTORY AND USER_ID= :USER_ID
-------------------------------------------------------------
SELECT A.FUNC_GRP_SEQ,A.SEC_GRP_ID,A.FUNC_GRP_ID,NVL(A.FUNC_NAME, ' ') FUNC_NAME, NVL(B.FUNC_DESC, ' ') FUNC_DESC
  FROM RWEBGRPFUN A, RWEBFUNDEF B
 WHERE A.FACTORY = :p_FACTORY
   AND A.SEC_GRP_ID = :p_SEC_GRP_ID
   AND A.FUNC_NAME=B.FUNC_NAME(+)
 ORDER BY A.FUNC_GRP_SEQ, A.FUNC_SEQ
-------------------------------------------------------------
SELECT * FROM RWEBUSRDEF WHERE FACTORY = :FACTORY AND USER_ID= :USER_ID
-------------------------------------------------------------
SELECT A.FUNC_GRP_SEQ,A.SEC_GRP_ID,A.FUNC_GRP_ID,NVL(A.FUNC_NAME, ' ') FUNC_NAME, NVL(B.FUNC_DESC, ' ') FUNC_DESC
  FROM RWEBGRPFUN A, RWEBFUNDEF B
 WHERE A.FACTORY = :p_FACTORY
   AND A.SEC_GRP_ID = :p_SEC_GRP_ID
   AND A.FUNC_NAME=B.FUNC_NAME(+)
 ORDER BY A.FUNC_GRP_SEQ, A.FUNC_SEQ
-------------------------------------------------------------
SELECT * FROM RWEBUSRDEF WHERE FACTORY = :FACTORY AND USER_ID= :USER_ID
-------------------------------------------------------------
SELECT A.FUNC_GRP_SEQ,A.SEC_GRP_ID,A.FUNC_GRP_ID,NVL(A.FUNC_NAME, ' ') FUNC_NAME, NVL(B.FUNC_DESC, ' ') FUNC_DESC, LANGUAGE_1, LANGUAGE_2, LANGUAGE_3
  FROM RWEBGRPFUN A, RWEBFUNDEF B
 WHERE A.FACTORY = :p_FACTORY
   AND A.SEC_GRP_ID = :p_SEC_GRP_ID
   AND A.FUNC_NAME=B.FUNC_NAME(+)
 ORDER BY A.FUNC_GRP_SEQ, A.FUNC_SEQ
-------------------------------------------------------------
SELECT COUNT(*)
FROM RWEBFUNLOG
WHERE FACTORY = :FACTORY  
AND USER_ID = :USER_ID 
AND FUNC_NAME = :FUNC_NAME 
AND FUNC_GROUP = :FUNC_GROUP
AND TO_DATE(VIEW_TIME,'YYYYMMDDHH24MISS') BETWEEN SYSDATE -  10/1440 AND SYSDATE + 10/1440
-------------------------------------------------------------
INSERT INTO RWEBFUNLOG(FACTORY,USER_ID,FUNC_NAME,FUNC_GROUP,VIEW_TIME, UPDATE_TIME)
VALUES (:p_FACTORY, :p_USER_ID, :p_FUNC_NAME, :p_FUNC_GROUP,TO_CHAR(SYSDATE, 'YYYYMMDDHH24MISS') , TO_CHAR(SYSDATE, 'YYYYMMDDHH24MISS'))

-------------------------------------------------------------
 SELECT UNIQUE PLAN_WEEK V1, (PLAN_YEAR || LPAD(PLAN_WEEK, 2,'0')) V2    FROM MWIPCALDEF   WHERE CALENDAR_ID IN ('SYSTEM', 'HM', 'SYSTEM')     AND SYS_YEAR = NVL('', TO_CHAR(SYSDATE,'yyyy'))    ORDER BY 1 
-------------------------------------------------------------
SELECT COUNT(*)
FROM RWEBFUNLOG
WHERE FACTORY = :FACTORY  
AND USER_ID = :USER_ID 
AND FUNC_NAME = :FUNC_NAME 
AND FUNC_GROUP = :FUNC_GROUP
AND TO_DATE(VIEW_TIME,'YYYYMMDDHH24MISS') BETWEEN SYSDATE -  10/1440 AND SYSDATE + 10/1440
-------------------------------------------------------------
 SELECT UNIQUE PLAN_WEEK V1, (PLAN_YEAR || LPAD(PLAN_WEEK, 2,'0')) V2    FROM MWIPCALDEF   WHERE CALENDAR_ID IN ('SYSTEM', 'HM', 'SYSTEM')     AND SYS_YEAR = NVL('', TO_CHAR(SYSDATE,'yyyy'))    ORDER BY 1 
-------------------------------------------------------------
SELECT COUNT(*)
FROM RWEBFUNLOG
WHERE FACTORY = :FACTORY  
AND USER_ID = :USER_ID 
AND FUNC_NAME = :FUNC_NAME 
AND FUNC_GROUP = :FUNC_GROUP
AND TO_DATE(VIEW_TIME,'YYYYMMDDHH24MISS') BETWEEN SYSDATE -  10/1440 AND SYSDATE + 10/1440
-------------------------------------------------------------
 SELECT UNIQUE PLAN_WEEK V1, (PLAN_YEAR || LPAD(PLAN_WEEK, 2,'0')) V2    FROM MWIPCALDEF   WHERE CALENDAR_ID IN ('SYSTEM', 'HM', 'SYSTEM')     AND SYS_YEAR = NVL('', TO_CHAR(SYSDATE,'yyyy'))    ORDER BY 1 
-------------------------------------------------------------
SELECT COUNT(*)
FROM RWEBFUNLOG
WHERE FACTORY = :FACTORY  
AND USER_ID = :USER_ID 
AND FUNC_NAME = :FUNC_NAME 
AND FUNC_GROUP = :FUNC_GROUP
AND TO_DATE(VIEW_TIME,'YYYYMMDDHH24MISS') BETWEEN SYSDATE -  10/1440 AND SYSDATE + 10/1440
-------------------------------------------------------------
 SELECT PLAN_WEEK V1    FROM MWIPCALDEF   WHERE CALENDAR_ID IN ('SYSTEM', 'HM', 'SYSTEM')     AND SYS_DATE = TO_CHAR(SYSDATE,'yyyymmdd')      AND ROWNUM = 1  
-------------------------------------------------------------
SELECT COUNT(*)
FROM RWEBFUNLOG
WHERE FACTORY = :FACTORY  
AND USER_ID = :USER_ID 
AND FUNC_NAME = :FUNC_NAME 
AND FUNC_GROUP = :FUNC_GROUP
AND TO_DATE(VIEW_TIME,'YYYYMMDDHH24MISS') BETWEEN SYSDATE -  10/1440 AND SYSDATE + 10/1440
-------------------------------------------------------------
 SELECT UNIQUE PLAN_WEEK V1, (PLAN_YEAR || LPAD(PLAN_WEEK, 2,'0')) V2    FROM MWIPCALDEF   WHERE CALENDAR_ID IN ('SYSTEM', 'HM', 'SYSTEM')     AND SYS_YEAR = NVL('2020', TO_CHAR(SYSDATE,'yyyy'))    ORDER BY 1 
-------------------------------------------------------------
SELECT COUNT(*)
FROM RWEBFUNLOG
WHERE FACTORY = :FACTORY  
AND USER_ID = :USER_ID 
AND FUNC_NAME = :FUNC_NAME 
AND FUNC_GROUP = :FUNC_GROUP
AND TO_DATE(VIEW_TIME,'YYYYMMDDHH24MISS') BETWEEN SYSDATE -  10/1440 AND SYSDATE + 10/1440
-------------------------------------------------------------
 SELECT UNIQUE PLAN_WEEK V1, (PLAN_YEAR || LPAD(PLAN_WEEK, 2,'0')) V2    FROM MWIPCALDEF   WHERE CALENDAR_ID IN ('SYSTEM', 'HM', 'SYSTEM')     AND SYS_YEAR = NVL('2020', TO_CHAR(SYSDATE,'yyyy'))    ORDER BY 1 
-------------------------------------------------------------
SELECT COUNT(*)
FROM RWEBFUNLOG
WHERE FACTORY = :FACTORY  
AND USER_ID = :USER_ID 
AND FUNC_NAME = :FUNC_NAME 
AND FUNC_GROUP = :FUNC_GROUP
AND TO_DATE(VIEW_TIME,'YYYYMMDDHH24MISS') BETWEEN SYSDATE -  10/1440 AND SYSDATE + 10/1440
-------------------------------------------------------------
SELECT DISTINCT PLAN_YEAR||LPAD(PLAN_WEEK,2,'0') AS PLAN_WEEK 
  FROM MWIPCALDEF
 WHERE 1=1 
   AND CALENDAR_ID = 'OTD' 
   AND SYS_YEAR||LPAD(SYS_MONTH,2,'0') = '202004' 
 ORDER BY PLAN_WEEK

-------------------------------------------------------------
SELECT COUNT(*)
FROM RWEBFUNLOG
WHERE FACTORY = :FACTORY  
AND USER_ID = :USER_ID 
AND FUNC_NAME = :FUNC_NAME 
AND FUNC_GROUP = :FUNC_GROUP
AND TO_DATE(VIEW_TIME,'YYYYMMDDHH24MISS') BETWEEN SYSDATE -  10/1440 AND SYSDATE + 10/1440
-------------------------------------------------------------
SELECT DISTINCT PLAN_YEAR||LPAD(PLAN_WEEK,2,'0') AS PLAN_WEEK 
  FROM MWIPCALDEF
 WHERE 1=1 
   AND CALENDAR_ID = 'OTD' 
   AND SYS_YEAR||LPAD(SYS_MONTH,2,'0') = '202004' 
   AND SYS_DATE <= '20200407' 
 ORDER BY PLAN_WEEK

-------------------------------------------------------------
SELECT COUNT(*)
FROM RWEBFUNLOG
WHERE FACTORY = :FACTORY  
AND USER_ID = :USER_ID 
AND FUNC_NAME = :FUNC_NAME 
AND FUNC_GROUP = :FUNC_GROUP
AND TO_DATE(VIEW_TIME,'YYYYMMDDHH24MISS') BETWEEN SYSDATE -  10/1440 AND SYSDATE + 10/1440
-------------------------------------------------------------
SELECT LANGUAGE_2 FROM RWEBFUNDEF WHERE FUNC_NAME = 'PRD010907'
-------------------------------------------------------------
SELECT COUNT(*)
FROM RWEBFUNLOG
WHERE FACTORY = :FACTORY  
AND USER_ID = :USER_ID 
AND FUNC_NAME = :FUNC_NAME 
AND FUNC_GROUP = :FUNC_GROUP
AND TO_DATE(VIEW_TIME,'YYYYMMDDHH24MISS') BETWEEN SYSDATE -  10/1440 AND SYSDATE + 10/1440
-------------------------------------------------------------
SELECT FACTORY Code, FAC_DESC Data
  FROM MWIPFACDEF
 WHERE FAC_GRP_5 = 'Y' 
 ORDER BY FAC_GRP_4 ASC
-------------------------------------------------------------
SELECT COUNT(*)
FROM RWEBFUNLOG
WHERE FACTORY = :FACTORY  
AND USER_ID = :USER_ID 
AND FUNC_NAME = :FUNC_NAME 
AND FUNC_GROUP = :FUNC_GROUP
AND TO_DATE(VIEW_TIME,'YYYYMMDDHH24MISS') BETWEEN SYSDATE -  10/1440 AND SYSDATE + 10/1440
-------------------------------------------------------------
SELECT FACTORY Code, FAC_DESC Data
  FROM MWIPFACDEF
 WHERE FAC_GRP_5 = 'Y' 
 ORDER BY FAC_GRP_4 ASC
-------------------------------------------------------------
SELECT COUNT(*)
FROM RWEBFUNLOG
WHERE FACTORY = :FACTORY  
AND USER_ID = :USER_ID 
AND FUNC_NAME = :FUNC_NAME 
AND FUNC_GROUP = :FUNC_GROUP
AND TO_DATE(VIEW_TIME,'YYYYMMDDHH24MISS') BETWEEN SYSDATE -  10/1440 AND SYSDATE + 10/1440
-------------------------------------------------------------
SELECT DISTINCT PLAN_YEAR||LPAD(PLAN_WEEK,2,'0') AS PLAN_WEEK 
  FROM MWIPCALDEF
 WHERE 1=1 
   AND CALENDAR_ID = 'OTD' 
   AND SYS_YEAR||LPAD(SYS_MONTH,2,'0') = '202004' 
 ORDER BY PLAN_WEEK

-------------------------------------------------------------
SELECT COUNT(*)
FROM RWEBFUNLOG
WHERE FACTORY = :FACTORY  
AND USER_ID = :USER_ID 
AND FUNC_NAME = :FUNC_NAME 
AND FUNC_GROUP = :FUNC_GROUP
AND TO_DATE(VIEW_TIME,'YYYYMMDDHH24MISS') BETWEEN SYSDATE -  10/1440 AND SYSDATE + 10/1440
-------------------------------------------------------------
SELECT DISTINCT PLAN_YEAR||LPAD(PLAN_WEEK,2,'0') AS PLAN_WEEK 
  FROM MWIPCALDEF
 WHERE 1=1 
   AND CALENDAR_ID = 'OTD' 
   AND SYS_YEAR||LPAD(SYS_MONTH,2,'0') = '202004' 
   AND SYS_DATE <= '20200407' 
 ORDER BY PLAN_WEEK

-------------------------------------------------------------
SELECT COUNT(*)
FROM RWEBFUNLOG
WHERE FACTORY = :FACTORY  
AND USER_ID = :USER_ID 
AND FUNC_NAME = :FUNC_NAME 
AND FUNC_GROUP = :FUNC_GROUP
AND TO_DATE(VIEW_TIME,'YYYYMMDDHH24MISS') BETWEEN SYSDATE -  10/1440 AND SYSDATE + 10/1440
-------------------------------------------------------------
SELECT FACTORY Code, FAC_DESC Data
  FROM MWIPFACDEF
 WHERE FAC_GRP_5 = 'Y' 
 ORDER BY FAC_GRP_4 ASC
-------------------------------------------------------------
SELECT COUNT(*)
FROM RWEBFUNLOG
WHERE FACTORY = :FACTORY  
AND USER_ID = :USER_ID 
AND FUNC_NAME = :FUNC_NAME 
AND FUNC_GROUP = :FUNC_GROUP
AND TO_DATE(VIEW_TIME,'YYYYMMDDHH24MISS') BETWEEN SYSDATE -  10/1440 AND SYSDATE + 10/1440
-------------------------------------------------------------
SELECT DISTINCT PLAN_YEAR||LPAD(PLAN_WEEK,2,'0') AS PLAN_WEEK 
  FROM MWIPCALDEF
 WHERE 1=1 
   AND CALENDAR_ID = 'OTD' 
   AND SYS_YEAR||LPAD(SYS_MONTH,2,'0') = '202004' 
 ORDER BY PLAN_WEEK

-------------------------------------------------------------
SELECT COUNT(*)
FROM RWEBFUNLOG
WHERE FACTORY = :FACTORY  
AND USER_ID = :USER_ID 
AND FUNC_NAME = :FUNC_NAME 
AND FUNC_GROUP = :FUNC_GROUP
AND TO_DATE(VIEW_TIME,'YYYYMMDDHH24MISS') BETWEEN SYSDATE -  10/1440 AND SYSDATE + 10/1440
-------------------------------------------------------------
SELECT DISTINCT PLAN_YEAR||LPAD(PLAN_WEEK,2,'0') AS PLAN_WEEK 
  FROM MWIPCALDEF
 WHERE 1=1 
   AND CALENDAR_ID = 'OTD' 
   AND SYS_YEAR||LPAD(SYS_MONTH,2,'0') = '202004' 
   AND SYS_DATE <= '20200407' 
 ORDER BY PLAN_WEEK

-------------------------------------------------------------
SELECT COUNT(*)
FROM RWEBFUNLOG
WHERE FACTORY = :FACTORY  
AND USER_ID = :USER_ID 
AND FUNC_NAME = :FUNC_NAME 
AND FUNC_GROUP = :FUNC_GROUP
AND TO_DATE(VIEW_TIME,'YYYYMMDDHH24MISS') BETWEEN SYSDATE -  10/1440 AND SYSDATE + 10/1440
-------------------------------------------------------------
INSERT INTO RWEBFUNLOG(FACTORY,USER_ID,FUNC_NAME,FUNC_GROUP,VIEW_TIME, UPDATE_TIME)
VALUES (:p_FACTORY, :p_USER_ID, :p_FUNC_NAME, :p_FUNC_GROUP,TO_CHAR(SYSDATE, 'YYYYMMDDHH24MISS') , TO_CHAR(SYSDATE, 'YYYYMMDDHH24MISS'))

-------------------------------------------------------------
SELECT MIN(SYS_DATE) AS START_DAY 
     , MAX(SYS_DATE) AS END_DAY 
     , PLAN_YEAR||DECODE(LENGTH(PLAN_WEEK), 1, '0'||PLAN_WEEK, PLAN_WEEK) AS WEEK
  FROM MWIPCALDEF 
 WHERE CALENDAR_ID = 'OTD'
   AND (PLAN_YEAR || LPAD(PLAN_WEEK,2,'0')) IN ( 
                                                SELECT WW
                                                  FROM (
                                                        SELECT WW
                                                             , ROW_NUMBER() OVER(ORDER BY WW) AS RNK
                                                          FROM (
                                                                SELECT DISTINCT PLAN_YEAR || LPAD(PLAN_WEEK,2,'0') AS WW
                                                                  FROM MWIPCALDEF
                                                                 WHERE CALENDAR_ID = 'OTD'
                                                                   AND PLAN_YEAR || LPAD(PLAN_WEEK,2,'0') >= (
                                                                                                              SELECT MAX(PLAN_YEAR || LPAD(PLAN_WEEK,2,'0')) AS WW
                                                                                                                FROM MWIPCALDEF
                                                                                                               WHERE CALENDAR_ID = 'OTD'
                                                                                                                 AND PLAN_YEAR || LPAD(PLAN_WEEK,2,'0') < (SELECT PLAN_YEAR || LPAD(PLAN_WEEK,2,'0') AS WW FROM MWIPCALDEF WHERE CALENDAR_ID = 'OTD' AND SYS_DATE = '20200407')
                                                                                                                 AND SYS_DATE >= TO_CHAR(TO_DATE('20200407', 'YYYYMMDD')-14, 'YYYYMMDD')
                                                                                                             )
                                                               ) 
                                                       )
                                                 WHERE RNK <= 7
                                               ) 
 GROUP BY PLAN_YEAR, PLAN_WEEK 
 ORDER BY PLAN_YEAR, PLAN_WEEK

-------------------------------------------------------------
SELECT COUNT(*)
FROM RWEBFUNLOG
WHERE FACTORY = :FACTORY  
AND USER_ID = :USER_ID 
AND FUNC_NAME = :FUNC_NAME 
AND FUNC_GROUP = :FUNC_GROUP
AND TO_DATE(VIEW_TIME,'YYYYMMDDHH24MISS') BETWEEN SYSDATE -  10/1440 AND SYSDATE + 10/1440
-------------------------------------------------------------
SELECT MIN(SYS_DATE) AS START_DAY 
     , MAX(SYS_DATE) AS END_DAY 
     , PLAN_YEAR||DECODE(LENGTH(PLAN_WEEK), 1, '0'||PLAN_WEEK, PLAN_WEEK) AS WEEK
  FROM MWIPCALDEF 
 WHERE CALENDAR_ID = 'SE'
   AND (PLAN_YEAR || LPAD(PLAN_WEEK,2,'0')) IN ( 
                                                SELECT WW
                                                  FROM (
                                                        SELECT WW
                                                             , ROW_NUMBER() OVER(ORDER BY WW) AS RNK
                                                          FROM (
                                                                SELECT DISTINCT PLAN_YEAR || LPAD(PLAN_WEEK,2,'0') AS WW
                                                                  FROM MWIPCALDEF
                                                                 WHERE CALENDAR_ID = 'SE'
                                                                   AND PLAN_YEAR || LPAD(PLAN_WEEK,2,'0') >= (
                                                                                                              SELECT MAX(PLAN_YEAR || LPAD(PLAN_WEEK,2,'0')) AS WW
                                                                                                                FROM MWIPCALDEF
                                                                                                               WHERE CALENDAR_ID = 'SE'
                                                                                                                 AND PLAN_YEAR || LPAD(PLAN_WEEK,2,'0') < (SELECT PLAN_YEAR || LPAD(PLAN_WEEK,2,'0') AS WW FROM MWIPCALDEF WHERE CALENDAR_ID = 'SE' AND SYS_DATE = '20200407')
                                                                                                                 AND SYS_DATE >= TO_CHAR(TO_DATE('20200407', 'YYYYMMDD')-14, 'YYYYMMDD')
                                                                                                             )
                                                               ) 
                                                       )
                                                 WHERE RNK <= 7
                                               ) 
 GROUP BY PLAN_YEAR, PLAN_WEEK 
 ORDER BY PLAN_YEAR, PLAN_WEEK

-------------------------------------------------------------
SELECT COUNT(*)
FROM RWEBFUNLOG
WHERE FACTORY = :FACTORY  
AND USER_ID = :USER_ID 
AND FUNC_NAME = :FUNC_NAME 
AND FUNC_GROUP = :FUNC_GROUP
AND TO_DATE(VIEW_TIME,'YYYYMMDDHH24MISS') BETWEEN SYSDATE -  10/1440 AND SYSDATE + 10/1440
-------------------------------------------------------------
SELECT LANGUAGE_2 FROM RWEBFUNDEF WHERE FUNC_NAME = 'PRD010611'
-------------------------------------------------------------
SELECT COUNT(*)
FROM RWEBFUNLOG
WHERE FACTORY = :FACTORY  
AND USER_ID = :USER_ID 
AND FUNC_NAME = :FUNC_NAME 
AND FUNC_GROUP = :FUNC_GROUP
AND TO_DATE(VIEW_TIME,'YYYYMMDDHH24MISS') BETWEEN SYSDATE -  10/1440 AND SYSDATE + 10/1440
-------------------------------------------------------------
INSERT INTO RWEBFUNLOG(FACTORY,USER_ID,FUNC_NAME,FUNC_GROUP,VIEW_TIME, UPDATE_TIME)
VALUES (:p_FACTORY, :p_USER_ID, :p_FUNC_NAME, :p_FUNC_GROUP,TO_CHAR(SYSDATE, 'YYYYMMDDHH24MISS') , TO_CHAR(SYSDATE, 'YYYYMMDDHH24MISS'))

-------------------------------------------------------------
SELECT MIN(SYS_DATE) AS START_DAY 
     , MAX(SYS_DATE) AS END_DAY 
     , PLAN_YEAR||DECODE(LENGTH(PLAN_WEEK), 1, '0'||PLAN_WEEK, PLAN_WEEK) AS WEEK
  FROM MWIPCALDEF 
 WHERE CALENDAR_ID = 'OTD'
   AND (PLAN_YEAR || LPAD(PLAN_WEEK,2,'0')) IN ( 
                                                SELECT WW
                                                  FROM (
                                                        SELECT WW
                                                             , ROW_NUMBER() OVER(ORDER BY WW) AS RNK
                                                          FROM (
                                                                SELECT DISTINCT PLAN_YEAR || LPAD(PLAN_WEEK,2,'0') AS WW
                                                                  FROM MWIPCALDEF
                                                                 WHERE CALENDAR_ID = 'OTD'
                                                                   AND PLAN_YEAR || LPAD(PLAN_WEEK,2,'0') >= (
                                                                                                              SELECT MAX(PLAN_YEAR || LPAD(PLAN_WEEK,2,'0')) AS WW
                                                                                                                FROM MWIPCALDEF
                                                                                                               WHERE CALENDAR_ID = 'OTD'
                                                                                                                 AND PLAN_YEAR || LPAD(PLAN_WEEK,2,'0') < (SELECT PLAN_YEAR || LPAD(PLAN_WEEK,2,'0') AS WW FROM MWIPCALDEF WHERE CALENDAR_ID = 'OTD' AND SYS_DATE = '20200407')
                                                                                                                 AND SYS_DATE >= TO_CHAR(TO_DATE('20200407', 'YYYYMMDD')-14, 'YYYYMMDD')
                                                                                                             )
                                                               ) 
                                                       )
                                                 WHERE RNK <= 7
                                               ) 
 GROUP BY PLAN_YEAR, PLAN_WEEK 
 ORDER BY PLAN_YEAR, PLAN_WEEK

-------------------------------------------------------------
SELECT COUNT(*)
FROM RWEBFUNLOG
WHERE FACTORY = :FACTORY  
AND USER_ID = :USER_ID 
AND FUNC_NAME = :FUNC_NAME 
AND FUNC_GROUP = :FUNC_GROUP
AND TO_DATE(VIEW_TIME,'YYYYMMDDHH24MISS') BETWEEN SYSDATE -  10/1440 AND SYSDATE + 10/1440
-------------------------------------------------------------
SELECT MIN(SYS_DATE) AS START_DAY 
     , MAX(SYS_DATE) AS END_DAY 
     , PLAN_YEAR||DECODE(LENGTH(PLAN_WEEK), 1, '0'||PLAN_WEEK, PLAN_WEEK) AS WEEK
  FROM MWIPCALDEF 
 WHERE CALENDAR_ID = 'SE'
   AND (PLAN_YEAR || LPAD(PLAN_WEEK,2,'0')) IN ( 
                                                SELECT WW
                                                  FROM (
                                                        SELECT WW
                                                             , ROW_NUMBER() OVER(ORDER BY WW) AS RNK
                                                          FROM (
                                                                SELECT DISTINCT PLAN_YEAR || LPAD(PLAN_WEEK,2,'0') AS WW
                                                                  FROM MWIPCALDEF
                                                                 WHERE CALENDAR_ID = 'SE'
                                                                   AND PLAN_YEAR || LPAD(PLAN_WEEK,2,'0') >= (
                                                                                                              SELECT MAX(PLAN_YEAR || LPAD(PLAN_WEEK,2,'0')) AS WW
                                                                                                                FROM MWIPCALDEF
                                                                                                               WHERE CALENDAR_ID = 'SE'
                                                                                                                 AND PLAN_YEAR || LPAD(PLAN_WEEK,2,'0') < (SELECT PLAN_YEAR || LPAD(PLAN_WEEK,2,'0') AS WW FROM MWIPCALDEF WHERE CALENDAR_ID = 'SE' AND SYS_DATE = '20200407')
                                                                                                                 AND SYS_DATE >= TO_CHAR(TO_DATE('20200407', 'YYYYMMDD')-14, 'YYYYMMDD')
                                                                                                             )
                                                               ) 
                                                       )
                                                 WHERE RNK <= 7
                                               ) 
 GROUP BY PLAN_YEAR, PLAN_WEEK 
 ORDER BY PLAN_YEAR, PLAN_WEEK

-------------------------------------------------------------
SELECT COUNT(*)
FROM RWEBFUNLOG
WHERE FACTORY = :FACTORY  
AND USER_ID = :USER_ID 
AND FUNC_NAME = :FUNC_NAME 
AND FUNC_GROUP = :FUNC_GROUP
AND TO_DATE(VIEW_TIME,'YYYYMMDDHH24MISS') BETWEEN SYSDATE -  10/1440 AND SYSDATE + 10/1440
-------------------------------------------------------------
SELECT LANGUAGE_2 FROM RWEBFUNDEF WHERE FUNC_NAME = 'PRD011006'
-------------------------------------------------------------
SELECT COUNT(*)
FROM RWEBFUNLOG
WHERE FACTORY = :FACTORY  
AND USER_ID = :USER_ID 
AND FUNC_NAME = :FUNC_NAME 
AND FUNC_GROUP = :FUNC_GROUP
AND TO_DATE(VIEW_TIME,'YYYYMMDDHH24MISS') BETWEEN SYSDATE -  10/1440 AND SYSDATE + 10/1440
-------------------------------------------------------------
SELECT FACTORY Code, FAC_DESC Data
  FROM MWIPFACDEF
 WHERE FAC_GRP_5 = 'Y' 
 ORDER BY FAC_GRP_4 ASC
-------------------------------------------------------------
