SELECT * FROM DUAL
-------------------------------------------------------------
SELECT * FROM RWEBUSRDEF WHERE FACTORY = :FACTORY AND USER_ID= :USER_ID
-------------------------------------------------------------
SELECT * FROM RWEBUSRDEF WHERE FACTORY = :FACTORY AND USER_ID= :USER_ID
-------------------------------------------------------------
SELECT A.FUNC_GRP_SEQ,A.SEC_GRP_ID,A.FUNC_GRP_ID,NVL(A.FUNC_NAME, ' ') FUNC_NAME, NVL(B.FUNC_DESC, ' ') FUNC_DESC
  FROM RWEBGRPFUN A, RWEBFUNDEF B
 WHERE A.FACTORY = :p_FACTORY
   AND A.SEC_GRP_ID = :p_SEC_GRP_ID
   AND A.FUNC_NAME=B.FUNC_NAME(+)
 ORDER BY A.FUNC_GRP_SEQ, A.FUNC_SEQ
-------------------------------------------------------------
SELECT * FROM RWEBUSRDEF WHERE FACTORY = :FACTORY AND USER_ID= :USER_ID
-------------------------------------------------------------
SELECT A.FUNC_GRP_SEQ,A.SEC_GRP_ID,A.FUNC_GRP_ID,NVL(A.FUNC_NAME, ' ') FUNC_NAME, NVL(B.FUNC_DESC, ' ') FUNC_DESC
  FROM RWEBGRPFUN A, RWEBFUNDEF B
 WHERE A.FACTORY = :p_FACTORY
   AND A.SEC_GRP_ID = :p_SEC_GRP_ID
   AND A.FUNC_NAME=B.FUNC_NAME(+)
 ORDER BY A.FUNC_GRP_SEQ, A.FUNC_SEQ
-------------------------------------------------------------
SELECT * FROM RWEBUSRDEF WHERE FACTORY = :FACTORY AND USER_ID= :USER_ID
-------------------------------------------------------------
SELECT A.FUNC_GRP_SEQ,A.SEC_GRP_ID,A.FUNC_GRP_ID,NVL(A.FUNC_NAME, ' ') FUNC_NAME, NVL(B.FUNC_DESC, ' ') FUNC_DESC
  FROM RWEBGRPFUN A, RWEBFUNDEF B
 WHERE A.FACTORY = :p_FACTORY
   AND A.SEC_GRP_ID = :p_SEC_GRP_ID
   AND A.FUNC_NAME=B.FUNC_NAME(+)
 ORDER BY A.FUNC_GRP_SEQ, A.FUNC_SEQ
-------------------------------------------------------------
SELECT * FROM RWEBUSRDEF WHERE FACTORY = :FACTORY AND USER_ID= :USER_ID
-------------------------------------------------------------
SELECT COUNT(*)
FROM RWEBFUNLOG
WHERE FACTORY = :FACTORY  
AND USER_ID = :USER_ID 
AND FUNC_NAME = :FUNC_NAME 
AND FUNC_GROUP = :FUNC_GROUP
AND TO_DATE(VIEW_TIME,'YYYYMMDDHH24MISS') BETWEEN SYSDATE -  10/1440 AND SYSDATE + 10/1440
-------------------------------------------------------------
INSERT INTO RWEBFUNLOG(FACTORY,USER_ID,FUNC_NAME,FUNC_GROUP,VIEW_TIME, UPDATE_TIME)
VALUES (:p_FACTORY, :p_USER_ID, :p_FUNC_NAME, :p_FUNC_GROUP,TO_CHAR(SYSDATE, 'YYYYMMDDHH24MISS') , TO_CHAR(SYSDATE, 'YYYYMMDDHH24MISS'))

-------------------------------------------------------------
SELECT A.FUNC_GRP_SEQ,A.SEC_GRP_ID,A.FUNC_GRP_ID,NVL(A.FUNC_NAME, ' ') FUNC_NAME, NVL(B.FUNC_DESC, ' ') FUNC_DESC
  FROM RWEBGRPFUN A, RWEBFUNDEF B
 WHERE A.FACTORY = :p_FACTORY
   AND A.SEC_GRP_ID = :p_SEC_GRP_ID
   AND A.FUNC_NAME=B.FUNC_NAME(+)
 ORDER BY A.FUNC_GRP_SEQ, A.FUNC_SEQ
-------------------------------------------------------------
SELECT * FROM RWEBUSRDEF WHERE FACTORY = :FACTORY AND USER_ID= :USER_ID
-------------------------------------------------------------
SELECT COUNT(*)
FROM RWEBFUNLOG
WHERE FACTORY = :FACTORY  
AND USER_ID = :USER_ID 
AND FUNC_NAME = :FUNC_NAME 
AND FUNC_GROUP = :FUNC_GROUP
AND TO_DATE(VIEW_TIME,'YYYYMMDDHH24MISS') BETWEEN SYSDATE -  10/1440 AND SYSDATE + 10/1440
-------------------------------------------------------------
SELECT A.FUNC_GRP_SEQ,A.SEC_GRP_ID,A.FUNC_GRP_ID,NVL(A.FUNC_NAME, ' ') FUNC_NAME, NVL(B.FUNC_DESC, ' ') FUNC_DESC
  FROM RWEBGRPFUN A, RWEBFUNDEF B
 WHERE A.FACTORY = :p_FACTORY
   AND A.SEC_GRP_ID = :p_SEC_GRP_ID
   AND A.FUNC_NAME=B.FUNC_NAME(+)
 ORDER BY A.FUNC_GRP_SEQ, A.FUNC_SEQ
-------------------------------------------------------------
SELECT * FROM RWEBUSRDEF WHERE FACTORY = :FACTORY AND USER_ID= :USER_ID
-------------------------------------------------------------
SELECT COUNT(*)
FROM RWEBFUNLOG
WHERE FACTORY = :FACTORY  
AND USER_ID = :USER_ID 
AND FUNC_NAME = :FUNC_NAME 
AND FUNC_GROUP = :FUNC_GROUP
AND TO_DATE(VIEW_TIME,'YYYYMMDDHH24MISS') BETWEEN SYSDATE -  10/1440 AND SYSDATE + 10/1440
-------------------------------------------------------------
INSERT INTO RWEBFUNLOG(FACTORY,USER_ID,FUNC_NAME,FUNC_GROUP,VIEW_TIME, UPDATE_TIME)
VALUES (:p_FACTORY, :p_USER_ID, :p_FUNC_NAME, :p_FUNC_GROUP,TO_CHAR(SYSDATE, 'YYYYMMDDHH24MISS') , TO_CHAR(SYSDATE, 'YYYYMMDDHH24MISS'))

-------------------------------------------------------------
SELECT A.FUNC_GRP_SEQ,A.SEC_GRP_ID,A.FUNC_GRP_ID,NVL(A.FUNC_NAME, ' ') FUNC_NAME, NVL(B.FUNC_DESC, ' ') FUNC_DESC
  FROM RWEBGRPFUN A, RWEBFUNDEF B
 WHERE A.FACTORY = :p_FACTORY
   AND A.SEC_GRP_ID = :p_SEC_GRP_ID
   AND A.FUNC_NAME=B.FUNC_NAME(+)
 ORDER BY A.FUNC_GRP_SEQ, A.FUNC_SEQ
-------------------------------------------------------------
SELECT * FROM RWEBUSRDEF WHERE FACTORY = :FACTORY AND USER_ID= :USER_ID
-------------------------------------------------------------
SELECT COUNT(*)
FROM RWEBFUNLOG
WHERE FACTORY = :FACTORY  
AND USER_ID = :USER_ID 
AND FUNC_NAME = :FUNC_NAME 
AND FUNC_GROUP = :FUNC_GROUP
AND TO_DATE(VIEW_TIME,'YYYYMMDDHH24MISS') BETWEEN SYSDATE -  10/1440 AND SYSDATE + 10/1440
-------------------------------------------------------------
SELECT A.FUNC_GRP_SEQ,A.SEC_GRP_ID,A.FUNC_GRP_ID,NVL(A.FUNC_NAME, ' ') FUNC_NAME, NVL(B.FUNC_DESC, ' ') FUNC_DESC
  FROM RWEBGRPFUN A, RWEBFUNDEF B
 WHERE A.FACTORY = :p_FACTORY
   AND A.SEC_GRP_ID = :p_SEC_GRP_ID
   AND A.FUNC_NAME=B.FUNC_NAME(+)
 ORDER BY A.FUNC_GRP_SEQ, A.FUNC_SEQ
-------------------------------------------------------------
SELECT * FROM RWEBUSRDEF WHERE FACTORY = :FACTORY AND USER_ID= :USER_ID
-------------------------------------------------------------
SELECT COUNT(*)
FROM RWEBFUNLOG
WHERE FACTORY = :FACTORY  
AND USER_ID = :USER_ID 
AND FUNC_NAME = :FUNC_NAME 
AND FUNC_GROUP = :FUNC_GROUP
AND VIEW_TIME BETWEEN TO_CHAR(SYSDATE - 10/1440, 'YYYYMMDDHH24MISS') AND TO_CHAR(SYSDATE + 10/1440, 'YYYYMMDDHH24MISS')
-------------------------------------------------------------
SELECT A.FUNC_GRP_SEQ,A.SEC_GRP_ID,A.FUNC_GRP_ID,NVL(A.FUNC_NAME, ' ') FUNC_NAME, NVL(B.FUNC_DESC, ' ') FUNC_DESC
  FROM RWEBGRPFUN A, RWEBFUNDEF B
 WHERE A.FACTORY = :p_FACTORY
   AND A.SEC_GRP_ID = :p_SEC_GRP_ID
   AND A.FUNC_NAME=B.FUNC_NAME(+)
 ORDER BY A.FUNC_GRP_SEQ, A.FUNC_SEQ
-------------------------------------------------------------
SELECT * FROM RWEBUSRDEF WHERE FACTORY = :FACTORY AND USER_ID= :USER_ID
-------------------------------------------------------------
SELECT COUNT(*)
FROM RWEBFUNLOG
WHERE FACTORY = :FACTORY  
AND USER_ID = :USER_ID 
AND FUNC_NAME = :FUNC_NAME 
AND FUNC_GROUP = :FUNC_GROUP
AND VIEW_TIME BETWEEN TO_CHAR(SYSDATE - 10/1440, 'YYYYMMDDHH24MISS') AND TO_CHAR(SYSDATE + 10/1440, 'YYYYMMDDHH24MISS')
-------------------------------------------------------------
SELECT A.FUNC_GRP_SEQ,A.SEC_GRP_ID,A.FUNC_GRP_ID,NVL(A.FUNC_NAME, ' ') FUNC_NAME, NVL(B.FUNC_DESC, ' ') FUNC_DESC, LANGUAGE_1, LANGUAGE_2, LANGUAGE_3
  FROM RWEBGRPFUN A, RWEBFUNDEF B
 WHERE A.FACTORY = :p_FACTORY
   AND A.SEC_GRP_ID = :p_SEC_GRP_ID
   AND A.FUNC_NAME=B.FUNC_NAME(+)
 ORDER BY A.FUNC_GRP_SEQ, A.FUNC_SEQ
-------------------------------------------------------------
SELECT COUNT(*)
FROM RWEBFUNLOG
WHERE FACTORY = :FACTORY  
AND USER_ID = :USER_ID 
AND FUNC_NAME = :FUNC_NAME 
AND FUNC_GROUP = :FUNC_GROUP
AND VIEW_TIME BETWEEN TO_CHAR(SYSDATE - 10/1440, 'YYYYMMDDHH24MISS') AND TO_CHAR(SYSDATE + 10/1440, 'YYYYMMDDHH24MISS')
-------------------------------------------------------------
INSERT INTO RWEBFUNLOG(FACTORY,USER_ID,FUNC_NAME,FUNC_GROUP,VIEW_TIME, UPDATE_TIME)
VALUES (:p_FACTORY, :p_USER_ID, :p_FUNC_NAME, :p_FUNC_GROUP,TO_CHAR(SYSDATE, 'YYYYMMDDHH24MISS') , TO_CHAR(SYSDATE, 'YYYYMMDDHH24MISS'))

-------------------------------------------------------------
SELECT LANGUAGE_2 FROM RWEBFUNDEF WHERE FUNC_NAME = 'SEC1103'
-------------------------------------------------------------
SELECT * FROM RWEBFUNDEF ORDER BY FUNC_NAME
-------------------------------------------------------------
SELECT * FROM RWEBFUNDEF WHERE FUNC_NAME = :FUNC_NAME
-------------------------------------------------------------
SELECT * FROM RWEBFUNDEF WHERE FUNC_NAME = :FUNC_NAME
-------------------------------------------------------------
SELECT COUNT(*)
FROM RWEBFUNLOG
WHERE FACTORY = :FACTORY  
AND USER_ID = :USER_ID 
AND FUNC_NAME = :FUNC_NAME 
AND FUNC_GROUP = :FUNC_GROUP
AND VIEW_TIME BETWEEN TO_CHAR(SYSDATE - 10/1440, 'YYYYMMDDHH24MISS') AND TO_CHAR(SYSDATE + 10/1440, 'YYYYMMDDHH24MISS')
-------------------------------------------------------------
INSERT INTO RWEBFUNLOG(FACTORY,USER_ID,FUNC_NAME,FUNC_GROUP,VIEW_TIME, UPDATE_TIME)
VALUES (:p_FACTORY, :p_USER_ID, :p_FUNC_NAME, :p_FUNC_GROUP,TO_CHAR(SYSDATE, 'YYYYMMDDHH24MISS') , TO_CHAR(SYSDATE, 'YYYYMMDDHH24MISS'))

-------------------------------------------------------------
SELECT LANGUAGE_2 FROM RWEBFUNDEF WHERE FUNC_NAME = 'SEC1101'
-------------------------------------------------------------
SELECT * FROM RWEBUSRDEF WHERE FACTORY= :FACTORY ORDER BY USER_ID
-------------------------------------------------------------
SELECT * FROM RWEBUSRDEF WHERE FACTORY = :FACTORY AND USER_ID= :USER_ID
-------------------------------------------------------------
SELECT * FROM RWEBUSRDEF WHERE FACTORY = :FACTORY AND USER_ID= :USER_ID
-------------------------------------------------------------
SELECT * FROM RWEBGRPDEF WHERE FACTORY = :FACTORY AND SEC_GRP_ID = :SEC_GRP_ID
-------------------------------------------------------------
SELECT * FROM RWEBUSRDEF WHERE FACTORY = :FACTORY AND USER_ID= :USER_ID
-------------------------------------------------------------
SELECT * FROM RWEBGRPDEF WHERE FACTORY = :FACTORY AND SEC_GRP_ID = :SEC_GRP_ID
-------------------------------------------------------------
SELECT * FROM RWEBUSRDEF WHERE FACTORY = :FACTORY AND USER_ID= :USER_ID
-------------------------------------------------------------
SELECT * FROM RWEBFUNDEF WHERE FUNC_NAME = :FUNC_NAME
-------------------------------------------------------------
SELECT * FROM RWEBFUNDEF WHERE FUNC_NAME = :FUNC_NAME
-------------------------------------------------------------
SELECT TO_CHAR(SYSDATE, 'YYYYMMDDHH24MISS') FROM DUAL
-------------------------------------------------------------
SELECT COUNT(*)
FROM RWEBFUNLOG
WHERE FACTORY = :FACTORY  
AND USER_ID = :USER_ID 
AND FUNC_NAME = :FUNC_NAME 
AND FUNC_GROUP = :FUNC_GROUP
AND VIEW_TIME BETWEEN TO_CHAR(SYSDATE - 10/1440, 'YYYYMMDDHH24MISS') AND TO_CHAR(SYSDATE + 10/1440, 'YYYYMMDDHH24MISS')
-------------------------------------------------------------
INSERT INTO RWEBFUNLOG(FACTORY,USER_ID,FUNC_NAME,FUNC_GROUP,VIEW_TIME, UPDATE_TIME)
VALUES (:p_FACTORY, :p_USER_ID, :p_FUNC_NAME, :p_FUNC_GROUP,TO_CHAR(SYSDATE, 'YYYYMMDDHH24MISS') , TO_CHAR(SYSDATE, 'YYYYMMDDHH24MISS'))

-------------------------------------------------------------
SELECT LANGUAGE_2 FROM RWEBFUNDEF WHERE FUNC_NAME = 'SEC1104'
-------------------------------------------------------------
SELECT * FROM RWEBFUNDEF ORDER BY FUNC_NAME
-------------------------------------------------------------
SELECT * FROM RWEBGRPDEF WHERE FACTORY = :FACTORY ORDER BY SEC_GRP_ID
-------------------------------------------------------------
SELECT COUNT(*)
FROM RWEBFUNLOG
WHERE FACTORY = :FACTORY  
AND USER_ID = :USER_ID 
AND FUNC_NAME = :FUNC_NAME 
AND FUNC_GROUP = :FUNC_GROUP
AND VIEW_TIME BETWEEN TO_CHAR(SYSDATE - 10/1440, 'YYYYMMDDHH24MISS') AND TO_CHAR(SYSDATE + 10/1440, 'YYYYMMDDHH24MISS')
-------------------------------------------------------------
SELECT A.FUNC_GRP_SEQ,A.SEC_GRP_ID,A.FUNC_GRP_ID,NVL(A.FUNC_NAME, ' ') FUNC_NAME, NVL(B.FUNC_DESC, ' ') FUNC_DESC, LANGUAGE_1, LANGUAGE_2, LANGUAGE_3
  FROM RWEBGRPFUN A, RWEBFUNDEF B
 WHERE A.FACTORY = :p_FACTORY
   AND A.SEC_GRP_ID = :p_SEC_GRP_ID
   AND A.FUNC_NAME=B.FUNC_NAME(+)
 ORDER BY A.FUNC_GRP_SEQ, A.FUNC_SEQ
-------------------------------------------------------------
SELECT COUNT(*)
FROM RWEBFUNLOG
WHERE FACTORY = :FACTORY  
AND USER_ID = :USER_ID 
AND FUNC_NAME = :FUNC_NAME 
AND FUNC_GROUP = :FUNC_GROUP
AND VIEW_TIME BETWEEN TO_CHAR(SYSDATE - 10/1440, 'YYYYMMDDHH24MISS') AND TO_CHAR(SYSDATE + 10/1440, 'YYYYMMDDHH24MISS')
-------------------------------------------------------------
INSERT INTO RWEBFUNLOG(FACTORY,USER_ID,FUNC_NAME,FUNC_GROUP,VIEW_TIME, UPDATE_TIME)
VALUES (:p_FACTORY, :p_USER_ID, :p_FUNC_NAME, :p_FUNC_GROUP,TO_CHAR(SYSDATE, 'YYYYMMDDHH24MISS') , TO_CHAR(SYSDATE, 'YYYYMMDDHH24MISS'))

-------------------------------------------------------------
SELECT LANGUAGE_2 FROM RWEBFUNDEF WHERE FUNC_NAME = 'SEC1102'
-------------------------------------------------------------
SELECT * FROM RWEBGRPDEF WHERE FACTORY = :FACTORY ORDER BY SEC_GRP_ID
-------------------------------------------------------------
SELECT * FROM RWEBGRPDEF WHERE FACTORY = :FACTORY AND SEC_GRP_ID = :SEC_GRP_ID
-------------------------------------------------------------
SELECT TO_CHAR(SYSDATE, 'YYYYMMDDHH24MISS') FROM DUAL
-------------------------------------------------------------
SELECT * FROM RWEBGRPDEF WHERE FACTORY = :FACTORY AND SEC_GRP_ID = :SEC_GRP_ID
-------------------------------------------------------------
UPDATE RWEBGRPDEF
   SET FACTORY= :FACTORY,
   	SEC_GRP_ID= :SEC_GRP_ID,
   	SEC_GRP_DESC= :SEC_GRP_DESC,
   	CREATE_USER_ID= :CREATE_USER_ID,
   	CREATE_TIME= :CREATE_TIME,
   	UPDATE_USER_ID= :UPDATE_USER_ID,
   	UPDATE_TIME= :UPDATE_TIME
 WHERE FACTORY= :C_FACTORY
   AND SEC_GRP_ID= :C_SEC_GRP_ID
-------------------------------------------------------------
SELECT * FROM RWEBGRPDEF WHERE FACTORY = :FACTORY ORDER BY SEC_GRP_ID
-------------------------------------------------------------
SELECT * FROM RWEBGRPDEF WHERE FACTORY = :FACTORY AND SEC_GRP_ID = :SEC_GRP_ID
-------------------------------------------------------------
SELECT * FROM RWEBGRPDEF WHERE FACTORY = :FACTORY AND SEC_GRP_ID = :SEC_GRP_ID
-------------------------------------------------------------
SELECT * FROM RWEBUSRDEF WHERE FACTORY = :FACTORY AND USER_ID= :USER_ID
-------------------------------------------------------------
SELECT A.FUNC_GRP_SEQ,A.SEC_GRP_ID,A.FUNC_GRP_ID,NVL(A.FUNC_NAME, ' ') FUNC_NAME, NVL(B.FUNC_DESC, ' ') FUNC_DESC, LANGUAGE_1, LANGUAGE_2, LANGUAGE_3
  FROM RWEBGRPFUN A, RWEBFUNDEF B
 WHERE A.FACTORY = :p_FACTORY
   AND A.SEC_GRP_ID = :p_SEC_GRP_ID
   AND A.FUNC_NAME=B.FUNC_NAME(+)
 ORDER BY A.FUNC_GRP_SEQ, A.FUNC_SEQ
-------------------------------------------------------------
SELECT COUNT(*)
FROM RWEBFUNLOG
WHERE FACTORY = :FACTORY  
AND USER_ID = :USER_ID 
AND FUNC_NAME = :FUNC_NAME 
AND FUNC_GROUP = :FUNC_GROUP
AND VIEW_TIME BETWEEN TO_CHAR(SYSDATE - 10/1440, 'YYYYMMDDHH24MISS') AND TO_CHAR(SYSDATE + 10/1440, 'YYYYMMDDHH24MISS')
-------------------------------------------------------------
INSERT INTO RWEBFUNLOG(FACTORY,USER_ID,FUNC_NAME,FUNC_GROUP,VIEW_TIME, UPDATE_TIME)
VALUES (:p_FACTORY, :p_USER_ID, :p_FUNC_NAME, :p_FUNC_GROUP,TO_CHAR(SYSDATE, 'YYYYMMDDHH24MISS') , TO_CHAR(SYSDATE, 'YYYYMMDDHH24MISS'))

-------------------------------------------------------------
 SELECT UNIQUE PLAN_WEEK V1, (PLAN_YEAR || LPAD(PLAN_WEEK, 2,'0')) V2    FROM MWIPCALDEF   WHERE CALENDAR_ID IN ('SYSTEM', 'HM', 'SYSTEM')     AND SYS_YEAR = NVL('', TO_CHAR(SYSDATE,'yyyy'))    ORDER BY 1 
-------------------------------------------------------------
SELECT COUNT(*)
FROM RWEBFUNLOG
WHERE FACTORY = :FACTORY  
AND USER_ID = :USER_ID 
AND FUNC_NAME = :FUNC_NAME 
AND FUNC_GROUP = :FUNC_GROUP
AND VIEW_TIME BETWEEN TO_CHAR(SYSDATE - 10/1440, 'YYYYMMDDHH24MISS') AND TO_CHAR(SYSDATE + 10/1440, 'YYYYMMDDHH24MISS')
-------------------------------------------------------------
 SELECT UNIQUE PLAN_WEEK V1, (PLAN_YEAR || LPAD(PLAN_WEEK, 2,'0')) V2    FROM MWIPCALDEF   WHERE CALENDAR_ID IN ('SYSTEM', 'HM', 'SYSTEM')     AND SYS_YEAR = NVL('', TO_CHAR(SYSDATE,'yyyy'))    ORDER BY 1 
-------------------------------------------------------------
SELECT COUNT(*)
FROM RWEBFUNLOG
WHERE FACTORY = :FACTORY  
AND USER_ID = :USER_ID 
AND FUNC_NAME = :FUNC_NAME 
AND FUNC_GROUP = :FUNC_GROUP
AND VIEW_TIME BETWEEN TO_CHAR(SYSDATE - 10/1440, 'YYYYMMDDHH24MISS') AND TO_CHAR(SYSDATE + 10/1440, 'YYYYMMDDHH24MISS')
-------------------------------------------------------------
 SELECT UNIQUE PLAN_WEEK V1, (PLAN_YEAR || LPAD(PLAN_WEEK, 2,'0')) V2    FROM MWIPCALDEF   WHERE CALENDAR_ID IN ('SYSTEM', 'HM', 'SYSTEM')     AND SYS_YEAR = NVL('', TO_CHAR(SYSDATE,'yyyy'))    ORDER BY 1 
-------------------------------------------------------------
SELECT COUNT(*)
FROM RWEBFUNLOG
WHERE FACTORY = :FACTORY  
AND USER_ID = :USER_ID 
AND FUNC_NAME = :FUNC_NAME 
AND FUNC_GROUP = :FUNC_GROUP
AND VIEW_TIME BETWEEN TO_CHAR(SYSDATE - 10/1440, 'YYYYMMDDHH24MISS') AND TO_CHAR(SYSDATE + 10/1440, 'YYYYMMDDHH24MISS')
-------------------------------------------------------------
 SELECT PLAN_WEEK V1    FROM MWIPCALDEF   WHERE CALENDAR_ID IN ('SYSTEM', 'HM', 'SYSTEM')     AND SYS_DATE = TO_CHAR(SYSDATE,'yyyymmdd')      AND ROWNUM = 1  
-------------------------------------------------------------
SELECT COUNT(*)
FROM RWEBFUNLOG
WHERE FACTORY = :FACTORY  
AND USER_ID = :USER_ID 
AND FUNC_NAME = :FUNC_NAME 
AND FUNC_GROUP = :FUNC_GROUP
AND VIEW_TIME BETWEEN TO_CHAR(SYSDATE - 10/1440, 'YYYYMMDDHH24MISS') AND TO_CHAR(SYSDATE + 10/1440, 'YYYYMMDDHH24MISS')
-------------------------------------------------------------
 SELECT UNIQUE PLAN_WEEK V1, (PLAN_YEAR || LPAD(PLAN_WEEK, 2,'0')) V2    FROM MWIPCALDEF   WHERE CALENDAR_ID IN ('SYSTEM', 'HM', 'SYSTEM')     AND SYS_YEAR = NVL('2020', TO_CHAR(SYSDATE,'yyyy'))    ORDER BY 1 
-------------------------------------------------------------
SELECT COUNT(*)
FROM RWEBFUNLOG
WHERE FACTORY = :FACTORY  
AND USER_ID = :USER_ID 
AND FUNC_NAME = :FUNC_NAME 
AND FUNC_GROUP = :FUNC_GROUP
AND VIEW_TIME BETWEEN TO_CHAR(SYSDATE - 10/1440, 'YYYYMMDDHH24MISS') AND TO_CHAR(SYSDATE + 10/1440, 'YYYYMMDDHH24MISS')
-------------------------------------------------------------
 SELECT UNIQUE PLAN_WEEK V1, (PLAN_YEAR || LPAD(PLAN_WEEK, 2,'0')) V2    FROM MWIPCALDEF   WHERE CALENDAR_ID IN ('SYSTEM', 'HM', 'SYSTEM')     AND SYS_YEAR = NVL('2020', TO_CHAR(SYSDATE,'yyyy'))    ORDER BY 1 
-------------------------------------------------------------
SELECT COUNT(*)
FROM RWEBFUNLOG
WHERE FACTORY = :FACTORY  
AND USER_ID = :USER_ID 
AND FUNC_NAME = :FUNC_NAME 
AND FUNC_GROUP = :FUNC_GROUP
AND VIEW_TIME BETWEEN TO_CHAR(SYSDATE - 10/1440, 'YYYYMMDDHH24MISS') AND TO_CHAR(SYSDATE + 10/1440, 'YYYYMMDDHH24MISS')
-------------------------------------------------------------
SELECT DISTINCT PLAN_YEAR||LPAD(PLAN_WEEK,2,'0') AS PLAN_WEEK 
  FROM MWIPCALDEF
 WHERE 1=1 
   AND CALENDAR_ID = 'OTD' 
   AND SYS_YEAR||LPAD(SYS_MONTH,2,'0') = '202002' 
 ORDER BY PLAN_WEEK

-------------------------------------------------------------
SELECT COUNT(*)
FROM RWEBFUNLOG
WHERE FACTORY = :FACTORY  
AND USER_ID = :USER_ID 
AND FUNC_NAME = :FUNC_NAME 
AND FUNC_GROUP = :FUNC_GROUP
AND VIEW_TIME BETWEEN TO_CHAR(SYSDATE - 10/1440, 'YYYYMMDDHH24MISS') AND TO_CHAR(SYSDATE + 10/1440, 'YYYYMMDDHH24MISS')
-------------------------------------------------------------
SELECT DISTINCT PLAN_YEAR||LPAD(PLAN_WEEK,2,'0') AS PLAN_WEEK 
  FROM MWIPCALDEF
 WHERE 1=1 
   AND CALENDAR_ID = 'OTD' 
   AND SYS_YEAR||LPAD(SYS_MONTH,2,'0') = '202002' 
   AND SYS_DATE <= '20200219' 
 ORDER BY PLAN_WEEK

-------------------------------------------------------------
SELECT COUNT(*)
FROM RWEBFUNLOG
WHERE FACTORY = :FACTORY  
AND USER_ID = :USER_ID 
AND FUNC_NAME = :FUNC_NAME 
AND FUNC_GROUP = :FUNC_GROUP
AND VIEW_TIME BETWEEN TO_CHAR(SYSDATE - 10/1440, 'YYYYMMDDHH24MISS') AND TO_CHAR(SYSDATE + 10/1440, 'YYYYMMDDHH24MISS')
-------------------------------------------------------------
SELECT LANGUAGE_2 FROM RWEBFUNDEF WHERE FUNC_NAME = 'PRD010907'
-------------------------------------------------------------
SELECT * FROM RWEBUSRDEF WHERE FACTORY = :FACTORY AND USER_ID= :USER_ID
-------------------------------------------------------------
SELECT COUNT(*)
FROM RWEBFUNLOG
WHERE FACTORY = :FACTORY  
AND USER_ID = :USER_ID 
AND FUNC_NAME = :FUNC_NAME 
AND FUNC_GROUP = :FUNC_GROUP
AND VIEW_TIME BETWEEN TO_CHAR(SYSDATE - 10/1440, 'YYYYMMDDHH24MISS') AND TO_CHAR(SYSDATE + 10/1440, 'YYYYMMDDHH24MISS')
-------------------------------------------------------------
SELECT A.FUNC_GRP_SEQ,A.SEC_GRP_ID,A.FUNC_GRP_ID,NVL(A.FUNC_NAME, ' ') FUNC_NAME, NVL(B.FUNC_DESC, ' ') FUNC_DESC, LANGUAGE_1, LANGUAGE_2, LANGUAGE_3
  FROM RWEBGRPFUN A, RWEBFUNDEF B
 WHERE A.FACTORY = :p_FACTORY
   AND A.SEC_GRP_ID = :p_SEC_GRP_ID
   AND A.FUNC_NAME=B.FUNC_NAME(+)
 ORDER BY A.FUNC_GRP_SEQ, A.FUNC_SEQ
-------------------------------------------------------------
SELECT COUNT(*)
FROM RWEBFUNLOG
WHERE FACTORY = :FACTORY  
AND USER_ID = :USER_ID 
AND FUNC_NAME = :FUNC_NAME 
AND FUNC_GROUP = :FUNC_GROUP
AND VIEW_TIME BETWEEN TO_CHAR(SYSDATE - 10/1440, 'YYYYMMDDHH24MISS') AND TO_CHAR(SYSDATE + 10/1440, 'YYYYMMDDHH24MISS')
-------------------------------------------------------------
 SELECT UNIQUE PLAN_WEEK V1, (PLAN_YEAR || LPAD(PLAN_WEEK, 2,'0')) V2    FROM MWIPCALDEF   WHERE CALENDAR_ID IN ('SYSTEM', 'HM', 'SYSTEM')     AND SYS_YEAR = NVL('', TO_CHAR(SYSDATE,'yyyy'))    ORDER BY 1 
-------------------------------------------------------------
SELECT COUNT(*)
FROM RWEBFUNLOG
WHERE FACTORY = :FACTORY  
AND USER_ID = :USER_ID 
AND FUNC_NAME = :FUNC_NAME 
AND FUNC_GROUP = :FUNC_GROUP
AND VIEW_TIME BETWEEN TO_CHAR(SYSDATE - 10/1440, 'YYYYMMDDHH24MISS') AND TO_CHAR(SYSDATE + 10/1440, 'YYYYMMDDHH24MISS')
-------------------------------------------------------------
 SELECT UNIQUE PLAN_WEEK V1, (PLAN_YEAR || LPAD(PLAN_WEEK, 2,'0')) V2    FROM MWIPCALDEF   WHERE CALENDAR_ID IN ('SYSTEM', 'HM', 'SYSTEM')     AND SYS_YEAR = NVL('', TO_CHAR(SYSDATE,'yyyy'))    ORDER BY 1 
-------------------------------------------------------------
SELECT COUNT(*)
FROM RWEBFUNLOG
WHERE FACTORY = :FACTORY  
AND USER_ID = :USER_ID 
AND FUNC_NAME = :FUNC_NAME 
AND FUNC_GROUP = :FUNC_GROUP
AND VIEW_TIME BETWEEN TO_CHAR(SYSDATE - 10/1440, 'YYYYMMDDHH24MISS') AND TO_CHAR(SYSDATE + 10/1440, 'YYYYMMDDHH24MISS')
-------------------------------------------------------------
 SELECT UNIQUE PLAN_WEEK V1, (PLAN_YEAR || LPAD(PLAN_WEEK, 2,'0')) V2    FROM MWIPCALDEF   WHERE CALENDAR_ID IN ('SYSTEM', 'HM', 'SYSTEM')     AND SYS_YEAR = NVL('', TO_CHAR(SYSDATE,'yyyy'))    ORDER BY 1 
-------------------------------------------------------------
SELECT COUNT(*)
FROM RWEBFUNLOG
WHERE FACTORY = :FACTORY  
AND USER_ID = :USER_ID 
AND FUNC_NAME = :FUNC_NAME 
AND FUNC_GROUP = :FUNC_GROUP
AND VIEW_TIME BETWEEN TO_CHAR(SYSDATE - 10/1440, 'YYYYMMDDHH24MISS') AND TO_CHAR(SYSDATE + 10/1440, 'YYYYMMDDHH24MISS')
-------------------------------------------------------------
 SELECT PLAN_WEEK V1    FROM MWIPCALDEF   WHERE CALENDAR_ID IN ('SYSTEM', 'HM', 'SYSTEM')     AND SYS_DATE = TO_CHAR(SYSDATE,'yyyymmdd')      AND ROWNUM = 1  
-------------------------------------------------------------
SELECT COUNT(*)
FROM RWEBFUNLOG
WHERE FACTORY = :FACTORY  
AND USER_ID = :USER_ID 
AND FUNC_NAME = :FUNC_NAME 
AND FUNC_GROUP = :FUNC_GROUP
AND VIEW_TIME BETWEEN TO_CHAR(SYSDATE - 10/1440, 'YYYYMMDDHH24MISS') AND TO_CHAR(SYSDATE + 10/1440, 'YYYYMMDDHH24MISS')
-------------------------------------------------------------
 SELECT UNIQUE PLAN_WEEK V1, (PLAN_YEAR || LPAD(PLAN_WEEK, 2,'0')) V2    FROM MWIPCALDEF   WHERE CALENDAR_ID IN ('SYSTEM', 'HM', 'SYSTEM')     AND SYS_YEAR = NVL('2020', TO_CHAR(SYSDATE,'yyyy'))    ORDER BY 1 
-------------------------------------------------------------
SELECT COUNT(*)
FROM RWEBFUNLOG
WHERE FACTORY = :FACTORY  
AND USER_ID = :USER_ID 
AND FUNC_NAME = :FUNC_NAME 
AND FUNC_GROUP = :FUNC_GROUP
AND VIEW_TIME BETWEEN TO_CHAR(SYSDATE - 10/1440, 'YYYYMMDDHH24MISS') AND TO_CHAR(SYSDATE + 10/1440, 'YYYYMMDDHH24MISS')
-------------------------------------------------------------
 SELECT UNIQUE PLAN_WEEK V1, (PLAN_YEAR || LPAD(PLAN_WEEK, 2,'0')) V2    FROM MWIPCALDEF   WHERE CALENDAR_ID IN ('SYSTEM', 'HM', 'SYSTEM')     AND SYS_YEAR = NVL('2020', TO_CHAR(SYSDATE,'yyyy'))    ORDER BY 1 
-------------------------------------------------------------
SELECT COUNT(*)
FROM RWEBFUNLOG
WHERE FACTORY = :FACTORY  
AND USER_ID = :USER_ID 
AND FUNC_NAME = :FUNC_NAME 
AND FUNC_GROUP = :FUNC_GROUP
AND VIEW_TIME BETWEEN TO_CHAR(SYSDATE - 10/1440, 'YYYYMMDDHH24MISS') AND TO_CHAR(SYSDATE + 10/1440, 'YYYYMMDDHH24MISS')
-------------------------------------------------------------
SELECT DISTINCT PLAN_YEAR||LPAD(PLAN_WEEK,2,'0') AS PLAN_WEEK 
  FROM MWIPCALDEF
 WHERE 1=1 
   AND CALENDAR_ID = 'OTD' 
   AND SYS_YEAR||LPAD(SYS_MONTH,2,'0') = '202002' 
 ORDER BY PLAN_WEEK

-------------------------------------------------------------
SELECT COUNT(*)
FROM RWEBFUNLOG
WHERE FACTORY = :FACTORY  
AND USER_ID = :USER_ID 
AND FUNC_NAME = :FUNC_NAME 
AND FUNC_GROUP = :FUNC_GROUP
AND VIEW_TIME BETWEEN TO_CHAR(SYSDATE - 10/1440, 'YYYYMMDDHH24MISS') AND TO_CHAR(SYSDATE + 10/1440, 'YYYYMMDDHH24MISS')
-------------------------------------------------------------
SELECT DISTINCT PLAN_YEAR||LPAD(PLAN_WEEK,2,'0') AS PLAN_WEEK 
  FROM MWIPCALDEF
 WHERE 1=1 
   AND CALENDAR_ID = 'OTD' 
   AND SYS_YEAR||LPAD(SYS_MONTH,2,'0') = '202002' 
   AND SYS_DATE <= '20200219' 
 ORDER BY PLAN_WEEK

-------------------------------------------------------------
SELECT COUNT(*)
FROM RWEBFUNLOG
WHERE FACTORY = :FACTORY  
AND USER_ID = :USER_ID 
AND FUNC_NAME = :FUNC_NAME 
AND FUNC_GROUP = :FUNC_GROUP
AND VIEW_TIME BETWEEN TO_CHAR(SYSDATE - 10/1440, 'YYYYMMDDHH24MISS') AND TO_CHAR(SYSDATE + 10/1440, 'YYYYMMDDHH24MISS')
-------------------------------------------------------------
SELECT LANGUAGE_3 FROM RWEBFUNDEF WHERE FUNC_NAME = 'PRD010907'
-------------------------------------------------------------
SELECT COUNT(*)
FROM RWEBFUNLOG
WHERE FACTORY = :FACTORY  
AND USER_ID = :USER_ID 
AND FUNC_NAME = :FUNC_NAME 
AND FUNC_GROUP = :FUNC_GROUP
AND VIEW_TIME BETWEEN TO_CHAR(SYSDATE - 10/1440, 'YYYYMMDDHH24MISS') AND TO_CHAR(SYSDATE + 10/1440, 'YYYYMMDDHH24MISS')
-------------------------------------------------------------
INSERT INTO RWEBFUNLOG(FACTORY,USER_ID,FUNC_NAME,FUNC_GROUP,VIEW_TIME, UPDATE_TIME)
VALUES (:p_FACTORY, :p_USER_ID, :p_FUNC_NAME, :p_FUNC_GROUP,TO_CHAR(SYSDATE, 'YYYYMMDDHH24MISS') , TO_CHAR(SYSDATE, 'YYYYMMDDHH24MISS'))

-------------------------------------------------------------
 SELECT UNIQUE PLAN_WEEK V1, (PLAN_YEAR || LPAD(PLAN_WEEK, 2,'0')) V2    FROM MWIPCALDEF   WHERE CALENDAR_ID IN ('SYSTEM', 'HM', 'SYSTEM')     AND SYS_YEAR = NVL('', TO_CHAR(SYSDATE,'yyyy'))    ORDER BY 1 
-------------------------------------------------------------
SELECT COUNT(*)
FROM RWEBFUNLOG
WHERE FACTORY = :FACTORY  
AND USER_ID = :USER_ID 
AND FUNC_NAME = :FUNC_NAME 
AND FUNC_GROUP = :FUNC_GROUP
AND VIEW_TIME BETWEEN TO_CHAR(SYSDATE - 10/1440, 'YYYYMMDDHH24MISS') AND TO_CHAR(SYSDATE + 10/1440, 'YYYYMMDDHH24MISS')
-------------------------------------------------------------
 SELECT UNIQUE PLAN_WEEK V1, (PLAN_YEAR || LPAD(PLAN_WEEK, 2,'0')) V2    FROM MWIPCALDEF   WHERE CALENDAR_ID IN ('SYSTEM', 'HM', 'SYSTEM')     AND SYS_YEAR = NVL('', TO_CHAR(SYSDATE,'yyyy'))    ORDER BY 1 
-------------------------------------------------------------
SELECT COUNT(*)
FROM RWEBFUNLOG
WHERE FACTORY = :FACTORY  
AND USER_ID = :USER_ID 
AND FUNC_NAME = :FUNC_NAME 
AND FUNC_GROUP = :FUNC_GROUP
AND VIEW_TIME BETWEEN TO_CHAR(SYSDATE - 10/1440, 'YYYYMMDDHH24MISS') AND TO_CHAR(SYSDATE + 10/1440, 'YYYYMMDDHH24MISS')
-------------------------------------------------------------
 SELECT UNIQUE PLAN_WEEK V1, (PLAN_YEAR || LPAD(PLAN_WEEK, 2,'0')) V2    FROM MWIPCALDEF   WHERE CALENDAR_ID IN ('SYSTEM', 'HM', 'SYSTEM')     AND SYS_YEAR = NVL('', TO_CHAR(SYSDATE,'yyyy'))    ORDER BY 1 
-------------------------------------------------------------
SELECT COUNT(*)
FROM RWEBFUNLOG
WHERE FACTORY = :FACTORY  
AND USER_ID = :USER_ID 
AND FUNC_NAME = :FUNC_NAME 
AND FUNC_GROUP = :FUNC_GROUP
AND VIEW_TIME BETWEEN TO_CHAR(SYSDATE - 10/1440, 'YYYYMMDDHH24MISS') AND TO_CHAR(SYSDATE + 10/1440, 'YYYYMMDDHH24MISS')
-------------------------------------------------------------
 SELECT PLAN_WEEK V1    FROM MWIPCALDEF   WHERE CALENDAR_ID IN ('SYSTEM', 'HM', 'SYSTEM')     AND SYS_DATE = TO_CHAR(SYSDATE,'yyyymmdd')      AND ROWNUM = 1  
-------------------------------------------------------------
SELECT COUNT(*)
FROM RWEBFUNLOG
WHERE FACTORY = :FACTORY  
AND USER_ID = :USER_ID 
AND FUNC_NAME = :FUNC_NAME 
AND FUNC_GROUP = :FUNC_GROUP
AND VIEW_TIME BETWEEN TO_CHAR(SYSDATE - 10/1440, 'YYYYMMDDHH24MISS') AND TO_CHAR(SYSDATE + 10/1440, 'YYYYMMDDHH24MISS')
-------------------------------------------------------------
 SELECT UNIQUE PLAN_WEEK V1, (PLAN_YEAR || LPAD(PLAN_WEEK, 2,'0')) V2    FROM MWIPCALDEF   WHERE CALENDAR_ID IN ('SYSTEM', 'HM', 'SYSTEM')     AND SYS_YEAR = NVL('2020', TO_CHAR(SYSDATE,'yyyy'))    ORDER BY 1 
-------------------------------------------------------------
SELECT COUNT(*)
FROM RWEBFUNLOG
WHERE FACTORY = :FACTORY  
AND USER_ID = :USER_ID 
AND FUNC_NAME = :FUNC_NAME 
AND FUNC_GROUP = :FUNC_GROUP
AND VIEW_TIME BETWEEN TO_CHAR(SYSDATE - 10/1440, 'YYYYMMDDHH24MISS') AND TO_CHAR(SYSDATE + 10/1440, 'YYYYMMDDHH24MISS')
-------------------------------------------------------------
 SELECT UNIQUE PLAN_WEEK V1, (PLAN_YEAR || LPAD(PLAN_WEEK, 2,'0')) V2    FROM MWIPCALDEF   WHERE CALENDAR_ID IN ('SYSTEM', 'HM', 'SYSTEM')     AND SYS_YEAR = NVL('2020', TO_CHAR(SYSDATE,'yyyy'))    ORDER BY 1 
-------------------------------------------------------------
SELECT COUNT(*)
FROM RWEBFUNLOG
WHERE FACTORY = :FACTORY  
AND USER_ID = :USER_ID 
AND FUNC_NAME = :FUNC_NAME 
AND FUNC_GROUP = :FUNC_GROUP
AND VIEW_TIME BETWEEN TO_CHAR(SYSDATE - 10/1440, 'YYYYMMDDHH24MISS') AND TO_CHAR(SYSDATE + 10/1440, 'YYYYMMDDHH24MISS')
-------------------------------------------------------------
SELECT LANGUAGE_3 FROM RWEBFUNDEF WHERE FUNC_NAME = 'PRD010910'
-------------------------------------------------------------
SELECT COUNT(*)
FROM RWEBFUNLOG
WHERE FACTORY = :FACTORY  
AND USER_ID = :USER_ID 
AND FUNC_NAME = :FUNC_NAME 
AND FUNC_GROUP = :FUNC_GROUP
AND VIEW_TIME BETWEEN TO_CHAR(SYSDATE - 10/1440, 'YYYYMMDDHH24MISS') AND TO_CHAR(SYSDATE + 10/1440, 'YYYYMMDDHH24MISS')
-------------------------------------------------------------
INSERT INTO RWEBFUNLOG(FACTORY,USER_ID,FUNC_NAME,FUNC_GROUP,VIEW_TIME, UPDATE_TIME)
VALUES (:p_FACTORY, :p_USER_ID, :p_FUNC_NAME, :p_FUNC_GROUP,TO_CHAR(SYSDATE, 'YYYYMMDDHH24MISS') , TO_CHAR(SYSDATE, 'YYYYMMDDHH24MISS'))

-------------------------------------------------------------
SELECT LANGUAGE_3 FROM RWEBFUNDEF WHERE FUNC_NAME = 'SEC1101'
-------------------------------------------------------------
SELECT * FROM RWEBUSRDEF WHERE FACTORY= :FACTORY ORDER BY USER_ID
-------------------------------------------------------------
SELECT * FROM RWEBUSRDEF WHERE FACTORY = :FACTORY AND USER_ID= :USER_ID
-------------------------------------------------------------
SELECT COUNT(*)
FROM RWEBFUNLOG
WHERE FACTORY = :FACTORY  
AND USER_ID = :USER_ID 
AND FUNC_NAME = :FUNC_NAME 
AND FUNC_GROUP = :FUNC_GROUP
AND VIEW_TIME BETWEEN TO_CHAR(SYSDATE - 10/1440, 'YYYYMMDDHH24MISS') AND TO_CHAR(SYSDATE + 10/1440, 'YYYYMMDDHH24MISS')
-------------------------------------------------------------
SELECT LANGUAGE_3 FROM RWEBFUNDEF WHERE FUNC_NAME = 'SEC1102'
-------------------------------------------------------------
SELECT * FROM RWEBGRPDEF WHERE FACTORY = :FACTORY ORDER BY SEC_GRP_ID
-------------------------------------------------------------
SELECT * FROM RWEBGRPDEF WHERE FACTORY = :FACTORY AND SEC_GRP_ID = :SEC_GRP_ID
-------------------------------------------------------------
SELECT TO_CHAR(SYSDATE, 'YYYYMMDDHH24MISS') FROM DUAL
-------------------------------------------------------------
SELECT * FROM RWEBGRPDEF WHERE FACTORY = :FACTORY AND SEC_GRP_ID = :SEC_GRP_ID
-------------------------------------------------------------
UPDATE RWEBGRPDEF
   SET FACTORY= :FACTORY,
   	SEC_GRP_ID= :SEC_GRP_ID,
   	SEC_GRP_DESC= :SEC_GRP_DESC,
   	CREATE_USER_ID= :CREATE_USER_ID,
   	CREATE_TIME= :CREATE_TIME,
   	UPDATE_USER_ID= :UPDATE_USER_ID,
   	UPDATE_TIME= :UPDATE_TIME
 WHERE FACTORY= :C_FACTORY
   AND SEC_GRP_ID= :C_SEC_GRP_ID
-------------------------------------------------------------
SELECT * FROM RWEBGRPDEF WHERE FACTORY = :FACTORY ORDER BY SEC_GRP_ID
-------------------------------------------------------------
SELECT * FROM RWEBGRPDEF WHERE FACTORY = :FACTORY AND SEC_GRP_ID = :SEC_GRP_ID
-------------------------------------------------------------
SELECT * FROM RWEBGRPDEF WHERE FACTORY = :FACTORY AND SEC_GRP_ID = :SEC_GRP_ID
-------------------------------------------------------------
SELECT TO_CHAR(SYSDATE, 'YYYYMMDDHH24MISS') FROM DUAL
-------------------------------------------------------------
SELECT * FROM RWEBGRPDEF WHERE FACTORY = :FACTORY AND SEC_GRP_ID = :SEC_GRP_ID
-------------------------------------------------------------
UPDATE RWEBGRPDEF
   SET FACTORY= :FACTORY,
   	SEC_GRP_ID= :SEC_GRP_ID,
   	SEC_GRP_DESC= :SEC_GRP_DESC,
   	CREATE_USER_ID= :CREATE_USER_ID,
   	CREATE_TIME= :CREATE_TIME,
   	UPDATE_USER_ID= :UPDATE_USER_ID,
   	UPDATE_TIME= :UPDATE_TIME
 WHERE FACTORY= :C_FACTORY
   AND SEC_GRP_ID= :C_SEC_GRP_ID
-------------------------------------------------------------
SELECT * FROM RWEBGRPDEF WHERE FACTORY = :FACTORY ORDER BY SEC_GRP_ID
-------------------------------------------------------------
SELECT * FROM RWEBUSRDEF WHERE FACTORY = :FACTORY AND USER_ID= :USER_ID
-------------------------------------------------------------
SELECT A.FUNC_GRP_SEQ,A.SEC_GRP_ID,A.FUNC_GRP_ID,NVL(A.FUNC_NAME, ' ') FUNC_NAME, NVL(B.FUNC_DESC, ' ') FUNC_DESC, LANGUAGE_1, LANGUAGE_2, LANGUAGE_3
  FROM RWEBGRPFUN A, RWEBFUNDEF B
 WHERE A.FACTORY = :p_FACTORY
   AND A.SEC_GRP_ID = :p_SEC_GRP_ID
   AND A.FUNC_NAME=B.FUNC_NAME(+)
 ORDER BY A.FUNC_GRP_SEQ, A.FUNC_SEQ
-------------------------------------------------------------
SELECT COUNT(*)
FROM RWEBFUNLOG
WHERE FACTORY = :FACTORY  
AND USER_ID = :USER_ID 
AND FUNC_NAME = :FUNC_NAME 
AND FUNC_GROUP = :FUNC_GROUP
AND VIEW_TIME BETWEEN TO_CHAR(SYSDATE - 10/1440, 'YYYYMMDDHH24MISS') AND TO_CHAR(SYSDATE + 10/1440, 'YYYYMMDDHH24MISS')
-------------------------------------------------------------
SELECT LANGUAGE_3 FROM RWEBFUNDEF WHERE FUNC_NAME = 'SEC1102'
-------------------------------------------------------------
SELECT * FROM RWEBGRPDEF WHERE FACTORY = :FACTORY ORDER BY SEC_GRP_ID
-------------------------------------------------------------
SELECT * FROM RWEBGRPDEF WHERE FACTORY = :FACTORY AND SEC_GRP_ID = :SEC_GRP_ID
-------------------------------------------------------------
SELECT TO_CHAR(SYSDATE, 'YYYYMMDDHH24MISS') FROM DUAL
-------------------------------------------------------------
SELECT * FROM RWEBGRPDEF WHERE FACTORY = :FACTORY AND SEC_GRP_ID = :SEC_GRP_ID
-------------------------------------------------------------
UPDATE RWEBGRPDEF
   SET FACTORY= :FACTORY,
   	SEC_GRP_ID= :SEC_GRP_ID,
   	SEC_GRP_DESC= :SEC_GRP_DESC,
   	CREATE_USER_ID= :CREATE_USER_ID,
   	CREATE_TIME= :CREATE_TIME,
   	UPDATE_USER_ID= :UPDATE_USER_ID,
   	UPDATE_TIME= :UPDATE_TIME
 WHERE FACTORY= :C_FACTORY
   AND SEC_GRP_ID= :C_SEC_GRP_ID
-------------------------------------------------------------
SELECT * FROM RWEBGRPDEF WHERE FACTORY = :FACTORY ORDER BY SEC_GRP_ID
-------------------------------------------------------------
SELECT COUNT(*)
FROM RWEBFUNLOG
WHERE FACTORY = :FACTORY  
AND USER_ID = :USER_ID 
AND FUNC_NAME = :FUNC_NAME 
AND FUNC_GROUP = :FUNC_GROUP
AND VIEW_TIME BETWEEN TO_CHAR(SYSDATE - 10/1440, 'YYYYMMDDHH24MISS') AND TO_CHAR(SYSDATE + 10/1440, 'YYYYMMDDHH24MISS')
-------------------------------------------------------------
 SELECT UNIQUE PLAN_WEEK V1, (PLAN_YEAR || LPAD(PLAN_WEEK, 2,'0')) V2    FROM MWIPCALDEF   WHERE CALENDAR_ID IN ('SYSTEM', 'HM', 'SYSTEM')     AND SYS_YEAR = NVL('', TO_CHAR(SYSDATE,'yyyy'))    ORDER BY 1 
-------------------------------------------------------------
SELECT COUNT(*)
FROM RWEBFUNLOG
WHERE FACTORY = :FACTORY  
AND USER_ID = :USER_ID 
AND FUNC_NAME = :FUNC_NAME 
AND FUNC_GROUP = :FUNC_GROUP
AND VIEW_TIME BETWEEN TO_CHAR(SYSDATE - 10/1440, 'YYYYMMDDHH24MISS') AND TO_CHAR(SYSDATE + 10/1440, 'YYYYMMDDHH24MISS')
-------------------------------------------------------------
 SELECT UNIQUE PLAN_WEEK V1, (PLAN_YEAR || LPAD(PLAN_WEEK, 2,'0')) V2    FROM MWIPCALDEF   WHERE CALENDAR_ID IN ('SYSTEM', 'HM', 'SYSTEM')     AND SYS_YEAR = NVL('', TO_CHAR(SYSDATE,'yyyy'))    ORDER BY 1 
-------------------------------------------------------------
SELECT COUNT(*)
FROM RWEBFUNLOG
WHERE FACTORY = :FACTORY  
AND USER_ID = :USER_ID 
AND FUNC_NAME = :FUNC_NAME 
AND FUNC_GROUP = :FUNC_GROUP
AND VIEW_TIME BETWEEN TO_CHAR(SYSDATE - 10/1440, 'YYYYMMDDHH24MISS') AND TO_CHAR(SYSDATE + 10/1440, 'YYYYMMDDHH24MISS')
-------------------------------------------------------------
 SELECT UNIQUE PLAN_WEEK V1, (PLAN_YEAR || LPAD(PLAN_WEEK, 2,'0')) V2    FROM MWIPCALDEF   WHERE CALENDAR_ID IN ('SYSTEM', 'HM', 'SYSTEM')     AND SYS_YEAR = NVL('', TO_CHAR(SYSDATE,'yyyy'))    ORDER BY 1 
-------------------------------------------------------------
SELECT COUNT(*)
FROM RWEBFUNLOG
WHERE FACTORY = :FACTORY  
AND USER_ID = :USER_ID 
AND FUNC_NAME = :FUNC_NAME 
AND FUNC_GROUP = :FUNC_GROUP
AND VIEW_TIME BETWEEN TO_CHAR(SYSDATE - 10/1440, 'YYYYMMDDHH24MISS') AND TO_CHAR(SYSDATE + 10/1440, 'YYYYMMDDHH24MISS')
-------------------------------------------------------------
 SELECT PLAN_WEEK V1    FROM MWIPCALDEF   WHERE CALENDAR_ID IN ('SYSTEM', 'HM', 'SYSTEM')     AND SYS_DATE = TO_CHAR(SYSDATE,'yyyymmdd')      AND ROWNUM = 1  
-------------------------------------------------------------
SELECT COUNT(*)
FROM RWEBFUNLOG
WHERE FACTORY = :FACTORY  
AND USER_ID = :USER_ID 
AND FUNC_NAME = :FUNC_NAME 
AND FUNC_GROUP = :FUNC_GROUP
AND VIEW_TIME BETWEEN TO_CHAR(SYSDATE - 10/1440, 'YYYYMMDDHH24MISS') AND TO_CHAR(SYSDATE + 10/1440, 'YYYYMMDDHH24MISS')
-------------------------------------------------------------
 SELECT UNIQUE PLAN_WEEK V1, (PLAN_YEAR || LPAD(PLAN_WEEK, 2,'0')) V2    FROM MWIPCALDEF   WHERE CALENDAR_ID IN ('SYSTEM', 'HM', 'SYSTEM')     AND SYS_YEAR = NVL('2020', TO_CHAR(SYSDATE,'yyyy'))    ORDER BY 1 
-------------------------------------------------------------
SELECT COUNT(*)
FROM RWEBFUNLOG
WHERE FACTORY = :FACTORY  
AND USER_ID = :USER_ID 
AND FUNC_NAME = :FUNC_NAME 
AND FUNC_GROUP = :FUNC_GROUP
AND VIEW_TIME BETWEEN TO_CHAR(SYSDATE - 10/1440, 'YYYYMMDDHH24MISS') AND TO_CHAR(SYSDATE + 10/1440, 'YYYYMMDDHH24MISS')
-------------------------------------------------------------
 SELECT UNIQUE PLAN_WEEK V1, (PLAN_YEAR || LPAD(PLAN_WEEK, 2,'0')) V2    FROM MWIPCALDEF   WHERE CALENDAR_ID IN ('SYSTEM', 'HM', 'SYSTEM')     AND SYS_YEAR = NVL('2020', TO_CHAR(SYSDATE,'yyyy'))    ORDER BY 1 
-------------------------------------------------------------
SELECT COUNT(*)
FROM RWEBFUNLOG
WHERE FACTORY = :FACTORY  
AND USER_ID = :USER_ID 
AND FUNC_NAME = :FUNC_NAME 
AND FUNC_GROUP = :FUNC_GROUP
AND VIEW_TIME BETWEEN TO_CHAR(SYSDATE - 10/1440, 'YYYYMMDDHH24MISS') AND TO_CHAR(SYSDATE + 10/1440, 'YYYYMMDDHH24MISS')
-------------------------------------------------------------
SELECT DISTINCT PLAN_YEAR||LPAD(PLAN_WEEK,2,'0') AS PLAN_WEEK 
  FROM MWIPCALDEF
 WHERE 1=1 
   AND CALENDAR_ID = 'OTD' 
   AND SYS_YEAR||LPAD(SYS_MONTH,2,'0') = '202002' 
 ORDER BY PLAN_WEEK

-------------------------------------------------------------
SELECT COUNT(*)
FROM RWEBFUNLOG
WHERE FACTORY = :FACTORY  
AND USER_ID = :USER_ID 
AND FUNC_NAME = :FUNC_NAME 
AND FUNC_GROUP = :FUNC_GROUP
AND VIEW_TIME BETWEEN TO_CHAR(SYSDATE - 10/1440, 'YYYYMMDDHH24MISS') AND TO_CHAR(SYSDATE + 10/1440, 'YYYYMMDDHH24MISS')
-------------------------------------------------------------
SELECT DISTINCT PLAN_YEAR||LPAD(PLAN_WEEK,2,'0') AS PLAN_WEEK 
  FROM MWIPCALDEF
 WHERE 1=1 
   AND CALENDAR_ID = 'OTD' 
   AND SYS_YEAR||LPAD(SYS_MONTH,2,'0') = '202002' 
   AND SYS_DATE <= '20200219' 
 ORDER BY PLAN_WEEK

-------------------------------------------------------------
SELECT COUNT(*)
FROM RWEBFUNLOG
WHERE FACTORY = :FACTORY  
AND USER_ID = :USER_ID 
AND FUNC_NAME = :FUNC_NAME 
AND FUNC_GROUP = :FUNC_GROUP
AND VIEW_TIME BETWEEN TO_CHAR(SYSDATE - 10/1440, 'YYYYMMDDHH24MISS') AND TO_CHAR(SYSDATE + 10/1440, 'YYYYMMDDHH24MISS')
-------------------------------------------------------------
SELECT LANGUAGE_3 FROM RWEBFUNDEF WHERE FUNC_NAME = 'PRD010907'
-------------------------------------------------------------
SELECT COUNT(*)
FROM RWEBFUNLOG
WHERE FACTORY = :FACTORY  
AND USER_ID = :USER_ID 
AND FUNC_NAME = :FUNC_NAME 
AND FUNC_GROUP = :FUNC_GROUP
AND VIEW_TIME BETWEEN TO_CHAR(SYSDATE - 10/1440, 'YYYYMMDDHH24MISS') AND TO_CHAR(SYSDATE + 10/1440, 'YYYYMMDDHH24MISS')
-------------------------------------------------------------
SELECT FACTORY Code, FAC_DESC Data
  FROM MWIPFACDEF
 WHERE FAC_GRP_5 = 'Y' 
 ORDER BY FAC_GRP_4 ASC
-------------------------------------------------------------
SELECT COUNT(*)
FROM RWEBFUNLOG
WHERE FACTORY = :FACTORY  
AND USER_ID = :USER_ID 
AND FUNC_NAME = :FUNC_NAME 
AND FUNC_GROUP = :FUNC_GROUP
AND VIEW_TIME BETWEEN TO_CHAR(SYSDATE - 10/1440, 'YYYYMMDDHH24MISS') AND TO_CHAR(SYSDATE + 10/1440, 'YYYYMMDDHH24MISS')
-------------------------------------------------------------
SELECT DISTINCT PLAN_YEAR||LPAD(PLAN_WEEK,2,'0') AS PLAN_WEEK 
  FROM MWIPCALDEF
 WHERE 1=1 
   AND CALENDAR_ID = 'OTD' 
   AND SYS_YEAR||LPAD(SYS_MONTH,2,'0') = '202002' 
 ORDER BY PLAN_WEEK

-------------------------------------------------------------
SELECT COUNT(*)
FROM RWEBFUNLOG
WHERE FACTORY = :FACTORY  
AND USER_ID = :USER_ID 
AND FUNC_NAME = :FUNC_NAME 
AND FUNC_GROUP = :FUNC_GROUP
AND VIEW_TIME BETWEEN TO_CHAR(SYSDATE - 10/1440, 'YYYYMMDDHH24MISS') AND TO_CHAR(SYSDATE + 10/1440, 'YYYYMMDDHH24MISS')
-------------------------------------------------------------
SELECT DISTINCT PLAN_YEAR||LPAD(PLAN_WEEK,2,'0') AS PLAN_WEEK 
  FROM MWIPCALDEF
 WHERE 1=1 
   AND CALENDAR_ID = 'OTD' 
   AND SYS_YEAR||LPAD(SYS_MONTH,2,'0') = '202002' 
   AND SYS_DATE <= '20200219' 
 ORDER BY PLAN_WEEK

-------------------------------------------------------------
SELECT COUNT(*)
FROM RWEBFUNLOG
WHERE FACTORY = :FACTORY  
AND USER_ID = :USER_ID 
AND FUNC_NAME = :FUNC_NAME 
AND FUNC_GROUP = :FUNC_GROUP
AND VIEW_TIME BETWEEN TO_CHAR(SYSDATE - 10/1440, 'YYYYMMDDHH24MISS') AND TO_CHAR(SYSDATE + 10/1440, 'YYYYMMDDHH24MISS')
-------------------------------------------------------------
SELECT FACTORY Code, FAC_DESC Data
  FROM MWIPFACDEF
 WHERE FAC_GRP_5 = 'Y' 
 ORDER BY FAC_GRP_4 ASC
-------------------------------------------------------------
SELECT COUNT(*)
FROM RWEBFUNLOG
WHERE FACTORY = :FACTORY  
AND USER_ID = :USER_ID 
AND FUNC_NAME = :FUNC_NAME 
AND FUNC_GROUP = :FUNC_GROUP
AND VIEW_TIME BETWEEN TO_CHAR(SYSDATE - 10/1440, 'YYYYMMDDHH24MISS') AND TO_CHAR(SYSDATE + 10/1440, 'YYYYMMDDHH24MISS')
-------------------------------------------------------------
SELECT DISTINCT PLAN_YEAR||LPAD(PLAN_WEEK,2,'0') AS PLAN_WEEK 
  FROM MWIPCALDEF
 WHERE 1=1 
   AND CALENDAR_ID = 'OTD' 
   AND SYS_YEAR||LPAD(SYS_MONTH,2,'0') = '202002' 
 ORDER BY PLAN_WEEK

-------------------------------------------------------------
SELECT COUNT(*)
FROM RWEBFUNLOG
WHERE FACTORY = :FACTORY  
AND USER_ID = :USER_ID 
AND FUNC_NAME = :FUNC_NAME 
AND FUNC_GROUP = :FUNC_GROUP
AND VIEW_TIME BETWEEN TO_CHAR(SYSDATE - 10/1440, 'YYYYMMDDHH24MISS') AND TO_CHAR(SYSDATE + 10/1440, 'YYYYMMDDHH24MISS')
-------------------------------------------------------------
SELECT DISTINCT PLAN_YEAR||LPAD(PLAN_WEEK,2,'0') AS PLAN_WEEK 
  FROM MWIPCALDEF
 WHERE 1=1 
   AND CALENDAR_ID = 'OTD' 
   AND SYS_YEAR||LPAD(SYS_MONTH,2,'0') = '202002' 
   AND SYS_DATE <= '20200219' 
 ORDER BY PLAN_WEEK

-------------------------------------------------------------
SELECT * FROM RWEBUSRDEF WHERE FACTORY = :FACTORY AND USER_ID= :USER_ID
-------------------------------------------------------------
SELECT COUNT(*)
FROM RWEBFUNLOG
WHERE FACTORY = :FACTORY  
AND USER_ID = :USER_ID 
AND FUNC_NAME = :FUNC_NAME 
AND FUNC_GROUP = :FUNC_GROUP
AND VIEW_TIME BETWEEN TO_CHAR(SYSDATE - 10/1440, 'YYYYMMDDHH24MISS') AND TO_CHAR(SYSDATE + 10/1440, 'YYYYMMDDHH24MISS')
-------------------------------------------------------------
SELECT A.FUNC_GRP_SEQ,A.SEC_GRP_ID,A.FUNC_GRP_ID,NVL(A.FUNC_NAME, ' ') FUNC_NAME, NVL(B.FUNC_DESC, ' ') FUNC_DESC, LANGUAGE_1, LANGUAGE_2, LANGUAGE_3
  FROM RWEBGRPFUN A, RWEBFUNDEF B
 WHERE A.FACTORY = :p_FACTORY
   AND A.SEC_GRP_ID = :p_SEC_GRP_ID
   AND A.FUNC_NAME=B.FUNC_NAME(+)
 ORDER BY A.FUNC_GRP_SEQ, A.FUNC_SEQ
-------------------------------------------------------------
