SELECT * FROM RWEBUSRDEF WHERE FACTORY = :FACTORY AND USER_ID= :USER_ID
-------------------------------------------------------------
SELECT A.FUNC_GRP_SEQ,A.SEC_GRP_ID,A.FUNC_GRP_ID,NVL(A.FUNC_NAME, ' ') FUNC_NAME, NVL(B.FUNC_DESC, ' ') FUNC_DESC, LANGUAGE_1, LANGUAGE_2, LANGUAGE_3
  FROM RWEBGRPFUN A, RWEBFUNDEF B
 WHERE A.FACTORY = :p_FACTORY
   AND A.SEC_GRP_ID = :p_SEC_GRP_ID
   AND A.FUNC_NAME=B.FUNC_NAME(+)
 ORDER BY A.FUNC_GRP_SEQ, A.FUNC_SEQ
-------------------------------------------------------------
SELECT COUNT(*)
FROM RWEBFUNLOG
WHERE FACTORY = :FACTORY  
AND USER_ID = :USER_ID 
AND FUNC_NAME = :FUNC_NAME 
AND FUNC_GROUP = :FUNC_GROUP
AND VIEW_TIME BETWEEN TO_CHAR(SYSDATE - 10/1440, 'YYYYMMDDHH24MISS') AND TO_CHAR(SYSDATE + 10/1440, 'YYYYMMDDHH24MISS')
-------------------------------------------------------------
INSERT INTO RWEBFUNLOG(FACTORY,USER_ID,FUNC_NAME,FUNC_GROUP,VIEW_TIME, UPDATE_TIME)
VALUES (:p_FACTORY, :p_USER_ID, :p_FUNC_NAME, :p_FUNC_GROUP,TO_CHAR(SYSDATE, 'YYYYMMDDHH24MISS') , TO_CHAR(SYSDATE, 'YYYYMMDDHH24MISS'))

-------------------------------------------------------------
SELECT LANGUAGE_2 FROM RWEBFUNDEF WHERE FUNC_NAME = 'PRD010226'
-------------------------------------------------------------
SELECT COUNT(*)
FROM RWEBFUNLOG
WHERE FACTORY = :FACTORY  
AND USER_ID = :USER_ID 
AND FUNC_NAME = :FUNC_NAME 
AND FUNC_GROUP = :FUNC_GROUP
AND VIEW_TIME BETWEEN TO_CHAR(SYSDATE - 10/1440, 'YYYYMMDDHH24MISS') AND TO_CHAR(SYSDATE + 10/1440, 'YYYYMMDDHH24MISS')
-------------------------------------------------------------
SELECT A.CUST_TYPE, A.MAT_GRP_9 AS MAJOR,  ' ',  ' ',  ' ',  ' ',  ' ',  ' ',  ' ',  ' ',  ' ',  ' ' 
     , ROUND(SUM(MON_PLN) / 1000, 0) AS MON_PLN
     , ROUND(SUM(SHP_TTL) / 1000, 0) AS SHP_TTL
     , CASE WHEN SUM(MON_PLN) = 0 THEN 0
            ELSE ROUND((SUM(SHP_TTL) / (SUM(MON_PLN) / 31)) - 28, 1)
       END AS SHP_JINDO
     , ROUND((SUM(SHP_TTL) + SUM(WIP_TTL)) / 1000, 0) AS RCV_TTL
     , CASE WHEN SUM(MON_PLN) = 0 THEN 0
            ELSE ROUND(( ((SUM(SHP_TTL) + SUM(WIP_TTL)) / SUM(MON_PLN)) - ((28 + 5) / 31) ) * 31, 1)
       END AS RCV_JINDO
     , ROUND(SUM(WIP_TTL) / 1000, 0) AS WIP_TTL
     , CASE WHEN SUM(MON_PLN) = 0 THEN 0
            ELSE ROUND(SUM(WIP_TTL) / (SUM(MON_PLN) / 31), 1)
       END AS WIP_DAY
     , ROUND((SUM(MON_PLN) - SUM(SHP_TTL)) / 3.25841656486574 / 1000, 0) AS TARGET_QTY
     , ROUND(SUM(RCV_TODAY) / 1000, 0) AS RCV_TODAY
     , ROUND(SUM(OUT_DP) / 1000, 0) AS OUT_DP
     , ROUND(SUM(OUT_DA) / 1000, 0) AS OUT_DA
     , ROUND(SUM(OUT_WB) / 1000, 0) AS OUT_WB
     , ROUND(SUM(OUT_CLOSE) / 1000, 0) AS OUT_CLOSE
     , ROUND(SUM(SHP_TODAY) / 1000, 0) AS SHP_TODAY
  FROM (
        SELECT NVL((SELECT DATA_10 FROM MGCMTBLDAT WHERE TABLE_NAME = 'H_CUSTOMER' AND FACTORY = 'HMVA2' AND  KEY_1 = MAT_GRP_1), '-') AS CUST_TYPE
             , MAT.CONV_MAT_ID, MAT_GRP_1, MAT_GRP_2, MAT_GRP_3, MAT_GRP_4, MAT_GRP_5
             , MAT_GRP_6, MAT_GRP_7, MAT_GRP_8, MAT_GRP_9, MAT_GRP_10, MAT_CMF_10, MAT_CMF_11
             , NVL(CASE WHEN MAT.MAT_GRP_3 IN ('COB') THEN ROUND(PLN.MON_PLN/MAT.NET_DIE,0) ELSE PLN.MON_PLN END, 0) * PRICE AS MON_PLN
             , NVL(CASE WHEN MAT.MAT_GRP_3 IN ('COB') THEN ROUND(SHP.SHP_TTL/MAT.NET_DIE,0) ELSE SHP.SHP_TTL END, 0) * PRICE AS SHP_TTL 
             , NVL(CASE WHEN MAT.MAT_CMF_11 = 'JZH' THEN NVL(RCV.RCV_TTL,0)/MAT.COMP_CNT/2
                        WHEN MAT.MAT_CMF_11 IN ('DHL', 'DQZ', 'DRA', 'DQA', 'DND', 'DWG', 'DUT', 'HAU', 'HF8', 'HDM', 'HDR', 'HEN', 'HQA', 'HQC') THEN DECODE(MAT.MAT_GRP_5, '3rd', NVL(RCV.RCV_TTL,0)/MAT.COMP_CNT, 0)
                        WHEN MAT.MAT_CMF_11 IN (SELECT DISTINCT(MAT_CMF_11) FROM MWIPMATDEF WHERE FACTORY = 'HMVA2' AND MAT_GRP_5 = '1st' AND (MAT_ID LIKE 'SEKS%' OR MAT_ID LIKE 'SEKY%')) THEN DECODE(MAT.MAT_GRP_5, '2nd', NVL(RCV.RCV_TTL,0)/MAT.COMP_CNT, 0)
                        WHEN MAT.MAT_GRP_4 NOT IN ('-','FD','FU') AND MAT.MAT_GRP_5 <> '-' THEN CASE WHEN MAT.MAT_GRP_5 IN ('1st','Merge') OR MAT.MAT_GRP_5 LIKE 'Middle%' THEN NVL(RCV.RCV_TTL,0)/MAT.COMP_CNT ELSE 0 END
                        WHEN MAT.MAT_GRP_3 IN ('COB', 'BGN') THEN ROUND(RCV.RCV_TTL/NET_DIE,0)
                        ELSE NVL(RCV.RCV_TTL,0)/MAT.COMP_CNT
                   END,0) * PRICE AS RCV_TTL
             , NVL(CASE WHEN MAT.MAT_CMF_11 = 'JZH' THEN NVL(RCV.RCV_TODAY,0)/MAT.COMP_CNT/2
                        WHEN MAT.MAT_CMF_11 IN ('DHL', 'DQZ', 'DRA', 'DQA', 'DND', 'DWG', 'DUT', 'HAU', 'HF8', 'HDM', 'HDR', 'HEN', 'HQA', 'HQC') THEN DECODE(MAT.MAT_GRP_5, '3rd', NVL(RCV.RCV_TODAY,0)/MAT.COMP_CNT, 0)
                        WHEN MAT.MAT_CMF_11 IN (SELECT DISTINCT(MAT_CMF_11) FROM MWIPMATDEF WHERE FACTORY = 'HMVA2' AND MAT_GRP_5 = '1st' AND (MAT_ID LIKE 'SEKS%' OR MAT_ID LIKE 'SEKY%')) THEN DECODE(MAT.MAT_GRP_5, '2nd', NVL(RCV.RCV_TODAY,0)/MAT.COMP_CNT, 0)
                        WHEN MAT.MAT_GRP_4 NOT IN ('-','FD','FU') AND MAT.MAT_GRP_5 <> '-' THEN CASE WHEN MAT.MAT_GRP_5 IN ('1st','Merge') OR MAT.MAT_GRP_5 LIKE 'Middle%' THEN NVL(RCV.RCV_TODAY,0)/MAT.COMP_CNT ELSE 0 END
                        WHEN MAT.MAT_GRP_3 IN ('COB', 'BGN') THEN ROUND(RCV.RCV_TODAY/NET_DIE,0)
                        ELSE NVL(RCV.RCV_TODAY,0)/MAT.COMP_CNT
                   END,0) * PRICE AS RCV_TODAY
             , NVL(WIP.WIP_TTL,0) * PRICE AS WIP_TTL
             , NVL(WIP.WIP_AZ010,0) * PRICE AS WIP_AZ010
             , NVL(OUT_DP,0) * PRICE AS OUT_DP
             , NVL(OUT_DA,0) * PRICE AS OUT_DA
             , NVL(OUT_WB,0) * PRICE AS OUT_WB
             , NVL(OUT_CLOSE,0) * PRICE AS OUT_CLOSE
             , NVL(CASE WHEN MAT.MAT_GRP_3 IN ('COB') THEN ROUND(SHP.SHP_TODAY/MAT.NET_DIE,0) ELSE SHP.SHP_TODAY END, 0) * PRICE AS SHP_TODAY 
          FROM (
                SELECT A.MAT_ID, MAT_GRP_1, MAT_GRP_2, MAT_GRP_3, MAT_GRP_4, MAT_GRP_5
                     , MAT_GRP_6, MAT_GRP_7, MAT_GRP_8, MAT_GRP_9, MAT_GRP_10, MAT_CMF_10, MAT_CMF_11
                     , NET_DIE, COMP_CNT, HX_COMP_MIN, HX_COMP_MAX 
                     , CASE WHEN MAT_GRP_1 = 'SE' AND MAT_GRP_9 = 'MEMORY' THEN 'SEK_________-___' || SUBSTR(A.MAT_ID, -3) 
                            WHEN MAT_GRP_1 = 'HX' THEN MAT_CMF_10 
                            ELSE A.MAT_ID 
                       END CONV_MAT_ID 
                     , 1 AS PRICE
                  FROM VWIPMATDEF A
                 WHERE 1=1
                   AND A.FACTORY = 'HMVA2'
                   AND A.DELETE_FLAG = ' '
                   AND A.MAT_TYPE = 'FG' 
                   AND A.MAT_GRP_2 NOT IN ('-', 'PW') 
               ) MAT
             , (                
                SELECT MAT_ID
                     , SUM(PLAN_QTY_ASSY) AS MON_PLN
                  FROM (
                        SELECT MAT_ID, SUM(PLAN_QTY_ASSY) AS PLAN_QTY_ASSY, SUM(TO_NUMBER(DECODE(RESV_FIELD1,' ',0,RESV_FIELD1))) AS RESV_FIELD1
                          FROM CWIPPLNMON 
                         WHERE 1=1 
                           AND FACTORY = 'HMVA2'
                           AND PLAN_MONTH = '202005'
                         GROUP BY MAT_ID 
                       ) 
                 GROUP BY MAT_ID
               ) PLN
             , (
                SELECT MAT_ID
                     , SUM(SHP_QTY_1) AS SHP_TTL 
                     , SUM(DECODE(WORK_DATE, '20200528', SHP_QTY_1, 0)) AS SHP_TODAY
                  FROM VSUMWIPOUT
                 WHERE 1=1
                   AND WORK_DATE BETWEEN '20200501' AND '20200528' 
                   AND FACTORY = 'HMVA2' 
                   AND LOT_TYPE = 'W' 
                   AND CM_KEY_2 = 'PROD' 
                   AND CM_KEY_3 LIKE 'P%'
                   AND MAT_ID NOT LIKE 'HX%'
                 GROUP BY MAT_ID
                 UNION ALL
                SELECT MAT_ID
                     , SUM(SHP_QTY_1) AS SHP_TTL 
                     , SUM(DECODE(WORK_DATE, '20200528', SHP_QTY_1, 0)) AS SHP_TODAY
                  FROM VSUMWIPOUT_06
                 WHERE 1=1
                   AND WORK_DATE BETWEEN '20200501' AND '20200528' 
                   AND FACTORY = 'HMVA2' 
                   AND LOT_TYPE = 'W' 
                   AND CM_KEY_2 = 'PROD' 
                   AND CM_KEY_3 LIKE 'P%'
                   AND MAT_ID LIKE 'HX%'
                 GROUP BY MAT_ID
               ) SHP
             , (
                SELECT MAT_ID
                     , SUM(RCV_QTY_1) AS RCV_TTL
                     , SUM(DECODE(WORK_DATE, '20200528', RCV_QTY_1, 0)) AS RCV_TODAY
                  FROM VSUMWIPRCV
                 WHERE FACTORY = 'HMVA2'
                   AND WORK_DATE BETWEEN '20200501' AND '20200528'
                   AND LOT_TYPE = 'W'
                   AND CM_KEY_3 LIKE 'P%' 
                   AND MAT_ID NOT LIKE 'HX%'
                 GROUP BY MAT_ID
                 UNION ALL
                SELECT MAT_ID
                     , SUM(RCV_QTY_1) AS RCV_TTL
                     , SUM(DECODE(WORK_DATE, '20200528', RCV_QTY_1, 0)) AS RCV_TODAY
                  FROM VSUMWIPRCV_HX
                 WHERE FACTORY = 'HMVA2'
                   AND WORK_DATE BETWEEN '20200501' AND '20200528'
                   AND LOT_TYPE = 'W'
                   AND CM_KEY_3 LIKE 'P%' 
                   AND MAT_ID LIKE 'HX%'
                 GROUP BY MAT_ID
               ) RCV
             , (
                SELECT MAT_ID
                     , SUM(QTY) AS WIP_TTL
                     , SUM(DECODE(OPER, 'AZ010', QTY, 0)) AS WIP_AZ010
                  FROM (
                        SELECT MAT_ID, OPER, OPER_GRP_1, MAT_GRP_1, MAT_GRP_4, MAT_GRP_5
                             , CASE WHEN HX_COMP_MIN IS NOT NULL
                                         THEN (CASE WHEN HX_COMP_MIN <> HX_COMP_MAX AND OPER > HX_COMP_MIN AND OPER <= HX_COMP_MAX THEN QTY_1 / NVL(COMP_CNT / 2,1)
                                                    WHEN OPER <= HX_COMP_MAX THEN QTY_1 / NVL(COMP_CNT,1)
                                                    ELSE QTY_1 END)
                                    WHEN OPER <= 'A0395' THEN QTY_1 / NVL(COMP_CNT,1) 
                                    ELSE QTY_1 
                               END QTY 
                          FROM (
                                SELECT A.MAT_ID, B.OPER, B.OPER_GRP_1, C.MAT_GRP_1, C.MAT_GRP_4, C.MAT_GRP_5
                                     , CASE WHEN MAT_CMF_11 IN ('DHL', 'DQZ', 'DRA', 'DQA', 'DND', 'DWG', 'DUT', 'HAU', 'HF8', 'HDM', 'HDR', 'HEN', 'HQA', 'HQC') THEN (CASE WHEN MAT_GRP_5 IN ('3rd','Merge') THEN QTY_1
                                                                               WHEN MAT_GRP_5 LIKE 'Middle%' AND MAT_GRP_5 <> 'Middle' THEN QTY_1
                                                                               ELSE 0 END)
                                            WHEN MAT_CMF_11 IN (SELECT DISTINCT(MAT_CMF_11) FROM MWIPMATDEF WHERE FACTORY = 'HMVA2' AND MAT_GRP_5 = '1st' AND (MAT_ID LIKE 'SEKS%' OR MAT_ID LIKE 'SEKY%')) THEN CASE WHEN MAT_GRP_5 IN ('2nd','Merge') OR MAT_GRP_5 LIKE 'Middle%' THEN QTY_1 ELSE 0 END
                                            WHEN MAT_GRP_1 = 'HX' AND MESMGR.F_GET_ATTR_VALUE@RPTTOMES(A.MAT_ID, 'MAT_ETC', 'HX_VERSION') = 'A-376' THEN CASE WHEN MAT_GRP_5 IN ('5th','Merge') THEN QTY_1 ELSE 0 END
                                            WHEN MAT_GRP_1 = 'HX' AND MESMGR.F_GET_ATTR_VALUE@RPTTOMES(A.MAT_ID, 'MAT_ETC', 'HX_VERSION') IN ('A-445', 'A-525') THEN CASE WHEN MAT_GRP_5 IN ('6th','Merge') THEN QTY_1 ELSE 0 END
                                            WHEN MAT_GRP_1 = 'HX' AND MESMGR.F_GET_ATTR_VALUE@RPTTOMES(A.MAT_ID, 'MAT_ETC', 'HX_VERSION') = 'A-524' THEN CASE WHEN MAT_GRP_5 IN ('7th','Merge') THEN QTY_1 ELSE 0 END
                                            WHEN MAT_GRP_4 NOT IN ('-','FD','FU') AND MAT_GRP_5 <> '-' THEN CASE WHEN MAT_GRP_5 IN ('1st','Merge') OR MAT_GRP_5 LIKE 'Middle%' THEN QTY_1 ELSE 0 END
                                            WHEN MAT_GRP_3 IN ('COB', 'BGN') THEN ROUND(QTY_1/C.NET_DIE,0)
                                            ELSE QTY_1
                                       END AS QTY_1
                                     , C.COMP_CNT, C.HX_COMP_MIN, C.HX_COMP_MAX 
                                     , A.HOLD_CODE 
                                     , CASE WHEN A.HOLD_CODE = 'H72' AND A.OPER = 'A0000' THEN 'Y' ELSE 'N' END AS CK_STOCK_H72 
                                  FROM RWIPLOTSTS A  
                                     , MWIPOPRDEF B  
                                     , VWIPMATDEF C
                                 WHERE 1 = 1 
                                   AND A.FACTORY = B.FACTORY
                                   AND A.FACTORY = C.FACTORY
                                   AND A.OPER = B.OPER
                                   AND A.MAT_ID = C.MAT_ID
                                   AND A.FACTORY = 'HMVA2'  
                                   AND A.LOT_TYPE = 'W' 
                                   AND A.LOT_CMF_5 LIKE 'P%' 
                                   AND A.LOT_DEL_FLAG = ' ' 
                                   AND C.MAT_GRP_2 <> '-'
                                   AND C.DELETE_FLAG = ' '
                                   AND A.HOLD_CODE NOT IN ('H71','H54') 
                               )
                         WHERE CK_STOCK_H72 = 'N'
                       )
                 GROUP BY MAT_ID
               ) WIP
             , (
                SELECT MAT_ID
                     , SUM(CASE WHEN OPER IN ('A0200', 'A0230') THEN QTY ELSE 0 END) AS OUT_DP
                     , SUM(CASE WHEN OPER LIKE 'A04%' THEN QTY
                                WHEN OPER = 'A0333' THEN QTY
                                ELSE 0
                           END) AS OUT_DA                     
                     , SUM(CASE WHEN OPER LIKE 'A06%' THEN QTY ELSE 0 END) AS OUT_WB
                     , SUM(CASE WHEN OPER = 'A2100' THEN QTY ELSE 0 END) AS OUT_CLOSE 
                  FROM (    
                        SELECT MAT_ID, OPER, MAT_GRP_1, MAT_GRP_4, MAT_GRP_5
                             , CASE WHEN HX_COMP_MIN IS NOT NULL
                                         THEN (CASE WHEN HX_COMP_MIN <> HX_COMP_MAX AND OPER > HX_COMP_MIN AND OPER <= HX_COMP_MAX THEN QTY_1 / NVL(COMP_CNT / 2,1)
                                                    WHEN OPER <= HX_COMP_MAX THEN QTY_1 / NVL(COMP_CNT,1)
                                                    ELSE QTY_1 END)
                                    WHEN OPER <= 'A0395' THEN QTY_1 / NVL(COMP_CNT,1) 
                                    ELSE QTY_1 
                               END QTY
                          FROM (
                                SELECT MAT_ID, OPER, MAT_GRP_1, MAT_GRP_4, MAT_GRP_5, MAT_GRP_9, MAT_CMF_11
                                     , CASE WHEN MAT_CMF_11 IN ('DHL', 'DQZ', 'DRA', 'DQA', 'DND', 'DWG', 'DUT', 'HAU', 'HF8', 'HDM', 'HDR', 'HEN', 'HQA', 'HQC') THEN (CASE WHEN MAT_GRP_5 IN ('3rd','Merge') THEN END_QTY ELSE 0 END)
                                            WHEN MAT_ID LIKE 'SEK%' AND MAT_CMF_11 IN (SELECT DISTINCT(MAT_CMF_11) FROM MWIPMATDEF WHERE FACTORY = 'HMVA2' AND MAT_GRP_5 = '1st' AND (MAT_ID LIKE 'SEKS%' OR MAT_ID LIKE 'SEKY%'))
                                                 THEN (CASE WHEN MAT_GRP_5 IN ('2nd','Merge') THEN END_QTY ELSE 0 END)
                                            WHEN MAT_GRP_4 NOT IN ('-','FD','FU') AND MAT_GRP_5 <> '-'
                                                 THEN (CASE WHEN MAT_GRP_5 IN ('1st','Merge') THEN END_QTY ELSE 0 END)
                                            WHEN MAT_GRP_3 IN ('COB', 'BGN') THEN ROUND(END_QTY/NET_DIE,0)
                                            ELSE END_QTY
                                       END QTY_1 
                                     , COMP_CNT, HX_COMP_MIN, HX_COMP_MAX 
                                  FROM ( 
                                        SELECT A.OPER
                                             , (S1_END_QTY_1+S2_END_QTY_1+S3_END_QTY_1) AS END_QTY
                                             , B.*
                                          FROM RSUMWIPMOV A
                                             , VWIPMATDEF B
                                         WHERE 1=1
                                           AND A.FACTORY = B.FACTORY
                                           AND A.MAT_ID = B.MAT_ID
                                           AND A.FACTORY = 'HMVA2'
                                           AND A.WORK_DATE = '20200528'
                                           AND A.LOT_TYPE = 'W'
                                           AND A.CM_KEY_3 LIKE 'P%' 
                                           AND B.MAT_GRP_5 NOT LIKE 'Middle%'
                                           AND REGEXP_LIKE(A.OPER, 'A0200|A0230|A0333|A040*|A060*|A2100')
                                           AND ((A.OPER >= 'A0400' AND B.MAT_GRP_5 IN ('-', 'Merge')) OR (A.OPER < 'A0400'))
                                           AND A.MAT_ID NOT LIKE 'HX%'
                                         UNION ALL
                                        SELECT A.OPER
                                             , (S1_END_QTY_1+S2_END_QTY_1+S3_END_QTY_1) AS END_QTY
                                             , B.*
                                          FROM RSUMWIPMOV A
                                             , VWIPMATDEF B
                                         WHERE 1=1
                                           AND A.FACTORY = B.FACTORY
                                           AND A.MAT_ID = B.MAT_ID
                                           AND A.FACTORY = 'HMVA2'
                                           AND A.WORK_DATE = '20200528'
                                           AND A.LOT_TYPE = 'W'
                                           AND A.CM_KEY_3 LIKE 'P%' 
                                           AND B.MAT_GRP_5 NOT LIKE 'Middle%'
                                           AND REGEXP_LIKE(A.OPER, 'A0200|A0230|A0333|A040*|A060*|A2100')
                                           AND ((A.OPER >= 'A0400' AND B.MAT_GRP_5 IN ('-', 'Merge')) OR (A.OPER < 'A0400'))
                                           AND A.MAT_ID LIKE 'HX%'
                                       ) 
                               )
                       )
                 GROUP BY MAT_ID
               ) MOV
         WHERE 1=1
           AND MAT.MAT_ID = PLN.MAT_ID(+)
           AND MAT.MAT_ID = SHP.MAT_ID(+)
           AND MAT.MAT_ID = RCV.MAT_ID(+)
           AND MAT.MAT_ID = WIP.MAT_ID(+)
           AND MAT.MAT_ID = MOV.MAT_ID(+)
       ) A
 GROUP BY A.CUST_TYPE, A.MAT_GRP_9,  ' ',  ' ',  ' ',  ' ',  ' ',  ' ',  ' ',  ' ',  ' ',  ' '
 HAVING SUM(MON_PLN) + SUM(SHP_TTL) + SUM(WIP_TTL) + SUM(RCV_TODAY) + SUM(OUT_DP) + SUM(OUT_DA) + SUM(OUT_WB) + SUM(OUT_CLOSE) + SUM(SHP_TODAY) <> 0
 ORDER BY DECODE(CUST_TYPE, 'SEC', 1, 'Hynix', 2, 'Fabless', 3, 4), A.MAT_GRP_9,  ' ',  ' ',  ' ',  ' ',  ' ',  ' ',  ' ',  ' ',  ' ',  ' '

-------------------------------------------------------------
