SELECT COUNT(*)
FROM RWEBFUNLOG
WHERE FACTORY = :FACTORY  
AND USER_ID = :USER_ID 
AND FUNC_NAME = :FUNC_NAME 
AND FUNC_GROUP = :FUNC_GROUP
AND VIEW_TIME BETWEEN TO_CHAR(SYSDATE - 10/1440, 'YYYYMMDDHH24MISS') AND TO_CHAR(SYSDATE + 10/1440, 'YYYYMMDDHH24MISS')
-------------------------------------------------------------
INSERT INTO RWEBFUNLOG(FACTORY,USER_ID,FUNC_NAME,FUNC_GROUP,VIEW_TIME, UPDATE_TIME)
VALUES (:p_FACTORY, :p_USER_ID, :p_FUNC_NAME, :p_FUNC_GROUP,TO_CHAR(SYSDATE, 'YYYYMMDDHH24MISS') , TO_CHAR(SYSDATE, 'YYYYMMDDHH24MISS'))

-------------------------------------------------------------
SELECT ( 
        SELECT MAX(SYS_DATE) || '220000'  
          FROM MWIPCALDEF 
         WHERE 1=1 
           AND CALENDAR_ID = 'HM' 
           AND PLAN_YEAR = '2020' 
           AND PLAN_WEEK = '16' 
       ) AS PREV_DATE 
     , ( 
        SELECT MAX(SYS_DATE) || '220000' 
          FROM MWIPCALDEF 
         WHERE 1=1 
           AND CALENDAR_ID = 'HM' 
           AND PLAN_YEAR = '2020' 
           AND PLAN_WEEK = '16' 
       ) AS POST_DATE 
  FROM DUAL 

-------------------------------------------------------------
SELECT COUNT(*)
FROM RWEBFUNLOG
WHERE FACTORY = :FACTORY  
AND USER_ID = :USER_ID 
AND FUNC_NAME = :FUNC_NAME 
AND FUNC_GROUP = :FUNC_GROUP
AND VIEW_TIME BETWEEN TO_CHAR(SYSDATE - 10/1440, 'YYYYMMDDHH24MISS') AND TO_CHAR(SYSDATE + 10/1440, 'YYYYMMDDHH24MISS')
-------------------------------------------------------------
SELECT MIN(SYS_DATE)  FROM MWIPCALDEF WHERE CALENDAR_ID = 'OTD'   AND SYS_YEAR||LPAD(PLAN_WEEK,2,'0') = '202017'
-------------------------------------------------------------
SELECT COUNT(*)
FROM RWEBFUNLOG
WHERE FACTORY = :FACTORY  
AND USER_ID = :USER_ID 
AND FUNC_NAME = :FUNC_NAME 
AND FUNC_GROUP = :FUNC_GROUP
AND VIEW_TIME BETWEEN TO_CHAR(SYSDATE - 10/1440, 'YYYYMMDDHH24MISS') AND TO_CHAR(SYSDATE + 10/1440, 'YYYYMMDDHH24MISS')
-------------------------------------------------------------
SELECT (SELECT DATA_1 FROM MGCMTBLDAT@RPTTOMES WHERE FACTORY = 'HMVA2' AND TABLE_NAME = 'H_CUSTOMER' AND KEY_1 = A.CUSTOMER) AS CUSTOMER, PKG, SAP_CODE
     , RESV_FIELD_1 AS PIN_TYPE
     , OPER
     , ROUND(TTL_PLAN / 1, 0) AS TTL_PLAN
     , ROUND(TTL_DEF / 1, 0) AS TTL_DEF
     , DECODE(SEQ, 1, 'PLAN', 2, 'ACT', 3, 'BAL', 4, 'BOH') AS GUBUN
     , ROUND(DECODE(SEQ, 1, PLAN_D0, 2, SHP_D0, 3, BAL_D0, 4, WIP_D0) / 1, 0) AS D0
     , ROUND(DECODE(SEQ, 1, PLAN_D1, 2, SHP_D1, 3, BAL_D1, 4, WIP_D1) / 1, 0) AS D1
     , ROUND(DECODE(SEQ, 1, PLAN_D2, 2, SHP_D2, 3, BAL_D2, 4, WIP_D2) / 1, 0) AS D2
     , ROUND(DECODE(SEQ, 1, PLAN_D3, 2, SHP_D3, 3, BAL_D3, 4, WIP_D3) / 1, 0) AS D3
     , ROUND(DECODE(SEQ, 1, PLAN_D4, 2, SHP_D4, 3, BAL_D4, 4, WIP_D4) / 1, 0) AS D4
     , ROUND(DECODE(SEQ, 1, PLAN_D5, 2, SHP_D5, 3, BAL_D5, 4, WIP_D5) / 1, 0) AS D5
     , ROUND(DECODE(SEQ, 1, PLAN_D6, 2, SHP_D6, 3, BAL_D6, 4, WIP_D6) / 1, 0) AS D6
     , ROUND(DECODE(SEQ, 1, PLAN_D7, 2, SHP_D7, 3, BAL_D7, 4, WIP_D7) / 1, 0) AS D7
     , ROUND(DECODE(SEQ, 1, PLAN_D8, 2, SHP_D8, 3, BAL_D8, 4, WIP_D8) / 1, 0) AS D8
     , ROUND(DECODE(SEQ, 1, PLAN_D9, 2, SHP_D9, 3, BAL_D9, 4, WIP_D9) / 1, 0) AS D9
     , ROUND(DECODE(SEQ, 1, PLAN_D10, 2, SHP_D10, 3, BAL_D10, 4, WIP_D10) / 1, 0) AS D10
     , ROUND(DECODE(SEQ, 1, PLAN_D11, 2, SHP_D11, 3, BAL_D11, 4, WIP_D11) / 1, 0) AS D11
     , ROUND(DECODE(SEQ, 1, PLAN_D12, 2, SHP_D12, 3, BAL_D12, 4, WIP_D12) / 1, 0) AS D12
     , ROUND(DECODE(SEQ, 1, PLAN_D13, 2, SHP_D13, 3, BAL_D13, 4, WIP_D13) / 1, 0) AS D13
  FROM RSUMSCMDAT A
     , (
        SELECT DISTINCT MAT_GRP_10 AS PKG, VENDOR_ID
          FROM MWIPMATDEF
         WHERE FACTORY = 'HMVA2'
           AND DELETE_FLAG = ' '
           AND MAT_TYPE = 'FG'
       ) B
     , (SELECT LEVEL AS SEQ FROM DUAL CONNECT BY LEVEL <= 4) C
 WHERE 1=1   
   AND A.SAP_CODE = B.VENDOR_ID
   AND A.FACTORY = 'HMVA2'
   AND A.PLAN_WEEK = '202017'
   AND DECODE(SEQ, 1, 'PLAN', 2, 'ACT', 3, 'BAL', 4, 'BOH') IN ('PLAN', 'ACT', 'BAL') 
 ORDER BY CUSTOMER, PKG, SAP_CODE, OPER_SEQ DESC, SEQ

-------------------------------------------------------------
SELECT * FROM RWEBUSRDEF WHERE FACTORY = :FACTORY AND USER_ID= :USER_ID
-------------------------------------------------------------
SELECT A.FUNC_GRP_SEQ,A.SEC_GRP_ID,A.FUNC_GRP_ID,NVL(A.FUNC_NAME, ' ') FUNC_NAME, NVL(B.FUNC_DESC, ' ') FUNC_DESC, LANGUAGE_1, LANGUAGE_2, LANGUAGE_3
  FROM RWEBGRPFUN A, RWEBFUNDEF B
 WHERE A.FACTORY = :p_FACTORY
   AND A.SEC_GRP_ID = :p_SEC_GRP_ID
   AND A.FUNC_NAME=B.FUNC_NAME(+)
 ORDER BY A.FUNC_GRP_SEQ, A.FUNC_SEQ
-------------------------------------------------------------
SELECT COUNT(*)
FROM RWEBFUNLOG
WHERE FACTORY = :FACTORY  
AND USER_ID = :USER_ID 
AND FUNC_NAME = :FUNC_NAME 
AND FUNC_GROUP = :FUNC_GROUP
AND VIEW_TIME BETWEEN TO_CHAR(SYSDATE - 10/1440, 'YYYYMMDDHH24MISS') AND TO_CHAR(SYSDATE + 10/1440, 'YYYYMMDDHH24MISS')
-------------------------------------------------------------
INSERT INTO RWEBFUNLOG(FACTORY,USER_ID,FUNC_NAME,FUNC_GROUP,VIEW_TIME, UPDATE_TIME)
VALUES (:p_FACTORY, :p_USER_ID, :p_FUNC_NAME, :p_FUNC_GROUP,TO_CHAR(SYSDATE, 'YYYYMMDDHH24MISS') , TO_CHAR(SYSDATE, 'YYYYMMDDHH24MISS'))

-------------------------------------------------------------
 SELECT UNIQUE PLAN_WEEK V1, (PLAN_YEAR || LPAD(PLAN_WEEK, 2,'0')) V2    FROM MWIPCALDEF   WHERE CALENDAR_ID IN ('SYSTEM', 'HM', 'SYSTEM')     AND SYS_YEAR = NVL('2020', TO_CHAR(SYSDATE,'yyyy'))    ORDER BY 1 
-------------------------------------------------------------
SELECT COUNT(*)
FROM RWEBFUNLOG
WHERE FACTORY = :FACTORY  
AND USER_ID = :USER_ID 
AND FUNC_NAME = :FUNC_NAME 
AND FUNC_GROUP = :FUNC_GROUP
AND VIEW_TIME BETWEEN TO_CHAR(SYSDATE - 10/1440, 'YYYYMMDDHH24MISS') AND TO_CHAR(SYSDATE + 10/1440, 'YYYYMMDDHH24MISS')
-------------------------------------------------------------
 SELECT UNIQUE PLAN_WEEK V1, (PLAN_YEAR || LPAD(PLAN_WEEK, 2,'0')) V2    FROM MWIPCALDEF   WHERE CALENDAR_ID IN ('SYSTEM', 'HM', 'SYSTEM')     AND SYS_YEAR = NVL('2020', TO_CHAR(SYSDATE,'yyyy'))    ORDER BY 1 
-------------------------------------------------------------
SELECT COUNT(*)
FROM RWEBFUNLOG
WHERE FACTORY = :FACTORY  
AND USER_ID = :USER_ID 
AND FUNC_NAME = :FUNC_NAME 
AND FUNC_GROUP = :FUNC_GROUP
AND VIEW_TIME BETWEEN TO_CHAR(SYSDATE - 10/1440, 'YYYYMMDDHH24MISS') AND TO_CHAR(SYSDATE + 10/1440, 'YYYYMMDDHH24MISS')
-------------------------------------------------------------
SELECT '2019' || '1231220000' AS PREV_DATE 
     , ( 
        SELECT MAX(SYS_DATE) || '220000' 
          FROM MWIPCALDEF 
         WHERE 1=1 
           AND CALENDAR_ID = 'HM' 
           AND PLAN_YEAR = '2020' 
           AND PLAN_WEEK = '1' 
       ) AS POST_DATE 
  FROM DUAL 

-------------------------------------------------------------
SELECT COUNT(*)
FROM RWEBFUNLOG
WHERE FACTORY = :FACTORY  
AND USER_ID = :USER_ID 
AND FUNC_NAME = :FUNC_NAME 
AND FUNC_GROUP = :FUNC_GROUP
AND VIEW_TIME BETWEEN TO_CHAR(SYSDATE - 10/1440, 'YYYYMMDDHH24MISS') AND TO_CHAR(SYSDATE + 10/1440, 'YYYYMMDDHH24MISS')
-------------------------------------------------------------
SELECT '2019' || '1231220000' AS PREV_DATE 
     , ( 
        SELECT MAX(SYS_DATE) || '220000' 
          FROM MWIPCALDEF 
         WHERE 1=1 
           AND CALENDAR_ID = 'HM' 
           AND PLAN_YEAR = '2020' 
           AND PLAN_WEEK = '1' 
       ) AS POST_DATE 
  FROM DUAL 

-------------------------------------------------------------
SELECT COUNT(*)
FROM RWEBFUNLOG
WHERE FACTORY = :FACTORY  
AND USER_ID = :USER_ID 
AND FUNC_NAME = :FUNC_NAME 
AND FUNC_GROUP = :FUNC_GROUP
AND VIEW_TIME BETWEEN TO_CHAR(SYSDATE - 10/1440, 'YYYYMMDDHH24MISS') AND TO_CHAR(SYSDATE + 10/1440, 'YYYYMMDDHH24MISS')
-------------------------------------------------------------
 SELECT UNIQUE PLAN_WEEK V1, (PLAN_YEAR || LPAD(PLAN_WEEK, 2,'0')) V2    FROM MWIPCALDEF   WHERE CALENDAR_ID IN ('SYSTEM', 'HM', 'SYSTEM')     AND SYS_YEAR = NVL('2020', TO_CHAR(SYSDATE,'yyyy'))    ORDER BY 1 
-------------------------------------------------------------
SELECT COUNT(*)
FROM RWEBFUNLOG
WHERE FACTORY = :FACTORY  
AND USER_ID = :USER_ID 
AND FUNC_NAME = :FUNC_NAME 
AND FUNC_GROUP = :FUNC_GROUP
AND VIEW_TIME BETWEEN TO_CHAR(SYSDATE - 10/1440, 'YYYYMMDDHH24MISS') AND TO_CHAR(SYSDATE + 10/1440, 'YYYYMMDDHH24MISS')
-------------------------------------------------------------
SELECT '2019' || '1231220000' AS PREV_DATE 
     , ( 
        SELECT MAX(SYS_DATE) || '220000' 
          FROM MWIPCALDEF 
         WHERE 1=1 
           AND CALENDAR_ID = 'HM' 
           AND PLAN_YEAR = '2020' 
           AND PLAN_WEEK = '1' 
       ) AS POST_DATE 
  FROM DUAL 

-------------------------------------------------------------
SELECT COUNT(*)
FROM RWEBFUNLOG
WHERE FACTORY = :FACTORY  
AND USER_ID = :USER_ID 
AND FUNC_NAME = :FUNC_NAME 
AND FUNC_GROUP = :FUNC_GROUP
AND VIEW_TIME BETWEEN TO_CHAR(SYSDATE - 10/1440, 'YYYYMMDDHH24MISS') AND TO_CHAR(SYSDATE + 10/1440, 'YYYYMMDDHH24MISS')
-------------------------------------------------------------
SELECT '2019' || '1231220000' AS PREV_DATE 
     , ( 
        SELECT MAX(SYS_DATE) || '220000' 
          FROM MWIPCALDEF 
         WHERE 1=1 
           AND CALENDAR_ID = 'HM' 
           AND PLAN_YEAR = '2020' 
           AND PLAN_WEEK = '1' 
       ) AS POST_DATE 
  FROM DUAL 

-------------------------------------------------------------
SELECT COUNT(*)
FROM RWEBFUNLOG
WHERE FACTORY = :FACTORY  
AND USER_ID = :USER_ID 
AND FUNC_NAME = :FUNC_NAME 
AND FUNC_GROUP = :FUNC_GROUP
AND VIEW_TIME BETWEEN TO_CHAR(SYSDATE - 10/1440, 'YYYYMMDDHH24MISS') AND TO_CHAR(SYSDATE + 10/1440, 'YYYYMMDDHH24MISS')
-------------------------------------------------------------
 SELECT PLAN_WEEK V1    FROM MWIPCALDEF   WHERE CALENDAR_ID IN ('SYSTEM', 'HM', 'SYSTEM')     AND SYS_DATE = TO_CHAR(SYSDATE,'yyyymmdd')      AND ROWNUM = 1  
-------------------------------------------------------------
SELECT COUNT(*)
FROM RWEBFUNLOG
WHERE FACTORY = :FACTORY  
AND USER_ID = :USER_ID 
AND FUNC_NAME = :FUNC_NAME 
AND FUNC_GROUP = :FUNC_GROUP
AND VIEW_TIME BETWEEN TO_CHAR(SYSDATE - 10/1440, 'YYYYMMDDHH24MISS') AND TO_CHAR(SYSDATE + 10/1440, 'YYYYMMDDHH24MISS')
-------------------------------------------------------------
 SELECT UNIQUE PLAN_WEEK V1, (PLAN_YEAR || LPAD(PLAN_WEEK, 2,'0')) V2    FROM MWIPCALDEF   WHERE CALENDAR_ID IN ('SYSTEM', 'HM', 'SYSTEM')     AND SYS_YEAR = NVL('2020', TO_CHAR(SYSDATE,'yyyy'))    ORDER BY 1 
-------------------------------------------------------------
SELECT COUNT(*)
FROM RWEBFUNLOG
WHERE FACTORY = :FACTORY  
AND USER_ID = :USER_ID 
AND FUNC_NAME = :FUNC_NAME 
AND FUNC_GROUP = :FUNC_GROUP
AND VIEW_TIME BETWEEN TO_CHAR(SYSDATE - 10/1440, 'YYYYMMDDHH24MISS') AND TO_CHAR(SYSDATE + 10/1440, 'YYYYMMDDHH24MISS')
-------------------------------------------------------------
SELECT '2019' || '1231220000' AS PREV_DATE 
     , ( 
        SELECT MAX(SYS_DATE) || '220000' 
          FROM MWIPCALDEF 
         WHERE 1=1 
           AND CALENDAR_ID = 'HM' 
           AND PLAN_YEAR = '2020' 
           AND PLAN_WEEK = '1' 
       ) AS POST_DATE 
  FROM DUAL 

-------------------------------------------------------------
SELECT COUNT(*)
FROM RWEBFUNLOG
WHERE FACTORY = :FACTORY  
AND USER_ID = :USER_ID 
AND FUNC_NAME = :FUNC_NAME 
AND FUNC_GROUP = :FUNC_GROUP
AND VIEW_TIME BETWEEN TO_CHAR(SYSDATE - 10/1440, 'YYYYMMDDHH24MISS') AND TO_CHAR(SYSDATE + 10/1440, 'YYYYMMDDHH24MISS')
-------------------------------------------------------------
SELECT '2019' || '1231220000' AS PREV_DATE 
     , ( 
        SELECT MAX(SYS_DATE) || '220000' 
          FROM MWIPCALDEF 
         WHERE 1=1 
           AND CALENDAR_ID = 'HM' 
           AND PLAN_YEAR = '2020' 
           AND PLAN_WEEK = '16' 
       ) AS POST_DATE 
  FROM DUAL 

-------------------------------------------------------------
SELECT COUNT(*)
FROM RWEBFUNLOG
WHERE FACTORY = :FACTORY  
AND USER_ID = :USER_ID 
AND FUNC_NAME = :FUNC_NAME 
AND FUNC_GROUP = :FUNC_GROUP
AND VIEW_TIME BETWEEN TO_CHAR(SYSDATE - 10/1440, 'YYYYMMDDHH24MISS') AND TO_CHAR(SYSDATE + 10/1440, 'YYYYMMDDHH24MISS')
-------------------------------------------------------------
 SELECT UNIQUE PLAN_WEEK V1, (PLAN_YEAR || LPAD(PLAN_WEEK, 2,'0')) V2    FROM MWIPCALDEF   WHERE CALENDAR_ID IN ('SYSTEM', 'HM', 'SYSTEM')     AND SYS_YEAR = NVL('2020', TO_CHAR(SYSDATE,'yyyy'))    ORDER BY 1 
-------------------------------------------------------------
SELECT COUNT(*)
FROM RWEBFUNLOG
WHERE FACTORY = :FACTORY  
AND USER_ID = :USER_ID 
AND FUNC_NAME = :FUNC_NAME 
AND FUNC_GROUP = :FUNC_GROUP
AND VIEW_TIME BETWEEN TO_CHAR(SYSDATE - 10/1440, 'YYYYMMDDHH24MISS') AND TO_CHAR(SYSDATE + 10/1440, 'YYYYMMDDHH24MISS')
-------------------------------------------------------------
SELECT '2019' || '1231220000' AS PREV_DATE 
     , ( 
        SELECT MAX(SYS_DATE) || '220000' 
          FROM MWIPCALDEF 
         WHERE 1=1 
           AND CALENDAR_ID = 'HM' 
           AND PLAN_YEAR = '2020' 
           AND PLAN_WEEK = '16' 
       ) AS POST_DATE 
  FROM DUAL 

-------------------------------------------------------------
SELECT COUNT(*)
FROM RWEBFUNLOG
WHERE FACTORY = :FACTORY  
AND USER_ID = :USER_ID 
AND FUNC_NAME = :FUNC_NAME 
AND FUNC_GROUP = :FUNC_GROUP
AND VIEW_TIME BETWEEN TO_CHAR(SYSDATE - 10/1440, 'YYYYMMDDHH24MISS') AND TO_CHAR(SYSDATE + 10/1440, 'YYYYMMDDHH24MISS')
-------------------------------------------------------------
SELECT ( 
        SELECT MAX(SYS_DATE) || '220000'  
          FROM MWIPCALDEF 
         WHERE 1=1 
           AND CALENDAR_ID = 'HM' 
           AND PLAN_YEAR = '2020' 
           AND PLAN_WEEK = '15' 
       ) AS PREV_DATE 
     , ( 
        SELECT MAX(SYS_DATE) || '220000' 
          FROM MWIPCALDEF 
         WHERE 1=1 
           AND CALENDAR_ID = 'HM' 
           AND PLAN_YEAR = '2020' 
           AND PLAN_WEEK = '16' 
       ) AS POST_DATE 
  FROM DUAL 

-------------------------------------------------------------
SELECT COUNT(*)
FROM RWEBFUNLOG
WHERE FACTORY = :FACTORY  
AND USER_ID = :USER_ID 
AND FUNC_NAME = :FUNC_NAME 
AND FUNC_GROUP = :FUNC_GROUP
AND VIEW_TIME BETWEEN TO_CHAR(SYSDATE - 10/1440, 'YYYYMMDDHH24MISS') AND TO_CHAR(SYSDATE + 10/1440, 'YYYYMMDDHH24MISS')
-------------------------------------------------------------
SELECT ( 
        SELECT MAX(SYS_DATE) || '220000'  
          FROM MWIPCALDEF 
         WHERE 1=1 
           AND CALENDAR_ID = 'HM' 
           AND PLAN_YEAR = '2020' 
           AND PLAN_WEEK = '15' 
       ) AS PREV_DATE 
     , ( 
        SELECT MAX(SYS_DATE) || '220000' 
          FROM MWIPCALDEF 
         WHERE 1=1 
           AND CALENDAR_ID = 'HM' 
           AND PLAN_YEAR = '2020' 
           AND PLAN_WEEK = '16' 
       ) AS POST_DATE 
  FROM DUAL 

-------------------------------------------------------------
SELECT COUNT(*)
FROM RWEBFUNLOG
WHERE FACTORY = :FACTORY  
AND USER_ID = :USER_ID 
AND FUNC_NAME = :FUNC_NAME 
AND FUNC_GROUP = :FUNC_GROUP
AND VIEW_TIME BETWEEN TO_CHAR(SYSDATE - 10/1440, 'YYYYMMDDHH24MISS') AND TO_CHAR(SYSDATE + 10/1440, 'YYYYMMDDHH24MISS')
-------------------------------------------------------------
SELECT ( 
        SELECT MAX(SYS_DATE) || '220000'  
          FROM MWIPCALDEF 
         WHERE 1=1 
           AND CALENDAR_ID = 'HM' 
           AND PLAN_YEAR = '2020' 
           AND PLAN_WEEK = '15' 
       ) AS PREV_DATE 
     , ( 
        SELECT MAX(SYS_DATE) || '220000' 
          FROM MWIPCALDEF 
         WHERE 1=1 
           AND CALENDAR_ID = 'HM' 
           AND PLAN_YEAR = '2020' 
           AND PLAN_WEEK = '16' 
       ) AS POST_DATE 
  FROM DUAL 

-------------------------------------------------------------
SELECT COUNT(*)
FROM RWEBFUNLOG
WHERE FACTORY = :FACTORY  
AND USER_ID = :USER_ID 
AND FUNC_NAME = :FUNC_NAME 
AND FUNC_GROUP = :FUNC_GROUP
AND VIEW_TIME BETWEEN TO_CHAR(SYSDATE - 10/1440, 'YYYYMMDDHH24MISS') AND TO_CHAR(SYSDATE + 10/1440, 'YYYYMMDDHH24MISS')
-------------------------------------------------------------
SELECT ( 
        SELECT MAX(SYS_DATE) || '220000'  
          FROM MWIPCALDEF 
         WHERE 1=1 
           AND CALENDAR_ID = 'HM' 
           AND PLAN_YEAR = '2020' 
           AND PLAN_WEEK = '15' 
       ) AS PREV_DATE 
     , ( 
        SELECT MAX(SYS_DATE) || '220000' 
          FROM MWIPCALDEF 
         WHERE 1=1 
           AND CALENDAR_ID = 'HM' 
           AND PLAN_YEAR = '2020' 
           AND PLAN_WEEK = '16' 
       ) AS POST_DATE 
  FROM DUAL 

-------------------------------------------------------------
SELECT COUNT(*)
FROM RWEBFUNLOG
WHERE FACTORY = :FACTORY  
AND USER_ID = :USER_ID 
AND FUNC_NAME = :FUNC_NAME 
AND FUNC_GROUP = :FUNC_GROUP
AND VIEW_TIME BETWEEN TO_CHAR(SYSDATE - 10/1440, 'YYYYMMDDHH24MISS') AND TO_CHAR(SYSDATE + 10/1440, 'YYYYMMDDHH24MISS')
-------------------------------------------------------------
SELECT MIN(SYS_DATE)  FROM MWIPCALDEF WHERE CALENDAR_ID = 'OTD'   AND SYS_YEAR||LPAD(PLAN_WEEK,2,'0') = '202016'
-------------------------------------------------------------
SELECT COUNT(*)
FROM RWEBFUNLOG
WHERE FACTORY = :FACTORY  
AND USER_ID = :USER_ID 
AND FUNC_NAME = :FUNC_NAME 
AND FUNC_GROUP = :FUNC_GROUP
AND VIEW_TIME BETWEEN TO_CHAR(SYSDATE - 10/1440, 'YYYYMMDDHH24MISS') AND TO_CHAR(SYSDATE + 10/1440, 'YYYYMMDDHH24MISS')
-------------------------------------------------------------
SELECT LANGUAGE_2 FROM RWEBFUNDEF WHERE FUNC_NAME = 'PRD010227'
-------------------------------------------------------------
SELECT COUNT(*)
FROM RWEBFUNLOG
WHERE FACTORY = :FACTORY  
AND USER_ID = :USER_ID 
AND FUNC_NAME = :FUNC_NAME 
AND FUNC_GROUP = :FUNC_GROUP
AND VIEW_TIME BETWEEN TO_CHAR(SYSDATE - 10/1440, 'YYYYMMDDHH24MISS') AND TO_CHAR(SYSDATE + 10/1440, 'YYYYMMDDHH24MISS')
-------------------------------------------------------------
SELECT MIN(SYS_DATE)  FROM MWIPCALDEF WHERE CALENDAR_ID = 'OTD'   AND SYS_YEAR||LPAD(PLAN_WEEK,2,'0') = '202016'
-------------------------------------------------------------
SELECT COUNT(*)
FROM RWEBFUNLOG
WHERE FACTORY = :FACTORY  
AND USER_ID = :USER_ID 
AND FUNC_NAME = :FUNC_NAME 
AND FUNC_GROUP = :FUNC_GROUP
AND VIEW_TIME BETWEEN TO_CHAR(SYSDATE - 10/1440, 'YYYYMMDDHH24MISS') AND TO_CHAR(SYSDATE + 10/1440, 'YYYYMMDDHH24MISS')
-------------------------------------------------------------
SELECT (SELECT DATA_1 FROM MGCMTBLDAT@RPTTOMES WHERE FACTORY = 'HMVA2' AND TABLE_NAME = 'H_CUSTOMER' AND KEY_1 = A.CUSTOMER) AS CUSTOMER, PKG, SAP_CODE
     , RESV_FIELD_1 AS PIN_TYPE
     , OPER
     , ROUND(TTL_PLAN / 1000, 0) AS TTL_PLAN
     , ROUND(TTL_DEF / 1000, 0) AS TTL_DEF
     , DECODE(SEQ, 1, 'PLAN', 2, 'ACT', 3, 'BAL', 4, 'BOH') AS GUBUN
     , ROUND(DECODE(SEQ, 1, PLAN_D0, 2, SHP_D0, 3, BAL_D0, 4, WIP_D0) / 1000, 0) AS D0
     , ROUND(DECODE(SEQ, 1, PLAN_D1, 2, SHP_D1, 3, BAL_D1, 4, WIP_D1) / 1000, 0) AS D1
     , ROUND(DECODE(SEQ, 1, PLAN_D2, 2, SHP_D2, 3, BAL_D2, 4, WIP_D2) / 1000, 0) AS D2
     , ROUND(DECODE(SEQ, 1, PLAN_D3, 2, SHP_D3, 3, BAL_D3, 4, WIP_D3) / 1000, 0) AS D3
     , ROUND(DECODE(SEQ, 1, PLAN_D4, 2, SHP_D4, 3, BAL_D4, 4, WIP_D4) / 1000, 0) AS D4
     , ROUND(DECODE(SEQ, 1, PLAN_D5, 2, SHP_D5, 3, BAL_D5, 4, WIP_D5) / 1000, 0) AS D5
     , ROUND(DECODE(SEQ, 1, PLAN_D6, 2, SHP_D6, 3, BAL_D6, 4, WIP_D6) / 1000, 0) AS D6
     , ROUND(DECODE(SEQ, 1, PLAN_D7, 2, SHP_D7, 3, BAL_D7, 4, WIP_D7) / 1000, 0) AS D7
     , ROUND(DECODE(SEQ, 1, PLAN_D8, 2, SHP_D8, 3, BAL_D8, 4, WIP_D8) / 1000, 0) AS D8
     , ROUND(DECODE(SEQ, 1, PLAN_D9, 2, SHP_D9, 3, BAL_D9, 4, WIP_D9) / 1000, 0) AS D9
     , ROUND(DECODE(SEQ, 1, PLAN_D10, 2, SHP_D10, 3, BAL_D10, 4, WIP_D10) / 1000, 0) AS D10
     , ROUND(DECODE(SEQ, 1, PLAN_D11, 2, SHP_D11, 3, BAL_D11, 4, WIP_D11) / 1000, 0) AS D11
     , ROUND(DECODE(SEQ, 1, PLAN_D12, 2, SHP_D12, 3, BAL_D12, 4, WIP_D12) / 1000, 0) AS D12
     , ROUND(DECODE(SEQ, 1, PLAN_D13, 2, SHP_D13, 3, BAL_D13, 4, WIP_D13) / 1000, 0) AS D13
  FROM RSUMSCMDAT A
     , (
        SELECT DISTINCT MAT_GRP_10 AS PKG, VENDOR_ID
          FROM MWIPMATDEF
         WHERE FACTORY = 'HMVA2'
           AND DELETE_FLAG = ' '
           AND MAT_TYPE = 'FG'
       ) B
     , (SELECT LEVEL AS SEQ FROM DUAL CONNECT BY LEVEL <= 4) C
 WHERE 1=1   
   AND A.SAP_CODE = B.VENDOR_ID
   AND A.FACTORY = 'HMVA2'
   AND A.PLAN_WEEK = '202016'
 ORDER BY CUSTOMER, PKG, SAP_CODE, OPER_SEQ DESC, SEQ

-------------------------------------------------------------
SELECT COUNT(*)
FROM RWEBFUNLOG
WHERE FACTORY = :FACTORY  
AND USER_ID = :USER_ID 
AND FUNC_NAME = :FUNC_NAME 
AND FUNC_GROUP = :FUNC_GROUP
AND VIEW_TIME BETWEEN TO_CHAR(SYSDATE - 10/1440, 'YYYYMMDDHH24MISS') AND TO_CHAR(SYSDATE + 10/1440, 'YYYYMMDDHH24MISS')
-------------------------------------------------------------
SELECT ( 
        SELECT MAX(SYS_DATE) || '220000'  
          FROM MWIPCALDEF 
         WHERE 1=1 
           AND CALENDAR_ID = 'HM' 
           AND PLAN_YEAR = '2020' 
           AND PLAN_WEEK = '16' 
       ) AS PREV_DATE 
     , ( 
        SELECT MAX(SYS_DATE) || '220000' 
          FROM MWIPCALDEF 
         WHERE 1=1 
           AND CALENDAR_ID = 'HM' 
           AND PLAN_YEAR = '2020' 
           AND PLAN_WEEK = '16' 
       ) AS POST_DATE 
  FROM DUAL 

-------------------------------------------------------------
SELECT COUNT(*)
FROM RWEBFUNLOG
WHERE FACTORY = :FACTORY  
AND USER_ID = :USER_ID 
AND FUNC_NAME = :FUNC_NAME 
AND FUNC_GROUP = :FUNC_GROUP
AND VIEW_TIME BETWEEN TO_CHAR(SYSDATE - 10/1440, 'YYYYMMDDHH24MISS') AND TO_CHAR(SYSDATE + 10/1440, 'YYYYMMDDHH24MISS')
-------------------------------------------------------------
SELECT MIN(SYS_DATE)  FROM MWIPCALDEF WHERE CALENDAR_ID = 'OTD'   AND SYS_YEAR||LPAD(PLAN_WEEK,2,'0') = '202017'
-------------------------------------------------------------
SELECT COUNT(*)
FROM RWEBFUNLOG
WHERE FACTORY = :FACTORY  
AND USER_ID = :USER_ID 
AND FUNC_NAME = :FUNC_NAME 
AND FUNC_GROUP = :FUNC_GROUP
AND VIEW_TIME BETWEEN TO_CHAR(SYSDATE - 10/1440, 'YYYYMMDDHH24MISS') AND TO_CHAR(SYSDATE + 10/1440, 'YYYYMMDDHH24MISS')
-------------------------------------------------------------
SELECT (SELECT DATA_1 FROM MGCMTBLDAT@RPTTOMES WHERE FACTORY = 'HMVA2' AND TABLE_NAME = 'H_CUSTOMER' AND KEY_1 = A.CUSTOMER) AS CUSTOMER, PKG, SAP_CODE
     , RESV_FIELD_1 AS PIN_TYPE
     , OPER
     , ROUND(TTL_PLAN / 1, 0) AS TTL_PLAN
     , ROUND(TTL_DEF / 1, 0) AS TTL_DEF
     , DECODE(SEQ, 1, 'PLAN', 2, 'ACT', 3, 'BAL', 4, 'BOH') AS GUBUN
     , ROUND(DECODE(SEQ, 1, PLAN_D0, 2, SHP_D0, 3, BAL_D0, 4, WIP_D0) / 1, 0) AS D0
     , ROUND(DECODE(SEQ, 1, PLAN_D1, 2, SHP_D1, 3, BAL_D1, 4, WIP_D1) / 1, 0) AS D1
     , ROUND(DECODE(SEQ, 1, PLAN_D2, 2, SHP_D2, 3, BAL_D2, 4, WIP_D2) / 1, 0) AS D2
     , ROUND(DECODE(SEQ, 1, PLAN_D3, 2, SHP_D3, 3, BAL_D3, 4, WIP_D3) / 1, 0) AS D3
     , ROUND(DECODE(SEQ, 1, PLAN_D4, 2, SHP_D4, 3, BAL_D4, 4, WIP_D4) / 1, 0) AS D4
     , ROUND(DECODE(SEQ, 1, PLAN_D5, 2, SHP_D5, 3, BAL_D5, 4, WIP_D5) / 1, 0) AS D5
     , ROUND(DECODE(SEQ, 1, PLAN_D6, 2, SHP_D6, 3, BAL_D6, 4, WIP_D6) / 1, 0) AS D6
     , ROUND(DECODE(SEQ, 1, PLAN_D7, 2, SHP_D7, 3, BAL_D7, 4, WIP_D7) / 1, 0) AS D7
     , ROUND(DECODE(SEQ, 1, PLAN_D8, 2, SHP_D8, 3, BAL_D8, 4, WIP_D8) / 1, 0) AS D8
     , ROUND(DECODE(SEQ, 1, PLAN_D9, 2, SHP_D9, 3, BAL_D9, 4, WIP_D9) / 1, 0) AS D9
     , ROUND(DECODE(SEQ, 1, PLAN_D10, 2, SHP_D10, 3, BAL_D10, 4, WIP_D10) / 1, 0) AS D10
     , ROUND(DECODE(SEQ, 1, PLAN_D11, 2, SHP_D11, 3, BAL_D11, 4, WIP_D11) / 1, 0) AS D11
     , ROUND(DECODE(SEQ, 1, PLAN_D12, 2, SHP_D12, 3, BAL_D12, 4, WIP_D12) / 1, 0) AS D12
     , ROUND(DECODE(SEQ, 1, PLAN_D13, 2, SHP_D13, 3, BAL_D13, 4, WIP_D13) / 1, 0) AS D13
  FROM RSUMSCMDAT A
     , (
        SELECT DISTINCT MAT_GRP_10 AS PKG, VENDOR_ID
          FROM MWIPMATDEF
         WHERE FACTORY = 'HMVA2'
           AND DELETE_FLAG = ' '
           AND MAT_TYPE = 'FG'
       ) B
     , (SELECT LEVEL AS SEQ FROM DUAL CONNECT BY LEVEL <= 4) C
 WHERE 1=1   
   AND A.SAP_CODE = B.VENDOR_ID
   AND A.FACTORY = 'HMVA2'
   AND A.PLAN_WEEK = '202017'
 ORDER BY CUSTOMER, PKG, SAP_CODE, OPER_SEQ DESC, SEQ

-------------------------------------------------------------
SELECT * FROM RWEBUSRDEF WHERE FACTORY = :FACTORY AND USER_ID= :USER_ID
-------------------------------------------------------------
SELECT A.FUNC_GRP_SEQ,A.SEC_GRP_ID,A.FUNC_GRP_ID,NVL(A.FUNC_NAME, ' ') FUNC_NAME, NVL(B.FUNC_DESC, ' ') FUNC_DESC, LANGUAGE_1, LANGUAGE_2, LANGUAGE_3
  FROM RWEBGRPFUN A, RWEBFUNDEF B
 WHERE A.FACTORY = :p_FACTORY
   AND A.SEC_GRP_ID = :p_SEC_GRP_ID
   AND A.FUNC_NAME=B.FUNC_NAME(+)
 ORDER BY A.FUNC_GRP_SEQ, A.FUNC_SEQ
-------------------------------------------------------------
SELECT COUNT(*)
FROM RWEBFUNLOG
WHERE FACTORY = :FACTORY  
AND USER_ID = :USER_ID 
AND FUNC_NAME = :FUNC_NAME 
AND FUNC_GROUP = :FUNC_GROUP
AND VIEW_TIME BETWEEN TO_CHAR(SYSDATE - 10/1440, 'YYYYMMDDHH24MISS') AND TO_CHAR(SYSDATE + 10/1440, 'YYYYMMDDHH24MISS')
-------------------------------------------------------------
INSERT INTO RWEBFUNLOG(FACTORY,USER_ID,FUNC_NAME,FUNC_GROUP,VIEW_TIME, UPDATE_TIME)
VALUES (:p_FACTORY, :p_USER_ID, :p_FUNC_NAME, :p_FUNC_GROUP,TO_CHAR(SYSDATE, 'YYYYMMDDHH24MISS') , TO_CHAR(SYSDATE, 'YYYYMMDDHH24MISS'))

-------------------------------------------------------------
 SELECT PLAN_WEEK V1    FROM MWIPCALDEF   WHERE CALENDAR_ID IN ('SYSTEM', 'HM', 'SYSTEM')     AND SYS_DATE = TO_CHAR(SYSDATE,'yyyymmdd')      AND ROWNUM = 1  
-------------------------------------------------------------
SELECT COUNT(*)
FROM RWEBFUNLOG
WHERE FACTORY = :FACTORY  
AND USER_ID = :USER_ID 
AND FUNC_NAME = :FUNC_NAME 
AND FUNC_GROUP = :FUNC_GROUP
AND VIEW_TIME BETWEEN TO_CHAR(SYSDATE - 10/1440, 'YYYYMMDDHH24MISS') AND TO_CHAR(SYSDATE + 10/1440, 'YYYYMMDDHH24MISS')
-------------------------------------------------------------
 SELECT UNIQUE PLAN_WEEK V1, (PLAN_YEAR || LPAD(PLAN_WEEK, 2,'0')) V2    FROM MWIPCALDEF   WHERE CALENDAR_ID IN ('SYSTEM', 'HM', 'SYSTEM')     AND SYS_YEAR = NVL('2020', TO_CHAR(SYSDATE,'yyyy'))    ORDER BY 1 
-------------------------------------------------------------
SELECT COUNT(*)
FROM RWEBFUNLOG
WHERE FACTORY = :FACTORY  
AND USER_ID = :USER_ID 
AND FUNC_NAME = :FUNC_NAME 
AND FUNC_GROUP = :FUNC_GROUP
AND VIEW_TIME BETWEEN TO_CHAR(SYSDATE - 10/1440, 'YYYYMMDDHH24MISS') AND TO_CHAR(SYSDATE + 10/1440, 'YYYYMMDDHH24MISS')
-------------------------------------------------------------
 SELECT UNIQUE PLAN_WEEK V1, (PLAN_YEAR || LPAD(PLAN_WEEK, 2,'0')) V2    FROM MWIPCALDEF   WHERE CALENDAR_ID IN ('SYSTEM', 'HM', 'SYSTEM')     AND SYS_YEAR = NVL('2020', TO_CHAR(SYSDATE,'yyyy'))    ORDER BY 1 
-------------------------------------------------------------
SELECT COUNT(*)
FROM RWEBFUNLOG
WHERE FACTORY = :FACTORY  
AND USER_ID = :USER_ID 
AND FUNC_NAME = :FUNC_NAME 
AND FUNC_GROUP = :FUNC_GROUP
AND VIEW_TIME BETWEEN TO_CHAR(SYSDATE - 10/1440, 'YYYYMMDDHH24MISS') AND TO_CHAR(SYSDATE + 10/1440, 'YYYYMMDDHH24MISS')
-------------------------------------------------------------
SELECT LANGUAGE_2 FROM RWEBFUNDEF WHERE FUNC_NAME = 'PRD010705'
-------------------------------------------------------------
SELECT COUNT(*)
FROM RWEBFUNLOG
WHERE FACTORY = :FACTORY  
AND USER_ID = :USER_ID 
AND FUNC_NAME = :FUNC_NAME 
AND FUNC_GROUP = :FUNC_GROUP
AND VIEW_TIME BETWEEN TO_CHAR(SYSDATE - 10/1440, 'YYYYMMDDHH24MISS') AND TO_CHAR(SYSDATE + 10/1440, 'YYYYMMDDHH24MISS')
-------------------------------------------------------------
INSERT INTO RWEBFUNLOG(FACTORY,USER_ID,FUNC_NAME,FUNC_GROUP,VIEW_TIME, UPDATE_TIME)
VALUES (:p_FACTORY, :p_USER_ID, :p_FUNC_NAME, :p_FUNC_GROUP,TO_CHAR(SYSDATE, 'YYYYMMDDHH24MISS') , TO_CHAR(SYSDATE, 'YYYYMMDDHH24MISS'))

-------------------------------------------------------------
 SELECT UNIQUE PLAN_WEEK V1, (PLAN_YEAR || LPAD(PLAN_WEEK, 2,'0')) V2    FROM MWIPCALDEF   WHERE CALENDAR_ID IN ('SYSTEM', 'HM', 'SYSTEM')     AND SYS_YEAR = NVL('2020', TO_CHAR(SYSDATE,'yyyy'))    ORDER BY 1 
-------------------------------------------------------------
SELECT COUNT(*)
FROM RWEBFUNLOG
WHERE FACTORY = :FACTORY  
AND USER_ID = :USER_ID 
AND FUNC_NAME = :FUNC_NAME 
AND FUNC_GROUP = :FUNC_GROUP
AND VIEW_TIME BETWEEN TO_CHAR(SYSDATE - 10/1440, 'YYYYMMDDHH24MISS') AND TO_CHAR(SYSDATE + 10/1440, 'YYYYMMDDHH24MISS')
-------------------------------------------------------------
 SELECT UNIQUE PLAN_WEEK V1, (PLAN_YEAR || LPAD(PLAN_WEEK, 2,'0')) V2    FROM MWIPCALDEF   WHERE CALENDAR_ID IN ('SYSTEM', 'HM', 'SYSTEM')     AND SYS_YEAR = NVL('2020', TO_CHAR(SYSDATE,'yyyy'))    ORDER BY 1 
-------------------------------------------------------------
SELECT COUNT(*)
FROM RWEBFUNLOG
WHERE FACTORY = :FACTORY  
AND USER_ID = :USER_ID 
AND FUNC_NAME = :FUNC_NAME 
AND FUNC_GROUP = :FUNC_GROUP
AND VIEW_TIME BETWEEN TO_CHAR(SYSDATE - 10/1440, 'YYYYMMDDHH24MISS') AND TO_CHAR(SYSDATE + 10/1440, 'YYYYMMDDHH24MISS')
-------------------------------------------------------------
SELECT '2019' || '1231220000' AS PREV_DATE 
     , ( 
        SELECT MAX(SYS_DATE) || '220000' 
          FROM MWIPCALDEF 
         WHERE 1=1 
           AND CALENDAR_ID = 'HM' 
           AND PLAN_YEAR = '2020' 
           AND PLAN_WEEK = '1' 
       ) AS POST_DATE 
  FROM DUAL 

-------------------------------------------------------------
SELECT COUNT(*)
FROM RWEBFUNLOG
WHERE FACTORY = :FACTORY  
AND USER_ID = :USER_ID 
AND FUNC_NAME = :FUNC_NAME 
AND FUNC_GROUP = :FUNC_GROUP
AND VIEW_TIME BETWEEN TO_CHAR(SYSDATE - 10/1440, 'YYYYMMDDHH24MISS') AND TO_CHAR(SYSDATE + 10/1440, 'YYYYMMDDHH24MISS')
-------------------------------------------------------------
SELECT '2019' || '1231220000' AS PREV_DATE 
     , ( 
        SELECT MAX(SYS_DATE) || '220000' 
          FROM MWIPCALDEF 
         WHERE 1=1 
           AND CALENDAR_ID = 'HM' 
           AND PLAN_YEAR = '2020' 
           AND PLAN_WEEK = '1' 
       ) AS POST_DATE 
  FROM DUAL 

-------------------------------------------------------------
SELECT COUNT(*)
FROM RWEBFUNLOG
WHERE FACTORY = :FACTORY  
AND USER_ID = :USER_ID 
AND FUNC_NAME = :FUNC_NAME 
AND FUNC_GROUP = :FUNC_GROUP
AND VIEW_TIME BETWEEN TO_CHAR(SYSDATE - 10/1440, 'YYYYMMDDHH24MISS') AND TO_CHAR(SYSDATE + 10/1440, 'YYYYMMDDHH24MISS')
-------------------------------------------------------------
 SELECT UNIQUE PLAN_WEEK V1, (PLAN_YEAR || LPAD(PLAN_WEEK, 2,'0')) V2    FROM MWIPCALDEF   WHERE CALENDAR_ID IN ('SYSTEM', 'HM', 'SYSTEM')     AND SYS_YEAR = NVL('2020', TO_CHAR(SYSDATE,'yyyy'))    ORDER BY 1 
-------------------------------------------------------------
SELECT COUNT(*)
FROM RWEBFUNLOG
WHERE FACTORY = :FACTORY  
AND USER_ID = :USER_ID 
AND FUNC_NAME = :FUNC_NAME 
AND FUNC_GROUP = :FUNC_GROUP
AND VIEW_TIME BETWEEN TO_CHAR(SYSDATE - 10/1440, 'YYYYMMDDHH24MISS') AND TO_CHAR(SYSDATE + 10/1440, 'YYYYMMDDHH24MISS')
-------------------------------------------------------------
SELECT '2019' || '1231220000' AS PREV_DATE 
     , ( 
        SELECT MAX(SYS_DATE) || '220000' 
          FROM MWIPCALDEF 
         WHERE 1=1 
           AND CALENDAR_ID = 'HM' 
           AND PLAN_YEAR = '2020' 
           AND PLAN_WEEK = '1' 
       ) AS POST_DATE 
  FROM DUAL 

-------------------------------------------------------------
SELECT COUNT(*)
FROM RWEBFUNLOG
WHERE FACTORY = :FACTORY  
AND USER_ID = :USER_ID 
AND FUNC_NAME = :FUNC_NAME 
AND FUNC_GROUP = :FUNC_GROUP
AND VIEW_TIME BETWEEN TO_CHAR(SYSDATE - 10/1440, 'YYYYMMDDHH24MISS') AND TO_CHAR(SYSDATE + 10/1440, 'YYYYMMDDHH24MISS')
-------------------------------------------------------------
SELECT '2019' || '1231220000' AS PREV_DATE 
     , ( 
        SELECT MAX(SYS_DATE) || '220000' 
          FROM MWIPCALDEF 
         WHERE 1=1 
           AND CALENDAR_ID = 'HM' 
           AND PLAN_YEAR = '2020' 
           AND PLAN_WEEK = '1' 
       ) AS POST_DATE 
  FROM DUAL 

-------------------------------------------------------------
SELECT COUNT(*)
FROM RWEBFUNLOG
WHERE FACTORY = :FACTORY  
AND USER_ID = :USER_ID 
AND FUNC_NAME = :FUNC_NAME 
AND FUNC_GROUP = :FUNC_GROUP
AND VIEW_TIME BETWEEN TO_CHAR(SYSDATE - 10/1440, 'YYYYMMDDHH24MISS') AND TO_CHAR(SYSDATE + 10/1440, 'YYYYMMDDHH24MISS')
-------------------------------------------------------------
 SELECT PLAN_WEEK V1    FROM MWIPCALDEF   WHERE CALENDAR_ID IN ('SYSTEM', 'HM', 'SYSTEM')     AND SYS_DATE = TO_CHAR(SYSDATE,'yyyymmdd')      AND ROWNUM = 1  
-------------------------------------------------------------
SELECT COUNT(*)
FROM RWEBFUNLOG
WHERE FACTORY = :FACTORY  
AND USER_ID = :USER_ID 
AND FUNC_NAME = :FUNC_NAME 
AND FUNC_GROUP = :FUNC_GROUP
AND VIEW_TIME BETWEEN TO_CHAR(SYSDATE - 10/1440, 'YYYYMMDDHH24MISS') AND TO_CHAR(SYSDATE + 10/1440, 'YYYYMMDDHH24MISS')
-------------------------------------------------------------
 SELECT UNIQUE PLAN_WEEK V1, (PLAN_YEAR || LPAD(PLAN_WEEK, 2,'0')) V2    FROM MWIPCALDEF   WHERE CALENDAR_ID IN ('SYSTEM', 'HM', 'SYSTEM')     AND SYS_YEAR = NVL('2020', TO_CHAR(SYSDATE,'yyyy'))    ORDER BY 1 
-------------------------------------------------------------
SELECT COUNT(*)
FROM RWEBFUNLOG
WHERE FACTORY = :FACTORY  
AND USER_ID = :USER_ID 
AND FUNC_NAME = :FUNC_NAME 
AND FUNC_GROUP = :FUNC_GROUP
AND VIEW_TIME BETWEEN TO_CHAR(SYSDATE - 10/1440, 'YYYYMMDDHH24MISS') AND TO_CHAR(SYSDATE + 10/1440, 'YYYYMMDDHH24MISS')
-------------------------------------------------------------
SELECT '2019' || '1231220000' AS PREV_DATE 
     , ( 
        SELECT MAX(SYS_DATE) || '220000' 
          FROM MWIPCALDEF 
         WHERE 1=1 
           AND CALENDAR_ID = 'HM' 
           AND PLAN_YEAR = '2020' 
           AND PLAN_WEEK = '1' 
       ) AS POST_DATE 
  FROM DUAL 

-------------------------------------------------------------
SELECT COUNT(*)
FROM RWEBFUNLOG
WHERE FACTORY = :FACTORY  
AND USER_ID = :USER_ID 
AND FUNC_NAME = :FUNC_NAME 
AND FUNC_GROUP = :FUNC_GROUP
AND VIEW_TIME BETWEEN TO_CHAR(SYSDATE - 10/1440, 'YYYYMMDDHH24MISS') AND TO_CHAR(SYSDATE + 10/1440, 'YYYYMMDDHH24MISS')
-------------------------------------------------------------
SELECT '2019' || '1231220000' AS PREV_DATE 
     , ( 
        SELECT MAX(SYS_DATE) || '220000' 
          FROM MWIPCALDEF 
         WHERE 1=1 
           AND CALENDAR_ID = 'HM' 
           AND PLAN_YEAR = '2020' 
           AND PLAN_WEEK = '16' 
       ) AS POST_DATE 
  FROM DUAL 

-------------------------------------------------------------
SELECT COUNT(*)
FROM RWEBFUNLOG
WHERE FACTORY = :FACTORY  
AND USER_ID = :USER_ID 
AND FUNC_NAME = :FUNC_NAME 
AND FUNC_GROUP = :FUNC_GROUP
AND VIEW_TIME BETWEEN TO_CHAR(SYSDATE - 10/1440, 'YYYYMMDDHH24MISS') AND TO_CHAR(SYSDATE + 10/1440, 'YYYYMMDDHH24MISS')
-------------------------------------------------------------
 SELECT UNIQUE PLAN_WEEK V1, (PLAN_YEAR || LPAD(PLAN_WEEK, 2,'0')) V2    FROM MWIPCALDEF   WHERE CALENDAR_ID IN ('SYSTEM', 'HM', 'SYSTEM')     AND SYS_YEAR = NVL('2020', TO_CHAR(SYSDATE,'yyyy'))    ORDER BY 1 
-------------------------------------------------------------
SELECT COUNT(*)
FROM RWEBFUNLOG
WHERE FACTORY = :FACTORY  
AND USER_ID = :USER_ID 
AND FUNC_NAME = :FUNC_NAME 
AND FUNC_GROUP = :FUNC_GROUP
AND VIEW_TIME BETWEEN TO_CHAR(SYSDATE - 10/1440, 'YYYYMMDDHH24MISS') AND TO_CHAR(SYSDATE + 10/1440, 'YYYYMMDDHH24MISS')
-------------------------------------------------------------
SELECT '2019' || '1231220000' AS PREV_DATE 
     , ( 
        SELECT MAX(SYS_DATE) || '220000' 
          FROM MWIPCALDEF 
         WHERE 1=1 
           AND CALENDAR_ID = 'HM' 
           AND PLAN_YEAR = '2020' 
           AND PLAN_WEEK = '16' 
       ) AS POST_DATE 
  FROM DUAL 

-------------------------------------------------------------
SELECT COUNT(*)
FROM RWEBFUNLOG
WHERE FACTORY = :FACTORY  
AND USER_ID = :USER_ID 
AND FUNC_NAME = :FUNC_NAME 
AND FUNC_GROUP = :FUNC_GROUP
AND VIEW_TIME BETWEEN TO_CHAR(SYSDATE - 10/1440, 'YYYYMMDDHH24MISS') AND TO_CHAR(SYSDATE + 10/1440, 'YYYYMMDDHH24MISS')
-------------------------------------------------------------
SELECT ( 
        SELECT MAX(SYS_DATE) || '220000'  
          FROM MWIPCALDEF 
         WHERE 1=1 
           AND CALENDAR_ID = 'HM' 
           AND PLAN_YEAR = '2020' 
           AND PLAN_WEEK = '15' 
       ) AS PREV_DATE 
     , ( 
        SELECT MAX(SYS_DATE) || '220000' 
          FROM MWIPCALDEF 
         WHERE 1=1 
           AND CALENDAR_ID = 'HM' 
           AND PLAN_YEAR = '2020' 
           AND PLAN_WEEK = '16' 
       ) AS POST_DATE 
  FROM DUAL 

-------------------------------------------------------------
SELECT COUNT(*)
FROM RWEBFUNLOG
WHERE FACTORY = :FACTORY  
AND USER_ID = :USER_ID 
AND FUNC_NAME = :FUNC_NAME 
AND FUNC_GROUP = :FUNC_GROUP
AND VIEW_TIME BETWEEN TO_CHAR(SYSDATE - 10/1440, 'YYYYMMDDHH24MISS') AND TO_CHAR(SYSDATE + 10/1440, 'YYYYMMDDHH24MISS')
-------------------------------------------------------------
SELECT ( 
        SELECT MAX(SYS_DATE) || '220000'  
          FROM MWIPCALDEF 
         WHERE 1=1 
           AND CALENDAR_ID = 'HM' 
           AND PLAN_YEAR = '2020' 
           AND PLAN_WEEK = '15' 
       ) AS PREV_DATE 
     , ( 
        SELECT MAX(SYS_DATE) || '220000' 
          FROM MWIPCALDEF 
         WHERE 1=1 
           AND CALENDAR_ID = 'HM' 
           AND PLAN_YEAR = '2020' 
           AND PLAN_WEEK = '16' 
       ) AS POST_DATE 
  FROM DUAL 

-------------------------------------------------------------
SELECT COUNT(*)
FROM RWEBFUNLOG
WHERE FACTORY = :FACTORY  
AND USER_ID = :USER_ID 
AND FUNC_NAME = :FUNC_NAME 
AND FUNC_GROUP = :FUNC_GROUP
AND VIEW_TIME BETWEEN TO_CHAR(SYSDATE - 10/1440, 'YYYYMMDDHH24MISS') AND TO_CHAR(SYSDATE + 10/1440, 'YYYYMMDDHH24MISS')
-------------------------------------------------------------
SELECT ( 
        SELECT MAX(SYS_DATE) || '220000'  
          FROM MWIPCALDEF 
         WHERE 1=1 
           AND CALENDAR_ID = 'HM' 
           AND PLAN_YEAR = '2020' 
           AND PLAN_WEEK = '15' 
       ) AS PREV_DATE 
     , ( 
        SELECT MAX(SYS_DATE) || '220000' 
          FROM MWIPCALDEF 
         WHERE 1=1 
           AND CALENDAR_ID = 'HM' 
           AND PLAN_YEAR = '2020' 
           AND PLAN_WEEK = '16' 
       ) AS POST_DATE 
  FROM DUAL 

-------------------------------------------------------------
SELECT COUNT(*)
FROM RWEBFUNLOG
WHERE FACTORY = :FACTORY  
AND USER_ID = :USER_ID 
AND FUNC_NAME = :FUNC_NAME 
AND FUNC_GROUP = :FUNC_GROUP
AND VIEW_TIME BETWEEN TO_CHAR(SYSDATE - 10/1440, 'YYYYMMDDHH24MISS') AND TO_CHAR(SYSDATE + 10/1440, 'YYYYMMDDHH24MISS')
-------------------------------------------------------------
SELECT ( 
        SELECT MAX(SYS_DATE) || '220000'  
          FROM MWIPCALDEF 
         WHERE 1=1 
           AND CALENDAR_ID = 'HM' 
           AND PLAN_YEAR = '2020' 
           AND PLAN_WEEK = '15' 
       ) AS PREV_DATE 
     , ( 
        SELECT MAX(SYS_DATE) || '220000' 
          FROM MWIPCALDEF 
         WHERE 1=1 
           AND CALENDAR_ID = 'HM' 
           AND PLAN_YEAR = '2020' 
           AND PLAN_WEEK = '16' 
       ) AS POST_DATE 
  FROM DUAL 

-------------------------------------------------------------
SELECT COUNT(*)
FROM RWEBFUNLOG
WHERE FACTORY = :FACTORY  
AND USER_ID = :USER_ID 
AND FUNC_NAME = :FUNC_NAME 
AND FUNC_GROUP = :FUNC_GROUP
AND VIEW_TIME BETWEEN TO_CHAR(SYSDATE - 10/1440, 'YYYYMMDDHH24MISS') AND TO_CHAR(SYSDATE + 10/1440, 'YYYYMMDDHH24MISS')
-------------------------------------------------------------
SELECT MIN(SYS_DATE)  FROM MWIPCALDEF WHERE CALENDAR_ID = 'OTD'   AND SYS_YEAR||LPAD(PLAN_WEEK,2,'0') = '202016'
-------------------------------------------------------------
SELECT COUNT(*)
FROM RWEBFUNLOG
WHERE FACTORY = :FACTORY  
AND USER_ID = :USER_ID 
AND FUNC_NAME = :FUNC_NAME 
AND FUNC_GROUP = :FUNC_GROUP
AND VIEW_TIME BETWEEN TO_CHAR(SYSDATE - 10/1440, 'YYYYMMDDHH24MISS') AND TO_CHAR(SYSDATE + 10/1440, 'YYYYMMDDHH24MISS')
-------------------------------------------------------------
SELECT LANGUAGE_2 FROM RWEBFUNDEF WHERE FUNC_NAME = 'PRD010227'
-------------------------------------------------------------
SELECT COUNT(*)
FROM RWEBFUNLOG
WHERE FACTORY = :FACTORY  
AND USER_ID = :USER_ID 
AND FUNC_NAME = :FUNC_NAME 
AND FUNC_GROUP = :FUNC_GROUP
AND VIEW_TIME BETWEEN TO_CHAR(SYSDATE - 10/1440, 'YYYYMMDDHH24MISS') AND TO_CHAR(SYSDATE + 10/1440, 'YYYYMMDDHH24MISS')
-------------------------------------------------------------
SELECT ( 
        SELECT MAX(SYS_DATE) || '220000'  
          FROM MWIPCALDEF 
         WHERE 1=1 
           AND CALENDAR_ID = 'HM' 
           AND PLAN_YEAR = '2020' 
           AND PLAN_WEEK = '16' 
       ) AS PREV_DATE 
     , ( 
        SELECT MAX(SYS_DATE) || '220000' 
          FROM MWIPCALDEF 
         WHERE 1=1 
           AND CALENDAR_ID = 'HM' 
           AND PLAN_YEAR = '2020' 
           AND PLAN_WEEK = '16' 
       ) AS POST_DATE 
  FROM DUAL 

-------------------------------------------------------------
SELECT COUNT(*)
FROM RWEBFUNLOG
WHERE FACTORY = :FACTORY  
AND USER_ID = :USER_ID 
AND FUNC_NAME = :FUNC_NAME 
AND FUNC_GROUP = :FUNC_GROUP
AND VIEW_TIME BETWEEN TO_CHAR(SYSDATE - 10/1440, 'YYYYMMDDHH24MISS') AND TO_CHAR(SYSDATE + 10/1440, 'YYYYMMDDHH24MISS')
-------------------------------------------------------------
SELECT MIN(SYS_DATE)  FROM MWIPCALDEF WHERE CALENDAR_ID = 'OTD'   AND SYS_YEAR||LPAD(PLAN_WEEK,2,'0') = '202017'
-------------------------------------------------------------
SELECT COUNT(*)
FROM RWEBFUNLOG
WHERE FACTORY = :FACTORY  
AND USER_ID = :USER_ID 
AND FUNC_NAME = :FUNC_NAME 
AND FUNC_GROUP = :FUNC_GROUP
AND VIEW_TIME BETWEEN TO_CHAR(SYSDATE - 10/1440, 'YYYYMMDDHH24MISS') AND TO_CHAR(SYSDATE + 10/1440, 'YYYYMMDDHH24MISS')
-------------------------------------------------------------
SELECT (SELECT DATA_1 FROM MGCMTBLDAT@RPTTOMES WHERE FACTORY = 'HMVA2' AND TABLE_NAME = 'H_CUSTOMER' AND KEY_1 = A.CUSTOMER) AS CUSTOMER, PKG, SAP_CODE
     , RESV_FIELD_1 AS PIN_TYPE
     , OPER
     , ROUND(TTL_PLAN / 1, 0) AS TTL_PLAN
     , ROUND(TTL_DEF / 1, 0) AS TTL_DEF
     , DECODE(SEQ, 1, 'PLAN', 2, 'ACT', 3, 'BAL', 4, 'BOH') AS GUBUN
     , ROUND(DECODE(SEQ, 1, PLAN_D0, 2, SHP_D0, 3, BAL_D0, 4, WIP_D0) / 1, 0) AS D0
     , ROUND(DECODE(SEQ, 1, PLAN_D1, 2, SHP_D1, 3, BAL_D1, 4, WIP_D1) / 1, 0) AS D1
     , ROUND(DECODE(SEQ, 1, PLAN_D2, 2, SHP_D2, 3, BAL_D2, 4, WIP_D2) / 1, 0) AS D2
     , ROUND(DECODE(SEQ, 1, PLAN_D3, 2, SHP_D3, 3, BAL_D3, 4, WIP_D3) / 1, 0) AS D3
     , ROUND(DECODE(SEQ, 1, PLAN_D4, 2, SHP_D4, 3, BAL_D4, 4, WIP_D4) / 1, 0) AS D4
     , ROUND(DECODE(SEQ, 1, PLAN_D5, 2, SHP_D5, 3, BAL_D5, 4, WIP_D5) / 1, 0) AS D5
     , ROUND(DECODE(SEQ, 1, PLAN_D6, 2, SHP_D6, 3, BAL_D6, 4, WIP_D6) / 1, 0) AS D6
     , ROUND(DECODE(SEQ, 1, PLAN_D7, 2, SHP_D7, 3, BAL_D7, 4, WIP_D7) / 1, 0) AS D7
     , ROUND(DECODE(SEQ, 1, PLAN_D8, 2, SHP_D8, 3, BAL_D8, 4, WIP_D8) / 1, 0) AS D8
     , ROUND(DECODE(SEQ, 1, PLAN_D9, 2, SHP_D9, 3, BAL_D9, 4, WIP_D9) / 1, 0) AS D9
     , ROUND(DECODE(SEQ, 1, PLAN_D10, 2, SHP_D10, 3, BAL_D10, 4, WIP_D10) / 1, 0) AS D10
     , ROUND(DECODE(SEQ, 1, PLAN_D11, 2, SHP_D11, 3, BAL_D11, 4, WIP_D11) / 1, 0) AS D11
     , ROUND(DECODE(SEQ, 1, PLAN_D12, 2, SHP_D12, 3, BAL_D12, 4, WIP_D12) / 1, 0) AS D12
     , ROUND(DECODE(SEQ, 1, PLAN_D13, 2, SHP_D13, 3, BAL_D13, 4, WIP_D13) / 1, 0) AS D13
  FROM RSUMSCMDAT A
     , (
        SELECT DISTINCT MAT_GRP_10 AS PKG, VENDOR_ID
          FROM MWIPMATDEF
         WHERE FACTORY = 'HMVA2'
           AND DELETE_FLAG = ' '
           AND MAT_TYPE = 'FG'
       ) B
     , (SELECT LEVEL AS SEQ FROM DUAL CONNECT BY LEVEL <= 4) C
 WHERE 1=1   
   AND A.SAP_CODE = B.VENDOR_ID
   AND A.FACTORY = 'HMVA2'
   AND A.PLAN_WEEK = '202017'
 ORDER BY CUSTOMER, PKG, SAP_CODE, OPER_SEQ DESC, SEQ

-------------------------------------------------------------
SELECT * FROM RWEBUSRDEF WHERE FACTORY = :FACTORY AND USER_ID= :USER_ID
-------------------------------------------------------------
SELECT COUNT(*)
FROM RWEBFUNLOG
WHERE FACTORY = :FACTORY  
AND USER_ID = :USER_ID 
AND FUNC_NAME = :FUNC_NAME 
AND FUNC_GROUP = :FUNC_GROUP
AND VIEW_TIME BETWEEN TO_CHAR(SYSDATE - 10/1440, 'YYYYMMDDHH24MISS') AND TO_CHAR(SYSDATE + 10/1440, 'YYYYMMDDHH24MISS')
-------------------------------------------------------------
INSERT INTO RWEBFUNLOG(FACTORY,USER_ID,FUNC_NAME,FUNC_GROUP,VIEW_TIME, UPDATE_TIME)
VALUES (:p_FACTORY, :p_USER_ID, :p_FUNC_NAME, :p_FUNC_GROUP,TO_CHAR(SYSDATE, 'YYYYMMDDHH24MISS') , TO_CHAR(SYSDATE, 'YYYYMMDDHH24MISS'))

-------------------------------------------------------------
SELECT A.FUNC_GRP_SEQ,A.SEC_GRP_ID,A.FUNC_GRP_ID,NVL(A.FUNC_NAME, ' ') FUNC_NAME, NVL(B.FUNC_DESC, ' ') FUNC_DESC, LANGUAGE_1, LANGUAGE_2, LANGUAGE_3
  FROM RWEBGRPFUN A, RWEBFUNDEF B
 WHERE A.FACTORY = :p_FACTORY
   AND A.SEC_GRP_ID = :p_SEC_GRP_ID
   AND A.FUNC_NAME=B.FUNC_NAME(+)
 ORDER BY A.FUNC_GRP_SEQ, A.FUNC_SEQ
-------------------------------------------------------------
SELECT COUNT(*)
FROM RWEBFUNLOG
WHERE FACTORY = :FACTORY  
AND USER_ID = :USER_ID 
AND FUNC_NAME = :FUNC_NAME 
AND FUNC_GROUP = :FUNC_GROUP
AND VIEW_TIME BETWEEN TO_CHAR(SYSDATE - 10/1440, 'YYYYMMDDHH24MISS') AND TO_CHAR(SYSDATE + 10/1440, 'YYYYMMDDHH24MISS')
-------------------------------------------------------------
 SELECT UNIQUE PLAN_WEEK V1, (PLAN_YEAR || LPAD(PLAN_WEEK, 2,'0')) V2    FROM MWIPCALDEF   WHERE CALENDAR_ID IN ('SYSTEM', 'HM', 'SYSTEM')     AND SYS_YEAR = NVL('2020', TO_CHAR(SYSDATE,'yyyy'))    ORDER BY 1 
-------------------------------------------------------------
SELECT COUNT(*)
FROM RWEBFUNLOG
WHERE FACTORY = :FACTORY  
AND USER_ID = :USER_ID 
AND FUNC_NAME = :FUNC_NAME 
AND FUNC_GROUP = :FUNC_GROUP
AND VIEW_TIME BETWEEN TO_CHAR(SYSDATE - 10/1440, 'YYYYMMDDHH24MISS') AND TO_CHAR(SYSDATE + 10/1440, 'YYYYMMDDHH24MISS')
-------------------------------------------------------------
 SELECT UNIQUE PLAN_WEEK V1, (PLAN_YEAR || LPAD(PLAN_WEEK, 2,'0')) V2    FROM MWIPCALDEF   WHERE CALENDAR_ID IN ('SYSTEM', 'HM', 'SYSTEM')     AND SYS_YEAR = NVL('2020', TO_CHAR(SYSDATE,'yyyy'))    ORDER BY 1 
-------------------------------------------------------------
SELECT COUNT(*)
FROM RWEBFUNLOG
WHERE FACTORY = :FACTORY  
AND USER_ID = :USER_ID 
AND FUNC_NAME = :FUNC_NAME 
AND FUNC_GROUP = :FUNC_GROUP
AND VIEW_TIME BETWEEN TO_CHAR(SYSDATE - 10/1440, 'YYYYMMDDHH24MISS') AND TO_CHAR(SYSDATE + 10/1440, 'YYYYMMDDHH24MISS')
-------------------------------------------------------------
SELECT '2019' || '1231220000' AS PREV_DATE 
     , ( 
        SELECT MAX(SYS_DATE) || '220000' 
          FROM MWIPCALDEF 
         WHERE 1=1 
           AND CALENDAR_ID = 'HM' 
           AND PLAN_YEAR = '2020' 
           AND PLAN_WEEK = '1' 
       ) AS POST_DATE 
  FROM DUAL 

-------------------------------------------------------------
SELECT COUNT(*)
FROM RWEBFUNLOG
WHERE FACTORY = :FACTORY  
AND USER_ID = :USER_ID 
AND FUNC_NAME = :FUNC_NAME 
AND FUNC_GROUP = :FUNC_GROUP
AND VIEW_TIME BETWEEN TO_CHAR(SYSDATE - 10/1440, 'YYYYMMDDHH24MISS') AND TO_CHAR(SYSDATE + 10/1440, 'YYYYMMDDHH24MISS')
-------------------------------------------------------------
SELECT '2019' || '1231220000' AS PREV_DATE 
     , ( 
        SELECT MAX(SYS_DATE) || '220000' 
          FROM MWIPCALDEF 
         WHERE 1=1 
           AND CALENDAR_ID = 'HM' 
           AND PLAN_YEAR = '2020' 
           AND PLAN_WEEK = '1' 
       ) AS POST_DATE 
  FROM DUAL 

-------------------------------------------------------------
SELECT COUNT(*)
FROM RWEBFUNLOG
WHERE FACTORY = :FACTORY  
AND USER_ID = :USER_ID 
AND FUNC_NAME = :FUNC_NAME 
AND FUNC_GROUP = :FUNC_GROUP
AND VIEW_TIME BETWEEN TO_CHAR(SYSDATE - 10/1440, 'YYYYMMDDHH24MISS') AND TO_CHAR(SYSDATE + 10/1440, 'YYYYMMDDHH24MISS')
-------------------------------------------------------------
 SELECT UNIQUE PLAN_WEEK V1, (PLAN_YEAR || LPAD(PLAN_WEEK, 2,'0')) V2    FROM MWIPCALDEF   WHERE CALENDAR_ID IN ('SYSTEM', 'HM', 'SYSTEM')     AND SYS_YEAR = NVL('2020', TO_CHAR(SYSDATE,'yyyy'))    ORDER BY 1 
-------------------------------------------------------------
SELECT COUNT(*)
FROM RWEBFUNLOG
WHERE FACTORY = :FACTORY  
AND USER_ID = :USER_ID 
AND FUNC_NAME = :FUNC_NAME 
AND FUNC_GROUP = :FUNC_GROUP
AND VIEW_TIME BETWEEN TO_CHAR(SYSDATE - 10/1440, 'YYYYMMDDHH24MISS') AND TO_CHAR(SYSDATE + 10/1440, 'YYYYMMDDHH24MISS')
-------------------------------------------------------------
SELECT '2019' || '1231220000' AS PREV_DATE 
     , ( 
        SELECT MAX(SYS_DATE) || '220000' 
          FROM MWIPCALDEF 
         WHERE 1=1 
           AND CALENDAR_ID = 'HM' 
           AND PLAN_YEAR = '2020' 
           AND PLAN_WEEK = '1' 
       ) AS POST_DATE 
  FROM DUAL 

-------------------------------------------------------------
SELECT COUNT(*)
FROM RWEBFUNLOG
WHERE FACTORY = :FACTORY  
AND USER_ID = :USER_ID 
AND FUNC_NAME = :FUNC_NAME 
AND FUNC_GROUP = :FUNC_GROUP
AND VIEW_TIME BETWEEN TO_CHAR(SYSDATE - 10/1440, 'YYYYMMDDHH24MISS') AND TO_CHAR(SYSDATE + 10/1440, 'YYYYMMDDHH24MISS')
-------------------------------------------------------------
SELECT '2019' || '1231220000' AS PREV_DATE 
     , ( 
        SELECT MAX(SYS_DATE) || '220000' 
          FROM MWIPCALDEF 
         WHERE 1=1 
           AND CALENDAR_ID = 'HM' 
           AND PLAN_YEAR = '2020' 
           AND PLAN_WEEK = '1' 
       ) AS POST_DATE 
  FROM DUAL 

-------------------------------------------------------------
SELECT COUNT(*)
FROM RWEBFUNLOG
WHERE FACTORY = :FACTORY  
AND USER_ID = :USER_ID 
AND FUNC_NAME = :FUNC_NAME 
AND FUNC_GROUP = :FUNC_GROUP
AND VIEW_TIME BETWEEN TO_CHAR(SYSDATE - 10/1440, 'YYYYMMDDHH24MISS') AND TO_CHAR(SYSDATE + 10/1440, 'YYYYMMDDHH24MISS')
-------------------------------------------------------------
 SELECT PLAN_WEEK V1    FROM MWIPCALDEF   WHERE CALENDAR_ID IN ('SYSTEM', 'HM', 'SYSTEM')     AND SYS_DATE = TO_CHAR(SYSDATE,'yyyymmdd')      AND ROWNUM = 1  
-------------------------------------------------------------
SELECT COUNT(*)
FROM RWEBFUNLOG
WHERE FACTORY = :FACTORY  
AND USER_ID = :USER_ID 
AND FUNC_NAME = :FUNC_NAME 
AND FUNC_GROUP = :FUNC_GROUP
AND VIEW_TIME BETWEEN TO_CHAR(SYSDATE - 10/1440, 'YYYYMMDDHH24MISS') AND TO_CHAR(SYSDATE + 10/1440, 'YYYYMMDDHH24MISS')
-------------------------------------------------------------
 SELECT UNIQUE PLAN_WEEK V1, (PLAN_YEAR || LPAD(PLAN_WEEK, 2,'0')) V2    FROM MWIPCALDEF   WHERE CALENDAR_ID IN ('SYSTEM', 'HM', 'SYSTEM')     AND SYS_YEAR = NVL('2020', TO_CHAR(SYSDATE,'yyyy'))    ORDER BY 1 
-------------------------------------------------------------
SELECT COUNT(*)
FROM RWEBFUNLOG
WHERE FACTORY = :FACTORY  
AND USER_ID = :USER_ID 
AND FUNC_NAME = :FUNC_NAME 
AND FUNC_GROUP = :FUNC_GROUP
AND VIEW_TIME BETWEEN TO_CHAR(SYSDATE - 10/1440, 'YYYYMMDDHH24MISS') AND TO_CHAR(SYSDATE + 10/1440, 'YYYYMMDDHH24MISS')
-------------------------------------------------------------
SELECT '2019' || '1231220000' AS PREV_DATE 
     , ( 
        SELECT MAX(SYS_DATE) || '220000' 
          FROM MWIPCALDEF 
         WHERE 1=1 
           AND CALENDAR_ID = 'HM' 
           AND PLAN_YEAR = '2020' 
           AND PLAN_WEEK = '1' 
       ) AS POST_DATE 
  FROM DUAL 

-------------------------------------------------------------
SELECT COUNT(*)
FROM RWEBFUNLOG
WHERE FACTORY = :FACTORY  
AND USER_ID = :USER_ID 
AND FUNC_NAME = :FUNC_NAME 
AND FUNC_GROUP = :FUNC_GROUP
AND VIEW_TIME BETWEEN TO_CHAR(SYSDATE - 10/1440, 'YYYYMMDDHH24MISS') AND TO_CHAR(SYSDATE + 10/1440, 'YYYYMMDDHH24MISS')
-------------------------------------------------------------
SELECT '2019' || '1231220000' AS PREV_DATE 
     , ( 
        SELECT MAX(SYS_DATE) || '220000' 
          FROM MWIPCALDEF 
         WHERE 1=1 
           AND CALENDAR_ID = 'HM' 
           AND PLAN_YEAR = '2020' 
           AND PLAN_WEEK = '16' 
       ) AS POST_DATE 
  FROM DUAL 

-------------------------------------------------------------
SELECT COUNT(*)
FROM RWEBFUNLOG
WHERE FACTORY = :FACTORY  
AND USER_ID = :USER_ID 
AND FUNC_NAME = :FUNC_NAME 
AND FUNC_GROUP = :FUNC_GROUP
AND VIEW_TIME BETWEEN TO_CHAR(SYSDATE - 10/1440, 'YYYYMMDDHH24MISS') AND TO_CHAR(SYSDATE + 10/1440, 'YYYYMMDDHH24MISS')
-------------------------------------------------------------
 SELECT UNIQUE PLAN_WEEK V1, (PLAN_YEAR || LPAD(PLAN_WEEK, 2,'0')) V2    FROM MWIPCALDEF   WHERE CALENDAR_ID IN ('SYSTEM', 'HM', 'SYSTEM')     AND SYS_YEAR = NVL('2020', TO_CHAR(SYSDATE,'yyyy'))    ORDER BY 1 
-------------------------------------------------------------
SELECT COUNT(*)
FROM RWEBFUNLOG
WHERE FACTORY = :FACTORY  
AND USER_ID = :USER_ID 
AND FUNC_NAME = :FUNC_NAME 
AND FUNC_GROUP = :FUNC_GROUP
AND VIEW_TIME BETWEEN TO_CHAR(SYSDATE - 10/1440, 'YYYYMMDDHH24MISS') AND TO_CHAR(SYSDATE + 10/1440, 'YYYYMMDDHH24MISS')
-------------------------------------------------------------
SELECT '2019' || '1231220000' AS PREV_DATE 
     , ( 
        SELECT MAX(SYS_DATE) || '220000' 
          FROM MWIPCALDEF 
         WHERE 1=1 
           AND CALENDAR_ID = 'HM' 
           AND PLAN_YEAR = '2020' 
           AND PLAN_WEEK = '16' 
       ) AS POST_DATE 
  FROM DUAL 

-------------------------------------------------------------
SELECT COUNT(*)
FROM RWEBFUNLOG
WHERE FACTORY = :FACTORY  
AND USER_ID = :USER_ID 
AND FUNC_NAME = :FUNC_NAME 
AND FUNC_GROUP = :FUNC_GROUP
AND VIEW_TIME BETWEEN TO_CHAR(SYSDATE - 10/1440, 'YYYYMMDDHH24MISS') AND TO_CHAR(SYSDATE + 10/1440, 'YYYYMMDDHH24MISS')
-------------------------------------------------------------
SELECT ( 
        SELECT MAX(SYS_DATE) || '220000'  
          FROM MWIPCALDEF 
         WHERE 1=1 
           AND CALENDAR_ID = 'HM' 
           AND PLAN_YEAR = '2020' 
           AND PLAN_WEEK = '15' 
       ) AS PREV_DATE 
     , ( 
        SELECT MAX(SYS_DATE) || '220000' 
          FROM MWIPCALDEF 
         WHERE 1=1 
           AND CALENDAR_ID = 'HM' 
           AND PLAN_YEAR = '2020' 
           AND PLAN_WEEK = '16' 
       ) AS POST_DATE 
  FROM DUAL 

-------------------------------------------------------------
SELECT COUNT(*)
FROM RWEBFUNLOG
WHERE FACTORY = :FACTORY  
AND USER_ID = :USER_ID 
AND FUNC_NAME = :FUNC_NAME 
AND FUNC_GROUP = :FUNC_GROUP
AND VIEW_TIME BETWEEN TO_CHAR(SYSDATE - 10/1440, 'YYYYMMDDHH24MISS') AND TO_CHAR(SYSDATE + 10/1440, 'YYYYMMDDHH24MISS')
-------------------------------------------------------------
SELECT ( 
        SELECT MAX(SYS_DATE) || '220000'  
          FROM MWIPCALDEF 
         WHERE 1=1 
           AND CALENDAR_ID = 'HM' 
           AND PLAN_YEAR = '2020' 
           AND PLAN_WEEK = '15' 
       ) AS PREV_DATE 
     , ( 
        SELECT MAX(SYS_DATE) || '220000' 
          FROM MWIPCALDEF 
         WHERE 1=1 
           AND CALENDAR_ID = 'HM' 
           AND PLAN_YEAR = '2020' 
           AND PLAN_WEEK = '16' 
       ) AS POST_DATE 
  FROM DUAL 

-------------------------------------------------------------
SELECT COUNT(*)
FROM RWEBFUNLOG
WHERE FACTORY = :FACTORY  
AND USER_ID = :USER_ID 
AND FUNC_NAME = :FUNC_NAME 
AND FUNC_GROUP = :FUNC_GROUP
AND VIEW_TIME BETWEEN TO_CHAR(SYSDATE - 10/1440, 'YYYYMMDDHH24MISS') AND TO_CHAR(SYSDATE + 10/1440, 'YYYYMMDDHH24MISS')
-------------------------------------------------------------
SELECT ( 
        SELECT MAX(SYS_DATE) || '220000'  
          FROM MWIPCALDEF 
         WHERE 1=1 
           AND CALENDAR_ID = 'HM' 
           AND PLAN_YEAR = '2020' 
           AND PLAN_WEEK = '15' 
       ) AS PREV_DATE 
     , ( 
        SELECT MAX(SYS_DATE) || '220000' 
          FROM MWIPCALDEF 
         WHERE 1=1 
           AND CALENDAR_ID = 'HM' 
           AND PLAN_YEAR = '2020' 
           AND PLAN_WEEK = '16' 
       ) AS POST_DATE 
  FROM DUAL 

-------------------------------------------------------------
SELECT COUNT(*)
FROM RWEBFUNLOG
WHERE FACTORY = :FACTORY  
AND USER_ID = :USER_ID 
AND FUNC_NAME = :FUNC_NAME 
AND FUNC_GROUP = :FUNC_GROUP
AND VIEW_TIME BETWEEN TO_CHAR(SYSDATE - 10/1440, 'YYYYMMDDHH24MISS') AND TO_CHAR(SYSDATE + 10/1440, 'YYYYMMDDHH24MISS')
-------------------------------------------------------------
SELECT ( 
        SELECT MAX(SYS_DATE) || '220000'  
          FROM MWIPCALDEF 
         WHERE 1=1 
           AND CALENDAR_ID = 'HM' 
           AND PLAN_YEAR = '2020' 
           AND PLAN_WEEK = '15' 
       ) AS PREV_DATE 
     , ( 
        SELECT MAX(SYS_DATE) || '220000' 
          FROM MWIPCALDEF 
         WHERE 1=1 
           AND CALENDAR_ID = 'HM' 
           AND PLAN_YEAR = '2020' 
           AND PLAN_WEEK = '16' 
       ) AS POST_DATE 
  FROM DUAL 

-------------------------------------------------------------
SELECT COUNT(*)
FROM RWEBFUNLOG
WHERE FACTORY = :FACTORY  
AND USER_ID = :USER_ID 
AND FUNC_NAME = :FUNC_NAME 
AND FUNC_GROUP = :FUNC_GROUP
AND VIEW_TIME BETWEEN TO_CHAR(SYSDATE - 10/1440, 'YYYYMMDDHH24MISS') AND TO_CHAR(SYSDATE + 10/1440, 'YYYYMMDDHH24MISS')
-------------------------------------------------------------
SELECT MIN(SYS_DATE)  FROM MWIPCALDEF WHERE CALENDAR_ID = 'OTD'   AND SYS_YEAR||LPAD(PLAN_WEEK,2,'0') = '202016'
-------------------------------------------------------------
SELECT COUNT(*)
FROM RWEBFUNLOG
WHERE FACTORY = :FACTORY  
AND USER_ID = :USER_ID 
AND FUNC_NAME = :FUNC_NAME 
AND FUNC_GROUP = :FUNC_GROUP
AND VIEW_TIME BETWEEN TO_CHAR(SYSDATE - 10/1440, 'YYYYMMDDHH24MISS') AND TO_CHAR(SYSDATE + 10/1440, 'YYYYMMDDHH24MISS')
-------------------------------------------------------------
SELECT LANGUAGE_2 FROM RWEBFUNDEF WHERE FUNC_NAME = 'PRD010227'
-------------------------------------------------------------
SELECT COUNT(*)
FROM RWEBFUNLOG
WHERE FACTORY = :FACTORY  
AND USER_ID = :USER_ID 
AND FUNC_NAME = :FUNC_NAME 
AND FUNC_GROUP = :FUNC_GROUP
AND VIEW_TIME BETWEEN TO_CHAR(SYSDATE - 10/1440, 'YYYYMMDDHH24MISS') AND TO_CHAR(SYSDATE + 10/1440, 'YYYYMMDDHH24MISS')
-------------------------------------------------------------
SELECT ( 
        SELECT MAX(SYS_DATE) || '220000'  
          FROM MWIPCALDEF 
         WHERE 1=1 
           AND CALENDAR_ID = 'HM' 
           AND PLAN_YEAR = '2020' 
           AND PLAN_WEEK = '16' 
       ) AS PREV_DATE 
     , ( 
        SELECT MAX(SYS_DATE) || '220000' 
          FROM MWIPCALDEF 
         WHERE 1=1 
           AND CALENDAR_ID = 'HM' 
           AND PLAN_YEAR = '2020' 
           AND PLAN_WEEK = '16' 
       ) AS POST_DATE 
  FROM DUAL 

-------------------------------------------------------------
SELECT COUNT(*)
FROM RWEBFUNLOG
WHERE FACTORY = :FACTORY  
AND USER_ID = :USER_ID 
AND FUNC_NAME = :FUNC_NAME 
AND FUNC_GROUP = :FUNC_GROUP
AND VIEW_TIME BETWEEN TO_CHAR(SYSDATE - 10/1440, 'YYYYMMDDHH24MISS') AND TO_CHAR(SYSDATE + 10/1440, 'YYYYMMDDHH24MISS')
-------------------------------------------------------------
SELECT MIN(SYS_DATE)  FROM MWIPCALDEF WHERE CALENDAR_ID = 'OTD'   AND SYS_YEAR||LPAD(PLAN_WEEK,2,'0') = '202017'
-------------------------------------------------------------
SELECT COUNT(*)
FROM RWEBFUNLOG
WHERE FACTORY = :FACTORY  
AND USER_ID = :USER_ID 
AND FUNC_NAME = :FUNC_NAME 
AND FUNC_GROUP = :FUNC_GROUP
AND VIEW_TIME BETWEEN TO_CHAR(SYSDATE - 10/1440, 'YYYYMMDDHH24MISS') AND TO_CHAR(SYSDATE + 10/1440, 'YYYYMMDDHH24MISS')
-------------------------------------------------------------
SELECT (SELECT DATA_1 FROM MGCMTBLDAT@RPTTOMES WHERE FACTORY = 'HMVA2' AND TABLE_NAME = 'H_CUSTOMER' AND KEY_1 = A.CUSTOMER) AS CUSTOMER, PKG, SAP_CODE
     , RESV_FIELD_1 AS PIN_TYPE
     , OPER
     , ROUND(TTL_PLAN / 1, 0) AS TTL_PLAN
     , ROUND(TTL_DEF / 1, 0) AS TTL_DEF
     , DECODE(SEQ, 1, 'PLAN', 2, 'ACT', 3, 'BAL', 4, 'BOH') AS GUBUN
     , ROUND(DECODE(SEQ, 1, PLAN_D0, 2, SHP_D0, 3, BAL_D0, 4, WIP_D0) / 1, 0) AS D0
     , ROUND(DECODE(SEQ, 1, PLAN_D1, 2, SHP_D1, 3, BAL_D1, 4, WIP_D1) / 1, 0) AS D1
     , ROUND(DECODE(SEQ, 1, PLAN_D2, 2, SHP_D2, 3, BAL_D2, 4, WIP_D2) / 1, 0) AS D2
     , ROUND(DECODE(SEQ, 1, PLAN_D3, 2, SHP_D3, 3, BAL_D3, 4, WIP_D3) / 1, 0) AS D3
     , ROUND(DECODE(SEQ, 1, PLAN_D4, 2, SHP_D4, 3, BAL_D4, 4, WIP_D4) / 1, 0) AS D4
     , ROUND(DECODE(SEQ, 1, PLAN_D5, 2, SHP_D5, 3, BAL_D5, 4, WIP_D5) / 1, 0) AS D5
     , ROUND(DECODE(SEQ, 1, PLAN_D6, 2, SHP_D6, 3, BAL_D6, 4, WIP_D6) / 1, 0) AS D6
     , ROUND(DECODE(SEQ, 1, PLAN_D7, 2, SHP_D7, 3, BAL_D7, 4, WIP_D7) / 1, 0) AS D7
     , ROUND(DECODE(SEQ, 1, PLAN_D8, 2, SHP_D8, 3, BAL_D8, 4, WIP_D8) / 1, 0) AS D8
     , ROUND(DECODE(SEQ, 1, PLAN_D9, 2, SHP_D9, 3, BAL_D9, 4, WIP_D9) / 1, 0) AS D9
     , ROUND(DECODE(SEQ, 1, PLAN_D10, 2, SHP_D10, 3, BAL_D10, 4, WIP_D10) / 1, 0) AS D10
     , ROUND(DECODE(SEQ, 1, PLAN_D11, 2, SHP_D11, 3, BAL_D11, 4, WIP_D11) / 1, 0) AS D11
     , ROUND(DECODE(SEQ, 1, PLAN_D12, 2, SHP_D12, 3, BAL_D12, 4, WIP_D12) / 1, 0) AS D12
     , ROUND(DECODE(SEQ, 1, PLAN_D13, 2, SHP_D13, 3, BAL_D13, 4, WIP_D13) / 1, 0) AS D13
  FROM RSUMSCMDAT A
     , (
        SELECT DISTINCT MAT_GRP_10 AS PKG, VENDOR_ID
          FROM MWIPMATDEF
         WHERE FACTORY = 'HMVA2'
           AND DELETE_FLAG = ' '
           AND MAT_TYPE = 'FG'
       ) B
     , (SELECT LEVEL AS SEQ FROM DUAL CONNECT BY LEVEL <= 4) C
 WHERE 1=1   
   AND A.SAP_CODE = B.VENDOR_ID
   AND A.FACTORY = 'HMVA2'
   AND A.PLAN_WEEK = '202017'
 ORDER BY CUSTOMER, PKG, SAP_CODE, OPER_SEQ DESC, SEQ

-------------------------------------------------------------
