SELECT * FROM RWEBUSRDEF WHERE FACTORY = :FACTORY AND USER_ID= :USER_ID
-------------------------------------------------------------
SELECT A.FUNC_GRP_SEQ,A.SEC_GRP_ID,A.FUNC_GRP_ID,NVL(A.FUNC_NAME, ' ') FUNC_NAME, NVL(B.FUNC_DESC, ' ') FUNC_DESC, LANGUAGE_1, LANGUAGE_2, LANGUAGE_3
  FROM RWEBGRPFUN A, RWEBFUNDEF B
 WHERE A.FACTORY = :p_FACTORY
   AND A.SEC_GRP_ID = :p_SEC_GRP_ID
   AND A.FUNC_NAME=B.FUNC_NAME(+)
 ORDER BY A.FUNC_GRP_SEQ, A.FUNC_SEQ
-------------------------------------------------------------
SELECT COUNT(*)
FROM RWEBFUNLOG
WHERE FACTORY = :FACTORY  
AND USER_ID = :USER_ID 
AND FUNC_NAME = :FUNC_NAME 
AND FUNC_GROUP = :FUNC_GROUP
AND VIEW_TIME BETWEEN TO_CHAR(SYSDATE - 10/1440, 'YYYYMMDDHH24MISS') AND TO_CHAR(SYSDATE + 10/1440, 'YYYYMMDDHH24MISS')
-------------------------------------------------------------
INSERT INTO RWEBFUNLOG(FACTORY,USER_ID,FUNC_NAME,FUNC_GROUP,VIEW_TIME, UPDATE_TIME)
VALUES (:p_FACTORY, :p_USER_ID, :p_FUNC_NAME, :p_FUNC_GROUP,TO_CHAR(SYSDATE, 'YYYYMMDDHH24MISS') , TO_CHAR(SYSDATE, 'YYYYMMDDHH24MISS'))

-------------------------------------------------------------
SELECT LANGUAGE_2 FROM RWEBFUNDEF WHERE FUNC_NAME = 'PRD010503'
-------------------------------------------------------------
SELECT COUNT(*)
FROM RWEBFUNLOG
WHERE FACTORY = :FACTORY  
AND USER_ID = :USER_ID 
AND FUNC_NAME = :FUNC_NAME 
AND FUNC_GROUP = :FUNC_GROUP
AND VIEW_TIME BETWEEN TO_CHAR(SYSDATE - 10/1440, 'YYYYMMDDHH24MISS') AND TO_CHAR(SYSDATE + 10/1440, 'YYYYMMDDHH24MISS')
-------------------------------------------------------------
INSERT INTO RWEBFUNLOG(FACTORY,USER_ID,FUNC_NAME,FUNC_GROUP,VIEW_TIME, UPDATE_TIME)
VALUES (:p_FACTORY, :p_USER_ID, :p_FUNC_NAME, :p_FUNC_GROUP,TO_CHAR(SYSDATE, 'YYYYMMDDHH24MISS') , TO_CHAR(SYSDATE, 'YYYYMMDDHH24MISS'))

-------------------------------------------------------------
 SELECT UNIQUE PLAN_WEEK V1, (PLAN_YEAR || LPAD(PLAN_WEEK, 2,'0')) V2    FROM MWIPCALDEF   WHERE CALENDAR_ID IN ('SYSTEM', 'HM', 'SYSTEM')     AND SYS_YEAR = NVL('', TO_CHAR(SYSDATE,'yyyy'))    ORDER BY 1 
-------------------------------------------------------------
SELECT COUNT(*)
FROM RWEBFUNLOG
WHERE FACTORY = :FACTORY  
AND USER_ID = :USER_ID 
AND FUNC_NAME = :FUNC_NAME 
AND FUNC_GROUP = :FUNC_GROUP
AND VIEW_TIME BETWEEN TO_CHAR(SYSDATE - 10/1440, 'YYYYMMDDHH24MISS') AND TO_CHAR(SYSDATE + 10/1440, 'YYYYMMDDHH24MISS')
-------------------------------------------------------------
 SELECT UNIQUE PLAN_WEEK V1, (PLAN_YEAR || LPAD(PLAN_WEEK, 2,'0')) V2    FROM MWIPCALDEF   WHERE CALENDAR_ID IN ('SYSTEM', 'HM', 'SYSTEM')     AND SYS_YEAR = NVL('', TO_CHAR(SYSDATE,'yyyy'))    ORDER BY 1 
-------------------------------------------------------------
SELECT COUNT(*)
FROM RWEBFUNLOG
WHERE FACTORY = :FACTORY  
AND USER_ID = :USER_ID 
AND FUNC_NAME = :FUNC_NAME 
AND FUNC_GROUP = :FUNC_GROUP
AND VIEW_TIME BETWEEN TO_CHAR(SYSDATE - 10/1440, 'YYYYMMDDHH24MISS') AND TO_CHAR(SYSDATE + 10/1440, 'YYYYMMDDHH24MISS')
-------------------------------------------------------------
 SELECT UNIQUE PLAN_WEEK V1, (PLAN_YEAR || LPAD(PLAN_WEEK, 2,'0')) V2    FROM MWIPCALDEF   WHERE CALENDAR_ID IN ('SYSTEM', 'HM', 'SYSTEM')     AND SYS_YEAR = NVL('', TO_CHAR(SYSDATE,'yyyy'))    ORDER BY 1 
-------------------------------------------------------------
SELECT COUNT(*)
FROM RWEBFUNLOG
WHERE FACTORY = :FACTORY  
AND USER_ID = :USER_ID 
AND FUNC_NAME = :FUNC_NAME 
AND FUNC_GROUP = :FUNC_GROUP
AND VIEW_TIME BETWEEN TO_CHAR(SYSDATE - 10/1440, 'YYYYMMDDHH24MISS') AND TO_CHAR(SYSDATE + 10/1440, 'YYYYMMDDHH24MISS')
-------------------------------------------------------------
 SELECT PLAN_WEEK V1    FROM MWIPCALDEF   WHERE CALENDAR_ID IN ('SYSTEM', 'HM', 'SYSTEM')     AND SYS_DATE = TO_CHAR(SYSDATE,'yyyymmdd')      AND ROWNUM = 1  
-------------------------------------------------------------
SELECT COUNT(*)
FROM RWEBFUNLOG
WHERE FACTORY = :FACTORY  
AND USER_ID = :USER_ID 
AND FUNC_NAME = :FUNC_NAME 
AND FUNC_GROUP = :FUNC_GROUP
AND VIEW_TIME BETWEEN TO_CHAR(SYSDATE - 10/1440, 'YYYYMMDDHH24MISS') AND TO_CHAR(SYSDATE + 10/1440, 'YYYYMMDDHH24MISS')
-------------------------------------------------------------
 SELECT UNIQUE PLAN_WEEK V1, (PLAN_YEAR || LPAD(PLAN_WEEK, 2,'0')) V2    FROM MWIPCALDEF   WHERE CALENDAR_ID IN ('SYSTEM', 'HM', 'SYSTEM')     AND SYS_YEAR = NVL('2020', TO_CHAR(SYSDATE,'yyyy'))    ORDER BY 1 
-------------------------------------------------------------
SELECT COUNT(*)
FROM RWEBFUNLOG
WHERE FACTORY = :FACTORY  
AND USER_ID = :USER_ID 
AND FUNC_NAME = :FUNC_NAME 
AND FUNC_GROUP = :FUNC_GROUP
AND VIEW_TIME BETWEEN TO_CHAR(SYSDATE - 10/1440, 'YYYYMMDDHH24MISS') AND TO_CHAR(SYSDATE + 10/1440, 'YYYYMMDDHH24MISS')
-------------------------------------------------------------
 SELECT UNIQUE PLAN_WEEK V1, (PLAN_YEAR || LPAD(PLAN_WEEK, 2,'0')) V2    FROM MWIPCALDEF   WHERE CALENDAR_ID IN ('SYSTEM', 'HM', 'SYSTEM')     AND SYS_YEAR = NVL('2020', TO_CHAR(SYSDATE,'yyyy'))    ORDER BY 1 
-------------------------------------------------------------
SELECT COUNT(*)
FROM RWEBFUNLOG
WHERE FACTORY = :FACTORY  
AND USER_ID = :USER_ID 
AND FUNC_NAME = :FUNC_NAME 
AND FUNC_GROUP = :FUNC_GROUP
AND VIEW_TIME BETWEEN TO_CHAR(SYSDATE - 10/1440, 'YYYYMMDDHH24MISS') AND TO_CHAR(SYSDATE + 10/1440, 'YYYYMMDDHH24MISS')
-------------------------------------------------------------
SELECT LANGUAGE_2 FROM RWEBFUNDEF WHERE FUNC_NAME = 'PRD010401'
-------------------------------------------------------------
SELECT COUNT(*)
FROM RWEBFUNLOG
WHERE FACTORY = :FACTORY  
AND USER_ID = :USER_ID 
AND FUNC_NAME = :FUNC_NAME 
AND FUNC_GROUP = :FUNC_GROUP
AND VIEW_TIME BETWEEN TO_CHAR(SYSDATE - 10/1440, 'YYYYMMDDHH24MISS') AND TO_CHAR(SYSDATE + 10/1440, 'YYYYMMDDHH24MISS')
-------------------------------------------------------------
SELECT FACTORY Code, FAC_DESC Data
  FROM MWIPFACDEF
 WHERE FAC_GRP_5 = 'Y' 
 ORDER BY FAC_GRP_4 ASC
-------------------------------------------------------------
SELECT OPER, OPER_DESC  FROM MWIPOPRDEF
  WHERE FACTORY = 'HMVA2'  AND OPER NOT IN ('00001', '00002') AND OPER NOT LIKE 'V%' ORDER BY DECODE(OPER_CMF_2, ' ', 99999, TO_NUMBER(OPER_CMF_2)), OPER
-------------------------------------------------------------
SELECT COUNT(*)
FROM RWEBFUNLOG
WHERE FACTORY = :FACTORY  
AND USER_ID = :USER_ID 
AND FUNC_NAME = :FUNC_NAME 
AND FUNC_GROUP = :FUNC_GROUP
AND VIEW_TIME BETWEEN TO_CHAR(SYSDATE - 10/1440, 'YYYYMMDDHH24MISS') AND TO_CHAR(SYSDATE + 10/1440, 'YYYYMMDDHH24MISS')
-------------------------------------------------------------
        SELECT (SELECT DATA_1 FROM MGCMTBLDAT WHERE TABLE_NAME = 'H_CUSTOMER' AND KEY_1 = MAT_GRP_1 AND ROWNUM=1) AS CUSTOMER,  ' ',  ' ',  ' ',  ' ',  ' ',  ' ',  ' ',  ' ', MAT_CMF_10, MAT_ID, OPER,  ' ', CASE WHEN OPER <= 'A0200' THEN VENDOR_MAT_ID ELSE BASE_MAT_ID END SAP_CODE
             , SUM(TOTAL) AS TOTAL
             , SUM(ASSY_END_QTY0 ) VAL0
             , SUM(ASSY_END_QTY1 ) VAL1
             , ROUND(SUM(TOTAL)/2, 1) AVG
          FROM (
               SELECT B.MAT_GRP_1,  ' ',  ' ',  ' ',  ' ',  ' ',  ' ',  ' ',  ' ', B.MAT_CMF_10, B.MAT_ID, A.OPER,  ' ', BASE_MAT_ID,VENDOR_MAT_ID 
                    , DECODE(WORK_DATE, '20200514', (CASE WHEN OPER IN ('AZ010','SHIP','TZ010','F0000','EZ010', 'SZ010', 'BZ010') THEN SHIP_QTY_1 ELSE END_QTY_1 END),0) ASSY_END_QTY0
                    , DECODE(WORK_DATE, '20200515', (CASE WHEN OPER IN ('AZ010','SHIP','TZ010','F0000','EZ010', 'SZ010', 'BZ010') THEN SHIP_QTY_1 ELSE END_QTY_1 END),0) ASSY_END_QTY1
                    , (CASE WHEN OPER IN ('AZ010','SHIP','TZ010','F0000','EZ010', 'SZ010', 'BZ010') THEN SHIP_QTY_1 ELSE END_QTY_1 END) TOTAL
                 FROM (
                      SELECT FACTORY, MAT_ID, OPER, LOT_TYPE, MAT_VER, WORK_DATE, CM_KEY_3
                           , SUM(END_LOT) AS END_LOT
                           , SUM(END_QTY_1) AS END_QTY_1
                           , SUM(END_QTY_2) AS END_QTY_2
                           , SUM(SHIP_QTY_1) AS SHIP_QTY_1
                           , SUM(SHIP_QTY_2) AS SHIP_QTY_2
                        FROM (
                             SELECT FACTORY, MAT_ID, OPER, LOT_TYPE, MAT_VER, WORK_DATE, CM_KEY_3
                           , DECODE(SUBSTR(OPER,2,4),'0000',SUM(S1_OPER_IN_LOT+S2_OPER_IN_LOT+S3_OPER_IN_LOT),SUM(S1_END_LOT+S2_END_LOT+S3_END_LOT)) END_LOT
                           , DECODE(SUBSTR(OPER,2,4),'0000',SUM(S1_OPER_IN_QTY_1+S2_OPER_IN_QTY_1+S3_OPER_IN_QTY_1),SUM(S1_END_QTY_1+S2_END_QTY_1+S3_END_QTY_1+S1_END_RWK_QTY_1 + S2_END_RWK_QTY_1 + S3_END_RWK_QTY_1)) END_QTY_1
                           , DECODE(SUBSTR(OPER,2,4),'0000',SUM(S1_OPER_IN_QTY_2+S2_OPER_IN_QTY_2+S3_OPER_IN_QTY_2),SUM(S1_END_QTY_2+S2_END_QTY_2+S3_END_QTY_2+S1_END_RWK_QTY_2 + S2_END_RWK_QTY_2 + S3_END_RWK_QTY_2)) END_QTY_2
                           , 0 SHIP_QTY_1
                           , 0 SHIP_QTY_2
                        FROM RSUMWIPMOV 
                       WHERE OPER NOT IN ('AZ010','TZ010','F0000','EZ010', 'SZ010', 'BZ010')
                    GROUP BY FACTORY, MAT_ID, OPER, LOT_TYPE, MAT_VER, WORK_DATE, CM_KEY_3
                   UNION ALL
                      SELECT CM_KEY_1 AS FACTORY, MAT_ID
                           , DECODE(CM_KEY_1,'HMVA2','AZ010','HMKT1','TZ010','FGS','F0000','HMKE1','EZ010','HMKS1','SZ010', 'BZ010') OPER
                           , LOT_TYPE, MAT_VER,  WORK_DATE,CM_KEY_3
                           , 0 END_LOT
                           , 0 END_QTY_1
                           , 0 END_QTY_2
                           , SUM(S1_FAC_OUT_QTY_1+S2_FAC_OUT_QTY_1+S3_FAC_OUT_QTY_1) SHIP_QTY_1
                           , SUM(S1_FAC_OUT_QTY_2+S2_FAC_OUT_QTY_2+S3_FAC_OUT_QTY_2) SHIP_QTY_2
                        FROM RSUMFACMOV 
                       WHERE FACTORY NOT IN ('RETURN')
                    GROUP BY CM_KEY_1, MAT_ID, OPER, LOT_TYPE, MAT_VER, WORK_DATE, CM_KEY_3
                             )
                    GROUP BY FACTORY, MAT_ID, OPER, LOT_TYPE, MAT_VER, WORK_DATE, CM_KEY_3
                    )A
                  , MWIPMATDEF B 
              WHERE 1=1 
                AND A.FACTORY  = 'HMVA2' 
                AND A.FACTORY = B.FACTORY 
                AND A.MAT_ID = B.MAT_ID                
                AND A.MAT_VER = 1 
                AND B.MAT_VER = 1 
                AND B.MAT_TYPE = 'FG' 
                AND A.OPER LIKE '%'
                AND A.MAT_ID LIKE '%FPC'  
                AND A.CM_KEY_3 LIKE 'P%'
                AND A.OPER NOT IN ('00001','00002') 
                AND A.WORK_DATE BETWEEN '20200514' AND '20200515' 
         )   
   WHERE TOTAL > 0           
GROUP BY MAT_GRP_1,  ' ',  ' ',  ' ',  ' ',  ' ',  ' ',  ' ',  ' ', MAT_CMF_10, MAT_ID, OPER,  ' ', BASE_MAT_ID,VENDOR_MAT_ID
ORDER BY MAT_GRP_1,  ' ',  ' ',  ' ',  ' ',  ' ',  ' ',  ' ',  ' ', MAT_CMF_10, MAT_ID, DECODE(OPER,'AISSUE','A0001','TISSUE','T0001','EISSUE','E0001',OPER),  ' ', BASE_MAT_ID,VENDOR_MAT_ID

-------------------------------------------------------------
SELECT COUNT(*)
FROM RWEBFUNLOG
WHERE FACTORY = :FACTORY  
AND USER_ID = :USER_ID 
AND FUNC_NAME = :FUNC_NAME 
AND FUNC_GROUP = :FUNC_GROUP
AND VIEW_TIME BETWEEN TO_CHAR(SYSDATE - 10/1440, 'YYYYMMDDHH24MISS') AND TO_CHAR(SYSDATE + 10/1440, 'YYYYMMDDHH24MISS')
-------------------------------------------------------------
        SELECT (SELECT DATA_1 FROM MGCMTBLDAT WHERE TABLE_NAME = 'H_CUSTOMER' AND KEY_1 = MAT_GRP_1 AND ROWNUM=1) AS CUSTOMER,  ' ',  ' ',  ' ',  ' ',  ' ',  ' ',  ' ',  ' ', MAT_CMF_10, MAT_ID, OPER,  ' ', CASE WHEN OPER <= 'A0200' THEN VENDOR_MAT_ID ELSE BASE_MAT_ID END SAP_CODE
             , SUM(TOTAL) AS TOTAL
             , SUM(ASSY_END_QTY0 ) VAL0
             , SUM(ASSY_END_QTY1 ) VAL1
             , ROUND(SUM(TOTAL)/2, 1) AVG
          FROM (
               SELECT B.MAT_GRP_1,  ' ',  ' ',  ' ',  ' ',  ' ',  ' ',  ' ',  ' ', B.MAT_CMF_10, B.MAT_ID, A.OPER,  ' ', BASE_MAT_ID,VENDOR_MAT_ID 
                    , DECODE(WORK_DATE, '20200514', (CASE WHEN OPER IN ('AZ010','SHIP','TZ010','F0000','EZ010', 'SZ010', 'BZ010') THEN SHIP_QTY_1 ELSE END_QTY_1 END),0) ASSY_END_QTY0
                    , DECODE(WORK_DATE, '20200515', (CASE WHEN OPER IN ('AZ010','SHIP','TZ010','F0000','EZ010', 'SZ010', 'BZ010') THEN SHIP_QTY_1 ELSE END_QTY_1 END),0) ASSY_END_QTY1
                    , (CASE WHEN OPER IN ('AZ010','SHIP','TZ010','F0000','EZ010', 'SZ010', 'BZ010') THEN SHIP_QTY_1 ELSE END_QTY_1 END) TOTAL
                 FROM (
                      SELECT FACTORY, MAT_ID, OPER, LOT_TYPE, MAT_VER, WORK_DATE, CM_KEY_3
                           , SUM(END_LOT) AS END_LOT
                           , SUM(END_QTY_1) AS END_QTY_1
                           , SUM(END_QTY_2) AS END_QTY_2
                           , SUM(SHIP_QTY_1) AS SHIP_QTY_1
                           , SUM(SHIP_QTY_2) AS SHIP_QTY_2
                        FROM (
                             SELECT FACTORY, MAT_ID, OPER, LOT_TYPE, MAT_VER, WORK_DATE, CM_KEY_3
                           , DECODE(SUBSTR(OPER,2,4),'0000',SUM(S1_OPER_IN_LOT+S2_OPER_IN_LOT+S3_OPER_IN_LOT),SUM(S1_END_LOT+S2_END_LOT+S3_END_LOT)) END_LOT
                           , DECODE(SUBSTR(OPER,2,4),'0000',SUM(S1_OPER_IN_QTY_1+S2_OPER_IN_QTY_1+S3_OPER_IN_QTY_1),SUM(S1_END_QTY_1+S2_END_QTY_1+S3_END_QTY_1+S1_END_RWK_QTY_1 + S2_END_RWK_QTY_1 + S3_END_RWK_QTY_1)) END_QTY_1
                           , DECODE(SUBSTR(OPER,2,4),'0000',SUM(S1_OPER_IN_QTY_2+S2_OPER_IN_QTY_2+S3_OPER_IN_QTY_2),SUM(S1_END_QTY_2+S2_END_QTY_2+S3_END_QTY_2+S1_END_RWK_QTY_2 + S2_END_RWK_QTY_2 + S3_END_RWK_QTY_2)) END_QTY_2
                           , 0 SHIP_QTY_1
                           , 0 SHIP_QTY_2
                        FROM RSUMWIPMOV 
                       WHERE OPER NOT IN ('AZ010','TZ010','F0000','EZ010', 'SZ010', 'BZ010')
                    GROUP BY FACTORY, MAT_ID, OPER, LOT_TYPE, MAT_VER, WORK_DATE, CM_KEY_3
                   UNION ALL
                      SELECT CM_KEY_1 AS FACTORY, MAT_ID
                           , DECODE(CM_KEY_1,'HMVA2','AZ010','HMKT1','TZ010','FGS','F0000','HMKE1','EZ010','HMKS1','SZ010', 'BZ010') OPER
                           , LOT_TYPE, MAT_VER,  WORK_DATE,CM_KEY_3
                           , 0 END_LOT
                           , 0 END_QTY_1
                           , 0 END_QTY_2
                           , SUM(S1_FAC_OUT_QTY_1+S2_FAC_OUT_QTY_1+S3_FAC_OUT_QTY_1) SHIP_QTY_1
                           , SUM(S1_FAC_OUT_QTY_2+S2_FAC_OUT_QTY_2+S3_FAC_OUT_QTY_2) SHIP_QTY_2
                        FROM RSUMFACMOV 
                       WHERE FACTORY NOT IN ('RETURN')
                    GROUP BY CM_KEY_1, MAT_ID, OPER, LOT_TYPE, MAT_VER, WORK_DATE, CM_KEY_3
                             )
                    GROUP BY FACTORY, MAT_ID, OPER, LOT_TYPE, MAT_VER, WORK_DATE, CM_KEY_3
                    )A
                  , MWIPMATDEF B 
              WHERE 1=1 
                AND A.FACTORY  = 'HMVA2' 
                AND A.FACTORY = B.FACTORY 
                AND A.MAT_ID = B.MAT_ID                
                AND A.MAT_VER = 1 
                AND B.MAT_VER = 1 
                AND B.MAT_TYPE = 'FG' 
                AND A.OPER LIKE '%'
                AND A.MAT_ID LIKE '%'  
                AND A.CM_KEY_3 LIKE 'P%'
                AND A.OPER NOT IN ('00001','00002') 
                AND A.WORK_DATE BETWEEN '20200514' AND '20200515' 
         )   
   WHERE TOTAL > 0           
GROUP BY MAT_GRP_1,  ' ',  ' ',  ' ',  ' ',  ' ',  ' ',  ' ',  ' ', MAT_CMF_10, MAT_ID, OPER,  ' ', BASE_MAT_ID,VENDOR_MAT_ID
ORDER BY MAT_GRP_1,  ' ',  ' ',  ' ',  ' ',  ' ',  ' ',  ' ',  ' ', MAT_CMF_10, MAT_ID, DECODE(OPER,'AISSUE','A0001','TISSUE','T0001','EISSUE','E0001',OPER),  ' ', BASE_MAT_ID,VENDOR_MAT_ID

-------------------------------------------------------------
SELECT * FROM RWEBUSRDEF WHERE FACTORY = :FACTORY AND USER_ID= :USER_ID
-------------------------------------------------------------
SELECT COUNT(*)
FROM RWEBFUNLOG
WHERE FACTORY = :FACTORY  
AND USER_ID = :USER_ID 
AND FUNC_NAME = :FUNC_NAME 
AND FUNC_GROUP = :FUNC_GROUP
AND VIEW_TIME BETWEEN TO_CHAR(SYSDATE - 10/1440, 'YYYYMMDDHH24MISS') AND TO_CHAR(SYSDATE + 10/1440, 'YYYYMMDDHH24MISS')
-------------------------------------------------------------
INSERT INTO RWEBFUNLOG(FACTORY,USER_ID,FUNC_NAME,FUNC_GROUP,VIEW_TIME, UPDATE_TIME)
VALUES (:p_FACTORY, :p_USER_ID, :p_FUNC_NAME, :p_FUNC_GROUP,TO_CHAR(SYSDATE, 'YYYYMMDDHH24MISS') , TO_CHAR(SYSDATE, 'YYYYMMDDHH24MISS'))

-------------------------------------------------------------
SELECT A.FUNC_GRP_SEQ,A.SEC_GRP_ID,A.FUNC_GRP_ID,NVL(A.FUNC_NAME, ' ') FUNC_NAME, NVL(B.FUNC_DESC, ' ') FUNC_DESC, LANGUAGE_1, LANGUAGE_2, LANGUAGE_3
  FROM RWEBGRPFUN A, RWEBFUNDEF B
 WHERE A.FACTORY = :p_FACTORY
   AND A.SEC_GRP_ID = :p_SEC_GRP_ID
   AND A.FUNC_NAME=B.FUNC_NAME(+)
 ORDER BY A.FUNC_GRP_SEQ, A.FUNC_SEQ
-------------------------------------------------------------
SELECT * FROM RWEBUSRDEF WHERE FACTORY = :FACTORY AND USER_ID= :USER_ID
-------------------------------------------------------------
SELECT A.FUNC_GRP_SEQ,A.SEC_GRP_ID,A.FUNC_GRP_ID,NVL(A.FUNC_NAME, ' ') FUNC_NAME, NVL(B.FUNC_DESC, ' ') FUNC_DESC, LANGUAGE_1, LANGUAGE_2, LANGUAGE_3
  FROM RWEBGRPFUN A, RWEBFUNDEF B
 WHERE A.FACTORY = :p_FACTORY
   AND A.SEC_GRP_ID = :p_SEC_GRP_ID
   AND A.FUNC_NAME=B.FUNC_NAME(+)
 ORDER BY A.FUNC_GRP_SEQ, A.FUNC_SEQ
-------------------------------------------------------------
