SELECT * FROM RWEBUSRDEF WHERE FACTORY = :FACTORY AND USER_ID= :USER_ID
-------------------------------------------------------------
SELECT A.FUNC_GRP_SEQ,A.SEC_GRP_ID,A.FUNC_GRP_ID,NVL(A.FUNC_NAME, ' ') FUNC_NAME, NVL(B.FUNC_DESC, ' ') FUNC_DESC, LANGUAGE_1, LANGUAGE_2, LANGUAGE_3
  FROM RWEBGRPFUN A, RWEBFUNDEF B
 WHERE A.FACTORY = :p_FACTORY
   AND A.SEC_GRP_ID = :p_SEC_GRP_ID
   AND A.FUNC_NAME=B.FUNC_NAME(+)
 ORDER BY A.FUNC_GRP_SEQ, A.FUNC_SEQ
-------------------------------------------------------------
SELECT COUNT(*)
FROM RWEBFUNLOG
WHERE FACTORY = :FACTORY  
AND USER_ID = :USER_ID 
AND FUNC_NAME = :FUNC_NAME 
AND FUNC_GROUP = :FUNC_GROUP
AND VIEW_TIME BETWEEN TO_CHAR(SYSDATE - 10/1440, 'YYYYMMDDHH24MISS') AND TO_CHAR(SYSDATE + 10/1440, 'YYYYMMDDHH24MISS')
-------------------------------------------------------------
INSERT INTO RWEBFUNLOG(FACTORY,USER_ID,FUNC_NAME,FUNC_GROUP,VIEW_TIME, UPDATE_TIME)
VALUES (:p_FACTORY, :p_USER_ID, :p_FUNC_NAME, :p_FUNC_GROUP,TO_CHAR(SYSDATE, 'YYYYMMDDHH24MISS') , TO_CHAR(SYSDATE, 'YYYYMMDDHH24MISS'))

-------------------------------------------------------------
 SELECT PLAN_WEEK V1    FROM MWIPCALDEF   WHERE CALENDAR_ID IN ('SYSTEM', 'HM', 'SYSTEM')     AND SYS_DATE = TO_CHAR(SYSDATE,'yyyymmdd')      AND ROWNUM = 1  
-------------------------------------------------------------
SELECT COUNT(*)
FROM RWEBFUNLOG
WHERE FACTORY = :FACTORY  
AND USER_ID = :USER_ID 
AND FUNC_NAME = :FUNC_NAME 
AND FUNC_GROUP = :FUNC_GROUP
AND VIEW_TIME BETWEEN TO_CHAR(SYSDATE - 10/1440, 'YYYYMMDDHH24MISS') AND TO_CHAR(SYSDATE + 10/1440, 'YYYYMMDDHH24MISS')
-------------------------------------------------------------
 SELECT UNIQUE PLAN_WEEK V1, (PLAN_YEAR || LPAD(PLAN_WEEK, 2,'0')) V2    FROM MWIPCALDEF   WHERE CALENDAR_ID IN ('SYSTEM', 'HM', 'SYSTEM')     AND SYS_YEAR = NVL('2020', TO_CHAR(SYSDATE,'yyyy'))    ORDER BY 1 
-------------------------------------------------------------
SELECT COUNT(*)
FROM RWEBFUNLOG
WHERE FACTORY = :FACTORY  
AND USER_ID = :USER_ID 
AND FUNC_NAME = :FUNC_NAME 
AND FUNC_GROUP = :FUNC_GROUP
AND VIEW_TIME BETWEEN TO_CHAR(SYSDATE - 10/1440, 'YYYYMMDDHH24MISS') AND TO_CHAR(SYSDATE + 10/1440, 'YYYYMMDDHH24MISS')
-------------------------------------------------------------
 SELECT UNIQUE PLAN_WEEK V1, (PLAN_YEAR || LPAD(PLAN_WEEK, 2,'0')) V2    FROM MWIPCALDEF   WHERE CALENDAR_ID IN ('SYSTEM', 'HM', 'SYSTEM')     AND SYS_YEAR = NVL('2020', TO_CHAR(SYSDATE,'yyyy'))    ORDER BY 1 
-------------------------------------------------------------
SELECT COUNT(*)
FROM RWEBFUNLOG
WHERE FACTORY = :FACTORY  
AND USER_ID = :USER_ID 
AND FUNC_NAME = :FUNC_NAME 
AND FUNC_GROUP = :FUNC_GROUP
AND VIEW_TIME BETWEEN TO_CHAR(SYSDATE - 10/1440, 'YYYYMMDDHH24MISS') AND TO_CHAR(SYSDATE + 10/1440, 'YYYYMMDDHH24MISS')
-------------------------------------------------------------
SELECT LANGUAGE_2 FROM RWEBFUNDEF WHERE FUNC_NAME = 'PRD010603'
-------------------------------------------------------------
SELECT COUNT(*)
FROM RWEBFUNLOG
WHERE FACTORY = :FACTORY  
AND USER_ID = :USER_ID 
AND FUNC_NAME = :FUNC_NAME 
AND FUNC_GROUP = :FUNC_GROUP
AND VIEW_TIME BETWEEN TO_CHAR(SYSDATE - 10/1440, 'YYYYMMDDHH24MISS') AND TO_CHAR(SYSDATE + 10/1440, 'YYYYMMDDHH24MISS')
-------------------------------------------------------------
SELECT FACTORY Code, FAC_DESC Data
  FROM MWIPFACDEF
 WHERE FAC_GRP_5 = 'Y' 
 ORDER BY FAC_GRP_4 ASC
-------------------------------------------------------------
SELECT COUNT(*)
FROM RWEBFUNLOG
WHERE FACTORY = :FACTORY  
AND USER_ID = :USER_ID 
AND FUNC_NAME = :FUNC_NAME 
AND FUNC_GROUP = :FUNC_GROUP
AND VIEW_TIME BETWEEN TO_CHAR(SYSDATE - 10/1440, 'YYYYMMDDHH24MISS') AND TO_CHAR(SYSDATE + 10/1440, 'YYYYMMDDHH24MISS')
-------------------------------------------------------------
SELECT (SELECT DATA_1 FROM MGCMTBLDAT WHERE TABLE_NAME = 'H_CUSTOMER' AND KEY_1 = A.MAT_GRP_1 AND ROWNUM=1) AS CUSTOMER,  ' ',  ' ',  ' ',  ' ',  ' ',  ' ',  ' ', A.MAT_CMF_10, A.MAT_ID,  ' ',  ' ' 
     , A.INVOICE_NO
     , A.LOT_CMF_11 
     , A.LOT_ID
     , A.TRAN_TIME             
     , A.WORK_DATE
     , A.LOT_CMF_5
     , SUM(NVL(A.QTY_1,0)) +  SUM(NVL(LOSS_QTY,0)) - SUM(NVL(D.TOTAL_BONUS_QTY,0)) AS IN_QTY 
     , NVL(SUM(A.QTY_1),0) AS SHIP_QTY  
     , DECODE( NVL(SUM(A.QTY_1), 0), 0, 0, ROUND((SUM(A.QTY_1)/   (SUM(NVL(A.QTY_1,0)) + SUM(NVL(LOSS_QTY,0)) - SUM(NVL(D.TOTAL_BONUS_QTY,0))))*100,3)) AS YIELD
     , NVL(ROUND(SUM(TO_DATE(A.TRAN_TIME, 'YYYYMMDDHH24MISS') - TO_DATE(A.LOT_CMF_14, 'YYYYMMDDHH24MISS')) * 1,2), 0) AS TAT
     , 0 AS WAFER_QTY 
     , SUM(NVL(C.LOSS_QTY,0)) 
     , SUM(NVL(C.CV100,0))
     , SUM(NVL(C.CV200,0))
     , SUM(NVL(C.CV991,0))
     , SUM(NVL(C.BCV,0))
     , SUM(NVL(C.ECV,0))
     , SUM(NVL(C.HBCV,0))
     , SUM(NVL(C.HDCV,0))
     , SUM(NVL(C.HECV,0))
     , SUM(NVL(C.HQCV,0))
     , SUM(NVL(C.HSCV,0))
     , SUM(NVL(D.TOTAL_BONUS_QTY,0)) AS BONUS
     , A.NCF
     , A.NCH
     , A.LOT_CMF_10
     , DECODE(A.CREATE_CODE,'PROD', '','Y') AS RETN
     , A.LOT_CMF_3
  FROM (
        SELECT B.MAT_GRP_1, B.MAT_GRP_2, B.MAT_GRP_3, B.MAT_GRP_4, B.MAT_GRP_5, B.MAT_GRP_6, B.MAT_GRP_7, B.MAT_GRP_8, B.MAT_CMF_10, A.MAT_ID, B.MAT_CMF_7, A.LOT_CMF_4 
             , A.FACTORY
             , A.INVOICE_NO
             , A.LOT_CMF_10 
             , A.LOT_CMF_11 
             , A.LOT_CMF_14 
             , A.LOT_ID
             , NVL(SUM(A.QTY_1),0) QTY_1
             , NVL(SUM(A.QTY_2),0) QTY_2
             , (SELECT COUNT(A.LOT_ID) FROM CWIPLOTWFR WHERE LOT_ID = A.LOT_ID) AS WAFER_QTY
             , GET_WORK_DATE(A.TRAN_TIME,'D') AS WORK_DATE
             , A.TRAN_TIME     
             , A.LOT_CMF_5     
             , NVL(SUM(A.IN_QTY),0) IN_QTY
             , MESMGR.F_GET_MCP_NCF_SINGLE@RPTTOMES(A.LOT_ID) AS NCF
             , MESMGR.F_GET_SEC_NCX@RPTTOMES(A.FACTORY, 'NCHCODE', A.LOT_ID, 'V') AS NCH
             , A.CREATE_CODE
             , A.CREATE_TIME
             , A.RESV_FIELD_1
             , A.LOT_CMF_3
          FROM (
                SELECT FROM_FACTORY AS FACTORY
                     , INVOICE_NO
                     , MAT_ID
                     , LOT_ID
                     , SHIP_QTY_1 AS QTY_1
                     , SHIP_QTY_2 AS QTY_2 
                     , TRAN_TIME   
                     , LOT_CMF_3   
                     , LOT_CMF_4   
                     , LOT_CMF_5   
                     , LOT_CMF_10   
                     , LOT_CMF_11   
                     , LOT_CMF_14   
                     , IN_QTY 
                     , CREATE_CODE 
                     , CREATE_TIME 
                     , RESV_FIELD_1 
                  FROM VWIPSHPLOT   
                 WHERE 1=1   
                   AND FROM_FACTORY  = 'HMVA2' 
                   AND OWNER_CODE = 'PROD' 
                   AND TO_FACTORY IN ('CUSTOMER', 'HMKT1') 
                   AND LOT_TYPE = 'W' 
                   AND FROM_OPER IN ('AZ010','AZ009','TZ010','EZ010','SZ010','F0000', 'BZ010')
                   AND TRAN_TIME BETWEEN '20200709220000' AND '20200711215959' 
             ) A 
             , MWIPMATDEF@RPTTOMES B 
         WHERE 1=1 
           AND A.MAT_ID = B.MAT_ID(+) 
           AND A.FACTORY = B.FACTORY(+) 
           AND B.MAT_VER(+) = 1 
         GROUP BY B.MAT_GRP_1, B.MAT_GRP_2, B.MAT_GRP_3, B.MAT_GRP_4, B.MAT_GRP_5, B.MAT_GRP_6, B.MAT_GRP_7, B.MAT_GRP_8, B.MAT_CMF_10, A.MAT_ID, B.MAT_CMF_7
                , A.FACTORY, A.INVOICE_NO, A.LOT_CMF_10, A.LOT_CMF_11, A.LOT_CMF_14, A.LOT_ID, A.TRAN_TIME,  A.LOT_CMF_4, A.LOT_CMF_5, A.CREATE_CODE, A.CREATE_TIME, A.RESV_FIELD_1, A.LOT_CMF_3
       ) A
       , ( 
          SELECT FACTORY, MAT_VER, LOT_ID, SUM(LOSS_QTY) AS LOSS_QTY, SUM(CV100) CV100, SUM(CV200) CV200, SUM(CV991) CV991 , SUM(BCV) BCV, SUM(ECV) ECV, SUM(HBCV) HBCV, SUM(HDCV) HDCV, SUM(HECV) HECV, SUM(HQCV) HQCV, SUM(HSCV) HSCV
            FROM ( 
                  SELECT FACTORY, MAT_ID, MAT_VER, LOT_ID   
                       , SUM(DECODE(LOSS_CODE, '100', LOSS_QTY, 0)) AS CV100  
                       , SUM(DECODE(LOSS_CODE, '200', LOSS_QTY, 0)) AS CV200  
                       , SUM(DECODE(LOSS_CODE, '991', LOSS_QTY, 0)) AS CV991  
                       , SUM(DECODE(LOSS_CODE, '992-BCV', LOSS_QTY, 0)) AS BCV  
                       , SUM(DECODE(LOSS_CODE, '992-ECV', LOSS_QTY, 0)) AS ECV  
                       , SUM(DECODE(LOSS_CODE, '992-HBCV', LOSS_QTY, 0)) AS HBCV  
                       , SUM(DECODE(LOSS_CODE, '992-HDCV', LOSS_QTY, 0)) AS HDCV  
                       , SUM(DECODE(LOSS_CODE, '992-HECV', LOSS_QTY, 0)) AS HECV  
                       , SUM(DECODE(LOSS_CODE, '992-HQCV', LOSS_QTY, 0)) AS HQCV  
                       , SUM(DECODE(LOSS_CODE, '992-HSCV', LOSS_QTY, 0)) AS HSCV  
                       , SUM(LOSS_QTY) AS LOSS_QTY  
                    FROM RWIPLOTLSM  
                   WHERE HIST_DEL_FLAG= ' '  
                     AND LOT_ID IN ( 
                                    SELECT LOT_ID
                                      FROM VWIPSHPLOT   
                                     WHERE 1=1   
                                       AND FROM_FACTORY  = 'HMVA2' 
                                       AND OWNER_CODE = 'PROD' 
                                       AND TO_FACTORY IN ('CUSTOMER', 'HMKT1') 
                                       AND LOT_TYPE = 'W' 
                                       AND FROM_OPER IN ('AZ010','AZ009','TZ010','EZ010','SZ010','F0000', 'BZ010')
                                       AND TRAN_TIME BETWEEN '20200709220000' AND '20200711215959' 
                                   ) 
                   GROUP BY FACTORY, MAT_ID, MAT_VER, LOT_ID 
                 )  
           GROUP BY FACTORY, MAT_VER, LOT_ID
         ) C  
         , RWIPLOTBNS D 
     WHERE 1=1  
       AND A.FACTORY  = 'HMVA2' 
       AND A.FACTORY = C.FACTORY(+)  
       AND A.FACTORY = D.FACTORY(+) 
       AND A.LOT_ID = C.LOT_ID(+) 
       AND A.LOT_ID = D.LOT_ID(+) 
       AND C.MAT_VER(+)=1   
       AND D.MAT_VER(+)=1  
       AND A.MAT_ID LIKE 'CT%'  
 GROUP BY A.MAT_GRP_1,  ' ',  ' ',  ' ',  ' ',  ' ',  ' ',  ' ', A.MAT_CMF_10, A.MAT_ID,  ' ',  ' ', A.MAT_ID 
        , A.INVOICE_NO, A.LOT_CMF_11, A.LOT_ID, A.TRAN_TIME, A.WORK_DATE, A.LOT_CMF_5, A.NCF, A.NCH, A.LOT_CMF_10,A.CREATE_CODE, A.LOT_CMF_3  
 ORDER BY A.MAT_GRP_1,  ' ',  ' ',  ' ',  ' ',  ' ',  ' ',  ' ', A.MAT_CMF_10, A.MAT_ID,  ' ',  ' ', A.MAT_ID 
        , A.INVOICE_NO, A.LOT_CMF_11, A.LOT_ID, A.TRAN_TIME, A.WORK_DATE, A.LOT_CMF_5, A.NCF, A.NCH, A.LOT_CMF_10  

-------------------------------------------------------------
SELECT COUNT(*)
FROM RWEBFUNLOG
WHERE FACTORY = :FACTORY  
AND USER_ID = :USER_ID 
AND FUNC_NAME = :FUNC_NAME 
AND FUNC_GROUP = :FUNC_GROUP
AND VIEW_TIME BETWEEN TO_CHAR(SYSDATE - 10/1440, 'YYYYMMDDHH24MISS') AND TO_CHAR(SYSDATE + 10/1440, 'YYYYMMDDHH24MISS')
-------------------------------------------------------------
SELECT (SELECT DATA_1 FROM MGCMTBLDAT WHERE TABLE_NAME = 'H_CUSTOMER' AND KEY_1 = A.MAT_GRP_1 AND ROWNUM=1) AS CUSTOMER,  ' ',  ' ',  ' ',  ' ',  ' ',  ' ',  ' ', A.MAT_CMF_10, A.MAT_ID,  ' ',  ' ' 
     , A.INVOICE_NO
     , A.LOT_CMF_11 
     , A.LOT_ID
     , A.TRAN_TIME             
     , A.WORK_DATE
     , A.LOT_CMF_5
     , SUM(NVL(A.QTY_1,0)) +  SUM(NVL(LOSS_QTY,0)) - SUM(NVL(D.TOTAL_BONUS_QTY,0)) AS IN_QTY 
     , NVL(SUM(A.QTY_1),0) AS SHIP_QTY  
     , DECODE( NVL(SUM(A.QTY_1), 0), 0, 0, ROUND((SUM(A.QTY_1)/   (SUM(NVL(A.QTY_1,0)) + SUM(NVL(LOSS_QTY,0)) - SUM(NVL(D.TOTAL_BONUS_QTY,0))))*100,3)) AS YIELD
     , NVL(ROUND(SUM(TO_DATE(A.TRAN_TIME, 'YYYYMMDDHH24MISS') - TO_DATE(A.LOT_CMF_14, 'YYYYMMDDHH24MISS')) * 1,2), 0) AS TAT
     , 0 AS WAFER_QTY 
     , SUM(NVL(C.LOSS_QTY,0)) 
     , SUM(NVL(C.CV100,0))
     , SUM(NVL(C.CV200,0))
     , SUM(NVL(C.CV991,0))
     , SUM(NVL(C.BCV,0))
     , SUM(NVL(C.ECV,0))
     , SUM(NVL(C.HBCV,0))
     , SUM(NVL(C.HDCV,0))
     , SUM(NVL(C.HECV,0))
     , SUM(NVL(C.HQCV,0))
     , SUM(NVL(C.HSCV,0))
     , SUM(NVL(D.TOTAL_BONUS_QTY,0)) AS BONUS
     , A.NCF
     , A.NCH
     , A.LOT_CMF_10
     , DECODE(A.CREATE_CODE,'PROD', '','Y') AS RETN
     , A.LOT_CMF_3
  FROM (
        SELECT B.MAT_GRP_1, B.MAT_GRP_2, B.MAT_GRP_3, B.MAT_GRP_4, B.MAT_GRP_5, B.MAT_GRP_6, B.MAT_GRP_7, B.MAT_GRP_8, B.MAT_CMF_10, A.MAT_ID, B.MAT_CMF_7, A.LOT_CMF_4 
             , A.FACTORY
             , A.INVOICE_NO
             , A.LOT_CMF_10 
             , A.LOT_CMF_11 
             , A.LOT_CMF_14 
             , A.LOT_ID
             , NVL(SUM(A.QTY_1),0) QTY_1
             , NVL(SUM(A.QTY_2),0) QTY_2
             , (SELECT COUNT(A.LOT_ID) FROM CWIPLOTWFR WHERE LOT_ID = A.LOT_ID) AS WAFER_QTY
             , GET_WORK_DATE(A.TRAN_TIME,'D') AS WORK_DATE
             , A.TRAN_TIME     
             , A.LOT_CMF_5     
             , NVL(SUM(A.IN_QTY),0) IN_QTY
             , MESMGR.F_GET_MCP_NCF_SINGLE@RPTTOMES(A.LOT_ID) AS NCF
             , MESMGR.F_GET_SEC_NCX@RPTTOMES(A.FACTORY, 'NCHCODE', A.LOT_ID, 'V') AS NCH
             , A.CREATE_CODE
             , A.CREATE_TIME
             , A.RESV_FIELD_1
             , A.LOT_CMF_3
          FROM (
                SELECT FROM_FACTORY AS FACTORY
                     , INVOICE_NO
                     , MAT_ID
                     , LOT_ID
                     , SHIP_QTY_1 AS QTY_1
                     , SHIP_QTY_2 AS QTY_2 
                     , TRAN_TIME   
                     , LOT_CMF_3   
                     , LOT_CMF_4   
                     , LOT_CMF_5   
                     , LOT_CMF_10   
                     , LOT_CMF_11   
                     , LOT_CMF_14   
                     , IN_QTY 
                     , CREATE_CODE 
                     , CREATE_TIME 
                     , RESV_FIELD_1 
                  FROM VWIPSHPLOT   
                 WHERE 1=1   
                   AND FROM_FACTORY  = 'HMVA2' 
                   AND OWNER_CODE = 'PROD' 
                   AND TO_FACTORY IN ('CUSTOMER', 'HMKT1') 
                   AND LOT_TYPE = 'W' 
                   AND FROM_OPER IN ('AZ010','AZ009','TZ010','EZ010','SZ010','F0000', 'BZ010')
                   AND TRAN_TIME BETWEEN '20200709220000' AND '20200711215959' 
             ) A 
             , MWIPMATDEF@RPTTOMES B 
         WHERE 1=1 
           AND A.MAT_ID = B.MAT_ID(+) 
           AND A.FACTORY = B.FACTORY(+) 
           AND B.MAT_VER(+) = 1 
         GROUP BY B.MAT_GRP_1, B.MAT_GRP_2, B.MAT_GRP_3, B.MAT_GRP_4, B.MAT_GRP_5, B.MAT_GRP_6, B.MAT_GRP_7, B.MAT_GRP_8, B.MAT_CMF_10, A.MAT_ID, B.MAT_CMF_7
                , A.FACTORY, A.INVOICE_NO, A.LOT_CMF_10, A.LOT_CMF_11, A.LOT_CMF_14, A.LOT_ID, A.TRAN_TIME,  A.LOT_CMF_4, A.LOT_CMF_5, A.CREATE_CODE, A.CREATE_TIME, A.RESV_FIELD_1, A.LOT_CMF_3
       ) A
       , ( 
          SELECT FACTORY, MAT_VER, LOT_ID, SUM(LOSS_QTY) AS LOSS_QTY, SUM(CV100) CV100, SUM(CV200) CV200, SUM(CV991) CV991 , SUM(BCV) BCV, SUM(ECV) ECV, SUM(HBCV) HBCV, SUM(HDCV) HDCV, SUM(HECV) HECV, SUM(HQCV) HQCV, SUM(HSCV) HSCV
            FROM ( 
                  SELECT FACTORY, MAT_ID, MAT_VER, LOT_ID   
                       , SUM(DECODE(LOSS_CODE, '100', LOSS_QTY, 0)) AS CV100  
                       , SUM(DECODE(LOSS_CODE, '200', LOSS_QTY, 0)) AS CV200  
                       , SUM(DECODE(LOSS_CODE, '991', LOSS_QTY, 0)) AS CV991  
                       , SUM(DECODE(LOSS_CODE, '992-BCV', LOSS_QTY, 0)) AS BCV  
                       , SUM(DECODE(LOSS_CODE, '992-ECV', LOSS_QTY, 0)) AS ECV  
                       , SUM(DECODE(LOSS_CODE, '992-HBCV', LOSS_QTY, 0)) AS HBCV  
                       , SUM(DECODE(LOSS_CODE, '992-HDCV', LOSS_QTY, 0)) AS HDCV  
                       , SUM(DECODE(LOSS_CODE, '992-HECV', LOSS_QTY, 0)) AS HECV  
                       , SUM(DECODE(LOSS_CODE, '992-HQCV', LOSS_QTY, 0)) AS HQCV  
                       , SUM(DECODE(LOSS_CODE, '992-HSCV', LOSS_QTY, 0)) AS HSCV  
                       , SUM(LOSS_QTY) AS LOSS_QTY  
                    FROM RWIPLOTLSM  
                   WHERE HIST_DEL_FLAG= ' '  
                     AND LOT_ID IN ( 
                                    SELECT LOT_ID
                                      FROM VWIPSHPLOT   
                                     WHERE 1=1   
                                       AND FROM_FACTORY  = 'HMVA2' 
                                       AND OWNER_CODE = 'PROD' 
                                       AND TO_FACTORY IN ('CUSTOMER', 'HMKT1') 
                                       AND LOT_TYPE = 'W' 
                                       AND FROM_OPER IN ('AZ010','AZ009','TZ010','EZ010','SZ010','F0000', 'BZ010')
                                       AND TRAN_TIME BETWEEN '20200709220000' AND '20200711215959' 
                                   ) 
                   GROUP BY FACTORY, MAT_ID, MAT_VER, LOT_ID 
                 )  
           GROUP BY FACTORY, MAT_VER, LOT_ID
         ) C  
         , RWIPLOTBNS D 
     WHERE 1=1  
       AND A.FACTORY  = 'HMVA2' 
       AND A.FACTORY = C.FACTORY(+)  
       AND A.FACTORY = D.FACTORY(+) 
       AND A.LOT_ID = C.LOT_ID(+) 
       AND A.LOT_ID = D.LOT_ID(+) 
       AND C.MAT_VER(+)=1   
       AND D.MAT_VER(+)=1  
 GROUP BY A.MAT_GRP_1,  ' ',  ' ',  ' ',  ' ',  ' ',  ' ',  ' ', A.MAT_CMF_10, A.MAT_ID,  ' ',  ' ', A.MAT_ID 
        , A.INVOICE_NO, A.LOT_CMF_11, A.LOT_ID, A.TRAN_TIME, A.WORK_DATE, A.LOT_CMF_5, A.NCF, A.NCH, A.LOT_CMF_10,A.CREATE_CODE, A.LOT_CMF_3  
 ORDER BY A.MAT_GRP_1,  ' ',  ' ',  ' ',  ' ',  ' ',  ' ',  ' ', A.MAT_CMF_10, A.MAT_ID,  ' ',  ' ', A.MAT_ID 
        , A.INVOICE_NO, A.LOT_CMF_11, A.LOT_ID, A.TRAN_TIME, A.WORK_DATE, A.LOT_CMF_5, A.NCF, A.NCH, A.LOT_CMF_10  

-------------------------------------------------------------
SELECT COUNT(*)
FROM RWEBFUNLOG
WHERE FACTORY = :FACTORY  
AND USER_ID = :USER_ID 
AND FUNC_NAME = :FUNC_NAME 
AND FUNC_GROUP = :FUNC_GROUP
AND VIEW_TIME BETWEEN TO_CHAR(SYSDATE - 10/1440, 'YYYYMMDDHH24MISS') AND TO_CHAR(SYSDATE + 10/1440, 'YYYYMMDDHH24MISS')
-------------------------------------------------------------
SELECT (SELECT DATA_1 FROM MGCMTBLDAT WHERE TABLE_NAME = 'H_CUSTOMER' AND KEY_1 = A.MAT_GRP_1 AND ROWNUM=1) AS CUSTOMER,  ' ',  ' ',  ' ',  ' ',  ' ',  ' ',  ' ', A.MAT_CMF_10, A.MAT_ID,  ' ',  ' ' 
     , A.INVOICE_NO
     , A.LOT_CMF_11 
     , A.LOT_ID
     , A.TRAN_TIME             
     , A.WORK_DATE
     , A.LOT_CMF_5
     , SUM(NVL(A.QTY_1,0)) +  SUM(NVL(LOSS_QTY,0)) - SUM(NVL(D.TOTAL_BONUS_QTY,0)) AS IN_QTY 
     , NVL(SUM(A.QTY_1),0) AS SHIP_QTY  
     , DECODE( NVL(SUM(A.QTY_1), 0), 0, 0, ROUND((SUM(A.QTY_1)/   (SUM(NVL(A.QTY_1,0)) + SUM(NVL(LOSS_QTY,0)) - SUM(NVL(D.TOTAL_BONUS_QTY,0))))*100,3)) AS YIELD
     , NVL(ROUND(SUM(TO_DATE(A.TRAN_TIME, 'YYYYMMDDHH24MISS') - TO_DATE(A.LOT_CMF_14, 'YYYYMMDDHH24MISS')) * 1,2), 0) AS TAT
     , 0 AS WAFER_QTY 
     , SUM(NVL(C.LOSS_QTY,0)) 
     , SUM(NVL(C.CV100,0))
     , SUM(NVL(C.CV200,0))
     , SUM(NVL(C.CV991,0))
     , SUM(NVL(C.BCV,0))
     , SUM(NVL(C.ECV,0))
     , SUM(NVL(C.HBCV,0))
     , SUM(NVL(C.HDCV,0))
     , SUM(NVL(C.HECV,0))
     , SUM(NVL(C.HQCV,0))
     , SUM(NVL(C.HSCV,0))
     , SUM(NVL(D.TOTAL_BONUS_QTY,0)) AS BONUS
     , A.NCF
     , A.NCH
     , A.LOT_CMF_10
     , DECODE(A.CREATE_CODE,'PROD', '','Y') AS RETN
     , A.LOT_CMF_3
  FROM (
        SELECT B.MAT_GRP_1, B.MAT_GRP_2, B.MAT_GRP_3, B.MAT_GRP_4, B.MAT_GRP_5, B.MAT_GRP_6, B.MAT_GRP_7, B.MAT_GRP_8, B.MAT_CMF_10, A.MAT_ID, B.MAT_CMF_7, A.LOT_CMF_4 
             , A.FACTORY
             , A.INVOICE_NO
             , A.LOT_CMF_10 
             , A.LOT_CMF_11 
             , A.LOT_CMF_14 
             , A.LOT_ID
             , NVL(SUM(A.QTY_1),0) QTY_1
             , NVL(SUM(A.QTY_2),0) QTY_2
             , (SELECT COUNT(A.LOT_ID) FROM CWIPLOTWFR WHERE LOT_ID = A.LOT_ID) AS WAFER_QTY
             , GET_WORK_DATE(A.TRAN_TIME,'D') AS WORK_DATE
             , A.TRAN_TIME     
             , A.LOT_CMF_5     
             , NVL(SUM(A.IN_QTY),0) IN_QTY
             , MESMGR.F_GET_MCP_NCF_SINGLE@RPTTOMES(A.LOT_ID) AS NCF
             , MESMGR.F_GET_SEC_NCX@RPTTOMES(A.FACTORY, 'NCHCODE', A.LOT_ID, 'V') AS NCH
             , A.CREATE_CODE
             , A.CREATE_TIME
             , A.RESV_FIELD_1
             , A.LOT_CMF_3
          FROM (
                SELECT FROM_FACTORY AS FACTORY
                     , INVOICE_NO
                     , MAT_ID
                     , LOT_ID
                     , SHIP_QTY_1 AS QTY_1
                     , SHIP_QTY_2 AS QTY_2 
                     , TRAN_TIME   
                     , LOT_CMF_3   
                     , LOT_CMF_4   
                     , LOT_CMF_5   
                     , LOT_CMF_10   
                     , LOT_CMF_11   
                     , LOT_CMF_14   
                     , IN_QTY 
                     , CREATE_CODE 
                     , CREATE_TIME 
                     , RESV_FIELD_1 
                  FROM VWIPSHPLOT   
                 WHERE 1=1   
                   AND FROM_FACTORY  = 'HMVA2' 
                   AND OWNER_CODE = 'PROD' 
                   AND TO_FACTORY IN ('CUSTOMER', 'HMKT1') 
                   AND LOT_TYPE = 'W' 
                   AND FROM_OPER IN ('AZ010','AZ009','TZ010','EZ010','SZ010','F0000', 'BZ010')
                   AND TRAN_TIME BETWEEN '20200709220000' AND '20200711215959' 
             ) A 
             , MWIPMATDEF@RPTTOMES B 
         WHERE 1=1 
           AND A.MAT_ID = B.MAT_ID(+) 
           AND A.FACTORY = B.FACTORY(+) 
           AND B.MAT_VER(+) = 1 
         GROUP BY B.MAT_GRP_1, B.MAT_GRP_2, B.MAT_GRP_3, B.MAT_GRP_4, B.MAT_GRP_5, B.MAT_GRP_6, B.MAT_GRP_7, B.MAT_GRP_8, B.MAT_CMF_10, A.MAT_ID, B.MAT_CMF_7
                , A.FACTORY, A.INVOICE_NO, A.LOT_CMF_10, A.LOT_CMF_11, A.LOT_CMF_14, A.LOT_ID, A.TRAN_TIME,  A.LOT_CMF_4, A.LOT_CMF_5, A.CREATE_CODE, A.CREATE_TIME, A.RESV_FIELD_1, A.LOT_CMF_3
       ) A
       , ( 
          SELECT FACTORY, MAT_VER, LOT_ID, SUM(LOSS_QTY) AS LOSS_QTY, SUM(CV100) CV100, SUM(CV200) CV200, SUM(CV991) CV991 , SUM(BCV) BCV, SUM(ECV) ECV, SUM(HBCV) HBCV, SUM(HDCV) HDCV, SUM(HECV) HECV, SUM(HQCV) HQCV, SUM(HSCV) HSCV
            FROM ( 
                  SELECT FACTORY, MAT_ID, MAT_VER, LOT_ID   
                       , SUM(DECODE(LOSS_CODE, '100', LOSS_QTY, 0)) AS CV100  
                       , SUM(DECODE(LOSS_CODE, '200', LOSS_QTY, 0)) AS CV200  
                       , SUM(DECODE(LOSS_CODE, '991', LOSS_QTY, 0)) AS CV991  
                       , SUM(DECODE(LOSS_CODE, '992-BCV', LOSS_QTY, 0)) AS BCV  
                       , SUM(DECODE(LOSS_CODE, '992-ECV', LOSS_QTY, 0)) AS ECV  
                       , SUM(DECODE(LOSS_CODE, '992-HBCV', LOSS_QTY, 0)) AS HBCV  
                       , SUM(DECODE(LOSS_CODE, '992-HDCV', LOSS_QTY, 0)) AS HDCV  
                       , SUM(DECODE(LOSS_CODE, '992-HECV', LOSS_QTY, 0)) AS HECV  
                       , SUM(DECODE(LOSS_CODE, '992-HQCV', LOSS_QTY, 0)) AS HQCV  
                       , SUM(DECODE(LOSS_CODE, '992-HSCV', LOSS_QTY, 0)) AS HSCV  
                       , SUM(LOSS_QTY) AS LOSS_QTY  
                    FROM RWIPLOTLSM  
                   WHERE HIST_DEL_FLAG= ' '  
                     AND LOT_ID IN ( 
                                    SELECT LOT_ID
                                      FROM VWIPSHPLOT   
                                     WHERE 1=1   
                                       AND FROM_FACTORY  = 'HMVA2' 
                                       AND OWNER_CODE = 'PROD' 
                                       AND TO_FACTORY IN ('CUSTOMER', 'HMKT1') 
                                       AND LOT_TYPE = 'W' 
                                       AND FROM_OPER IN ('AZ010','AZ009','TZ010','EZ010','SZ010','F0000', 'BZ010')
                                       AND TRAN_TIME BETWEEN '20200709220000' AND '20200711215959' 
                                   ) 
                   GROUP BY FACTORY, MAT_ID, MAT_VER, LOT_ID 
                 )  
           GROUP BY FACTORY, MAT_VER, LOT_ID
         ) C  
         , RWIPLOTBNS D 
     WHERE 1=1  
       AND A.FACTORY  = 'HMVA2' 
       AND A.FACTORY = C.FACTORY(+)  
       AND A.FACTORY = D.FACTORY(+) 
       AND A.LOT_ID = C.LOT_ID(+) 
       AND A.LOT_ID = D.LOT_ID(+) 
       AND C.MAT_VER(+)=1   
       AND D.MAT_VER(+)=1  
 GROUP BY A.MAT_GRP_1,  ' ',  ' ',  ' ',  ' ',  ' ',  ' ',  ' ', A.MAT_CMF_10, A.MAT_ID,  ' ',  ' ', A.MAT_ID 
        , A.INVOICE_NO, A.LOT_CMF_11, A.LOT_ID, A.TRAN_TIME, A.WORK_DATE, A.LOT_CMF_5, A.NCF, A.NCH, A.LOT_CMF_10,A.CREATE_CODE, A.LOT_CMF_3  
 ORDER BY A.MAT_GRP_1,  ' ',  ' ',  ' ',  ' ',  ' ',  ' ',  ' ', A.MAT_CMF_10, A.MAT_ID,  ' ',  ' ', A.MAT_ID 
        , A.INVOICE_NO, A.LOT_CMF_11, A.LOT_ID, A.TRAN_TIME, A.WORK_DATE, A.LOT_CMF_5, A.NCF, A.NCH, A.LOT_CMF_10  

-------------------------------------------------------------
SELECT COUNT(*)
FROM RWEBFUNLOG
WHERE FACTORY = :FACTORY  
AND USER_ID = :USER_ID 
AND FUNC_NAME = :FUNC_NAME 
AND FUNC_GROUP = :FUNC_GROUP
AND VIEW_TIME BETWEEN TO_CHAR(SYSDATE - 10/1440, 'YYYYMMDDHH24MISS') AND TO_CHAR(SYSDATE + 10/1440, 'YYYYMMDDHH24MISS')
-------------------------------------------------------------
SELECT (SELECT DATA_1 FROM MGCMTBLDAT WHERE TABLE_NAME = 'H_CUSTOMER' AND KEY_1 = A.MAT_GRP_1 AND ROWNUM=1) AS CUSTOMER,  ' ',  ' ',  ' ',  ' ',  ' ',  ' ',  ' ', A.MAT_CMF_10, A.MAT_ID,  ' ',  ' ' 
     , A.INVOICE_NO
     , A.LOT_CMF_11 
     , A.LOT_ID
     , A.TRAN_TIME             
     , A.WORK_DATE
     , A.LOT_CMF_5
     , SUM(NVL(A.QTY_1,0)) +  SUM(NVL(LOSS_QTY,0)) - SUM(NVL(D.TOTAL_BONUS_QTY,0)) AS IN_QTY 
     , NVL(SUM(A.QTY_1),0) AS SHIP_QTY  
     , DECODE( NVL(SUM(A.QTY_1), 0), 0, 0, ROUND((SUM(A.QTY_1)/   (SUM(NVL(A.QTY_1,0)) + SUM(NVL(LOSS_QTY,0)) - SUM(NVL(D.TOTAL_BONUS_QTY,0))))*100,3)) AS YIELD
     , NVL(ROUND(SUM(TO_DATE(A.TRAN_TIME, 'YYYYMMDDHH24MISS') - TO_DATE(A.LOT_CMF_14, 'YYYYMMDDHH24MISS')) * 1,2), 0) AS TAT
     , 0 AS WAFER_QTY 
     , SUM(NVL(C.LOSS_QTY,0)) 
     , SUM(NVL(C.CV100,0))
     , SUM(NVL(C.CV200,0))
     , SUM(NVL(C.CV991,0))
     , SUM(NVL(C.BCV,0))
     , SUM(NVL(C.ECV,0))
     , SUM(NVL(C.HBCV,0))
     , SUM(NVL(C.HDCV,0))
     , SUM(NVL(C.HECV,0))
     , SUM(NVL(C.HQCV,0))
     , SUM(NVL(C.HSCV,0))
     , SUM(NVL(D.TOTAL_BONUS_QTY,0)) AS BONUS
     , A.NCF
     , A.NCH
     , A.LOT_CMF_10
     , DECODE(A.CREATE_CODE,'PROD', '','Y') AS RETN
     , A.LOT_CMF_3
  FROM (
        SELECT B.MAT_GRP_1, B.MAT_GRP_2, B.MAT_GRP_3, B.MAT_GRP_4, B.MAT_GRP_5, B.MAT_GRP_6, B.MAT_GRP_7, B.MAT_GRP_8, B.MAT_CMF_10, A.MAT_ID, B.MAT_CMF_7, A.LOT_CMF_4 
             , A.FACTORY
             , A.INVOICE_NO
             , A.LOT_CMF_10 
             , A.LOT_CMF_11 
             , A.LOT_CMF_14 
             , A.LOT_ID
             , NVL(SUM(A.QTY_1),0) QTY_1
             , NVL(SUM(A.QTY_2),0) QTY_2
             , (SELECT COUNT(A.LOT_ID) FROM CWIPLOTWFR WHERE LOT_ID = A.LOT_ID) AS WAFER_QTY
             , GET_WORK_DATE(A.TRAN_TIME,'D') AS WORK_DATE
             , A.TRAN_TIME     
             , A.LOT_CMF_5     
             , NVL(SUM(A.IN_QTY),0) IN_QTY
             , MESMGR.F_GET_MCP_NCF_SINGLE@RPTTOMES(A.LOT_ID) AS NCF
             , MESMGR.F_GET_SEC_NCX@RPTTOMES(A.FACTORY, 'NCHCODE', A.LOT_ID, 'V') AS NCH
             , A.CREATE_CODE
             , A.CREATE_TIME
             , A.RESV_FIELD_1
             , A.LOT_CMF_3
          FROM (
                SELECT FROM_FACTORY AS FACTORY
                     , INVOICE_NO
                     , MAT_ID
                     , LOT_ID
                     , SHIP_QTY_1 AS QTY_1
                     , SHIP_QTY_2 AS QTY_2 
                     , TRAN_TIME   
                     , LOT_CMF_3   
                     , LOT_CMF_4   
                     , LOT_CMF_5   
                     , LOT_CMF_10   
                     , LOT_CMF_11   
                     , LOT_CMF_14   
                     , IN_QTY 
                     , CREATE_CODE 
                     , CREATE_TIME 
                     , RESV_FIELD_1 
                  FROM VWIPSHPLOT   
                 WHERE 1=1   
                   AND FROM_FACTORY  = 'HMVA2' 
                   AND OWNER_CODE = 'PROD' 
                   AND TO_FACTORY IN ('CUSTOMER', 'HMKT1') 
                   AND LOT_TYPE = 'W' 
                   AND FROM_OPER IN ('AZ010','AZ009','TZ010','EZ010','SZ010','F0000', 'BZ010')
                   AND TRAN_TIME BETWEEN '20200709220000' AND '20200711215959' 
             ) A 
             , MWIPMATDEF@RPTTOMES B 
         WHERE 1=1 
           AND A.MAT_ID = B.MAT_ID(+) 
           AND A.FACTORY = B.FACTORY(+) 
           AND B.MAT_VER(+) = 1 
         GROUP BY B.MAT_GRP_1, B.MAT_GRP_2, B.MAT_GRP_3, B.MAT_GRP_4, B.MAT_GRP_5, B.MAT_GRP_6, B.MAT_GRP_7, B.MAT_GRP_8, B.MAT_CMF_10, A.MAT_ID, B.MAT_CMF_7
                , A.FACTORY, A.INVOICE_NO, A.LOT_CMF_10, A.LOT_CMF_11, A.LOT_CMF_14, A.LOT_ID, A.TRAN_TIME,  A.LOT_CMF_4, A.LOT_CMF_5, A.CREATE_CODE, A.CREATE_TIME, A.RESV_FIELD_1, A.LOT_CMF_3
       ) A
       , ( 
          SELECT FACTORY, MAT_VER, LOT_ID, SUM(LOSS_QTY) AS LOSS_QTY, SUM(CV100) CV100, SUM(CV200) CV200, SUM(CV991) CV991 , SUM(BCV) BCV, SUM(ECV) ECV, SUM(HBCV) HBCV, SUM(HDCV) HDCV, SUM(HECV) HECV, SUM(HQCV) HQCV, SUM(HSCV) HSCV
            FROM ( 
                  SELECT FACTORY, MAT_ID, MAT_VER, LOT_ID   
                       , SUM(DECODE(LOSS_CODE, '100', LOSS_QTY, 0)) AS CV100  
                       , SUM(DECODE(LOSS_CODE, '200', LOSS_QTY, 0)) AS CV200  
                       , SUM(DECODE(LOSS_CODE, '991', LOSS_QTY, 0)) AS CV991  
                       , SUM(DECODE(LOSS_CODE, '992-BCV', LOSS_QTY, 0)) AS BCV  
                       , SUM(DECODE(LOSS_CODE, '992-ECV', LOSS_QTY, 0)) AS ECV  
                       , SUM(DECODE(LOSS_CODE, '992-HBCV', LOSS_QTY, 0)) AS HBCV  
                       , SUM(DECODE(LOSS_CODE, '992-HDCV', LOSS_QTY, 0)) AS HDCV  
                       , SUM(DECODE(LOSS_CODE, '992-HECV', LOSS_QTY, 0)) AS HECV  
                       , SUM(DECODE(LOSS_CODE, '992-HQCV', LOSS_QTY, 0)) AS HQCV  
                       , SUM(DECODE(LOSS_CODE, '992-HSCV', LOSS_QTY, 0)) AS HSCV  
                       , SUM(LOSS_QTY) AS LOSS_QTY  
                    FROM RWIPLOTLSM  
                   WHERE HIST_DEL_FLAG= ' '  
                     AND LOT_ID IN ( 
                                    SELECT LOT_ID
                                      FROM VWIPSHPLOT   
                                     WHERE 1=1   
                                       AND FROM_FACTORY  = 'HMVA2' 
                                       AND OWNER_CODE = 'PROD' 
                                       AND TO_FACTORY IN ('CUSTOMER', 'HMKT1') 
                                       AND LOT_TYPE = 'W' 
                                       AND FROM_OPER IN ('AZ010','AZ009','TZ010','EZ010','SZ010','F0000', 'BZ010')
                                       AND TRAN_TIME BETWEEN '20200709220000' AND '20200711215959' 
                                   ) 
                   GROUP BY FACTORY, MAT_ID, MAT_VER, LOT_ID 
                 )  
           GROUP BY FACTORY, MAT_VER, LOT_ID
         ) C  
         , RWIPLOTBNS D 
     WHERE 1=1  
       AND A.FACTORY  = 'HMVA2' 
       AND A.FACTORY = C.FACTORY(+)  
       AND A.FACTORY = D.FACTORY(+) 
       AND A.LOT_ID = C.LOT_ID(+) 
       AND A.LOT_ID = D.LOT_ID(+) 
       AND C.MAT_VER(+)=1   
       AND D.MAT_VER(+)=1  
 GROUP BY A.MAT_GRP_1,  ' ',  ' ',  ' ',  ' ',  ' ',  ' ',  ' ', A.MAT_CMF_10, A.MAT_ID,  ' ',  ' ', A.MAT_ID 
        , A.INVOICE_NO, A.LOT_CMF_11, A.LOT_ID, A.TRAN_TIME, A.WORK_DATE, A.LOT_CMF_5, A.NCF, A.NCH, A.LOT_CMF_10,A.CREATE_CODE, A.LOT_CMF_3  
 ORDER BY A.MAT_GRP_1,  ' ',  ' ',  ' ',  ' ',  ' ',  ' ',  ' ', A.MAT_CMF_10, A.MAT_ID,  ' ',  ' ', A.MAT_ID 
        , A.INVOICE_NO, A.LOT_CMF_11, A.LOT_ID, A.TRAN_TIME, A.WORK_DATE, A.LOT_CMF_5, A.NCF, A.NCH, A.LOT_CMF_10  

-------------------------------------------------------------
SELECT COUNT(*)
FROM RWEBFUNLOG
WHERE FACTORY = :FACTORY  
AND USER_ID = :USER_ID 
AND FUNC_NAME = :FUNC_NAME 
AND FUNC_GROUP = :FUNC_GROUP
AND VIEW_TIME BETWEEN TO_CHAR(SYSDATE - 10/1440, 'YYYYMMDDHH24MISS') AND TO_CHAR(SYSDATE + 10/1440, 'YYYYMMDDHH24MISS')
-------------------------------------------------------------
SELECT (SELECT DATA_1 FROM MGCMTBLDAT WHERE TABLE_NAME = 'H_CUSTOMER' AND KEY_1 = A.MAT_GRP_1 AND ROWNUM=1) AS CUSTOMER,  ' ',  ' ',  ' ',  ' ',  ' ',  ' ',  ' ', A.MAT_CMF_10, A.MAT_ID,  ' ',  ' ' 
     , A.INVOICE_NO
     , A.LOT_CMF_11 
     , A.LOT_ID
     , A.TRAN_TIME             
     , A.WORK_DATE
     , A.LOT_CMF_5
     , SUM(NVL(A.QTY_1,0)) +  SUM(NVL(LOSS_QTY,0)) - SUM(NVL(D.TOTAL_BONUS_QTY,0)) AS IN_QTY 
     , NVL(SUM(A.QTY_1),0) AS SHIP_QTY  
     , DECODE( NVL(SUM(A.QTY_1), 0), 0, 0, ROUND((SUM(A.QTY_1)/   (SUM(NVL(A.QTY_1,0)) + SUM(NVL(LOSS_QTY,0)) - SUM(NVL(D.TOTAL_BONUS_QTY,0))))*100,3)) AS YIELD
     , NVL(ROUND(SUM(TO_DATE(A.TRAN_TIME, 'YYYYMMDDHH24MISS') - TO_DATE(A.LOT_CMF_14, 'YYYYMMDDHH24MISS')) * 1,2), 0) AS TAT
     , 0 AS WAFER_QTY 
     , SUM(NVL(C.LOSS_QTY,0)) 
     , SUM(NVL(C.CV100,0))
     , SUM(NVL(C.CV200,0))
     , SUM(NVL(C.CV991,0))
     , SUM(NVL(C.BCV,0))
     , SUM(NVL(C.ECV,0))
     , SUM(NVL(C.HBCV,0))
     , SUM(NVL(C.HDCV,0))
     , SUM(NVL(C.HECV,0))
     , SUM(NVL(C.HQCV,0))
     , SUM(NVL(C.HSCV,0))
     , SUM(NVL(D.TOTAL_BONUS_QTY,0)) AS BONUS
     , A.NCF
     , A.NCH
     , A.LOT_CMF_10
     , DECODE(A.CREATE_CODE,'PROD', '','Y') AS RETN
     , A.LOT_CMF_3
  FROM (
        SELECT B.MAT_GRP_1, B.MAT_GRP_2, B.MAT_GRP_3, B.MAT_GRP_4, B.MAT_GRP_5, B.MAT_GRP_6, B.MAT_GRP_7, B.MAT_GRP_8, B.MAT_CMF_10, A.MAT_ID, B.MAT_CMF_7, A.LOT_CMF_4 
             , A.FACTORY
             , A.INVOICE_NO
             , A.LOT_CMF_10 
             , A.LOT_CMF_11 
             , A.LOT_CMF_14 
             , A.LOT_ID
             , NVL(SUM(A.QTY_1),0) QTY_1
             , NVL(SUM(A.QTY_2),0) QTY_2
             , (SELECT COUNT(A.LOT_ID) FROM CWIPLOTWFR WHERE LOT_ID = A.LOT_ID) AS WAFER_QTY
             , GET_WORK_DATE(A.TRAN_TIME,'D') AS WORK_DATE
             , A.TRAN_TIME     
             , A.LOT_CMF_5     
             , NVL(SUM(A.IN_QTY),0) IN_QTY
             , MESMGR.F_GET_MCP_NCF_SINGLE@RPTTOMES(A.LOT_ID) AS NCF
             , MESMGR.F_GET_SEC_NCX@RPTTOMES(A.FACTORY, 'NCHCODE', A.LOT_ID, 'V') AS NCH
             , A.CREATE_CODE
             , A.CREATE_TIME
             , A.RESV_FIELD_1
             , A.LOT_CMF_3
          FROM (
                SELECT FROM_FACTORY AS FACTORY
                     , INVOICE_NO
                     , MAT_ID
                     , LOT_ID
                     , SHIP_QTY_1 AS QTY_1
                     , SHIP_QTY_2 AS QTY_2 
                     , TRAN_TIME   
                     , LOT_CMF_3   
                     , LOT_CMF_4   
                     , LOT_CMF_5   
                     , LOT_CMF_10   
                     , LOT_CMF_11   
                     , LOT_CMF_14   
                     , IN_QTY 
                     , CREATE_CODE 
                     , CREATE_TIME 
                     , RESV_FIELD_1 
                  FROM VWIPSHPLOT   
                 WHERE 1=1   
                   AND FROM_FACTORY  = 'HMVA2' 
                   AND OWNER_CODE = 'PROD' 
                   AND TO_FACTORY IN ('CUSTOMER', 'HMKT1') 
                   AND LOT_TYPE = 'W' 
                   AND FROM_OPER IN ('AZ010','AZ009','TZ010','EZ010','SZ010','F0000', 'BZ010')
                   AND TRAN_TIME BETWEEN '20200708220000' AND '20200711215959' 
             ) A 
             , MWIPMATDEF@RPTTOMES B 
         WHERE 1=1 
           AND A.MAT_ID = B.MAT_ID(+) 
           AND A.FACTORY = B.FACTORY(+) 
           AND B.MAT_VER(+) = 1 
         GROUP BY B.MAT_GRP_1, B.MAT_GRP_2, B.MAT_GRP_3, B.MAT_GRP_4, B.MAT_GRP_5, B.MAT_GRP_6, B.MAT_GRP_7, B.MAT_GRP_8, B.MAT_CMF_10, A.MAT_ID, B.MAT_CMF_7
                , A.FACTORY, A.INVOICE_NO, A.LOT_CMF_10, A.LOT_CMF_11, A.LOT_CMF_14, A.LOT_ID, A.TRAN_TIME,  A.LOT_CMF_4, A.LOT_CMF_5, A.CREATE_CODE, A.CREATE_TIME, A.RESV_FIELD_1, A.LOT_CMF_3
       ) A
       , ( 
          SELECT FACTORY, MAT_VER, LOT_ID, SUM(LOSS_QTY) AS LOSS_QTY, SUM(CV100) CV100, SUM(CV200) CV200, SUM(CV991) CV991 , SUM(BCV) BCV, SUM(ECV) ECV, SUM(HBCV) HBCV, SUM(HDCV) HDCV, SUM(HECV) HECV, SUM(HQCV) HQCV, SUM(HSCV) HSCV
            FROM ( 
                  SELECT FACTORY, MAT_ID, MAT_VER, LOT_ID   
                       , SUM(DECODE(LOSS_CODE, '100', LOSS_QTY, 0)) AS CV100  
                       , SUM(DECODE(LOSS_CODE, '200', LOSS_QTY, 0)) AS CV200  
                       , SUM(DECODE(LOSS_CODE, '991', LOSS_QTY, 0)) AS CV991  
                       , SUM(DECODE(LOSS_CODE, '992-BCV', LOSS_QTY, 0)) AS BCV  
                       , SUM(DECODE(LOSS_CODE, '992-ECV', LOSS_QTY, 0)) AS ECV  
                       , SUM(DECODE(LOSS_CODE, '992-HBCV', LOSS_QTY, 0)) AS HBCV  
                       , SUM(DECODE(LOSS_CODE, '992-HDCV', LOSS_QTY, 0)) AS HDCV  
                       , SUM(DECODE(LOSS_CODE, '992-HECV', LOSS_QTY, 0)) AS HECV  
                       , SUM(DECODE(LOSS_CODE, '992-HQCV', LOSS_QTY, 0)) AS HQCV  
                       , SUM(DECODE(LOSS_CODE, '992-HSCV', LOSS_QTY, 0)) AS HSCV  
                       , SUM(LOSS_QTY) AS LOSS_QTY  
                    FROM RWIPLOTLSM  
                   WHERE HIST_DEL_FLAG= ' '  
                     AND LOT_ID IN ( 
                                    SELECT LOT_ID
                                      FROM VWIPSHPLOT   
                                     WHERE 1=1   
                                       AND FROM_FACTORY  = 'HMVA2' 
                                       AND OWNER_CODE = 'PROD' 
                                       AND TO_FACTORY IN ('CUSTOMER', 'HMKT1') 
                                       AND LOT_TYPE = 'W' 
                                       AND FROM_OPER IN ('AZ010','AZ009','TZ010','EZ010','SZ010','F0000', 'BZ010')
                                       AND TRAN_TIME BETWEEN '20200708220000' AND '20200711215959' 
                                   ) 
                   GROUP BY FACTORY, MAT_ID, MAT_VER, LOT_ID 
                 )  
           GROUP BY FACTORY, MAT_VER, LOT_ID
         ) C  
         , RWIPLOTBNS D 
     WHERE 1=1  
       AND A.FACTORY  = 'HMVA2' 
       AND A.FACTORY = C.FACTORY(+)  
       AND A.FACTORY = D.FACTORY(+) 
       AND A.LOT_ID = C.LOT_ID(+) 
       AND A.LOT_ID = D.LOT_ID(+) 
       AND C.MAT_VER(+)=1   
       AND D.MAT_VER(+)=1  
 GROUP BY A.MAT_GRP_1,  ' ',  ' ',  ' ',  ' ',  ' ',  ' ',  ' ', A.MAT_CMF_10, A.MAT_ID,  ' ',  ' ', A.MAT_ID 
        , A.INVOICE_NO, A.LOT_CMF_11, A.LOT_ID, A.TRAN_TIME, A.WORK_DATE, A.LOT_CMF_5, A.NCF, A.NCH, A.LOT_CMF_10,A.CREATE_CODE, A.LOT_CMF_3  
 ORDER BY A.MAT_GRP_1,  ' ',  ' ',  ' ',  ' ',  ' ',  ' ',  ' ', A.MAT_CMF_10, A.MAT_ID,  ' ',  ' ', A.MAT_ID 
        , A.INVOICE_NO, A.LOT_CMF_11, A.LOT_ID, A.TRAN_TIME, A.WORK_DATE, A.LOT_CMF_5, A.NCF, A.NCH, A.LOT_CMF_10  

-------------------------------------------------------------
SELECT COUNT(*)
FROM RWEBFUNLOG
WHERE FACTORY = :FACTORY  
AND USER_ID = :USER_ID 
AND FUNC_NAME = :FUNC_NAME 
AND FUNC_GROUP = :FUNC_GROUP
AND VIEW_TIME BETWEEN TO_CHAR(SYSDATE - 10/1440, 'YYYYMMDDHH24MISS') AND TO_CHAR(SYSDATE + 10/1440, 'YYYYMMDDHH24MISS')
-------------------------------------------------------------
INSERT INTO RWEBFUNLOG(FACTORY,USER_ID,FUNC_NAME,FUNC_GROUP,VIEW_TIME, UPDATE_TIME)
VALUES (:p_FACTORY, :p_USER_ID, :p_FUNC_NAME, :p_FUNC_GROUP,TO_CHAR(SYSDATE, 'YYYYMMDDHH24MISS') , TO_CHAR(SYSDATE, 'YYYYMMDDHH24MISS'))

-------------------------------------------------------------
SELECT (SELECT DATA_1 FROM MGCMTBLDAT WHERE TABLE_NAME = 'H_CUSTOMER' AND KEY_1 = A.MAT_GRP_1 AND ROWNUM=1) AS CUSTOMER,  ' ',  ' ',  ' ',  ' ',  ' ',  ' ',  ' ', A.MAT_CMF_10, A.MAT_ID,  ' ',  ' ' 
     , A.INVOICE_NO
     , A.LOT_CMF_11 
     , A.LOT_ID
     , A.TRAN_TIME             
     , A.WORK_DATE
     , A.LOT_CMF_5
     , SUM(NVL(A.QTY_1,0)) +  SUM(NVL(LOSS_QTY,0)) - SUM(NVL(D.TOTAL_BONUS_QTY,0)) AS IN_QTY 
     , NVL(SUM(A.QTY_1),0) AS SHIP_QTY  
     , DECODE( NVL(SUM(A.QTY_1), 0), 0, 0, ROUND((SUM(A.QTY_1)/   (SUM(NVL(A.QTY_1,0)) + SUM(NVL(LOSS_QTY,0)) - SUM(NVL(D.TOTAL_BONUS_QTY,0))))*100,3)) AS YIELD
     , NVL(ROUND(SUM(TO_DATE(A.TRAN_TIME, 'YYYYMMDDHH24MISS') - TO_DATE(A.LOT_CMF_14, 'YYYYMMDDHH24MISS')) * 1,2), 0) AS TAT
     , 0 AS WAFER_QTY 
     , SUM(NVL(C.LOSS_QTY,0)) 
     , SUM(NVL(C.CV100,0))
     , SUM(NVL(C.CV200,0))
     , SUM(NVL(C.CV991,0))
     , SUM(NVL(C.BCV,0))
     , SUM(NVL(C.ECV,0))
     , SUM(NVL(C.HBCV,0))
     , SUM(NVL(C.HDCV,0))
     , SUM(NVL(C.HECV,0))
     , SUM(NVL(C.HQCV,0))
     , SUM(NVL(C.HSCV,0))
     , SUM(NVL(D.TOTAL_BONUS_QTY,0)) AS BONUS
     , A.NCF
     , A.NCH
     , A.LOT_CMF_10
     , DECODE(A.CREATE_CODE,'PROD', '','Y') AS RETN
     , A.LOT_CMF_3
  FROM (
        SELECT B.MAT_GRP_1, B.MAT_GRP_2, B.MAT_GRP_3, B.MAT_GRP_4, B.MAT_GRP_5, B.MAT_GRP_6, B.MAT_GRP_7, B.MAT_GRP_8, B.MAT_CMF_10, A.MAT_ID, B.MAT_CMF_7, A.LOT_CMF_4 
             , A.FACTORY
             , A.INVOICE_NO
             , A.LOT_CMF_10 
             , A.LOT_CMF_11 
             , A.LOT_CMF_14 
             , A.LOT_ID
             , NVL(SUM(A.QTY_1),0) QTY_1
             , NVL(SUM(A.QTY_2),0) QTY_2
             , (SELECT COUNT(A.LOT_ID) FROM CWIPLOTWFR WHERE LOT_ID = A.LOT_ID) AS WAFER_QTY
             , GET_WORK_DATE(A.TRAN_TIME,'D') AS WORK_DATE
             , A.TRAN_TIME     
             , A.LOT_CMF_5     
             , NVL(SUM(A.IN_QTY),0) IN_QTY
             , MESMGR.F_GET_MCP_NCF_SINGLE@RPTTOMES(A.LOT_ID) AS NCF
             , MESMGR.F_GET_SEC_NCX@RPTTOMES(A.FACTORY, 'NCHCODE', A.LOT_ID, 'V') AS NCH
             , A.CREATE_CODE
             , A.CREATE_TIME
             , A.RESV_FIELD_1
             , A.LOT_CMF_3
          FROM (
                SELECT FROM_FACTORY AS FACTORY
                     , INVOICE_NO
                     , MAT_ID
                     , LOT_ID
                     , SHIP_QTY_1 AS QTY_1
                     , SHIP_QTY_2 AS QTY_2 
                     , TRAN_TIME   
                     , LOT_CMF_3   
                     , LOT_CMF_4   
                     , LOT_CMF_5   
                     , LOT_CMF_10   
                     , LOT_CMF_11   
                     , LOT_CMF_14   
                     , IN_QTY 
                     , CREATE_CODE 
                     , CREATE_TIME 
                     , RESV_FIELD_1 
                  FROM VWIPSHPLOT   
                 WHERE 1=1   
                   AND FROM_FACTORY  = 'HMVA2' 
                   AND OWNER_CODE = 'PROD' 
                   AND TO_FACTORY IN ('CUSTOMER', 'HMKT1') 
                   AND LOT_TYPE = 'W' 
                   AND FROM_OPER IN ('AZ010','AZ009','TZ010','EZ010','SZ010','F0000', 'BZ010')
                   AND TRAN_TIME BETWEEN '20200707220000' AND '20200710215959' 
             ) A 
             , MWIPMATDEF@RPTTOMES B 
         WHERE 1=1 
           AND A.MAT_ID = B.MAT_ID(+) 
           AND A.FACTORY = B.FACTORY(+) 
           AND B.MAT_VER(+) = 1 
         GROUP BY B.MAT_GRP_1, B.MAT_GRP_2, B.MAT_GRP_3, B.MAT_GRP_4, B.MAT_GRP_5, B.MAT_GRP_6, B.MAT_GRP_7, B.MAT_GRP_8, B.MAT_CMF_10, A.MAT_ID, B.MAT_CMF_7
                , A.FACTORY, A.INVOICE_NO, A.LOT_CMF_10, A.LOT_CMF_11, A.LOT_CMF_14, A.LOT_ID, A.TRAN_TIME,  A.LOT_CMF_4, A.LOT_CMF_5, A.CREATE_CODE, A.CREATE_TIME, A.RESV_FIELD_1, A.LOT_CMF_3
       ) A
       , ( 
          SELECT FACTORY, MAT_VER, LOT_ID, SUM(LOSS_QTY) AS LOSS_QTY, SUM(CV100) CV100, SUM(CV200) CV200, SUM(CV991) CV991 , SUM(BCV) BCV, SUM(ECV) ECV, SUM(HBCV) HBCV, SUM(HDCV) HDCV, SUM(HECV) HECV, SUM(HQCV) HQCV, SUM(HSCV) HSCV
            FROM ( 
                  SELECT FACTORY, MAT_ID, MAT_VER, LOT_ID   
                       , SUM(DECODE(LOSS_CODE, '100', LOSS_QTY, 0)) AS CV100  
                       , SUM(DECODE(LOSS_CODE, '200', LOSS_QTY, 0)) AS CV200  
                       , SUM(DECODE(LOSS_CODE, '991', LOSS_QTY, 0)) AS CV991  
                       , SUM(DECODE(LOSS_CODE, '992-BCV', LOSS_QTY, 0)) AS BCV  
                       , SUM(DECODE(LOSS_CODE, '992-ECV', LOSS_QTY, 0)) AS ECV  
                       , SUM(DECODE(LOSS_CODE, '992-HBCV', LOSS_QTY, 0)) AS HBCV  
                       , SUM(DECODE(LOSS_CODE, '992-HDCV', LOSS_QTY, 0)) AS HDCV  
                       , SUM(DECODE(LOSS_CODE, '992-HECV', LOSS_QTY, 0)) AS HECV  
                       , SUM(DECODE(LOSS_CODE, '992-HQCV', LOSS_QTY, 0)) AS HQCV  
                       , SUM(DECODE(LOSS_CODE, '992-HSCV', LOSS_QTY, 0)) AS HSCV  
                       , SUM(LOSS_QTY) AS LOSS_QTY  
                    FROM RWIPLOTLSM  
                   WHERE HIST_DEL_FLAG= ' '  
                     AND LOT_ID IN ( 
                                    SELECT LOT_ID
                                      FROM VWIPSHPLOT   
                                     WHERE 1=1   
                                       AND FROM_FACTORY  = 'HMVA2' 
                                       AND OWNER_CODE = 'PROD' 
                                       AND TO_FACTORY IN ('CUSTOMER', 'HMKT1') 
                                       AND LOT_TYPE = 'W' 
                                       AND FROM_OPER IN ('AZ010','AZ009','TZ010','EZ010','SZ010','F0000', 'BZ010')
                                       AND TRAN_TIME BETWEEN '20200707220000' AND '20200710215959' 
                                   ) 
                   GROUP BY FACTORY, MAT_ID, MAT_VER, LOT_ID 
                 )  
           GROUP BY FACTORY, MAT_VER, LOT_ID
         ) C  
         , RWIPLOTBNS D 
     WHERE 1=1  
       AND A.FACTORY  = 'HMVA2' 
       AND A.FACTORY = C.FACTORY(+)  
       AND A.FACTORY = D.FACTORY(+) 
       AND A.LOT_ID = C.LOT_ID(+) 
       AND A.LOT_ID = D.LOT_ID(+) 
       AND C.MAT_VER(+)=1   
       AND D.MAT_VER(+)=1  
 GROUP BY A.MAT_GRP_1,  ' ',  ' ',  ' ',  ' ',  ' ',  ' ',  ' ', A.MAT_CMF_10, A.MAT_ID,  ' ',  ' ', A.MAT_ID 
        , A.INVOICE_NO, A.LOT_CMF_11, A.LOT_ID, A.TRAN_TIME, A.WORK_DATE, A.LOT_CMF_5, A.NCF, A.NCH, A.LOT_CMF_10,A.CREATE_CODE, A.LOT_CMF_3  
 ORDER BY A.MAT_GRP_1,  ' ',  ' ',  ' ',  ' ',  ' ',  ' ',  ' ', A.MAT_CMF_10, A.MAT_ID,  ' ',  ' ', A.MAT_ID 
        , A.INVOICE_NO, A.LOT_CMF_11, A.LOT_ID, A.TRAN_TIME, A.WORK_DATE, A.LOT_CMF_5, A.NCF, A.NCH, A.LOT_CMF_10  

-------------------------------------------------------------
SELECT COUNT(*)
FROM RWEBFUNLOG
WHERE FACTORY = :FACTORY  
AND USER_ID = :USER_ID 
AND FUNC_NAME = :FUNC_NAME 
AND FUNC_GROUP = :FUNC_GROUP
AND VIEW_TIME BETWEEN TO_CHAR(SYSDATE - 10/1440, 'YYYYMMDDHH24MISS') AND TO_CHAR(SYSDATE + 10/1440, 'YYYYMMDDHH24MISS')
-------------------------------------------------------------
INSERT INTO RWEBFUNLOG(FACTORY,USER_ID,FUNC_NAME,FUNC_GROUP,VIEW_TIME, UPDATE_TIME)
VALUES (:p_FACTORY, :p_USER_ID, :p_FUNC_NAME, :p_FUNC_GROUP,TO_CHAR(SYSDATE, 'YYYYMMDDHH24MISS') , TO_CHAR(SYSDATE, 'YYYYMMDDHH24MISS'))

-------------------------------------------------------------
SELECT LSM.LOT_ID, 
       LSM.LOSS_CODE, 
       DEF.DATA_1, 
       SUM(LSM.LOSS_QTY) AS LOSS_QTY 
  FROM RWIPLOTLSM LSM, 
       MGCMTBLDAT@RPTTOMES DEF 
 WHERE LSM.HIST_DEL_FLAG = ' ' 
   AND LSM.FACTORY = 'HMVA2'
   AND DEF.TABLE_NAME = 'LOSS_CODE' 
   AND LSM.LOT_ID = 'FRG049.1-02' 
   AND LSM.FACTORY = DEF.FACTORY 
   AND LSM.LOSS_CODE = DEF.KEY_1 
GROUP BY LSM.LOT_ID,LSM.LOSS_CODE,DEF.DATA_1 
ORDER BY LOSS_QTY DESC 

-------------------------------------------------------------
SELECT * FROM RWEBUSRDEF WHERE FACTORY = :FACTORY AND USER_ID= :USER_ID
-------------------------------------------------------------
SELECT A.FUNC_GRP_SEQ,A.SEC_GRP_ID,A.FUNC_GRP_ID,NVL(A.FUNC_NAME, ' ') FUNC_NAME, NVL(B.FUNC_DESC, ' ') FUNC_DESC, LANGUAGE_1, LANGUAGE_2, LANGUAGE_3
  FROM RWEBGRPFUN A, RWEBFUNDEF B
 WHERE A.FACTORY = :p_FACTORY
   AND A.SEC_GRP_ID = :p_SEC_GRP_ID
   AND A.FUNC_NAME=B.FUNC_NAME(+)
 ORDER BY A.FUNC_GRP_SEQ, A.FUNC_SEQ
-------------------------------------------------------------
SELECT COUNT(*)
FROM RWEBFUNLOG
WHERE FACTORY = :FACTORY  
AND USER_ID = :USER_ID 
AND FUNC_NAME = :FUNC_NAME 
AND FUNC_GROUP = :FUNC_GROUP
AND VIEW_TIME BETWEEN TO_CHAR(SYSDATE - 10/1440, 'YYYYMMDDHH24MISS') AND TO_CHAR(SYSDATE + 10/1440, 'YYYYMMDDHH24MISS')
-------------------------------------------------------------
INSERT INTO RWEBFUNLOG(FACTORY,USER_ID,FUNC_NAME,FUNC_GROUP,VIEW_TIME, UPDATE_TIME)
VALUES (:p_FACTORY, :p_USER_ID, :p_FUNC_NAME, :p_FUNC_GROUP,TO_CHAR(SYSDATE, 'YYYYMMDDHH24MISS') , TO_CHAR(SYSDATE, 'YYYYMMDDHH24MISS'))

-------------------------------------------------------------
SELECT LANGUAGE_2 FROM RWEBFUNDEF WHERE FUNC_NAME = 'TST1108'
-------------------------------------------------------------
SELECT COUNT(*)
FROM RWEBFUNLOG
WHERE FACTORY = :FACTORY  
AND USER_ID = :USER_ID 
AND FUNC_NAME = :FUNC_NAME 
AND FUNC_GROUP = :FUNC_GROUP
AND VIEW_TIME BETWEEN TO_CHAR(SYSDATE - 10/1440, 'YYYYMMDDHH24MISS') AND TO_CHAR(SYSDATE + 10/1440, 'YYYYMMDDHH24MISS')
-------------------------------------------------------------
SELECT FUNC_GRP_ID
  FROM RWEBGRPFUN
 GROUP BY FUNC_GRP_ID
 ORDER BY FUNC_GRP_ID

-------------------------------------------------------------
SELECT COUNT(*)
FROM RWEBFUNLOG
WHERE FACTORY = :FACTORY  
AND USER_ID = :USER_ID 
AND FUNC_NAME = :FUNC_NAME 
AND FUNC_GROUP = :FUNC_GROUP
AND VIEW_TIME BETWEEN TO_CHAR(SYSDATE - 10/1440, 'YYYYMMDDHH24MISS') AND TO_CHAR(SYSDATE + 10/1440, 'YYYYMMDDHH24MISS')
-------------------------------------------------------------
SELECT GRP.FUNC_GRP_ID 
     , INF.FUNC_DESC 
     , INF.FUNC_NAME 
     , COUNT(*) AS CNT
     , ROUND(RATIO_TO_REPORT(COUNT(*)) OVER () * 100, 2) AS PER 
  FROM RWEBFUNLOG HIS 
     , RWEBFUNDEF INF 
     , ( 
        SELECT * 
          FROM RWEBGRPFUN  
         WHERE FACTORY = 'SYSTEM' 
           AND SEC_GRP_ID = 'ADMIN_GROUP' 
           AND FUNC_NAME <> ' ' 
       ) GRP 
 WHERE 1=1 
   AND HIS.FUNC_NAME = INF.FUNC_NAME 
   AND HIS.FUNC_NAME = GRP.FUNC_NAME 
   AND HIS.VIEW_TIME BETWEEN '20200701000000' AND '20200711235959' 
   AND HIS.USER_ID NOT IN ('ADMIN', 'WEBADMIN', '1050410') 
 GROUP BY GRP.FUNC_GRP_ID, INF.FUNC_DESC, INF.FUNC_NAME 
 ORDER BY GRP.FUNC_GRP_ID, CNT DESC, INF.FUNC_DESC 

-------------------------------------------------------------
SELECT COUNT(*)
FROM RWEBFUNLOG
WHERE FACTORY = :FACTORY  
AND USER_ID = :USER_ID 
AND FUNC_NAME = :FUNC_NAME 
AND FUNC_GROUP = :FUNC_GROUP
AND VIEW_TIME BETWEEN TO_CHAR(SYSDATE - 10/1440, 'YYYYMMDDHH24MISS') AND TO_CHAR(SYSDATE + 10/1440, 'YYYYMMDDHH24MISS')
-------------------------------------------------------------
SELECT A.VIEW_DATE 
     , NVL(B.CNT, 0) AS CNT 
  FROM (
        SELECT TO_CHAR(TO_DATE('20200701000000', 'YYYYMMDDHH24MISS') + ((ROWNUM-1)), 'YYYYMMDD') AS VIEW_DATE
          FROM DUAL
       CONNECT BY LEVEL <= (TO_DATE('20200711235959', 'YYYYMMDDHH24MISS') - TO_DATE('20200701000000', 'YYYYMMDDHH24MISS')) + 1
       ) A
     , (
        SELECT SUBSTR(VIEW_TIME, 1, 8) AS VIEW_DATE 
             , COUNT(*) AS CNT 
          FROM RWEBFUNLOG
         WHERE 1=1 
           AND VIEW_TIME BETWEEN '20200701000000' AND '20200711235959' 
           AND FUNC_NAME = 'PRD010401'
           AND USER_ID NOT IN ('ADMIN', 'WEBADMIN', '1050410')
         GROUP BY SUBSTR(VIEW_TIME, 1, 8)
       ) B
 WHERE 1=1 
   AND A.VIEW_DATE = B.VIEW_DATE(+)
 ORDER BY VIEW_DATE

-------------------------------------------------------------
SELECT COUNT(*)
FROM RWEBFUNLOG
WHERE FACTORY = :FACTORY  
AND USER_ID = :USER_ID 
AND FUNC_NAME = :FUNC_NAME 
AND FUNC_GROUP = :FUNC_GROUP
AND VIEW_TIME BETWEEN TO_CHAR(SYSDATE - 10/1440, 'YYYYMMDDHH24MISS') AND TO_CHAR(SYSDATE + 10/1440, 'YYYYMMDDHH24MISS')
-------------------------------------------------------------
SELECT A.VIEW_DATE 
     , NVL(B.CNT, 0) AS CNT 
  FROM (
        SELECT TO_CHAR(TO_DATE('20200701000000', 'YYYYMMDDHH24MISS') + ((ROWNUM-1)), 'YYYYMMDD') AS VIEW_DATE
          FROM DUAL
       CONNECT BY LEVEL <= (TO_DATE('20200711235959', 'YYYYMMDDHH24MISS') - TO_DATE('20200701000000', 'YYYYMMDDHH24MISS')) + 1
       ) A
     , (
        SELECT SUBSTR(VIEW_TIME, 1, 8) AS VIEW_DATE 
             , COUNT(*) AS CNT 
          FROM RWEBFUNLOG
         WHERE 1=1 
           AND VIEW_TIME BETWEEN '20200701000000' AND '20200711235959' 
           AND FUNC_NAME = 'PRD010405'
           AND USER_ID NOT IN ('ADMIN', 'WEBADMIN', '1050410')
         GROUP BY SUBSTR(VIEW_TIME, 1, 8)
       ) B
 WHERE 1=1 
   AND A.VIEW_DATE = B.VIEW_DATE(+)
 ORDER BY VIEW_DATE

-------------------------------------------------------------
SELECT COUNT(*)
FROM RWEBFUNLOG
WHERE FACTORY = :FACTORY  
AND USER_ID = :USER_ID 
AND FUNC_NAME = :FUNC_NAME 
AND FUNC_GROUP = :FUNC_GROUP
AND VIEW_TIME BETWEEN TO_CHAR(SYSDATE - 10/1440, 'YYYYMMDDHH24MISS') AND TO_CHAR(SYSDATE + 10/1440, 'YYYYMMDDHH24MISS')
-------------------------------------------------------------
SELECT A.VIEW_DATE 
     , NVL(B.CNT, 0) AS CNT 
  FROM (
        SELECT TO_CHAR(TO_DATE('20200701000000', 'YYYYMMDDHH24MISS') + ((ROWNUM-1)), 'YYYYMMDD') AS VIEW_DATE
          FROM DUAL
       CONNECT BY LEVEL <= (TO_DATE('20200711235959', 'YYYYMMDDHH24MISS') - TO_DATE('20200701000000', 'YYYYMMDDHH24MISS')) + 1
       ) A
     , (
        SELECT SUBSTR(VIEW_TIME, 1, 8) AS VIEW_DATE 
             , COUNT(*) AS CNT 
          FROM RWEBFUNLOG
         WHERE 1=1 
           AND VIEW_TIME BETWEEN '20200701000000' AND '20200711235959' 
           AND FUNC_NAME = 'PRD010603'
           AND USER_ID NOT IN ('ADMIN', 'WEBADMIN', '1050410')
         GROUP BY SUBSTR(VIEW_TIME, 1, 8)
       ) B
 WHERE 1=1 
   AND A.VIEW_DATE = B.VIEW_DATE(+)
 ORDER BY VIEW_DATE

-------------------------------------------------------------
SELECT COUNT(*)
FROM RWEBFUNLOG
WHERE FACTORY = :FACTORY  
AND USER_ID = :USER_ID 
AND FUNC_NAME = :FUNC_NAME 
AND FUNC_GROUP = :FUNC_GROUP
AND VIEW_TIME BETWEEN TO_CHAR(SYSDATE - 10/1440, 'YYYYMMDDHH24MISS') AND TO_CHAR(SYSDATE + 10/1440, 'YYYYMMDDHH24MISS')
-------------------------------------------------------------
SELECT A.VIEW_DATE 
     , NVL(B.CNT, 0) AS CNT 
  FROM (
        SELECT TO_CHAR(TO_DATE('20200701000000', 'YYYYMMDDHH24MISS') + ((ROWNUM-1)), 'YYYYMMDD') AS VIEW_DATE
          FROM DUAL
       CONNECT BY LEVEL <= (TO_DATE('20200711235959', 'YYYYMMDDHH24MISS') - TO_DATE('20200701000000', 'YYYYMMDDHH24MISS')) + 1
       ) A
     , (
        SELECT SUBSTR(VIEW_TIME, 1, 8) AS VIEW_DATE 
             , COUNT(*) AS CNT 
          FROM RWEBFUNLOG
         WHERE 1=1 
           AND VIEW_TIME BETWEEN '20200701000000' AND '20200711235959' 
           AND FUNC_NAME = 'PRD010503'
           AND USER_ID NOT IN ('ADMIN', 'WEBADMIN', '1050410')
         GROUP BY SUBSTR(VIEW_TIME, 1, 8)
       ) B
 WHERE 1=1 
   AND A.VIEW_DATE = B.VIEW_DATE(+)
 ORDER BY VIEW_DATE

-------------------------------------------------------------
SELECT COUNT(*)
FROM RWEBFUNLOG
WHERE FACTORY = :FACTORY  
AND USER_ID = :USER_ID 
AND FUNC_NAME = :FUNC_NAME 
AND FUNC_GROUP = :FUNC_GROUP
AND VIEW_TIME BETWEEN TO_CHAR(SYSDATE - 10/1440, 'YYYYMMDDHH24MISS') AND TO_CHAR(SYSDATE + 10/1440, 'YYYYMMDDHH24MISS')
-------------------------------------------------------------
SELECT A.VIEW_DATE 
     , NVL(B.CNT, 0) AS CNT 
  FROM (
        SELECT TO_CHAR(TO_DATE('20200701000000', 'YYYYMMDDHH24MISS') + ((ROWNUM-1)), 'YYYYMMDD') AS VIEW_DATE
          FROM DUAL
       CONNECT BY LEVEL <= (TO_DATE('20200711235959', 'YYYYMMDDHH24MISS') - TO_DATE('20200701000000', 'YYYYMMDDHH24MISS')) + 1
       ) A
     , (
        SELECT SUBSTR(VIEW_TIME, 1, 8) AS VIEW_DATE 
             , COUNT(*) AS CNT 
          FROM RWEBFUNLOG
         WHERE 1=1 
           AND VIEW_TIME BETWEEN '20200701000000' AND '20200711235959' 
           AND FUNC_NAME = 'PRD010312'
           AND USER_ID NOT IN ('ADMIN', 'WEBADMIN', '1050410')
         GROUP BY SUBSTR(VIEW_TIME, 1, 8)
       ) B
 WHERE 1=1 
   AND A.VIEW_DATE = B.VIEW_DATE(+)
 ORDER BY VIEW_DATE

-------------------------------------------------------------
SELECT COUNT(*)
FROM RWEBFUNLOG
WHERE FACTORY = :FACTORY  
AND USER_ID = :USER_ID 
AND FUNC_NAME = :FUNC_NAME 
AND FUNC_GROUP = :FUNC_GROUP
AND VIEW_TIME BETWEEN TO_CHAR(SYSDATE - 10/1440, 'YYYYMMDDHH24MISS') AND TO_CHAR(SYSDATE + 10/1440, 'YYYYMMDDHH24MISS')
-------------------------------------------------------------
INSERT INTO RWEBFUNLOG(FACTORY,USER_ID,FUNC_NAME,FUNC_GROUP,VIEW_TIME, UPDATE_TIME)
VALUES (:p_FACTORY, :p_USER_ID, :p_FUNC_NAME, :p_FUNC_GROUP,TO_CHAR(SYSDATE, 'YYYYMMDDHH24MISS') , TO_CHAR(SYSDATE, 'YYYYMMDDHH24MISS'))

-------------------------------------------------------------
SELECT LANGUAGE_2 FROM RWEBFUNDEF WHERE FUNC_NAME = 'SEC1103'
-------------------------------------------------------------
SELECT * FROM RWEBFUNDEF ORDER BY FUNC_NAME
-------------------------------------------------------------
SELECT * FROM RWEBFUNDEF WHERE FUNC_NAME = :FUNC_NAME
-------------------------------------------------------------
SELECT COUNT(*)
FROM RWEBFUNLOG
WHERE FACTORY = :FACTORY  
AND USER_ID = :USER_ID 
AND FUNC_NAME = :FUNC_NAME 
AND FUNC_GROUP = :FUNC_GROUP
AND VIEW_TIME BETWEEN TO_CHAR(SYSDATE - 10/1440, 'YYYYMMDDHH24MISS') AND TO_CHAR(SYSDATE + 10/1440, 'YYYYMMDDHH24MISS')
-------------------------------------------------------------
INSERT INTO RWEBFUNLOG(FACTORY,USER_ID,FUNC_NAME,FUNC_GROUP,VIEW_TIME, UPDATE_TIME)
VALUES (:p_FACTORY, :p_USER_ID, :p_FUNC_NAME, :p_FUNC_GROUP,TO_CHAR(SYSDATE, 'YYYYMMDDHH24MISS') , TO_CHAR(SYSDATE, 'YYYYMMDDHH24MISS'))

-------------------------------------------------------------
 SELECT UNIQUE PLAN_WEEK V1, (PLAN_YEAR || LPAD(PLAN_WEEK, 2,'0')) V2    FROM MWIPCALDEF   WHERE CALENDAR_ID IN ('SYSTEM', 'HM', 'SYSTEM')     AND SYS_YEAR = NVL('', TO_CHAR(SYSDATE,'yyyy'))    ORDER BY 1 
-------------------------------------------------------------
SELECT COUNT(*)
FROM RWEBFUNLOG
WHERE FACTORY = :FACTORY  
AND USER_ID = :USER_ID 
AND FUNC_NAME = :FUNC_NAME 
AND FUNC_GROUP = :FUNC_GROUP
AND VIEW_TIME BETWEEN TO_CHAR(SYSDATE - 10/1440, 'YYYYMMDDHH24MISS') AND TO_CHAR(SYSDATE + 10/1440, 'YYYYMMDDHH24MISS')
-------------------------------------------------------------
 SELECT UNIQUE PLAN_WEEK V1, (PLAN_YEAR || LPAD(PLAN_WEEK, 2,'0')) V2    FROM MWIPCALDEF   WHERE CALENDAR_ID IN ('SYSTEM', 'HM', 'SYSTEM')     AND SYS_YEAR = NVL('', TO_CHAR(SYSDATE,'yyyy'))    ORDER BY 1 
-------------------------------------------------------------
SELECT COUNT(*)
FROM RWEBFUNLOG
WHERE FACTORY = :FACTORY  
AND USER_ID = :USER_ID 
AND FUNC_NAME = :FUNC_NAME 
AND FUNC_GROUP = :FUNC_GROUP
AND VIEW_TIME BETWEEN TO_CHAR(SYSDATE - 10/1440, 'YYYYMMDDHH24MISS') AND TO_CHAR(SYSDATE + 10/1440, 'YYYYMMDDHH24MISS')
-------------------------------------------------------------
 SELECT UNIQUE PLAN_WEEK V1, (PLAN_YEAR || LPAD(PLAN_WEEK, 2,'0')) V2    FROM MWIPCALDEF   WHERE CALENDAR_ID IN ('SYSTEM', 'HM', 'SYSTEM')     AND SYS_YEAR = NVL('', TO_CHAR(SYSDATE,'yyyy'))    ORDER BY 1 
-------------------------------------------------------------
SELECT COUNT(*)
FROM RWEBFUNLOG
WHERE FACTORY = :FACTORY  
AND USER_ID = :USER_ID 
AND FUNC_NAME = :FUNC_NAME 
AND FUNC_GROUP = :FUNC_GROUP
AND VIEW_TIME BETWEEN TO_CHAR(SYSDATE - 10/1440, 'YYYYMMDDHH24MISS') AND TO_CHAR(SYSDATE + 10/1440, 'YYYYMMDDHH24MISS')
-------------------------------------------------------------
 SELECT PLAN_WEEK V1    FROM MWIPCALDEF   WHERE CALENDAR_ID IN ('SYSTEM', 'HM', 'SYSTEM')     AND SYS_DATE = TO_CHAR(SYSDATE,'yyyymmdd')      AND ROWNUM = 1  
-------------------------------------------------------------
SELECT COUNT(*)
FROM RWEBFUNLOG
WHERE FACTORY = :FACTORY  
AND USER_ID = :USER_ID 
AND FUNC_NAME = :FUNC_NAME 
AND FUNC_GROUP = :FUNC_GROUP
AND VIEW_TIME BETWEEN TO_CHAR(SYSDATE - 10/1440, 'YYYYMMDDHH24MISS') AND TO_CHAR(SYSDATE + 10/1440, 'YYYYMMDDHH24MISS')
-------------------------------------------------------------
 SELECT UNIQUE PLAN_WEEK V1, (PLAN_YEAR || LPAD(PLAN_WEEK, 2,'0')) V2    FROM MWIPCALDEF   WHERE CALENDAR_ID IN ('SYSTEM', 'HM', 'SYSTEM')     AND SYS_YEAR = NVL('2020', TO_CHAR(SYSDATE,'yyyy'))    ORDER BY 1 
-------------------------------------------------------------
SELECT COUNT(*)
FROM RWEBFUNLOG
WHERE FACTORY = :FACTORY  
AND USER_ID = :USER_ID 
AND FUNC_NAME = :FUNC_NAME 
AND FUNC_GROUP = :FUNC_GROUP
AND VIEW_TIME BETWEEN TO_CHAR(SYSDATE - 10/1440, 'YYYYMMDDHH24MISS') AND TO_CHAR(SYSDATE + 10/1440, 'YYYYMMDDHH24MISS')
-------------------------------------------------------------
 SELECT UNIQUE PLAN_WEEK V1, (PLAN_YEAR || LPAD(PLAN_WEEK, 2,'0')) V2    FROM MWIPCALDEF   WHERE CALENDAR_ID IN ('SYSTEM', 'HM', 'SYSTEM')     AND SYS_YEAR = NVL('2020', TO_CHAR(SYSDATE,'yyyy'))    ORDER BY 1 
-------------------------------------------------------------
SELECT COUNT(*)
FROM RWEBFUNLOG
WHERE FACTORY = :FACTORY  
AND USER_ID = :USER_ID 
AND FUNC_NAME = :FUNC_NAME 
AND FUNC_GROUP = :FUNC_GROUP
AND VIEW_TIME BETWEEN TO_CHAR(SYSDATE - 10/1440, 'YYYYMMDDHH24MISS') AND TO_CHAR(SYSDATE + 10/1440, 'YYYYMMDDHH24MISS')
-------------------------------------------------------------
SELECT LANGUAGE_2 FROM RWEBFUNDEF WHERE FUNC_NAME = 'PRD010401'
-------------------------------------------------------------
SELECT COUNT(*)
FROM RWEBFUNLOG
WHERE FACTORY = :FACTORY  
AND USER_ID = :USER_ID 
AND FUNC_NAME = :FUNC_NAME 
AND FUNC_GROUP = :FUNC_GROUP
AND VIEW_TIME BETWEEN TO_CHAR(SYSDATE - 10/1440, 'YYYYMMDDHH24MISS') AND TO_CHAR(SYSDATE + 10/1440, 'YYYYMMDDHH24MISS')
-------------------------------------------------------------
SELECT FACTORY Code, FAC_DESC Data
  FROM MWIPFACDEF
 WHERE FAC_GRP_5 = 'Y' 
 ORDER BY FAC_GRP_4 ASC
-------------------------------------------------------------
SELECT OPER, OPER_DESC  FROM MWIPOPRDEF
  WHERE FACTORY = 'HMVA2'  AND OPER NOT IN ('00001', '00002') AND OPER NOT LIKE 'V%' ORDER BY DECODE(OPER_CMF_2, ' ', 99999, TO_NUMBER(OPER_CMF_2)), OPER
-------------------------------------------------------------
SELECT COUNT(*)
FROM RWEBFUNLOG
WHERE FACTORY = :FACTORY  
AND USER_ID = :USER_ID 
AND FUNC_NAME = :FUNC_NAME 
AND FUNC_GROUP = :FUNC_GROUP
AND VIEW_TIME BETWEEN TO_CHAR(SYSDATE - 10/1440, 'YYYYMMDDHH24MISS') AND TO_CHAR(SYSDATE + 10/1440, 'YYYYMMDDHH24MISS')
-------------------------------------------------------------
        SELECT (SELECT DATA_1 FROM MGCMTBLDAT WHERE TABLE_NAME = 'H_CUSTOMER' AND KEY_1 = MAT_GRP_1 AND ROWNUM=1) AS CUSTOMER,  ' ',  ' ',  ' ',  ' ',  ' ',  ' ',  ' ',  ' ', MAT_CMF_10, MAT_ID, OPER,  ' ', CASE WHEN OPER <= 'A0200' THEN VENDOR_MAT_ID ELSE BASE_MAT_ID END SAP_CODE
             , SUM(TOTAL) AS TOTAL
             , SUM(ASSY_END_QTY0 ) VAL0
             , SUM(ASSY_END_QTY1 ) VAL1
             , SUM(ASSY_END_QTY2 ) VAL2
             , SUM(ASSY_END_QTY3 ) VAL3
             , SUM(ASSY_END_QTY4 ) VAL4
             , SUM(ASSY_END_QTY5 ) VAL5
             , SUM(ASSY_END_QTY6 ) VAL6
             , SUM(ASSY_END_QTY7 ) VAL7
             , SUM(ASSY_END_QTY8 ) VAL8
             , SUM(ASSY_END_QTY9 ) VAL9
             , SUM(ASSY_END_QTY10 ) VAL10
             , SUM(ASSY_END_QTY11 ) VAL11
             , SUM(ASSY_END_QTY12 ) VAL12
             , SUM(ASSY_END_QTY13 ) VAL13
             , SUM(ASSY_END_QTY14 ) VAL14
             , SUM(ASSY_END_QTY15 ) VAL15
             , SUM(ASSY_END_QTY16 ) VAL16
             , SUM(ASSY_END_QTY17 ) VAL17
             , SUM(ASSY_END_QTY18 ) VAL18
             , SUM(ASSY_END_QTY19 ) VAL19
             , SUM(ASSY_END_QTY20 ) VAL20
             , SUM(ASSY_END_QTY21 ) VAL21
             , SUM(ASSY_END_QTY22 ) VAL22
             , SUM(ASSY_END_QTY23 ) VAL23
             , SUM(ASSY_END_QTY24 ) VAL24
             , SUM(ASSY_END_QTY25 ) VAL25
             , SUM(ASSY_END_QTY26 ) VAL26
             , SUM(ASSY_END_QTY27 ) VAL27
             , SUM(ASSY_END_QTY28 ) VAL28
             , SUM(ASSY_END_QTY29 ) VAL29
             , SUM(ASSY_END_QTY30 ) VAL30
             , SUM(ASSY_END_QTY31 ) VAL31
             , SUM(ASSY_END_QTY32 ) VAL32
             , SUM(ASSY_END_QTY33 ) VAL33
             , SUM(ASSY_END_QTY34 ) VAL34
             , SUM(ASSY_END_QTY35 ) VAL35
             , SUM(ASSY_END_QTY36 ) VAL36
             , SUM(ASSY_END_QTY37 ) VAL37
             , SUM(ASSY_END_QTY38 ) VAL38
             , SUM(ASSY_END_QTY39 ) VAL39
             , SUM(ASSY_END_QTY40 ) VAL40
             , ROUND(SUM(TOTAL)/41, 1) AVG
          FROM (
               SELECT B.MAT_GRP_1,  ' ',  ' ',  ' ',  ' ',  ' ',  ' ',  ' ',  ' ', B.MAT_CMF_10, B.MAT_ID, A.OPER,  ' ', BASE_MAT_ID,VENDOR_MAT_ID 
                    , DECODE(WORK_DATE, '20200601', (CASE WHEN OPER IN ('AZ010','SHIP','TZ010','F0000','EZ010', 'SZ010', 'BZ010') THEN SHIP_QTY_1 ELSE END_QTY_1 END),0) ASSY_END_QTY0
                    , DECODE(WORK_DATE, '20200602', (CASE WHEN OPER IN ('AZ010','SHIP','TZ010','F0000','EZ010', 'SZ010', 'BZ010') THEN SHIP_QTY_1 ELSE END_QTY_1 END),0) ASSY_END_QTY1
                    , DECODE(WORK_DATE, '20200603', (CASE WHEN OPER IN ('AZ010','SHIP','TZ010','F0000','EZ010', 'SZ010', 'BZ010') THEN SHIP_QTY_1 ELSE END_QTY_1 END),0) ASSY_END_QTY2
                    , DECODE(WORK_DATE, '20200604', (CASE WHEN OPER IN ('AZ010','SHIP','TZ010','F0000','EZ010', 'SZ010', 'BZ010') THEN SHIP_QTY_1 ELSE END_QTY_1 END),0) ASSY_END_QTY3
                    , DECODE(WORK_DATE, '20200605', (CASE WHEN OPER IN ('AZ010','SHIP','TZ010','F0000','EZ010', 'SZ010', 'BZ010') THEN SHIP_QTY_1 ELSE END_QTY_1 END),0) ASSY_END_QTY4
                    , DECODE(WORK_DATE, '20200606', (CASE WHEN OPER IN ('AZ010','SHIP','TZ010','F0000','EZ010', 'SZ010', 'BZ010') THEN SHIP_QTY_1 ELSE END_QTY_1 END),0) ASSY_END_QTY5
                    , DECODE(WORK_DATE, '20200607', (CASE WHEN OPER IN ('AZ010','SHIP','TZ010','F0000','EZ010', 'SZ010', 'BZ010') THEN SHIP_QTY_1 ELSE END_QTY_1 END),0) ASSY_END_QTY6
                    , DECODE(WORK_DATE, '20200608', (CASE WHEN OPER IN ('AZ010','SHIP','TZ010','F0000','EZ010', 'SZ010', 'BZ010') THEN SHIP_QTY_1 ELSE END_QTY_1 END),0) ASSY_END_QTY7
                    , DECODE(WORK_DATE, '20200609', (CASE WHEN OPER IN ('AZ010','SHIP','TZ010','F0000','EZ010', 'SZ010', 'BZ010') THEN SHIP_QTY_1 ELSE END_QTY_1 END),0) ASSY_END_QTY8
                    , DECODE(WORK_DATE, '20200610', (CASE WHEN OPER IN ('AZ010','SHIP','TZ010','F0000','EZ010', 'SZ010', 'BZ010') THEN SHIP_QTY_1 ELSE END_QTY_1 END),0) ASSY_END_QTY9
                    , DECODE(WORK_DATE, '20200611', (CASE WHEN OPER IN ('AZ010','SHIP','TZ010','F0000','EZ010', 'SZ010', 'BZ010') THEN SHIP_QTY_1 ELSE END_QTY_1 END),0) ASSY_END_QTY10
                    , DECODE(WORK_DATE, '20200612', (CASE WHEN OPER IN ('AZ010','SHIP','TZ010','F0000','EZ010', 'SZ010', 'BZ010') THEN SHIP_QTY_1 ELSE END_QTY_1 END),0) ASSY_END_QTY11
                    , DECODE(WORK_DATE, '20200613', (CASE WHEN OPER IN ('AZ010','SHIP','TZ010','F0000','EZ010', 'SZ010', 'BZ010') THEN SHIP_QTY_1 ELSE END_QTY_1 END),0) ASSY_END_QTY12
                    , DECODE(WORK_DATE, '20200614', (CASE WHEN OPER IN ('AZ010','SHIP','TZ010','F0000','EZ010', 'SZ010', 'BZ010') THEN SHIP_QTY_1 ELSE END_QTY_1 END),0) ASSY_END_QTY13
                    , DECODE(WORK_DATE, '20200615', (CASE WHEN OPER IN ('AZ010','SHIP','TZ010','F0000','EZ010', 'SZ010', 'BZ010') THEN SHIP_QTY_1 ELSE END_QTY_1 END),0) ASSY_END_QTY14
                    , DECODE(WORK_DATE, '20200616', (CASE WHEN OPER IN ('AZ010','SHIP','TZ010','F0000','EZ010', 'SZ010', 'BZ010') THEN SHIP_QTY_1 ELSE END_QTY_1 END),0) ASSY_END_QTY15
                    , DECODE(WORK_DATE, '20200617', (CASE WHEN OPER IN ('AZ010','SHIP','TZ010','F0000','EZ010', 'SZ010', 'BZ010') THEN SHIP_QTY_1 ELSE END_QTY_1 END),0) ASSY_END_QTY16
                    , DECODE(WORK_DATE, '20200618', (CASE WHEN OPER IN ('AZ010','SHIP','TZ010','F0000','EZ010', 'SZ010', 'BZ010') THEN SHIP_QTY_1 ELSE END_QTY_1 END),0) ASSY_END_QTY17
                    , DECODE(WORK_DATE, '20200619', (CASE WHEN OPER IN ('AZ010','SHIP','TZ010','F0000','EZ010', 'SZ010', 'BZ010') THEN SHIP_QTY_1 ELSE END_QTY_1 END),0) ASSY_END_QTY18
                    , DECODE(WORK_DATE, '20200620', (CASE WHEN OPER IN ('AZ010','SHIP','TZ010','F0000','EZ010', 'SZ010', 'BZ010') THEN SHIP_QTY_1 ELSE END_QTY_1 END),0) ASSY_END_QTY19
                    , DECODE(WORK_DATE, '20200621', (CASE WHEN OPER IN ('AZ010','SHIP','TZ010','F0000','EZ010', 'SZ010', 'BZ010') THEN SHIP_QTY_1 ELSE END_QTY_1 END),0) ASSY_END_QTY20
                    , DECODE(WORK_DATE, '20200622', (CASE WHEN OPER IN ('AZ010','SHIP','TZ010','F0000','EZ010', 'SZ010', 'BZ010') THEN SHIP_QTY_1 ELSE END_QTY_1 END),0) ASSY_END_QTY21
                    , DECODE(WORK_DATE, '20200623', (CASE WHEN OPER IN ('AZ010','SHIP','TZ010','F0000','EZ010', 'SZ010', 'BZ010') THEN SHIP_QTY_1 ELSE END_QTY_1 END),0) ASSY_END_QTY22
                    , DECODE(WORK_DATE, '20200624', (CASE WHEN OPER IN ('AZ010','SHIP','TZ010','F0000','EZ010', 'SZ010', 'BZ010') THEN SHIP_QTY_1 ELSE END_QTY_1 END),0) ASSY_END_QTY23
                    , DECODE(WORK_DATE, '20200625', (CASE WHEN OPER IN ('AZ010','SHIP','TZ010','F0000','EZ010', 'SZ010', 'BZ010') THEN SHIP_QTY_1 ELSE END_QTY_1 END),0) ASSY_END_QTY24
                    , DECODE(WORK_DATE, '20200626', (CASE WHEN OPER IN ('AZ010','SHIP','TZ010','F0000','EZ010', 'SZ010', 'BZ010') THEN SHIP_QTY_1 ELSE END_QTY_1 END),0) ASSY_END_QTY25
                    , DECODE(WORK_DATE, '20200627', (CASE WHEN OPER IN ('AZ010','SHIP','TZ010','F0000','EZ010', 'SZ010', 'BZ010') THEN SHIP_QTY_1 ELSE END_QTY_1 END),0) ASSY_END_QTY26
                    , DECODE(WORK_DATE, '20200628', (CASE WHEN OPER IN ('AZ010','SHIP','TZ010','F0000','EZ010', 'SZ010', 'BZ010') THEN SHIP_QTY_1 ELSE END_QTY_1 END),0) ASSY_END_QTY27
                    , DECODE(WORK_DATE, '20200629', (CASE WHEN OPER IN ('AZ010','SHIP','TZ010','F0000','EZ010', 'SZ010', 'BZ010') THEN SHIP_QTY_1 ELSE END_QTY_1 END),0) ASSY_END_QTY28
                    , DECODE(WORK_DATE, '20200630', (CASE WHEN OPER IN ('AZ010','SHIP','TZ010','F0000','EZ010', 'SZ010', 'BZ010') THEN SHIP_QTY_1 ELSE END_QTY_1 END),0) ASSY_END_QTY29
                    , DECODE(WORK_DATE, '20200701', (CASE WHEN OPER IN ('AZ010','SHIP','TZ010','F0000','EZ010', 'SZ010', 'BZ010') THEN SHIP_QTY_1 ELSE END_QTY_1 END),0) ASSY_END_QTY30
                    , DECODE(WORK_DATE, '20200702', (CASE WHEN OPER IN ('AZ010','SHIP','TZ010','F0000','EZ010', 'SZ010', 'BZ010') THEN SHIP_QTY_1 ELSE END_QTY_1 END),0) ASSY_END_QTY31
                    , DECODE(WORK_DATE, '20200703', (CASE WHEN OPER IN ('AZ010','SHIP','TZ010','F0000','EZ010', 'SZ010', 'BZ010') THEN SHIP_QTY_1 ELSE END_QTY_1 END),0) ASSY_END_QTY32
                    , DECODE(WORK_DATE, '20200704', (CASE WHEN OPER IN ('AZ010','SHIP','TZ010','F0000','EZ010', 'SZ010', 'BZ010') THEN SHIP_QTY_1 ELSE END_QTY_1 END),0) ASSY_END_QTY33
                    , DECODE(WORK_DATE, '20200705', (CASE WHEN OPER IN ('AZ010','SHIP','TZ010','F0000','EZ010', 'SZ010', 'BZ010') THEN SHIP_QTY_1 ELSE END_QTY_1 END),0) ASSY_END_QTY34
                    , DECODE(WORK_DATE, '20200706', (CASE WHEN OPER IN ('AZ010','SHIP','TZ010','F0000','EZ010', 'SZ010', 'BZ010') THEN SHIP_QTY_1 ELSE END_QTY_1 END),0) ASSY_END_QTY35
                    , DECODE(WORK_DATE, '20200707', (CASE WHEN OPER IN ('AZ010','SHIP','TZ010','F0000','EZ010', 'SZ010', 'BZ010') THEN SHIP_QTY_1 ELSE END_QTY_1 END),0) ASSY_END_QTY36
                    , DECODE(WORK_DATE, '20200708', (CASE WHEN OPER IN ('AZ010','SHIP','TZ010','F0000','EZ010', 'SZ010', 'BZ010') THEN SHIP_QTY_1 ELSE END_QTY_1 END),0) ASSY_END_QTY37
                    , DECODE(WORK_DATE, '20200709', (CASE WHEN OPER IN ('AZ010','SHIP','TZ010','F0000','EZ010', 'SZ010', 'BZ010') THEN SHIP_QTY_1 ELSE END_QTY_1 END),0) ASSY_END_QTY38
                    , DECODE(WORK_DATE, '20200710', (CASE WHEN OPER IN ('AZ010','SHIP','TZ010','F0000','EZ010', 'SZ010', 'BZ010') THEN SHIP_QTY_1 ELSE END_QTY_1 END),0) ASSY_END_QTY39
                    , DECODE(WORK_DATE, '20200711', (CASE WHEN OPER IN ('AZ010','SHIP','TZ010','F0000','EZ010', 'SZ010', 'BZ010') THEN SHIP_QTY_1 ELSE END_QTY_1 END),0) ASSY_END_QTY40
                    , (CASE WHEN OPER IN ('AZ010','SHIP','TZ010','F0000','EZ010', 'SZ010', 'BZ010') THEN SHIP_QTY_1 ELSE END_QTY_1 END) TOTAL
                 FROM (
                      SELECT FACTORY, MAT_ID, OPER, LOT_TYPE, MAT_VER, WORK_DATE, CM_KEY_3
                           , SUM(END_LOT) AS END_LOT
                           , SUM(END_QTY_1) AS END_QTY_1
                           , SUM(END_QTY_2) AS END_QTY_2
                           , SUM(SHIP_QTY_1) AS SHIP_QTY_1
                           , SUM(SHIP_QTY_2) AS SHIP_QTY_2
                        FROM (
                             SELECT FACTORY, MAT_ID, OPER, LOT_TYPE, MAT_VER, WORK_DATE, CM_KEY_3
                           , DECODE(SUBSTR(OPER,2,4),'0000',SUM(S1_OPER_IN_LOT+S2_OPER_IN_LOT+S3_OPER_IN_LOT),SUM(S1_END_LOT+S2_END_LOT+S3_END_LOT)) END_LOT
                           , DECODE(SUBSTR(OPER,2,4),'0000',SUM(S1_OPER_IN_QTY_1+S2_OPER_IN_QTY_1+S3_OPER_IN_QTY_1),SUM(S1_END_QTY_1+S2_END_QTY_1+S3_END_QTY_1+S1_END_RWK_QTY_1 + S2_END_RWK_QTY_1 + S3_END_RWK_QTY_1)) END_QTY_1
                           , DECODE(SUBSTR(OPER,2,4),'0000',SUM(S1_OPER_IN_QTY_2+S2_OPER_IN_QTY_2+S3_OPER_IN_QTY_2),SUM(S1_END_QTY_2+S2_END_QTY_2+S3_END_QTY_2+S1_END_RWK_QTY_2 + S2_END_RWK_QTY_2 + S3_END_RWK_QTY_2)) END_QTY_2
                           , 0 SHIP_QTY_1
                           , 0 SHIP_QTY_2
                        FROM RSUMWIPMOV 
                       WHERE OPER NOT IN ('AZ010','TZ010','F0000','EZ010', 'SZ010', 'BZ010')
                    GROUP BY FACTORY, MAT_ID, OPER, LOT_TYPE, MAT_VER, WORK_DATE, CM_KEY_3
                   UNION ALL
                      SELECT CM_KEY_1 AS FACTORY, MAT_ID
                           , DECODE(CM_KEY_1,'HMVA2','AZ010','HMKT1','TZ010','FGS','F0000','HMKE1','EZ010','HMKS1','SZ010', 'BZ010') OPER
                           , LOT_TYPE, MAT_VER,  WORK_DATE,CM_KEY_3
                           , 0 END_LOT
                           , 0 END_QTY_1
                           , 0 END_QTY_2
                           , SUM(S1_FAC_OUT_QTY_1+S2_FAC_OUT_QTY_1+S3_FAC_OUT_QTY_1) SHIP_QTY_1
                           , SUM(S1_FAC_OUT_QTY_2+S2_FAC_OUT_QTY_2+S3_FAC_OUT_QTY_2) SHIP_QTY_2
                        FROM RSUMFACMOV 
                       WHERE FACTORY NOT IN ('RETURN')
                    GROUP BY CM_KEY_1, MAT_ID, OPER, LOT_TYPE, MAT_VER, WORK_DATE, CM_KEY_3
                             )
                    GROUP BY FACTORY, MAT_ID, OPER, LOT_TYPE, MAT_VER, WORK_DATE, CM_KEY_3
                    )A
                  , MWIPMATDEF B 
              WHERE 1=1 
                AND A.FACTORY  = 'HMVA2' 
                AND A.FACTORY = B.FACTORY 
                AND A.MAT_ID = B.MAT_ID                
                AND A.MAT_VER = 1 
                AND B.MAT_VER = 1 
                AND B.MAT_TYPE = 'FG' 
                AND A.OPER LIKE '%'
                AND A.MAT_ID LIKE '%'  
                AND A.OPER NOT IN ('00001','00002') 
                AND A.WORK_DATE BETWEEN '20200601' AND '20200711' 
         )   
   WHERE TOTAL > 0           
GROUP BY MAT_GRP_1,  ' ',  ' ',  ' ',  ' ',  ' ',  ' ',  ' ',  ' ', MAT_CMF_10, MAT_ID, OPER,  ' ', BASE_MAT_ID,VENDOR_MAT_ID
ORDER BY MAT_GRP_1,  ' ',  ' ',  ' ',  ' ',  ' ',  ' ',  ' ',  ' ', MAT_CMF_10, MAT_ID, DECODE(OPER,'AISSUE','A0001','TISSUE','T0001','EISSUE','E0001',OPER),  ' ', BASE_MAT_ID,VENDOR_MAT_ID

-------------------------------------------------------------
