SELECT * FROM RWEBUSRDEF WHERE FACTORY = :FACTORY AND USER_ID= :USER_ID
-------------------------------------------------------------
SELECT A.FUNC_GRP_SEQ,A.SEC_GRP_ID,A.FUNC_GRP_ID,NVL(A.FUNC_NAME, ' ') FUNC_NAME, NVL(B.FUNC_DESC, ' ') FUNC_DESC, LANGUAGE_1, LANGUAGE_2, LANGUAGE_3
  FROM RWEBGRPFUN A, RWEBFUNDEF B
 WHERE A.FACTORY = :p_FACTORY
   AND A.SEC_GRP_ID = :p_SEC_GRP_ID
   AND A.FUNC_NAME=B.FUNC_NAME(+)
 ORDER BY A.FUNC_GRP_SEQ, A.FUNC_SEQ
-------------------------------------------------------------
SELECT COUNT(*)
FROM RWEBFUNLOG
WHERE FACTORY = :FACTORY  
AND USER_ID = :USER_ID 
AND FUNC_NAME = :FUNC_NAME 
AND FUNC_GROUP = :FUNC_GROUP
AND VIEW_TIME BETWEEN TO_CHAR(SYSDATE - 10/1440, 'YYYYMMDDHH24MISS') AND TO_CHAR(SYSDATE + 10/1440, 'YYYYMMDDHH24MISS')
-------------------------------------------------------------
INSERT INTO RWEBFUNLOG(FACTORY,USER_ID,FUNC_NAME,FUNC_GROUP,VIEW_TIME, UPDATE_TIME)
VALUES (:p_FACTORY, :p_USER_ID, :p_FUNC_NAME, :p_FUNC_GROUP,TO_CHAR(SYSDATE, 'YYYYMMDDHH24MISS') , TO_CHAR(SYSDATE, 'YYYYMMDDHH24MISS'))

-------------------------------------------------------------
 SELECT UNIQUE PLAN_WEEK V1, (PLAN_YEAR || LPAD(PLAN_WEEK, 2,'0')) V2    FROM MWIPCALDEF   WHERE CALENDAR_ID IN ('SYSTEM', 'HM', 'SYSTEM')     AND SYS_YEAR = NVL('', TO_CHAR(SYSDATE,'yyyy'))    ORDER BY 1 
-------------------------------------------------------------
SELECT COUNT(*)
FROM RWEBFUNLOG
WHERE FACTORY = :FACTORY  
AND USER_ID = :USER_ID 
AND FUNC_NAME = :FUNC_NAME 
AND FUNC_GROUP = :FUNC_GROUP
AND VIEW_TIME BETWEEN TO_CHAR(SYSDATE - 10/1440, 'YYYYMMDDHH24MISS') AND TO_CHAR(SYSDATE + 10/1440, 'YYYYMMDDHH24MISS')
-------------------------------------------------------------
 SELECT UNIQUE PLAN_WEEK V1, (PLAN_YEAR || LPAD(PLAN_WEEK, 2,'0')) V2    FROM MWIPCALDEF   WHERE CALENDAR_ID IN ('SYSTEM', 'HM', 'SYSTEM')     AND SYS_YEAR = NVL('', TO_CHAR(SYSDATE,'yyyy'))    ORDER BY 1 
-------------------------------------------------------------
SELECT COUNT(*)
FROM RWEBFUNLOG
WHERE FACTORY = :FACTORY  
AND USER_ID = :USER_ID 
AND FUNC_NAME = :FUNC_NAME 
AND FUNC_GROUP = :FUNC_GROUP
AND VIEW_TIME BETWEEN TO_CHAR(SYSDATE - 10/1440, 'YYYYMMDDHH24MISS') AND TO_CHAR(SYSDATE + 10/1440, 'YYYYMMDDHH24MISS')
-------------------------------------------------------------
 SELECT UNIQUE PLAN_WEEK V1, (PLAN_YEAR || LPAD(PLAN_WEEK, 2,'0')) V2    FROM MWIPCALDEF   WHERE CALENDAR_ID IN ('SYSTEM', 'HM', 'SYSTEM')     AND SYS_YEAR = NVL('', TO_CHAR(SYSDATE,'yyyy'))    ORDER BY 1 
-------------------------------------------------------------
SELECT COUNT(*)
FROM RWEBFUNLOG
WHERE FACTORY = :FACTORY  
AND USER_ID = :USER_ID 
AND FUNC_NAME = :FUNC_NAME 
AND FUNC_GROUP = :FUNC_GROUP
AND VIEW_TIME BETWEEN TO_CHAR(SYSDATE - 10/1440, 'YYYYMMDDHH24MISS') AND TO_CHAR(SYSDATE + 10/1440, 'YYYYMMDDHH24MISS')
-------------------------------------------------------------
 SELECT PLAN_WEEK V1    FROM MWIPCALDEF   WHERE CALENDAR_ID IN ('SYSTEM', 'HM', 'SYSTEM')     AND SYS_DATE = TO_CHAR(SYSDATE,'yyyymmdd')      AND ROWNUM = 1  
-------------------------------------------------------------
SELECT COUNT(*)
FROM RWEBFUNLOG
WHERE FACTORY = :FACTORY  
AND USER_ID = :USER_ID 
AND FUNC_NAME = :FUNC_NAME 
AND FUNC_GROUP = :FUNC_GROUP
AND VIEW_TIME BETWEEN TO_CHAR(SYSDATE - 10/1440, 'YYYYMMDDHH24MISS') AND TO_CHAR(SYSDATE + 10/1440, 'YYYYMMDDHH24MISS')
-------------------------------------------------------------
 SELECT UNIQUE PLAN_WEEK V1, (PLAN_YEAR || LPAD(PLAN_WEEK, 2,'0')) V2    FROM MWIPCALDEF   WHERE CALENDAR_ID IN ('SYSTEM', 'HM', 'SYSTEM')     AND SYS_YEAR = NVL('2020', TO_CHAR(SYSDATE,'yyyy'))    ORDER BY 1 
-------------------------------------------------------------
SELECT COUNT(*)
FROM RWEBFUNLOG
WHERE FACTORY = :FACTORY  
AND USER_ID = :USER_ID 
AND FUNC_NAME = :FUNC_NAME 
AND FUNC_GROUP = :FUNC_GROUP
AND VIEW_TIME BETWEEN TO_CHAR(SYSDATE - 10/1440, 'YYYYMMDDHH24MISS') AND TO_CHAR(SYSDATE + 10/1440, 'YYYYMMDDHH24MISS')
-------------------------------------------------------------
 SELECT UNIQUE PLAN_WEEK V1, (PLAN_YEAR || LPAD(PLAN_WEEK, 2,'0')) V2    FROM MWIPCALDEF   WHERE CALENDAR_ID IN ('SYSTEM', 'HM', 'SYSTEM')     AND SYS_YEAR = NVL('2020', TO_CHAR(SYSDATE,'yyyy'))    ORDER BY 1 
-------------------------------------------------------------
SELECT COUNT(*)
FROM RWEBFUNLOG
WHERE FACTORY = :FACTORY  
AND USER_ID = :USER_ID 
AND FUNC_NAME = :FUNC_NAME 
AND FUNC_GROUP = :FUNC_GROUP
AND VIEW_TIME BETWEEN TO_CHAR(SYSDATE - 10/1440, 'YYYYMMDDHH24MISS') AND TO_CHAR(SYSDATE + 10/1440, 'YYYYMMDDHH24MISS')
-------------------------------------------------------------
SELECT LANGUAGE_2 FROM RWEBFUNDEF WHERE FUNC_NAME = 'PRD010401'
-------------------------------------------------------------
SELECT COUNT(*)
FROM RWEBFUNLOG
WHERE FACTORY = :FACTORY  
AND USER_ID = :USER_ID 
AND FUNC_NAME = :FUNC_NAME 
AND FUNC_GROUP = :FUNC_GROUP
AND VIEW_TIME BETWEEN TO_CHAR(SYSDATE - 10/1440, 'YYYYMMDDHH24MISS') AND TO_CHAR(SYSDATE + 10/1440, 'YYYYMMDDHH24MISS')
-------------------------------------------------------------
SELECT FACTORY Code, FAC_DESC Data
  FROM MWIPFACDEF
 WHERE FAC_GRP_5 = 'Y' 
 ORDER BY FAC_GRP_4 ASC
-------------------------------------------------------------
SELECT OPER, OPER_DESC  FROM MWIPOPRDEF
  WHERE FACTORY = 'HMVA2'  AND OPER NOT IN ('00001', '00002') AND OPER NOT LIKE 'V%' ORDER BY DECODE(OPER_CMF_2, ' ', 99999, TO_NUMBER(OPER_CMF_2)), OPER
-------------------------------------------------------------
SELECT COUNT(*)
FROM RWEBFUNLOG
WHERE FACTORY = :FACTORY  
AND USER_ID = :USER_ID 
AND FUNC_NAME = :FUNC_NAME 
AND FUNC_GROUP = :FUNC_GROUP
AND VIEW_TIME BETWEEN TO_CHAR(SYSDATE - 10/1440, 'YYYYMMDDHH24MISS') AND TO_CHAR(SYSDATE + 10/1440, 'YYYYMMDDHH24MISS')
-------------------------------------------------------------
        SELECT (SELECT DATA_1 FROM MGCMTBLDAT WHERE TABLE_NAME = 'H_CUSTOMER' AND KEY_1 = MAT_GRP_1 AND ROWNUM=1) AS CUSTOMER,  ' ',  ' ',  ' ',  ' ',  ' ',  ' ',  ' ',  ' ', MAT_CMF_10, MAT_ID, OPER,  ' ', CASE WHEN OPER <= 'A0200' THEN VENDOR_MAT_ID ELSE BASE_MAT_ID END SAP_CODE
             , SUM(TOTAL) AS TOTAL
             , SUM(ASSY_END_QTY0 ) VAL0
             , SUM(ASSY_END_QTY1 ) VAL1
             , SUM(ASSY_END_QTY2 ) VAL2
             , SUM(ASSY_END_QTY3 ) VAL3
             , SUM(ASSY_END_QTY4 ) VAL4
             , SUM(ASSY_END_QTY5 ) VAL5
             , SUM(ASSY_END_QTY6 ) VAL6
             , SUM(ASSY_END_QTY7 ) VAL7
             , SUM(ASSY_END_QTY8 ) VAL8
             , SUM(ASSY_END_QTY9 ) VAL9
             , SUM(ASSY_END_QTY10 ) VAL10
             , SUM(ASSY_END_QTY11 ) VAL11
             , SUM(ASSY_END_QTY12 ) VAL12
             , SUM(ASSY_END_QTY13 ) VAL13
             , SUM(ASSY_END_QTY14 ) VAL14
             , SUM(ASSY_END_QTY15 ) VAL15
             , SUM(ASSY_END_QTY16 ) VAL16
             , ROUND(SUM(TOTAL)/17, 1) AVG
          FROM (
               SELECT B.MAT_GRP_1,  ' ',  ' ',  ' ',  ' ',  ' ',  ' ',  ' ',  ' ', B.MAT_CMF_10, B.MAT_ID, A.OPER,  ' ', BASE_MAT_ID,VENDOR_MAT_ID 
                    , DECODE(WORK_DATE, '20200601', (CASE WHEN OPER IN ('AZ010','SHIP','TZ010','F0000','EZ010', 'SZ010', 'BZ010') THEN SHIP_QTY_1 ELSE END_QTY_1 END),0) ASSY_END_QTY0
                    , DECODE(WORK_DATE, '20200602', (CASE WHEN OPER IN ('AZ010','SHIP','TZ010','F0000','EZ010', 'SZ010', 'BZ010') THEN SHIP_QTY_1 ELSE END_QTY_1 END),0) ASSY_END_QTY1
                    , DECODE(WORK_DATE, '20200603', (CASE WHEN OPER IN ('AZ010','SHIP','TZ010','F0000','EZ010', 'SZ010', 'BZ010') THEN SHIP_QTY_1 ELSE END_QTY_1 END),0) ASSY_END_QTY2
                    , DECODE(WORK_DATE, '20200604', (CASE WHEN OPER IN ('AZ010','SHIP','TZ010','F0000','EZ010', 'SZ010', 'BZ010') THEN SHIP_QTY_1 ELSE END_QTY_1 END),0) ASSY_END_QTY3
                    , DECODE(WORK_DATE, '20200605', (CASE WHEN OPER IN ('AZ010','SHIP','TZ010','F0000','EZ010', 'SZ010', 'BZ010') THEN SHIP_QTY_1 ELSE END_QTY_1 END),0) ASSY_END_QTY4
                    , DECODE(WORK_DATE, '20200606', (CASE WHEN OPER IN ('AZ010','SHIP','TZ010','F0000','EZ010', 'SZ010', 'BZ010') THEN SHIP_QTY_1 ELSE END_QTY_1 END),0) ASSY_END_QTY5
                    , DECODE(WORK_DATE, '20200607', (CASE WHEN OPER IN ('AZ010','SHIP','TZ010','F0000','EZ010', 'SZ010', 'BZ010') THEN SHIP_QTY_1 ELSE END_QTY_1 END),0) ASSY_END_QTY6
                    , DECODE(WORK_DATE, '20200608', (CASE WHEN OPER IN ('AZ010','SHIP','TZ010','F0000','EZ010', 'SZ010', 'BZ010') THEN SHIP_QTY_1 ELSE END_QTY_1 END),0) ASSY_END_QTY7
                    , DECODE(WORK_DATE, '20200609', (CASE WHEN OPER IN ('AZ010','SHIP','TZ010','F0000','EZ010', 'SZ010', 'BZ010') THEN SHIP_QTY_1 ELSE END_QTY_1 END),0) ASSY_END_QTY8
                    , DECODE(WORK_DATE, '20200610', (CASE WHEN OPER IN ('AZ010','SHIP','TZ010','F0000','EZ010', 'SZ010', 'BZ010') THEN SHIP_QTY_1 ELSE END_QTY_1 END),0) ASSY_END_QTY9
                    , DECODE(WORK_DATE, '20200611', (CASE WHEN OPER IN ('AZ010','SHIP','TZ010','F0000','EZ010', 'SZ010', 'BZ010') THEN SHIP_QTY_1 ELSE END_QTY_1 END),0) ASSY_END_QTY10
                    , DECODE(WORK_DATE, '20200612', (CASE WHEN OPER IN ('AZ010','SHIP','TZ010','F0000','EZ010', 'SZ010', 'BZ010') THEN SHIP_QTY_1 ELSE END_QTY_1 END),0) ASSY_END_QTY11
                    , DECODE(WORK_DATE, '20200613', (CASE WHEN OPER IN ('AZ010','SHIP','TZ010','F0000','EZ010', 'SZ010', 'BZ010') THEN SHIP_QTY_1 ELSE END_QTY_1 END),0) ASSY_END_QTY12
                    , DECODE(WORK_DATE, '20200614', (CASE WHEN OPER IN ('AZ010','SHIP','TZ010','F0000','EZ010', 'SZ010', 'BZ010') THEN SHIP_QTY_1 ELSE END_QTY_1 END),0) ASSY_END_QTY13
                    , DECODE(WORK_DATE, '20200615', (CASE WHEN OPER IN ('AZ010','SHIP','TZ010','F0000','EZ010', 'SZ010', 'BZ010') THEN SHIP_QTY_1 ELSE END_QTY_1 END),0) ASSY_END_QTY14
                    , DECODE(WORK_DATE, '20200616', (CASE WHEN OPER IN ('AZ010','SHIP','TZ010','F0000','EZ010', 'SZ010', 'BZ010') THEN SHIP_QTY_1 ELSE END_QTY_1 END),0) ASSY_END_QTY15
                    , DECODE(WORK_DATE, '20200617', (CASE WHEN OPER IN ('AZ010','SHIP','TZ010','F0000','EZ010', 'SZ010', 'BZ010') THEN SHIP_QTY_1 ELSE END_QTY_1 END),0) ASSY_END_QTY16
                    , (CASE WHEN OPER IN ('AZ010','SHIP','TZ010','F0000','EZ010', 'SZ010', 'BZ010') THEN SHIP_QTY_1 ELSE END_QTY_1 END) TOTAL
                 FROM (
                      SELECT FACTORY, MAT_ID, OPER, LOT_TYPE, MAT_VER, WORK_DATE, CM_KEY_3
                           , SUM(END_LOT) AS END_LOT
                           , SUM(END_QTY_1) AS END_QTY_1
                           , SUM(END_QTY_2) AS END_QTY_2
                           , SUM(SHIP_QTY_1) AS SHIP_QTY_1
                           , SUM(SHIP_QTY_2) AS SHIP_QTY_2
                        FROM (
                             SELECT FACTORY, MAT_ID, OPER, LOT_TYPE, MAT_VER, WORK_DATE, CM_KEY_3
                           , DECODE(SUBSTR(OPER,2,4),'0000',SUM(S1_OPER_IN_LOT+S2_OPER_IN_LOT+S3_OPER_IN_LOT),SUM(S1_END_LOT+S2_END_LOT+S3_END_LOT)) END_LOT
                           , DECODE(SUBSTR(OPER,2,4),'0000',SUM(S1_OPER_IN_QTY_1+S2_OPER_IN_QTY_1+S3_OPER_IN_QTY_1),SUM(S1_END_QTY_1+S2_END_QTY_1+S3_END_QTY_1+S1_END_RWK_QTY_1 + S2_END_RWK_QTY_1 + S3_END_RWK_QTY_1)) END_QTY_1
                           , DECODE(SUBSTR(OPER,2,4),'0000',SUM(S1_OPER_IN_QTY_2+S2_OPER_IN_QTY_2+S3_OPER_IN_QTY_2),SUM(S1_END_QTY_2+S2_END_QTY_2+S3_END_QTY_2+S1_END_RWK_QTY_2 + S2_END_RWK_QTY_2 + S3_END_RWK_QTY_2)) END_QTY_2
                           , 0 SHIP_QTY_1
                           , 0 SHIP_QTY_2
                        FROM RSUMWIPMOV 
                       WHERE OPER NOT IN ('AZ010','TZ010','F0000','EZ010', 'SZ010', 'BZ010')
                    GROUP BY FACTORY, MAT_ID, OPER, LOT_TYPE, MAT_VER, WORK_DATE, CM_KEY_3
                   UNION ALL
                      SELECT CM_KEY_1 AS FACTORY, MAT_ID
                           , DECODE(CM_KEY_1,'HMVA2','AZ010','HMKT1','TZ010','FGS','F0000','HMKE1','EZ010','HMKS1','SZ010', 'BZ010') OPER
                           , LOT_TYPE, MAT_VER,  WORK_DATE,CM_KEY_3
                           , 0 END_LOT
                           , 0 END_QTY_1
                           , 0 END_QTY_2
                           , SUM(S1_FAC_OUT_QTY_1+S2_FAC_OUT_QTY_1+S3_FAC_OUT_QTY_1) SHIP_QTY_1
                           , SUM(S1_FAC_OUT_QTY_2+S2_FAC_OUT_QTY_2+S3_FAC_OUT_QTY_2) SHIP_QTY_2
                        FROM RSUMFACMOV 
                       WHERE FACTORY NOT IN ('RETURN')
                    GROUP BY CM_KEY_1, MAT_ID, OPER, LOT_TYPE, MAT_VER, WORK_DATE, CM_KEY_3
                             )
                    GROUP BY FACTORY, MAT_ID, OPER, LOT_TYPE, MAT_VER, WORK_DATE, CM_KEY_3
                    )A
                  , MWIPMATDEF B 
              WHERE 1=1 
                AND A.FACTORY  = 'HMVA2' 
                AND A.FACTORY = B.FACTORY 
                AND A.MAT_ID = B.MAT_ID                
                AND A.MAT_VER = 1 
                AND B.MAT_VER = 1 
                AND B.MAT_TYPE = 'FG' 
                AND A.OPER IN ('AZ010')
                AND A.MAT_ID LIKE 'DR%'  
                AND A.OPER NOT IN ('00001','00002') 
                AND A.WORK_DATE BETWEEN '20200601' AND '20200617' 
         )   
   WHERE TOTAL > 0           
GROUP BY MAT_GRP_1,  ' ',  ' ',  ' ',  ' ',  ' ',  ' ',  ' ',  ' ', MAT_CMF_10, MAT_ID, OPER,  ' ', BASE_MAT_ID,VENDOR_MAT_ID
ORDER BY MAT_GRP_1,  ' ',  ' ',  ' ',  ' ',  ' ',  ' ',  ' ',  ' ', MAT_CMF_10, MAT_ID, DECODE(OPER,'AISSUE','A0001','TISSUE','T0001','EISSUE','E0001',OPER),  ' ', BASE_MAT_ID,VENDOR_MAT_ID

-------------------------------------------------------------
SELECT * FROM RWEBUSRDEF WHERE FACTORY = :FACTORY AND USER_ID= :USER_ID
-------------------------------------------------------------
SELECT A.FUNC_GRP_SEQ,A.SEC_GRP_ID,A.FUNC_GRP_ID,NVL(A.FUNC_NAME, ' ') FUNC_NAME, NVL(B.FUNC_DESC, ' ') FUNC_DESC, LANGUAGE_1, LANGUAGE_2, LANGUAGE_3
  FROM RWEBGRPFUN A, RWEBFUNDEF B
 WHERE A.FACTORY = :p_FACTORY
   AND A.SEC_GRP_ID = :p_SEC_GRP_ID
   AND A.FUNC_NAME=B.FUNC_NAME(+)
 ORDER BY A.FUNC_GRP_SEQ, A.FUNC_SEQ
-------------------------------------------------------------
SELECT * FROM RWEBUSRDEF WHERE FACTORY = :FACTORY AND USER_ID= :USER_ID
-------------------------------------------------------------
SELECT A.FUNC_GRP_SEQ,A.SEC_GRP_ID,A.FUNC_GRP_ID,NVL(A.FUNC_NAME, ' ') FUNC_NAME, NVL(B.FUNC_DESC, ' ') FUNC_DESC, LANGUAGE_1, LANGUAGE_2, LANGUAGE_3
  FROM RWEBGRPFUN A, RWEBFUNDEF B
 WHERE A.FACTORY = :p_FACTORY
   AND A.SEC_GRP_ID = :p_SEC_GRP_ID
   AND A.FUNC_NAME=B.FUNC_NAME(+)
 ORDER BY A.FUNC_GRP_SEQ, A.FUNC_SEQ
-------------------------------------------------------------
SELECT COUNT(*)
FROM RWEBFUNLOG
WHERE FACTORY = :FACTORY  
AND USER_ID = :USER_ID 
AND FUNC_NAME = :FUNC_NAME 
AND FUNC_GROUP = :FUNC_GROUP
AND VIEW_TIME BETWEEN TO_CHAR(SYSDATE - 10/1440, 'YYYYMMDDHH24MISS') AND TO_CHAR(SYSDATE + 10/1440, 'YYYYMMDDHH24MISS')
-------------------------------------------------------------
INSERT INTO RWEBFUNLOG(FACTORY,USER_ID,FUNC_NAME,FUNC_GROUP,VIEW_TIME, UPDATE_TIME)
VALUES (:p_FACTORY, :p_USER_ID, :p_FUNC_NAME, :p_FUNC_GROUP,TO_CHAR(SYSDATE, 'YYYYMMDDHH24MISS') , TO_CHAR(SYSDATE, 'YYYYMMDDHH24MISS'))

-------------------------------------------------------------
SELECT  FROM RWEBFUNDEF WHERE FUNC_NAME = 'PRD010314'
-------------------------------------------------------------
SELECT * FROM RWEBUSRDEF WHERE FACTORY = :FACTORY AND USER_ID= :USER_ID
-------------------------------------------------------------
SELECT COUNT(*)
FROM RWEBFUNLOG
WHERE FACTORY = :FACTORY  
AND USER_ID = :USER_ID 
AND FUNC_NAME = :FUNC_NAME 
AND FUNC_GROUP = :FUNC_GROUP
AND VIEW_TIME BETWEEN TO_CHAR(SYSDATE - 10/1440, 'YYYYMMDDHH24MISS') AND TO_CHAR(SYSDATE + 10/1440, 'YYYYMMDDHH24MISS')
-------------------------------------------------------------
INSERT INTO RWEBFUNLOG(FACTORY,USER_ID,FUNC_NAME,FUNC_GROUP,VIEW_TIME, UPDATE_TIME)
VALUES (:p_FACTORY, :p_USER_ID, :p_FUNC_NAME, :p_FUNC_GROUP,TO_CHAR(SYSDATE, 'YYYYMMDDHH24MISS') , TO_CHAR(SYSDATE, 'YYYYMMDDHH24MISS'))

-------------------------------------------------------------
SELECT A.FUNC_GRP_SEQ,A.SEC_GRP_ID,A.FUNC_GRP_ID,NVL(A.FUNC_NAME, ' ') FUNC_NAME, NVL(B.FUNC_DESC, ' ') FUNC_DESC, LANGUAGE_1, LANGUAGE_2, LANGUAGE_3
  FROM RWEBGRPFUN A, RWEBFUNDEF B
 WHERE A.FACTORY = :p_FACTORY
   AND A.SEC_GRP_ID = :p_SEC_GRP_ID
   AND A.FUNC_NAME=B.FUNC_NAME(+)
 ORDER BY A.FUNC_GRP_SEQ, A.FUNC_SEQ
-------------------------------------------------------------
SELECT * FROM RWEBUSRDEF WHERE FACTORY = :FACTORY AND USER_ID= :USER_ID
-------------------------------------------------------------
SELECT COUNT(*)
FROM RWEBFUNLOG
WHERE FACTORY = :FACTORY  
AND USER_ID = :USER_ID 
AND FUNC_NAME = :FUNC_NAME 
AND FUNC_GROUP = :FUNC_GROUP
AND VIEW_TIME BETWEEN TO_CHAR(SYSDATE - 10/1440, 'YYYYMMDDHH24MISS') AND TO_CHAR(SYSDATE + 10/1440, 'YYYYMMDDHH24MISS')
-------------------------------------------------------------
INSERT INTO RWEBFUNLOG(FACTORY,USER_ID,FUNC_NAME,FUNC_GROUP,VIEW_TIME, UPDATE_TIME)
VALUES (:p_FACTORY, :p_USER_ID, :p_FUNC_NAME, :p_FUNC_GROUP,TO_CHAR(SYSDATE, 'YYYYMMDDHH24MISS') , TO_CHAR(SYSDATE, 'YYYYMMDDHH24MISS'))

-------------------------------------------------------------
SELECT A.FUNC_GRP_SEQ,A.SEC_GRP_ID,A.FUNC_GRP_ID,NVL(A.FUNC_NAME, ' ') FUNC_NAME, NVL(B.FUNC_DESC, ' ') FUNC_DESC, LANGUAGE_1, LANGUAGE_2, LANGUAGE_3
  FROM RWEBGRPFUN A, RWEBFUNDEF B
 WHERE A.FACTORY = :p_FACTORY
   AND A.SEC_GRP_ID = :p_SEC_GRP_ID
   AND A.FUNC_NAME=B.FUNC_NAME(+)
 ORDER BY A.FUNC_GRP_SEQ, A.FUNC_SEQ
-------------------------------------------------------------
SELECT COUNT(*)
FROM RWEBFUNLOG
WHERE FACTORY = :FACTORY  
AND USER_ID = :USER_ID 
AND FUNC_NAME = :FUNC_NAME 
AND FUNC_GROUP = :FUNC_GROUP
AND VIEW_TIME BETWEEN TO_CHAR(SYSDATE - 10/1440, 'YYYYMMDDHH24MISS') AND TO_CHAR(SYSDATE + 10/1440, 'YYYYMMDDHH24MISS')
-------------------------------------------------------------
INSERT INTO RWEBFUNLOG(FACTORY,USER_ID,FUNC_NAME,FUNC_GROUP,VIEW_TIME, UPDATE_TIME)
VALUES (:p_FACTORY, :p_USER_ID, :p_FUNC_NAME, :p_FUNC_GROUP,TO_CHAR(SYSDATE, 'YYYYMMDDHH24MISS') , TO_CHAR(SYSDATE, 'YYYYMMDDHH24MISS'))

-------------------------------------------------------------
 SELECT PLAN_WEEK V1    FROM MWIPCALDEF   WHERE CALENDAR_ID IN ('SYSTEM', 'HM', 'SYSTEM')     AND SYS_DATE = TO_CHAR(SYSDATE,'yyyymmdd')      AND ROWNUM = 1  
-------------------------------------------------------------
SELECT COUNT(*)
FROM RWEBFUNLOG
WHERE FACTORY = :FACTORY  
AND USER_ID = :USER_ID 
AND FUNC_NAME = :FUNC_NAME 
AND FUNC_GROUP = :FUNC_GROUP
AND VIEW_TIME BETWEEN TO_CHAR(SYSDATE - 10/1440, 'YYYYMMDDHH24MISS') AND TO_CHAR(SYSDATE + 10/1440, 'YYYYMMDDHH24MISS')
-------------------------------------------------------------
 SELECT UNIQUE PLAN_WEEK V1, (PLAN_YEAR || LPAD(PLAN_WEEK, 2,'0')) V2    FROM MWIPCALDEF   WHERE CALENDAR_ID IN ('SYSTEM', 'HM', 'SYSTEM')     AND SYS_YEAR = NVL('2020', TO_CHAR(SYSDATE,'yyyy'))    ORDER BY 1 
-------------------------------------------------------------
SELECT COUNT(*)
FROM RWEBFUNLOG
WHERE FACTORY = :FACTORY  
AND USER_ID = :USER_ID 
AND FUNC_NAME = :FUNC_NAME 
AND FUNC_GROUP = :FUNC_GROUP
AND VIEW_TIME BETWEEN TO_CHAR(SYSDATE - 10/1440, 'YYYYMMDDHH24MISS') AND TO_CHAR(SYSDATE + 10/1440, 'YYYYMMDDHH24MISS')
-------------------------------------------------------------
 SELECT UNIQUE PLAN_WEEK V1, (PLAN_YEAR || LPAD(PLAN_WEEK, 2,'0')) V2    FROM MWIPCALDEF   WHERE CALENDAR_ID IN ('SYSTEM', 'HM', 'SYSTEM')     AND SYS_YEAR = NVL('2020', TO_CHAR(SYSDATE,'yyyy'))    ORDER BY 1 
-------------------------------------------------------------
SELECT COUNT(*)
FROM RWEBFUNLOG
WHERE FACTORY = :FACTORY  
AND USER_ID = :USER_ID 
AND FUNC_NAME = :FUNC_NAME 
AND FUNC_GROUP = :FUNC_GROUP
AND VIEW_TIME BETWEEN TO_CHAR(SYSDATE - 10/1440, 'YYYYMMDDHH24MISS') AND TO_CHAR(SYSDATE + 10/1440, 'YYYYMMDDHH24MISS')
-------------------------------------------------------------
SELECT LANGUAGE_1 FROM RWEBFUNDEF WHERE FUNC_NAME = 'PRD010405'
-------------------------------------------------------------
SELECT COUNT(*)
FROM RWEBFUNLOG
WHERE FACTORY = :FACTORY  
AND USER_ID = :USER_ID 
AND FUNC_NAME = :FUNC_NAME 
AND FUNC_GROUP = :FUNC_GROUP
AND VIEW_TIME BETWEEN TO_CHAR(SYSDATE - 10/1440, 'YYYYMMDDHH24MISS') AND TO_CHAR(SYSDATE + 10/1440, 'YYYYMMDDHH24MISS')
-------------------------------------------------------------
SELECT FACTORY Code, FAC_DESC Data
  FROM MWIPFACDEF
 WHERE FAC_GRP_5 = 'Y' 
 ORDER BY FAC_GRP_4 ASC
-------------------------------------------------------------
SELECT COUNT(*)
FROM RWEBFUNLOG
WHERE FACTORY = :FACTORY  
AND USER_ID = :USER_ID 
AND FUNC_NAME = :FUNC_NAME 
AND FUNC_GROUP = :FUNC_GROUP
AND VIEW_TIME BETWEEN TO_CHAR(SYSDATE - 10/1440, 'YYYYMMDDHH24MISS') AND TO_CHAR(SYSDATE + 10/1440, 'YYYYMMDDHH24MISS')
-------------------------------------------------------------
SELECT  ' ',  ' ',  ' ',  ' ',  ' ',  ' ',  ' ',  ' ', SUMMERY.OPER,  ' ',  ' '
     , SUMMERY.MAT_ID 
     , SUMMERY.LOT_ID 
     , SUMMERY.LOT_CMF_5 
     , SUMMERY.END_RES_ID 
     , SUMMERY.QTY_1 + SUMMERY.LOSS_QTY AS OPER_IN_QTY_1 
     , SUMMERY.QTY_1 
     , ROUND(SUMMERY.QTY_1/(SUMMERY.QTY_1 + SUMMERY.LOSS_QTY)*100,3) AS YIELD 
     , TO_CHAR(TO_DATE(SUMMERY.OPER_IN_TIME,'yyyymmddhh24miss')) AS OPER_IN_TIME 
     , TO_CHAR(TO_DATE(SUMMERY.TRAN_TIME,'yyyymmddhh24miss')) AS TRAN_TIME 
     , DECODE(SUMMERY.TRAN_CMF_18, ' ', ' ', SUMMERY.IN_USER_DESC || '(' || SUMMERY.TRAN_CMF_18 || ')') AS IN_USER_ID 
     , SUMMERY.END_USER_DESC || '(' || SUMMERY.TRAN_USER_ID || ')' AS END_USER_ID 
     , SUMMERY.LOT_CMF_10 
     , SUMMERY.TRAN_CMF_2 AS HD 
     , SUMMERY.TRAN_CMF_3 AS PGM 
     , SUMMERY.CRR_ID 
     , '' EPOXY 
     , '' LF 
     , '' GW 
     , '' MATAL_CARD 
     , '' EMC_LOT 
     , '' EMC_CAN 
     , '' EMC_TYPE 
     , SUMMERY.TRAN_COMMENT 
     , SUMMERY.QTY_2 
     , SUMMERY.TRAN_CMF_17 AS CV 
     , SUMMERY.LOT_CMF_7 AS ASSY_SITE 
     , SUMMERY.LOT_CMF_11 AS SHIP_SITE 
     , SUMMERY.TRAN_CMF_7 AS REWORK_BALL 
     , SUMMERY.TRAN_CMF_8 AS REWORK_CLEAN 
     , SUMMERY.TRAN_CMF_9 AS REWORK_PRINT 
     , LOT_CMF_3 
  FROM (  
        SELECT MAT_ID 
             , LOT_ID 
             , LOT_CMF_5 
             , LOT_CMF_10 
             , OLD_OPER AS OPER 
             , END_RES_ID 
             , TRAN_CMF_2 
             , TRAN_CMF_3 
             , NVL(( 
                    SELECT SUM(LOSS_QTY) AS LOSS_QTY 
                      FROM RWIPLOTLSM 
                     WHERE LOT_ID = A.LOT_ID 
                       AND OPER = A.OLD_OPER 
                     GROUP BY LOT_ID 
                  ), 0) AS LOSS_QTY 
             , CASE WHEN TRAN_CODE = 'SHIP' AND FACTORY = OLD_FACTORY THEN OLD_QTY_1 - QTY_1 
                    ELSE QTY_1 
               END QTY_1 
             , DECODE(START_TIME, ' ', OLD_OPER_IN_TIME, START_TIME) AS OPER_IN_TIME 
             , TRAN_TIME 
             , TRAN_USER_ID 
             , CRR_ID 
             , TRAN_COMMENT 
             , ( 
                SELECT USER_DESC FROM RWEBUSRDEF WHERE FACTORY = 'SYSTEM' AND USER_ID = A.TRAN_USER_ID 
               ) AS END_USER_DESC 
             , QTY_2 
             , CASE WHEN A.OLD_OPER LIKE 'A040%' AND A.RESV_FLAG_5 = 'Y' AND (SELECT CASE WHEN (TRAN_CMF_4 = 'RFID TAG WRITE : SUCCESS') 
                                                                                            OR (RESV_FLAG_5 = 'Y' AND TRAN_CMF_19 = 'RFID' AND TRAN_USER_ID = 'EIS') THEN 'RFID' 
                                                                                          ELSE ' ' 
                                                                                     END  
                                                                                FROM RWIPLOTHIS 
                                                                               WHERE FACTORY = A.OLD_FACTORY 
                                                                                 AND LOT_TYPE = A.OLD_LOT_TYPE 
                                                                                 AND LOT_ID = A.LOT_ID 
                                                                                 AND OPER = A.OLD_OPER 
                                                                                 AND TRAN_TIME < A.TRAN_TIME 
                                                                                 AND FACTORY = 'HMVA2' 
                                                                                 AND LOT_TYPE = 'W' 
                                                                                 AND RESV_FLAG_5 = 'Y' 
                                                                                 AND TRAN_CODE = 'START' 
                                                                                 AND HIST_DEL_FLAG = ' ') = 'RFID' THEN TRAN_CMF_18 || '[RFID]' 
                     WHEN A.OLD_OPER NOT LIKE 'A040%' AND A.RESV_FLAG_5 = 'Y' AND A.TRAN_CMF_19 = 'RFID' AND A.TRAN_USER_ID = 'EIS' THEN TRAN_CMF_18 || '[' || TRIM(TRAN_CMF_19) || ']' 
                     ELSE TRAN_CMF_18 
               END AS TRAN_CMF_18 
             , ( 
                SELECT USER_DESC FROM RWEBUSRDEF WHERE FACTORY = 'SYSTEM' AND USER_ID = A.TRAN_CMF_18 
               ) AS IN_USER_DESC 
             , LOT_CMF_7 
             , TRAN_CMF_17 
             , LOT_CMF_11 
             , TRAN_CMF_7 
             , TRAN_CMF_8 
             , TRAN_CMF_9 
             , LOT_CMF_3 
          FROM RWIPLOTHIS A 
         WHERE 1=1 
           AND TRAN_TIME BETWEEN '20200616220000' AND '20200617215959' 
           AND OLD_FACTORY = 'HMVA2' 
           AND TRAN_CODE IN ('END','SHIP') 
           AND LOT_TYPE = 'W' 
           AND HIST_DEL_FLAG = ' ' 
           AND OLD_OPER LIKE '%'
           AND END_RES_ID LIKE '%'
           AND LOT_CMF_5 LIKE '%'
       ) SUMMERY 
     , MWIPMATDEF MAT 
 WHERE 1=1 
   AND SUMMERY.MAT_ID = MAT.MAT_ID 
   AND MAT.FACTORY = 'HMVA2' 
   AND MAT.MAT_TYPE = 'FG' 
 ORDER BY  ' ',  ' ',  ' ',  ' ',  ' ',  ' ',  ' ',  ' ', SUMMERY.OPER,  ' ',  ' ',SUMMERY.END_RES_ID,LOT_ID,MAT_ID 

-------------------------------------------------------------
SELECT COUNT(*)
FROM RWEBFUNLOG
WHERE FACTORY = :FACTORY  
AND USER_ID = :USER_ID 
AND FUNC_NAME = :FUNC_NAME 
AND FUNC_GROUP = :FUNC_GROUP
AND VIEW_TIME BETWEEN TO_CHAR(SYSDATE - 10/1440, 'YYYYMMDDHH24MISS') AND TO_CHAR(SYSDATE + 10/1440, 'YYYYMMDDHH24MISS')
-------------------------------------------------------------
SELECT  ' ',  ' ',  ' ',  ' ',  ' ',  ' ',  ' ',  ' ', SUMMERY.OPER,  ' ',  ' '
     , SUMMERY.MAT_ID 
     , SUMMERY.LOT_ID 
     , SUMMERY.LOT_CMF_5 
     , SUMMERY.END_RES_ID 
     , SUMMERY.QTY_1 + SUMMERY.LOSS_QTY AS OPER_IN_QTY_1 
     , SUMMERY.QTY_1 
     , ROUND(SUMMERY.QTY_1/(SUMMERY.QTY_1 + SUMMERY.LOSS_QTY)*100,3) AS YIELD 
     , TO_CHAR(TO_DATE(SUMMERY.OPER_IN_TIME,'yyyymmddhh24miss')) AS OPER_IN_TIME 
     , TO_CHAR(TO_DATE(SUMMERY.TRAN_TIME,'yyyymmddhh24miss')) AS TRAN_TIME 
     , DECODE(SUMMERY.TRAN_CMF_18, ' ', ' ', SUMMERY.IN_USER_DESC || '(' || SUMMERY.TRAN_CMF_18 || ')') AS IN_USER_ID 
     , SUMMERY.END_USER_DESC || '(' || SUMMERY.TRAN_USER_ID || ')' AS END_USER_ID 
     , SUMMERY.LOT_CMF_10 
     , SUMMERY.TRAN_CMF_2 AS HD 
     , SUMMERY.TRAN_CMF_3 AS PGM 
     , SUMMERY.CRR_ID 
     , '' EPOXY 
     , '' LF 
     , '' GW 
     , '' MATAL_CARD 
     , '' EMC_LOT 
     , '' EMC_CAN 
     , '' EMC_TYPE 
     , SUMMERY.TRAN_COMMENT 
     , SUMMERY.QTY_2 
     , SUMMERY.TRAN_CMF_17 AS CV 
     , SUMMERY.LOT_CMF_7 AS ASSY_SITE 
     , SUMMERY.LOT_CMF_11 AS SHIP_SITE 
     , SUMMERY.TRAN_CMF_7 AS REWORK_BALL 
     , SUMMERY.TRAN_CMF_8 AS REWORK_CLEAN 
     , SUMMERY.TRAN_CMF_9 AS REWORK_PRINT 
     , LOT_CMF_3 
  FROM (  
        SELECT MAT_ID 
             , LOT_ID 
             , LOT_CMF_5 
             , LOT_CMF_10 
             , OLD_OPER AS OPER 
             , END_RES_ID 
             , TRAN_CMF_2 
             , TRAN_CMF_3 
             , NVL(( 
                    SELECT SUM(LOSS_QTY) AS LOSS_QTY 
                      FROM RWIPLOTLSM 
                     WHERE LOT_ID = A.LOT_ID 
                       AND OPER = A.OLD_OPER 
                     GROUP BY LOT_ID 
                  ), 0) AS LOSS_QTY 
             , CASE WHEN TRAN_CODE = 'SHIP' AND FACTORY = OLD_FACTORY THEN OLD_QTY_1 - QTY_1 
                    ELSE QTY_1 
               END QTY_1 
             , DECODE(START_TIME, ' ', OLD_OPER_IN_TIME, START_TIME) AS OPER_IN_TIME 
             , TRAN_TIME 
             , TRAN_USER_ID 
             , CRR_ID 
             , TRAN_COMMENT 
             , ( 
                SELECT USER_DESC FROM RWEBUSRDEF WHERE FACTORY = 'SYSTEM' AND USER_ID = A.TRAN_USER_ID 
               ) AS END_USER_DESC 
             , QTY_2 
             , CASE WHEN A.OLD_OPER LIKE 'A040%' AND A.RESV_FLAG_5 = 'Y' AND (SELECT CASE WHEN (TRAN_CMF_4 = 'RFID TAG WRITE : SUCCESS') 
                                                                                            OR (RESV_FLAG_5 = 'Y' AND TRAN_CMF_19 = 'RFID' AND TRAN_USER_ID = 'EIS') THEN 'RFID' 
                                                                                          ELSE ' ' 
                                                                                     END  
                                                                                FROM RWIPLOTHIS 
                                                                               WHERE FACTORY = A.OLD_FACTORY 
                                                                                 AND LOT_TYPE = A.OLD_LOT_TYPE 
                                                                                 AND LOT_ID = A.LOT_ID 
                                                                                 AND OPER = A.OLD_OPER 
                                                                                 AND TRAN_TIME < A.TRAN_TIME 
                                                                                 AND FACTORY = 'HMVA2' 
                                                                                 AND LOT_TYPE = 'W' 
                                                                                 AND RESV_FLAG_5 = 'Y' 
                                                                                 AND TRAN_CODE = 'START' 
                                                                                 AND HIST_DEL_FLAG = ' ') = 'RFID' THEN TRAN_CMF_18 || '[RFID]' 
                     WHEN A.OLD_OPER NOT LIKE 'A040%' AND A.RESV_FLAG_5 = 'Y' AND A.TRAN_CMF_19 = 'RFID' AND A.TRAN_USER_ID = 'EIS' THEN TRAN_CMF_18 || '[' || TRIM(TRAN_CMF_19) || ']' 
                     ELSE TRAN_CMF_18 
               END AS TRAN_CMF_18 
             , ( 
                SELECT USER_DESC FROM RWEBUSRDEF WHERE FACTORY = 'SYSTEM' AND USER_ID = A.TRAN_CMF_18 
               ) AS IN_USER_DESC 
             , LOT_CMF_7 
             , TRAN_CMF_17 
             , LOT_CMF_11 
             , TRAN_CMF_7 
             , TRAN_CMF_8 
             , TRAN_CMF_9 
             , LOT_CMF_3 
          FROM RWIPLOTHIS A 
         WHERE 1=1 
           AND TRAN_TIME BETWEEN '20200616220000' AND '20200617215959' 
           AND OLD_FACTORY = 'HMVA2' 
           AND TRAN_CODE IN ('END','SHIP') 
           AND LOT_TYPE = 'W' 
           AND HIST_DEL_FLAG = ' ' 
           AND MAT_ID LIKE '%DR%' 
           AND OLD_OPER LIKE '%'
           AND END_RES_ID LIKE '%'
           AND LOT_CMF_5 LIKE '%'
       ) SUMMERY 
     , MWIPMATDEF MAT 
 WHERE 1=1 
   AND SUMMERY.MAT_ID = MAT.MAT_ID 
   AND MAT.FACTORY = 'HMVA2' 
   AND MAT.MAT_TYPE = 'FG' 
 ORDER BY  ' ',  ' ',  ' ',  ' ',  ' ',  ' ',  ' ',  ' ', SUMMERY.OPER,  ' ',  ' ',SUMMERY.END_RES_ID,LOT_ID,MAT_ID 

-------------------------------------------------------------
