SELECT * FROM RWEBUSRDEF WHERE FACTORY = :FACTORY AND USER_ID= :USER_ID
-------------------------------------------------------------
SELECT A.FUNC_GRP_SEQ,A.SEC_GRP_ID,A.FUNC_GRP_ID,NVL(A.FUNC_NAME, ' ') FUNC_NAME, NVL(B.FUNC_DESC, ' ') FUNC_DESC, LANGUAGE_1, LANGUAGE_2, LANGUAGE_3
  FROM RWEBGRPFUN A, RWEBFUNDEF B
 WHERE A.FACTORY = :p_FACTORY
   AND A.SEC_GRP_ID = :p_SEC_GRP_ID
   AND A.FUNC_NAME=B.FUNC_NAME(+)
 ORDER BY A.FUNC_GRP_SEQ, A.FUNC_SEQ
-------------------------------------------------------------
SELECT COUNT(*)
FROM RWEBFUNLOG
WHERE FACTORY = :FACTORY  
AND USER_ID = :USER_ID 
AND FUNC_NAME = :FUNC_NAME 
AND FUNC_GROUP = :FUNC_GROUP
AND VIEW_TIME BETWEEN TO_CHAR(SYSDATE - 10/1440, 'YYYYMMDDHH24MISS') AND TO_CHAR(SYSDATE + 10/1440, 'YYYYMMDDHH24MISS')
-------------------------------------------------------------
INSERT INTO RWEBFUNLOG(FACTORY,USER_ID,FUNC_NAME,FUNC_GROUP,VIEW_TIME, UPDATE_TIME)
VALUES (:p_FACTORY, :p_USER_ID, :p_FUNC_NAME, :p_FUNC_GROUP,TO_CHAR(SYSDATE, 'YYYYMMDDHH24MISS') , TO_CHAR(SYSDATE, 'YYYYMMDDHH24MISS'))

-------------------------------------------------------------
 SELECT UNIQUE PLAN_WEEK V1, (PLAN_YEAR || LPAD(PLAN_WEEK, 2,'0')) V2    FROM MWIPCALDEF   WHERE CALENDAR_ID IN ('SYSTEM', 'HM', 'SYSTEM')     AND SYS_YEAR = NVL('', TO_CHAR(SYSDATE,'yyyy'))    ORDER BY 1 
-------------------------------------------------------------
SELECT COUNT(*)
FROM RWEBFUNLOG
WHERE FACTORY = :FACTORY  
AND USER_ID = :USER_ID 
AND FUNC_NAME = :FUNC_NAME 
AND FUNC_GROUP = :FUNC_GROUP
AND VIEW_TIME BETWEEN TO_CHAR(SYSDATE - 10/1440, 'YYYYMMDDHH24MISS') AND TO_CHAR(SYSDATE + 10/1440, 'YYYYMMDDHH24MISS')
-------------------------------------------------------------
 SELECT UNIQUE PLAN_WEEK V1, (PLAN_YEAR || LPAD(PLAN_WEEK, 2,'0')) V2    FROM MWIPCALDEF   WHERE CALENDAR_ID IN ('SYSTEM', 'HM', 'SYSTEM')     AND SYS_YEAR = NVL('', TO_CHAR(SYSDATE,'yyyy'))    ORDER BY 1 
-------------------------------------------------------------
SELECT COUNT(*)
FROM RWEBFUNLOG
WHERE FACTORY = :FACTORY  
AND USER_ID = :USER_ID 
AND FUNC_NAME = :FUNC_NAME 
AND FUNC_GROUP = :FUNC_GROUP
AND VIEW_TIME BETWEEN TO_CHAR(SYSDATE - 10/1440, 'YYYYMMDDHH24MISS') AND TO_CHAR(SYSDATE + 10/1440, 'YYYYMMDDHH24MISS')
-------------------------------------------------------------
 SELECT UNIQUE PLAN_WEEK V1, (PLAN_YEAR || LPAD(PLAN_WEEK, 2,'0')) V2    FROM MWIPCALDEF   WHERE CALENDAR_ID IN ('SYSTEM', 'HM', 'SYSTEM')     AND SYS_YEAR = NVL('', TO_CHAR(SYSDATE,'yyyy'))    ORDER BY 1 
-------------------------------------------------------------
SELECT COUNT(*)
FROM RWEBFUNLOG
WHERE FACTORY = :FACTORY  
AND USER_ID = :USER_ID 
AND FUNC_NAME = :FUNC_NAME 
AND FUNC_GROUP = :FUNC_GROUP
AND VIEW_TIME BETWEEN TO_CHAR(SYSDATE - 10/1440, 'YYYYMMDDHH24MISS') AND TO_CHAR(SYSDATE + 10/1440, 'YYYYMMDDHH24MISS')
-------------------------------------------------------------
 SELECT PLAN_WEEK V1    FROM MWIPCALDEF   WHERE CALENDAR_ID IN ('SYSTEM', 'HM', 'SYSTEM')     AND SYS_DATE = TO_CHAR(SYSDATE,'yyyymmdd')      AND ROWNUM = 1  
-------------------------------------------------------------
SELECT COUNT(*)
FROM RWEBFUNLOG
WHERE FACTORY = :FACTORY  
AND USER_ID = :USER_ID 
AND FUNC_NAME = :FUNC_NAME 
AND FUNC_GROUP = :FUNC_GROUP
AND VIEW_TIME BETWEEN TO_CHAR(SYSDATE - 10/1440, 'YYYYMMDDHH24MISS') AND TO_CHAR(SYSDATE + 10/1440, 'YYYYMMDDHH24MISS')
-------------------------------------------------------------
 SELECT UNIQUE PLAN_WEEK V1, (PLAN_YEAR || LPAD(PLAN_WEEK, 2,'0')) V2    FROM MWIPCALDEF   WHERE CALENDAR_ID IN ('SYSTEM', 'HM', 'SYSTEM')     AND SYS_YEAR = NVL('2020', TO_CHAR(SYSDATE,'yyyy'))    ORDER BY 1 
-------------------------------------------------------------
SELECT COUNT(*)
FROM RWEBFUNLOG
WHERE FACTORY = :FACTORY  
AND USER_ID = :USER_ID 
AND FUNC_NAME = :FUNC_NAME 
AND FUNC_GROUP = :FUNC_GROUP
AND VIEW_TIME BETWEEN TO_CHAR(SYSDATE - 10/1440, 'YYYYMMDDHH24MISS') AND TO_CHAR(SYSDATE + 10/1440, 'YYYYMMDDHH24MISS')
-------------------------------------------------------------
 SELECT UNIQUE PLAN_WEEK V1, (PLAN_YEAR || LPAD(PLAN_WEEK, 2,'0')) V2    FROM MWIPCALDEF   WHERE CALENDAR_ID IN ('SYSTEM', 'HM', 'SYSTEM')     AND SYS_YEAR = NVL('2020', TO_CHAR(SYSDATE,'yyyy'))    ORDER BY 1 
-------------------------------------------------------------
SELECT COUNT(*)
FROM RWEBFUNLOG
WHERE FACTORY = :FACTORY  
AND USER_ID = :USER_ID 
AND FUNC_NAME = :FUNC_NAME 
AND FUNC_GROUP = :FUNC_GROUP
AND VIEW_TIME BETWEEN TO_CHAR(SYSDATE - 10/1440, 'YYYYMMDDHH24MISS') AND TO_CHAR(SYSDATE + 10/1440, 'YYYYMMDDHH24MISS')
-------------------------------------------------------------
SELECT LANGUAGE_2 FROM RWEBFUNDEF WHERE FUNC_NAME = 'YLD040602'
-------------------------------------------------------------
